time stamp[ns], 	x[VO], 	y, 	z, 	dx[m/s], 	dy, 	dz, 	qx, 	qy, 	qz, 	qw, 	x[VIVE], 	y, 	z, 	dx[m/s], 	dy, 	dz, 	qx, 	qy, 	qz, 	qw
1520352040328497242,	-0.729712,	2.37601,	-0.169095,	-0.00232987,	0.00284912,	5.06639e-06,	0.0731622,	0.0106661,	0.0245208,	0.996962,	-0.838762,	2.51244,	0.130909,	-0.00271123,	0.00265289,	0.000216253,	-0.133366,	0.654827,	0.730811,	-0.139035
1520352040376970071,	-0.730266,	2.3765,	-0.166693,	-0.0115457,	0.0101771,	0.0500456,	0.0602013,	0.0112294,	0.0255328,	0.997796,	-0.839609,	2.51359,	0.131087,	-0.0176405,	0.0239607,	0.00370268,	-0.133309,	0.654683,	0.730826,	-0.139688
1520352040420203222,	-0.730127,	2.37579,	-0.166906,	0.00323655,	-0.0165808,	-0.00496962,	0.0731069,	0.0122539,	0.0217945,	0.997011,	-0.840245,	2.51369,	0.131329,	-0.0147896,	0.00232811,	0.00561706,	-0.133856,	0.655371,	0.730082,	-0.139829
1520352040456533286,	-0.728496,	2.37035,	-0.169702,	0.0452987,	-0.150978,	-0.077654,	0.103909,	0.012905,	0.0121505,	0.994429,	-0.840245,	2.51369,	0.131329,	0,	0,	0,	-0.133856,	0.655371,	0.730082,	-0.139829
1520352040491608521,	-0.730366,	2.37609,	-0.167432,	-0.0534312,	0.163917,	0.0648661,	0.0788637,	0.0106813,	0.0284947,	0.996421,	-0.841128,	2.51416,	0.131951,	-0.0252238,	0.0133974,	0.0177756,	-0.133959,	0.655116,	0.730235,	-0.140127
1520352040531593705,	-0.731826,	2.37905,	-0.166221,	-0.0374243,	0.0759791,	0.0310477,	0.0561088,	0.00693089,	0.038778,	0.997647,	-0.841815,	2.51341,	0.132061,	-0.0176243,	-0.019206,	0.00283646,	-0.134681,	0.655457,	0.729817,	-0.140016
1520352040571980076,	-0.730629,	2.37408,	-0.167081,	0.0299286,	-0.124364,	-0.021501,	0.105357,	0.0102824,	0.0451734,	0.993355,	-0.842834,	2.51314,	0.13269,	-0.0254791,	-0.00690614,	0.0157183,	-0.135322,	0.656096,	0.729205,	-0.139591
1520352040608486469,	-0.729395,	2.36773,	-0.167733,	0.0342725,	-0.176245,	-0.0181228,	0.129807,	0.0151078,	0.0286099,	0.991011,	-0.842834,	2.51314,	0.13269,	0,	0,	0,	-0.135322,	0.656096,	0.729205,	-0.139591
1520352040649060869,	-0.730204,	2.36938,	-0.167564,	-0.0202243,	0.0412379,	0.0042281,	0.125212,	0.0122064,	0.0416863,	0.991179,	-0.843358,	2.51259,	0.133368,	-0.0130847,	-0.0137268,	0.0169374,	-0.134922,	0.656244,	0.729203,	-0.139298
1520352040691638565,	-0.731163,	2.36963,	-0.166341,	-0.0228274,	0.00595137,	0.0291294,	0.118427,	0.0120633,	0.037985,	0.992163,	-0.844131,	2.51183,	0.13399,	-0.0184042,	-0.0181061,	0.0148197,	-0.13436,	0.656071,	0.729465,	-0.13928
1520352040735928083,	-0.733087,	2.37378,	-0.164849,	-0.0437342,	0.0943398,	0.0339072,	0.0786798,	0.00902531,	0.0290668,	0.996435,	-0.844242,	2.51016,	0.134555,	-0.00253942,	-0.0379874,	0.0128472,	-0.134534,	0.65709,	0.728546,	-0.139121
1520352040775771294,	-0.73424,	2.37328,	-0.164829,	-0.0295661,	-0.012963,	0.000518144,	0.0718561,	0.00701299,	0.0296747,	0.996949,	-0.845148,	2.50945,	0.135224,	-0.0232189,	-0.0181106,	0.0171402,	-0.134,	0.657933,	0.727937,	-0.13884
1520352040816026864,	-0.734611,	2.37255,	-0.163139,	-0.00927887,	-0.0181711,	0.0422503,	0.0600848,	0.00873223,	0.0271821,	0.997785,	-0.845743,	2.50801,	0.135804,	-0.0148697,	-0.0358699,	0.0145042,	-0.133477,	0.658775,	0.727116,	-0.139649
1520352040857528481,	-0.732728,	2.36396,	-0.165532,	0.0459437,	-0.209535,	-0.0583725,	0.0996811,	0.0114942,	0.00988576,	0.994904,	-0.845743,	2.50801,	0.135804,	0,	0,	0,	-0.133477,	0.658775,	0.727116,	-0.139649
1520352040897144172,	-0.735576,	2.37104,	-0.162117,	-0.073027,	0.18153,	0.0875625,	0.0572667,	0.00924025,	0.0264428,	0.997966,	-0.846638,	2.50609,	0.135894,	-0.0229518,	-0.0494197,	0.00230192,	-0.134158,	0.658278,	0.727335,	-0.140194
1520352040939398582,	-0.736511,	2.36785,	-0.161382,	-0.0222613,	-0.0758231,	0.0175019,	0.0543754,	0.00942279,	0.0268681,	0.998115,	-0.846737,	2.50288,	0.13655,	-0.00235667,	-0.0762643,	0.0156232,	-0.135006,	0.658105,	0.727319,	-0.140279
1520352040983361843,	-0.73529,	2.36368,	-0.161987,	0.0283842,	-0.0970712,	-0.0140757,	0.0984669,	0.00927632,	0.0457568,	0.994045,	-0.847284,	2.49938,	0.137162,	-0.0127272,	-0.0815159,	0.0142308,	-0.135342,	0.6566,	0.728579,	-0.140471
1520352041024545906,	-0.73725,	2.36472,	-0.161857,	-0.0478089,	0.0253897,	0.00316607,	0.0701084,	0.00788023,	0.0280226,	0.997115,	-0.847344,	2.49536,	0.137807,	-0.00145664,	-0.0979815,	0.0157495,	-0.135771,	0.657617,	0.727728,	-0.139706
1520352041071257543,	-0.737562,	2.36432,	-0.160062,	-0.0067879,	-0.00865725,	0.0390187,	0.0427751,	0.00621898,	0.0346699,	0.998464,	-0.847796,	2.49105,	0.138809,	-0.00984034,	-0.0937799,	0.0217732,	-0.135132,	0.656605,	0.728818,	-0.139405
1520352041109279839,	-0.73886,	2.36391,	-0.158805,	-0.0341335,	-0.0109319,	0.0330886,	0.012717,	0.0036639,	0.0415927,	0.999047,	-0.847796,	2.49105,	0.138809,	0,	0,	0,	-0.135132,	0.656605,	0.728818,	-0.139405
1520352041147162733,	-0.738496,	2.35608,	-0.159913,	0.00983361,	-0.211472,	-0.0299505,	0.0528487,	0.00614491,	0.030243,	0.998126,	-0.848256,	2.48618,	0.13951,	-0.0124251,	-0.131652,	0.0189363,	-0.135646,	0.657944,	0.727614,	-0.138877
1520352041191700050,	-0.737467,	2.34937,	-0.157919,	0.0233893,	-0.152628,	0.0453267,	0.0618788,	0.00962905,	0.0164361,	0.997902,	-0.849169,	2.48058,	0.14071,	-0.0207484,	-0.127231,	0.027269,	-0.135792,	0.657217,	0.728271,	-0.13874
1520352041232311408,	-0.739021,	2.35077,	-0.157163,	-0.0388653,	0.0350886,	0.0188953,	0.0381644,	0.00449368,	0.0341085,	0.998679,	-0.849652,	2.47381,	0.141237,	-0.0120756,	-0.169271,	0.0131859,	-0.137989,	0.659117,	0.726279,	-0.137994
1520352041272914820,	-0.740456,	2.34438,	-0.15476,	-0.0358629,	-0.159828,	0.0600772,	0.031711,	0.00640159,	0.0350227,	0.998863,	-0.850687,	2.46674,	0.142127,	-0.0258822,	-0.176789,	0.0222603,	-0.141213,	0.661075,	0.724121,	-0.136702
1520352041307942919,	-0.739619,	2.33793,	-0.155383,	0.0239153,	-0.1842,	-0.0177906,	0.0639222,	0.00648628,	0.0258264,	0.9976,	-0.850687,	2.46674,	0.142127,	0,	0,	0,	-0.141213,	0.661075,	0.724121,	-0.136702
1520352041347630321,	-0.738284,	2.32704,	-0.15565,	0.0342149,	-0.279209,	-0.00686154,	0.0950273,	0.00717251,	0.0163314,	0.995315,	-0.850999,	2.459,	0.144093,	-0.00798424,	-0.198253,	0.050411,	-0.144059,	0.662318,	0.722507,	-0.136256
1520352041385402539,	-0.740721,	2.32999,	-0.151786,	-0.0658693,	0.0797436,	0.104431,	0.0345314,	0.0015206,	0.0350276,	0.998788,	-0.851802,	2.45128,	0.145323,	-0.0217081,	-0.208643,	0.0332327,	-0.147468,	0.664336,	0.720093,	-0.135562
1520352041426369007,	-0.741923,	2.32983,	-0.151749,	-0.0300268,	-0.00402854,	0.000932155,	-0.00861953,	-0.00575889,	0.0544358,	0.998463,	-0.85212,	2.442,	0.146501,	-0.0079483,	-0.232115,	0.0294454,	-0.149929,	0.665241,	0.718803,	-0.135267
1520352041469715318,	-0.74188,	2.32516,	-0.148261,	0.000984973,	-0.10863,	0.0811217,	-0.0304163,	-0.00640103,	0.0592272,	0.997761,	-0.851774,	2.43204,	0.147814,	0.00803855,	-0.231569,	0.0305416,	-0.152257,	0.665663,	0.718013,	-0.134785
1520352041513069627,	-0.742476,	2.31711,	-0.146888,	-0.0138572,	-0.187224,	0.0319179,	-0.0187963,	-0.00569629,	0.0608972,	0.997951,	-0.851275,	2.42197,	0.149075,	0.0116013,	-0.234201,	0.0293318,	-0.153587,	0.66594,	0.717377,	-0.135296
1520352041560667460,	-0.740925,	2.3059,	-0.145904,	0.0330063,	-0.238385,	0.02095,	0.036376,	-0.00168919,	0.0445437,	0.998344,	-0.851275,	2.42197,	0.149075,	0,	0,	0,	-0.153587,	0.66594,	0.717377,	-0.135296
1520352041605155875,	-0.740733,	2.30161,	-0.14524,	0.00435379,	-0.0974907,	0.0150894,	-0.0157146,	-0.00607713,	0.0600138,	0.998055,	-0.850854,	2.41194,	0.150331,	0.0095714,	-0.22794,	0.0285304,	-0.15502,	0.667621,	0.715583,	-0.134877
1520352041648300444,	-0.741298,	2.29167,	-0.142108,	-0.013126,	-0.231165,	0.0728348,	-0.00872916,	-0.00661344,	0.0570007,	0.998314,	-0.850344,	2.40208,	0.151781,	0.0118604,	-0.229361,	0.033734,	-0.155915,	0.668741,	0.714282,	-0.135192
1520352041690252002,	-0.741346,	2.28725,	-0.140536,	-0.0011719,	-0.108006,	0.0383351,	-0.0317533,	-0.0101451,	0.0651215,	0.99732,	-0.849833,	2.39156,	0.153219,	0.0124656,	-0.25669,	0.0350634,	-0.157915,	0.669921,	0.712622,	-0.13579
1520352041735775815,	-0.740023,	2.27666,	-0.13908,	0.0293804,	-0.235168,	0.0323521,	-0.0318596,	-0.00907904,	0.0646037,	0.997361,	-0.849897,	2.3815,	0.154764,	-0.00142993,	-0.223517,	0.0343248,	-0.159695,	0.670418,	0.711588,	-0.136672
1520352041775201731,	-0.741068,	2.26754,	-0.13726,	-0.026784,	-0.233997,	0.0466694,	-0.0322422,	-0.0110371,	0.0669434,	0.997175,	-0.849845,	2.37075,	0.156209,	0.00134106,	-0.275669,	0.0370696,	-0.162001,	0.671274,	0.710159,	-0.13719
1520352041816734705,	-0.740737,	2.26065,	-0.136688,	0.00807716,	-0.168091,	0.0139502,	-0.0247062,	-0.00904111,	0.0670238,	0.997404,	-0.850026,	2.35992,	0.157105,	-0.00441088,	-0.263974,	0.021848,	-0.164113,	0.671584,	0.709195,	-0.138147
1520352041861104333,	-0.739544,	2.25186,	-0.134703,	0.0271227,	-0.199581,	0.0451159,	-0.0314401,	-0.0121234,	0.0691064,	0.99704,	-0.850026,	2.35992,	0.157105,	0,	0,	0,	-0.164113,	0.671584,	0.709195,	-0.138147
1520352041917053419,	-0.739176,	2.24332,	-0.131383,	0.00668362,	-0.155274,	0.0603733,	-0.035834,	-0.0116641,	0.0715191,	0.996727,	-0.849079,	2.3368,	0.158792,	0.0172244,	-0.420352,	0.030681,	-0.166653,	0.671877,	0.70813,	-0.139138
1520352041975634469,	-0.740383,	2.23328,	-0.130029,	-0.020812,	-0.173175,	0.0233288,	-0.037229,	-0.0111013,	0.0744222,	0.99647,	-0.848333,	2.32526,	0.158924,	0.0128631,	-0.199073,	0.00227483,	-0.166952,	0.672753,	0.707128,	-0.139645
1520352042024409648,	-0.738912,	2.22221,	-0.129169,	0.0306471,	-0.230597,	0.0179174,	-0.0379057,	-0.0111199,	0.0740396,	0.996473,	-0.848442,	2.31479,	0.15853,	-0.00227117,	-0.218085,	-0.00821298,	-0.166336,	0.674707,	0.705328,	-0.140053
1520352042072752292,	-0.738887,	2.20908,	-0.12951,	0.000517704,	-0.273654,	-0.00709487,	-0.0334234,	-0.0150391,	0.0712087,	0.996788,	-0.848402,	2.3044,	0.157472,	0.000824011,	-0.216365,	-0.0220528,	-0.166209,	0.677879,	0.702122,	-0.140992
1520352042113031580,	-0.740625,	2.19758,	-0.127278,	-0.0434435,	-0.2873,	0.0557914,	-0.0404938,	-0.0121986,	0.0760541,	0.996206,	-0.84867,	2.29475,	0.156292,	-0.00670631,	-0.24136,	-0.0294907,	-0.165699,	0.679975,	0.699933,	-0.142376
1520352042154632908,	-0.741084,	2.19105,	-0.129525,	-0.0111895,	-0.15945,	-0.0548087,	-0.0380554,	-0.0147799,	0.0726714,	0.99652,	-0.84867,	2.29475,	0.156292,	0,	0,	0,	-0.165699,	0.679975,	0.699933,	-0.142376
1520352042196983842,	-0.740308,	2.18048,	-0.129023,	0.0184572,	-0.251577,	0.0119614,	-0.0425903,	-0.012147,	0.0729923,	0.996349,	-0.848687,	2.28355,	0.155059,	-0.000395064,	-0.266578,	-0.029348,	-0.165789,	0.68054,	0.699119,	-0.14357
1520352042243511860,	-0.740992,	2.17299,	-0.129334,	-0.0148606,	-0.162749,	-0.00676839,	-0.0463098,	-0.0103472,	0.0737361,	0.996148,	-0.84946,	2.27208,	0.153892,	-0.0168113,	-0.249517,	-0.0253766,	-0.166747,	0.680324,	0.698854,	-0.144766
1520352042282849116,	-0.743074,	2.16223,	-0.128063,	-0.0533941,	-0.276089,	0.0325971,	-0.0473098,	-0.010148,	0.0768172,	0.99587,	-0.849615,	2.25944,	0.153342,	-0.00397596,	-0.324067,	-0.0141004,	-0.168246,	0.679114,	0.699598,	-0.145121
1520352042330300688,	-0.743124,	2.15229,	-0.13044,	-0.00104921,	-0.211365,	-0.0505781,	-0.0445571,	-0.0099494,	0.0765136,	0.996023,	-0.85071,	2.24752,	0.153079,	-0.0232993,	-0.253632,	-0.00559222,	-0.169628,	0.677549,	0.700814,	-0.144961
1520352042375196502,	-0.743211,	2.14478,	-0.128796,	-0.0019834,	-0.170637,	0.0373821,	-0.0438708,	-0.0103526,	0.0768493,	0.996023,	-0.851176,	2.23541,	0.152882,	-0.010576,	-0.275054,	-0.00447746,	-0.171107,	0.676311,	0.701813,	-0.144165
1520352042424778657,	-0.745367,	2.13442,	-0.128853,	-0.0440113,	-0.211555,	-0.00117725,	-0.0404418,	-0.0109388,	0.0787927,	0.99601,	-0.852271,	2.22495,	0.152444,	-0.0223509,	-0.213536,	-0.00894577,	-0.172655,	0.676415,	0.701428,	-0.143704
1520352042478265282,	-0.744949,	2.12555,	-0.129951,	0.00789267,	-0.167254,	-0.0207196,	-0.0385954,	-0.0130088,	0.0773471,	0.996172,	-0.852053,	2.21486,	0.152212,	0.0041144,	-0.19043,	-0.00438529,	-0.173559,	0.676558,	0.701342,	-0.142356
1520352042531254655,	-0.746521,	2.11569,	-0.129279,	-0.0302194,	-0.189605,	0.0129365,	-0.0374163,	-0.0128869,	0.0793244,	0.996063,	-0.851202,	2.20476,	0.152173,	0.0163607,	-0.194159,	-0.000749537,	-0.173848,	0.67612,	0.701932,	-0.141172
1520352042581174209,	-0.745199,	2.10526,	-0.129244,	0.0269777,	-0.212865,	0.000715745,	-0.0368732,	-0.0152179,	0.0767843,	0.996249,	-0.849116,	2.19417,	0.152165,	0.0425797,	-0.216239,	-0.000160092,	-0.174024,	0.675269,	0.703071,	-0.139352
1520352042635952280,	-0.745456,	2.09767,	-0.128388,	-0.00476207,	-0.1407,	0.0158405,	-0.0366601,	-0.0159393,	0.0779678,	0.996154,	-0.846945,	2.18371,	0.152168,	0.0401984,	-0.193645,	6.28954e-05,	-0.174291,	0.674204,	0.70434,	-0.137754
1520352042678921525,	-0.742397,	2.08657,	-0.12797,	0.0728373,	-0.264261,	0.00996643,	-0.0336889,	-0.0168724,	0.0748264,	0.996485,	-0.843796,	2.17255,	0.152045,	0.0749648,	-0.265628,	-0.00292598,	-0.174758,	0.673418,	0.705304,	-0.136069
1520352042722906693,	-0.741248,	2.07973,	-0.128984,	0.0267139,	-0.159073,	-0.0235927,	-0.0295543,	-0.0204107,	0.0727963,	0.9967,	-0.841001,	2.16269,	0.151987,	0.0650047,	-0.22939,	-0.00136201,	-0.174889,	0.673152,	0.705649,	-0.135425
1520352042770636562,	-0.737356,	2.06764,	-0.128258,	0.0828034,	-0.257135,	0.0154414,	-0.0281931,	-0.0196245,	0.0719531,	0.996816,	-0.837687,	2.15248,	0.151937,	0.0705214,	-0.217165,	-0.001058,	-0.175633,	0.673663,	0.705045,	-0.135068
1520352042813121098,	-0.735547,	2.06125,	-0.128168,	0.0430874,	-0.152231,	0.00215893,	-0.0286767,	-0.0194818,	0.0719551,	0.996805,	-0.835452,	2.14316,	0.151578,	0.0531955,	-0.221964,	-0.00855711,	-0.175551,	0.674363,	0.704518,	-0.13443
1520352042857820428,	-0.734081,	2.05483,	-0.128374,	0.0333166,	-0.145765,	-0.00468187,	-0.0267159,	-0.0214979,	0.0722289,	0.996798,	-0.835452,	2.14316,	0.151578,	0,	0,	0,	-0.175551,	0.674363,	0.704518,	-0.13443
1520352042905955231,	-0.730096,	2.0425,	-0.127689,	0.0830154,	-0.257039,	0.0142566,	-0.0285061,	-0.0212167,	0.070869,	0.996852,	-0.83267,	2.13362,	0.151692,	0.05796,	-0.198707,	0.00238619,	-0.174563,	0.676103,	0.703439,	-0.132611
1520352042955681410,	-0.729041,	2.03452,	-0.127084,	0.0215206,	-0.162756,	0.012344,	-0.0307486,	-0.02059,	0.0706572,	0.996814,	-0.831715,	2.12545,	0.151542,	0.0194965,	-0.166853,	-0.00306451,	-0.174,	0.679007,	0.701031,	-0.131259
1520352043000099623,	-0.727782,	2.02848,	-0.127018,	0.0286125,	-0.13735,	0.00150868,	-0.0318574,	-0.0214158,	0.069135,	0.996869,	-0.830326,	2.11611,	0.151037,	0.0315651,	-0.212224,	-0.0114687,	-0.17544,	0.681362,	0.698376,	-0.131291
1520352043055353818,	-0.725185,	2.01719,	-0.126435,	0.0472249,	-0.205201,	0.0106009,	-0.0372021,	-0.0226229,	0.0674182,	0.996774,	-0.82873,	2.1058,	0.150733,	0.0290293,	-0.1874,	-0.00554109,	-0.176648,	0.68115,	0.698218,	-0.131614
1520352043102495381,	-0.724983,	2.00933,	-0.126489,	0.00430099,	-0.167308,	-0.00114627,	-0.038086,	-0.0233095,	0.0698943,	0.996555,	-0.826057,	2.0945,	0.150365,	0.056873,	-0.24036,	-0.00781574,	-0.177546,	0.680648,	0.698365,	-0.132224
1520352043161235035,	-0.721814,	1.99703,	-0.126754,	0.0546366,	-0.212075,	-0.00457397,	-0.0378544,	-0.0249311,	0.067937,	0.996659,	-0.82319,	2.08295,	0.150313,	0.0494201,	-0.199225,	-0.000892359,	-0.176875,	0.679912,	0.699126,	-0.132885
1520352043214642309,	-0.720971,	1.98891,	-0.12641,	0.0159113,	-0.153086,	0.00649518,	-0.0384647,	-0.0232946,	0.0715233,	0.996425,	-0.817816,	2.06064,	0.150151,	0.101404,	-0.420911,	-0.00306135,	-0.175074,	0.682601,	0.695994,	-0.137832
1520352043263469924,	-0.718631,	1.9734,	-0.125281,	0.0487459,	-0.323131,	0.0235113,	-0.0377411,	-0.020823,	0.0715462,	0.996505,	-0.813644,	2.04774,	0.150485,	0.0869112,	-0.26881,	0.00696192,	-0.172428,	0.682759,	0.696241,	-0.139129
1520352043308522511,	-0.715626,	1.9607,	-0.125089,	0.0667843,	-0.282387,	0.0042867,	-0.0393477,	-0.0192958,	0.0713081,	0.996491,	-0.813644,	2.04774,	0.150485,	0,	0,	0,	-0.172428,	0.682759,	0.696241,	-0.139129
1520352043353071080,	-0.715197,	1.94983,	-0.124854,	0.00974925,	-0.247046,	0.00533142,	-0.0423668,	-0.0164414,	0.0726781,	0.99632,	-0.80991,	2.03519,	0.150771,	0.0848765,	-0.285231,	0.00650192,	-0.170377,	0.682498,	0.696811,	-0.140082
1520352043402555673,	-0.711277,	1.93582,	-0.124166,	0.0799919,	-0.285795,	0.0140384,	-0.0397396,	-0.0139387,	0.0692692,	0.996709,	-0.806283,	2.02114,	0.150934,	0.0740135,	-0.286741,	0.00332112,	-0.169825,	0.681876,	0.697282,	-0.141432
1520352043450834150,	-0.709586,	1.92741,	-0.123649,	0.0352375,	-0.175315,	0.0107627,	-0.0397608,	-0.0133373,	0.0698507,	0.996676,	-0.803461,	2.0081,	0.151105,	0.0587863,	-0.271604,	0.00356195,	-0.169872,	0.68137,	0.697351,	-0.14346
1520352043497387196,	-0.709208,	1.917,	-0.123654,	0.0082062,	-0.226185,	-0.00010533,	-0.0398959,	-0.010835,	0.0717928,	0.996562,	-0.800251,	1.99466,	0.15167,	0.0697778,	-0.292175,	0.0122903,	-0.169643,	0.681445,	0.697274,	-0.143747
1520352043549511388,	-0.705296,	1.90197,	-0.122539,	0.0752251,	-0.289153,	0.0214443,	-0.0392936,	-0.0103941,	0.0718079,	0.99659,	-0.797386,	1.98187,	0.152675,	0.0551043,	-0.245916,	0.0193223,	-0.168931,	0.681583,	0.697447,	-0.143088
1520352043595264492,	-0.704268,	1.89195,	-0.121704,	0.0228533,	-0.222509,	0.0185632,	-0.0400433,	-0.0101537,	0.0727713,	0.996493,	-0.794432,	1.9684,	0.153514,	0.0656472,	-0.299379,	0.0186359,	-0.168893,	0.681667,	0.697292,	-0.143488
1520352043639719962,	-0.700321,	1.87666,	-0.12011,	0.0897149,	-0.34754,	0.0362326,	-0.038299,	-0.0107843,	0.0706418,	0.996708,	-0.792721,	1.95612,	0.15441,	0.0388892,	-0.279073,	0.0203687,	-0.169348,	0.682231,	0.696582,	-0.143721
1520352043685743165,	-0.700061,	1.86634,	-0.119176,	0.00564003,	-0.224336,	0.0203064,	-0.0390725,	-0.00978917,	0.0716514,	0.996616,	-0.790797,	1.94319,	0.154765,	0.041811,	-0.281037,	0.00770882,	-0.169651,	0.682727,	0.696017,	-0.143743
1520352043734109886,	-0.698975,	1.85775,	-0.118308,	0.0226253,	-0.17908,	0.0180831,	-0.0393422,	-0.00979297,	0.0720955,	0.996573,	-0.788993,	1.93119,	0.155035,	0.0375839,	-0.25017,	0.00563606,	-0.168987,	0.683066,	0.696043,	-0.14279
1520352043782493556,	-0.69582,	1.84398,	-0.117438,	0.0657304,	-0.286877,	0.0181218,	-0.0412473,	-0.0100853,	0.0705938,	0.996601,	-0.787198,	1.9191,	0.155595,	0.0374127,	-0.251791,	0.0116613,	-0.168169,	0.683917,	0.695775,	-0.140975
1520352043828617081,	-0.696,	1.83339,	-0.116666,	-0.00391145,	-0.230151,	0.0167708,	-0.0410625,	-0.0103121,	0.0709956,	0.996578,	-0.785459,	1.90809,	0.156093,	0.0377926,	-0.239361,	0.0108237,	-0.166754,	0.684217,	0.696169,	-0.139246
1520352043872562932,	-0.692873,	1.82058,	-0.115713,	0.0727153,	-0.297968,	0.022171,	-0.0416721,	-0.0109442,	0.0671325,	0.996813,	-0.78318,	1.89758,	0.156248,	0.0530088,	-0.244391,	0.00360708,	-0.165785,	0.68459,	0.696225,	-0.138286
1520352043915382676,	-0.6928,	1.81102,	-0.114625,	0.0017373,	-0.227477,	0.0259098,	-0.0427364,	-0.0101461,	0.0669135,	0.996791,	-0.782238,	1.88846,	0.156308,	0.0224148,	-0.217261,	0.00143977,	-0.166235,	0.685157,	0.695403,	-0.139071
1520352043963298323,	-0.691808,	1.80444,	-0.114444,	0.0211164,	-0.140002,	0.00384588,	-0.0416574,	-0.0108975,	0.0651717,	0.996945,	-0.780739,	1.87881,	0.15634,	0.0318972,	-0.205288,	0.000664872,	-0.166039,	0.684654,	0.696032,	-0.138636
1520352044010673948,	-0.68942,	1.79392,	-0.114036,	0.0508075,	-0.223846,	0.00867061,	-0.0423715,	-0.0111942,	0.0633591,	0.997028,	-0.780739,	1.87881,	0.15634,	0,	0,	0,	-0.166039,	0.684654,	0.696032,	-0.138636
1520352044059248770,	-0.68966,	1.78593,	-0.113847,	-0.00499681,	-0.166628,	0.00394781,	-0.0415858,	-0.0109084,	0.0645106,	0.99699,	-0.77977,	1.87094,	0.155653,	0.02018,	-0.164,	-0.0143027,	-0.165769,	0.684855,	0.696039,	-0.137926
1520352044108231774,	-0.687491,	1.77668,	-0.114026,	0.0451772,	-0.192625,	-0.00372312,	-0.0415466,	-0.0107138,	0.0628994,	0.997097,	-0.778408,	1.86307,	0.154758,	0.028389,	-0.163813,	-0.0186451,	-0.167022,	0.685114,	0.69541,	-0.1383
1520352044155464505,	-0.687507,	1.77026,	-0.114322,	-0.000329235,	-0.136545,	-0.00631553,	-0.040975,	-0.0117775,	0.0635325,	0.997069,	-0.775731,	1.85402,	0.154431,	0.056957,	-0.192641,	-0.00696739,	-0.165683,	0.681362,	0.699195,	-0.139364
1520352044208588869,	-0.684927,	1.76223,	-0.114596,	0.0486638,	-0.151467,	-0.00515355,	-0.0347478,	-0.0117149,	0.0634645,	0.99731,	-0.772101,	1.84535,	0.154397,	0.068484,	-0.163639,	-0.000631151,	-0.164033,	0.678785,	0.702051,	-0.139532
1520352044256695400,	-0.683798,	1.7576,	-0.115431,	0.0235371,	-0.0964448,	-0.017397,	-0.0325332,	-0.00851114,	0.0632233,	0.997433,	-0.769768,	1.84025,	0.154186,	0.0486156,	-0.10619,	-0.00439223,	-0.163459,	0.679661,	0.701118,	-0.140626
1520352044311984009,	-0.680998,	1.74917,	-0.114618,	0.0508949,	-0.153262,	0.014779,	-0.0316929,	-0.00816391,	0.0628494,	0.997486,	-0.765748,	1.83009,	0.154094,	0.0730774,	-0.184771,	-0.00167616,	-0.16073,	0.681512,	0.699845,	-0.141152
1520352044360866314,	-0.679987,	1.74526,	-0.115316,	0.021077,	-0.0815341,	-0.0145392,	-0.0317095,	-0.00693542,	0.0628101,	0.997498,	-0.765748,	1.83009,	0.154094,	0,	0,	0,	-0.16073,	0.681512,	0.699845,	-0.141152
1520352044413287522,	-0.677954,	1.7378,	-0.11497,	0.0390986,	-0.143578,	0.00664756,	-0.0347558,	-0.0050344,	0.0610517,	0.997517,	-0.761743,	1.81722,	0.153934,	0.0770172,	-0.247388,	-0.0030762,	-0.159936,	0.678891,	0.702195,	-0.143002
1520352044464713844,	-0.677659,	1.73347,	-0.114529,	0.00578229,	-0.0847138,	0.00865354,	-0.0355755,	-0.00410005,	0.0617679,	0.997448,	-0.759338,	1.81124,	0.153342,	0.0471557,	-0.117289,	-0.0116146,	-0.159713,	0.678815,	0.701952,	-0.144791
1520352044512165244,	-0.675343,	1.7268,	-0.114367,	0.049262,	-0.142046,	0.003436,	-0.0310176,	-0.00420846,	0.062037,	0.997583,	-0.757442,	1.80559,	0.152126,	0.0403433,	-0.120182,	-0.0258645,	-0.159029,	0.679921,	0.700659,	-0.146609
1520352044560284174,	-0.675103,	1.72245,	-0.115138,	0.00501887,	-0.0905433,	-0.0160545,	-0.0307424,	-0.00154855,	0.0634661,	0.997509,	-0.757442,	1.80559,	0.152126,	0,	0,	0,	-0.159029,	0.679921,	0.700659,	-0.146609
1520352044610958509,	-0.672695,	1.71507,	-0.115651,	0.0481415,	-0.147671,	-0.0102688,	-0.0318084,	-0.000371638,	0.0629917,	0.997507,	-0.754235,	1.79816,	0.15106,	0.0641396,	-0.148549,	-0.0213224,	-0.157377,	0.679891,	0.701009,	-0.146855
1520352044661827241,	-0.671939,	1.70982,	-0.116722,	0.0151189,	-0.104999,	-0.0214083,	-0.0331411,	0.00150853,	0.0638977,	0.997405,	-0.747953,	1.78206,	0.147854,	0.125656,	-0.322036,	-0.0641271,	-0.155215,	0.678538,	0.702973,	-0.146025
1520352044708115939,	-0.668442,	1.70074,	-0.117234,	0.0760255,	-0.197446,	-0.0111373,	-0.0318035,	0.00332128,	0.0612771,	0.997608,	-0.747953,	1.78206,	0.147854,	0,	0,	0,	-0.155215,	0.678538,	0.702973,	-0.146025
1520352044761639556,	-0.667104,	1.69488,	-0.119228,	0.0252516,	-0.110574,	-0.0376254,	-0.0302508,	0.00296885,	0.061066,	0.997671,	-0.743801,	1.76517,	0.144494,	0.0783279,	-0.318746,	-0.0633908,	-0.15661,	0.676933,	0.704142,	-0.146349
1520352044814018126,	-0.663511,	1.68518,	-0.120479,	0.069102,	-0.18637,	-0.0240494,	-0.0279196,	0.00271398,	0.060593,	0.997768,	-0.742852,	1.75838,	0.143599,	0.0182477,	-0.130539,	-0.0172138,	-0.157988,	0.677348,	0.703389,	-0.14657
1520352044860790664,	-0.66295,	1.67931,	-0.122415,	0.0121984,	-0.127714,	-0.0421009,	-0.0272606,	0.00291899,	0.0620251,	0.997698,	-0.742852,	1.75838,	0.143599,	0,	0,	0,	-0.157988,	0.677348,	0.703389,	-0.14657
1520352044912692651,	-0.660176,	1.67015,	-0.123281,	0.0543885,	-0.179704,	-0.0169724,	-0.0283877,	0.0022107,	0.0626666,	0.997628,	-0.74225,	1.74357,	0.142784,	0.0118098,	-0.290464,	-0.0159857,	-0.164582,	0.676498,	0.701925,	-0.150218
1520352044961578731,	-0.660336,	1.66408,	-0.123887,	-0.00334538,	-0.126315,	-0.012637,	-0.0284188,	0.00118823,	0.0652622,	0.997463,	-0.742757,	1.73562,	0.142931,	-0.0105672,	-0.165502,	0.00307398,	-0.16898,	0.676318,	0.700983,	-0.150541
1520352045017928293,	-0.65828,	1.65645,	-0.12384,	0.0367244,	-0.136305,	0.000841043,	-0.029108,	-0.000103307,	0.0699821,	0.997123,	-0.7438,	1.7275,	0.143222,	-0.0186225,	-0.145086,	0.00518789,	-0.173021,	0.675475,	0.700704,	-0.151034
1520352045066887496,	-0.658666,	1.64984,	-0.123616,	-0.00804606,	-0.137719,	0.00468177,	-0.0277905,	-0.00241488,	0.0729477,	0.996946,	-0.74413,	1.71852,	0.143732,	-0.00686566,	-0.187078,	0.0106296,	-0.175718,	0.674713,	0.700638,	-0.151632
1520352045114951406,	-0.658421,	1.63487,	-0.122364,	0.00520396,	-0.318448,	0.0266351,	-0.0273127,	-0.0074484,	0.0790696,	0.996467,	-0.74544,	1.71003,	0.144389,	-0.0278786,	-0.180514,	0.0139884,	-0.178685,	0.675135,	0.699222,	-0.152817
1520352045172334136,	-0.658526,	1.63433,	-0.122337,	-0.00183486,	-0.00946666,	0.000475238,	-0.0272712,	-0.00754603,	0.0792974,	0.996449,	-0.745468,	1.70019,	0.145382,	-0.000493841,	-0.17263,	0.0174141,	-0.179556,	0.674744,	0.699171,	-0.153755
1520352045231138444,	-0.657297,	1.62552,	-0.121717,	0.0211889,	-0.151992,	0.0106887,	-0.0286951,	-0.0101331,	0.0807233,	0.996272,	-0.746007,	1.69105,	0.146548,	-0.00928469,	-0.157719,	0.0200968,	-0.179961,	0.674978,	0.698687,	-0.154455
1520352045291984646,	-0.659093,	1.61671,	-0.120159,	-0.029933,	-0.146793,	0.0259585,	-0.0290049,	-0.00916598,	0.0838789,	0.996012,	-0.746001,	1.68154,	0.147847,	8.86112e-05,	-0.158424,	0.0216603,	-0.180005,	0.675977,	0.697675,	-0.15461
1520352045342839850,	-0.671139,	1.52995,	-0.0598293,	-0.240917,	-1.73511,	1.2066,	-0.115366,	-0.0804654,	-0.0766855,	0.987084,	-0.746071,	1.67254,	0.149162,	-0.00140167,	-0.180007,	0.0263017,	-0.179717,	0.676081,	0.697573,	-0.154948
1520352045396911620,	-0.663194,	1.5745,	-0.102227,	0.147133,	0.82495,	-0.785146,	-0.023394,	-0.0394093,	0.0344469,	0.998355,	-0.745611,	1.66476,	0.151175,	0.00853266,	-0.144142,	0.0372672,	-0.179301,	0.676994,	0.697044,	-0.153816
1520352045452559506,	-0.658802,	1.58285,	-0.114683,	0.0798457,	0.151739,	-0.226478,	-0.0339621,	-0.00794554,	0.0834899,	0.995898,	-0.745207,	1.66002,	0.153185,	0.00733463,	-0.0861571,	0.036549,	-0.178791,	0.67869,	0.695663,	-0.153186
1520352045500346474,	-0.664395,	1.53632,	-0.0838567,	-0.118995,	-0.989862,	0.655889,	0.0384534,	-0.0248319,	0.0628723,	0.996971,	-0.745163,	1.65687,	0.154272,	0.000932426,	-0.0668906,	0.0231331,	-0.18097,	0.679782,	0.693676,	-0.154788
1520352045552716716,	-0.657904,	1.57092,	-0.109862,	0.124832,	0.665324,	-0.500111,	-0.0359117,	-0.0098637,	0.0836286,	0.995801,	-0.746076,	1.65539,	0.155254,	-0.0175538,	-0.0284867,	0.0188697,	-0.185398,	0.679399,	0.692005,	-0.158662
1520352045607311720,	-0.658228,	1.56819,	-0.108476,	-0.0060032,	-0.0504885,	0.0256687,	-0.0365169,	-0.0106767,	0.0873978,	0.995447,	-0.746912,	1.65438,	0.155737,	-0.0154748,	-0.018838,	0.00895492,	-0.189355,	0.678646,	0.691043,	-0.161379
1520352045655420393,	-0.658027,	1.56682,	-0.107735,	0.0041794,	-0.0286796,	0.0154502,	-0.0380612,	-0.0114689,	0.0948216,	0.9947,	-0.748132,	1.65493,	0.156279,	-0.0254105,	0.0116145,	0.0112891,	-0.192408,	0.678498,	0.690031,	-0.162716
1520352045702119462,	-0.658305,	1.56683,	-0.107302,	-0.00602793,	0.000313036,	0.00940017,	-0.0387888,	-0.0124793,	0.0998277,	0.99417,	-0.7489,	1.65589,	0.15639,	-0.0167149,	0.0208057,	0.0024104,	-0.194796,	0.678335,	0.689202,	-0.164062
1520352045749809079,	-0.657926,	1.56742,	-0.105407,	0.00805649,	0.0124624,	0.0403218,	-0.0378665,	-0.0159133,	0.101878,	0.993949,	-0.749215,	1.65755,	0.156628,	-0.00668433,	0.0354141,	0.00506799,	-0.195885,	0.677819,	0.689227,	-0.164791
1520352045803275921,	-0.658467,	1.56809,	-0.10715,	-0.0102136,	0.0126938,	-0.0328879,	-0.0383014,	-0.01406,	0.103011,	0.993843,	-0.749006,	1.65992,	0.156994,	0.00393092,	0.0445359,	0.00690897,	-0.195127,	0.678027,	0.689412,	-0.164061
1520352045864057865,	-0.658777,	1.56996,	-0.106448,	-0.00516463,	0.0311437,	0.0117048,	-0.0385525,	-0.01372,	0.103588,	0.993778,	-0.750484,	1.67019,	0.157933,	-0.0246258,	0.171185,	0.0156402,	-0.191942,	0.681428,	0.68737,	-0.162287
1520352045911891035,	-0.65861,	1.57217,	-0.106108,	0.0035648,	0.0471611,	0.00722432,	-0.0389045,	-0.0131934,	0.102373,	0.993897,	-0.752375,	1.67771,	0.158298,	-0.0402329,	0.160076,	0.00777417,	-0.190931,	0.683398,	0.685907,	-0.161378
1520352045961660153,	-0.659425,	1.57754,	-0.105509,	-0.0166339,	0.109539,	0.012239,	-0.0418203,	-0.0130398,	0.0999072,	0.994032,	-0.754671,	1.68546,	0.158369,	-0.0468624,	0.158117,	0.00145552,	-0.191087,	0.684572,	0.684906,	-0.160473
1520352046014208275,	-0.661565,	1.58418,	-0.105237,	-0.0411601,	0.127746,	0.00521591,	-0.0447233,	-0.0131446,	0.0978746,	0.994106,	-0.757109,	1.69424,	0.158291,	-0.0468763,	0.168849,	-0.00151198,	-0.191769,	0.6842,	0.685176,	-0.160093
1520352046068000900,	-0.66772,	1.55705,	-0.0790173,	-0.116142,	-0.511903,	0.49472,	0.000548039,	-0.0703154,	-8.98463e-05,	0.997525,	-0.759413,	1.7035,	0.157976,	-0.0434783,	0.174699,	-0.00592995,	-0.193015,	0.684091,	0.685072,	-0.159506
1520352046124635715,	-0.66519,	1.59932,	-0.105122,	0.0451885,	0.754695,	-0.46616,	-0.0457031,	-0.0141548,	0.0974679,	0.994088,	-0.762048,	1.71335,	0.157547,	-0.0470536,	0.175923,	-0.00767239,	-0.193391,	0.683883,	0.685357,	-0.158712
1520352046175574628,	-0.665426,	1.60719,	-0.105503,	-0.00471854,	0.157546,	-0.00761164,	-0.0456303,	-0.0156245,	0.0970547,	0.99411,	-0.764066,	1.72359,	0.156966,	-0.0403542,	0.204882,	-0.0116121,	-0.19319,	0.683645,	0.686026,	-0.157085
1520352046228871461,	-0.667566,	1.61991,	-0.106537,	-0.0403838,	0.239922,	-0.0195091,	-0.0452556,	-0.016875,	0.096522,	0.994158,	-0.766659,	1.73438,	0.156342,	-0.0489315,	0.203515,	-0.0117727,	-0.193171,	0.683646,	0.686304,	-0.155886
1520352046280418939,	-0.67071,	1.63157,	-0.107567,	-0.0616405,	0.228713,	-0.020207,	-0.0444305,	-0.0174577,	0.0962348,	0.994213,	-0.769156,	1.74507,	0.155687,	-0.0489629,	0.209707,	-0.0128393,	-0.192864,	0.683651,	0.686606,	-0.154911
1520352046331034931,	-0.671084,	1.64006,	-0.108422,	-0.00748492,	0.169691,	-0.0170943,	-0.0439432,	-0.0182695,	0.0945668,	0.99438,	-0.77193,	1.7562,	0.154945,	-0.0554862,	0.222505,	-0.0148433,	-0.192508,	0.683595,	0.687122,	-0.153304
1520352046384628158,	-0.674678,	1.65252,	-0.109685,	-0.0678086,	0.235185,	-0.0238224,	-0.0440482,	-0.0190731,	0.0941505,	0.9944,	-0.774076,	1.76699,	0.154067,	-0.0404916,	0.203523,	-0.0165731,	-0.192065,	0.682882,	0.688258,	-0.151932
1520352046433669503,	-0.678095,	1.642,	-0.0961913,	-0.0697279,	-0.214689,	0.275376,	-0.0357345,	-0.0506685,	0.0343254,	0.997486,	-0.776546,	1.77787,	0.153049,	-0.0504003,	0.222183,	-0.0207635,	-0.191904,	0.681944,	0.689308,	-0.151589
1520352046486379076,	-0.6787,	1.67448,	-0.111846,	-0.0116429,	0.624505,	-0.301043,	-0.0411223,	-0.0201499,	0.0916489,	0.994738,	-0.778528,	1.7882,	0.152293,	-0.0381111,	0.198565,	-0.0145532,	-0.19135,	0.681234,	0.690069,	-0.152022
1520352046539133741,	-0.679249,	1.68305,	-0.112976,	-0.0105575,	0.164882,	-0.0217457,	-0.0405193,	-0.0200976,	0.090461,	0.994872,	-0.780282,	1.79902,	0.151986,	-0.0337309,	0.208112,	-0.00590714,	-0.190076,	0.680396,	0.691181,	-0.15232
1520352046589302629,	-0.682928,	1.69602,	-0.114309,	-0.073575,	0.25943,	-0.0266523,	-0.0385373,	-0.0192043,	0.09128,	0.994894,	-0.781337,	1.80931,	0.151472,	-0.0210943,	0.205741,	-0.010264,	-0.188378,	0.679967,	0.69209,	-0.152219
1520352046642332238,	-0.683292,	1.70477,	-0.115649,	-0.00687381,	0.165068,	-0.0252931,	-0.0373321,	-0.0181031,	0.0899258,	0.995084,	-0.782637,	1.82035,	0.151549,	-0.024542,	0.208326,	0.00145127,	-0.186951,	0.680046,	0.692301,	-0.152662
1520352046692274632,	-0.686231,	1.71657,	-0.115997,	-0.0599869,	0.240765,	-0.00709829,	-0.0366024,	-0.0165975,	0.089387,	0.995186,	-0.783631,	1.83088,	0.151984,	-0.0202707,	0.214947,	0.00887742,	-0.185544,	0.680304,	0.692441,	-0.152598
1520352046741312858,	-0.687969,	1.73013,	-0.116686,	-0.0354657,	0.276742,	-0.0140577,	-0.0364906,	-0.0155028,	0.0889058,	0.995251,	-0.785613,	1.84199,	0.152343,	-0.040453,	0.22672,	0.00732927,	-0.185929,	0.681081,	0.691493,	-0.152959
1520352046789439190,	-0.689246,	1.7438,	-0.116276,	-0.0290102,	0.310659,	0.00931062,	-0.0379549,	-0.0147357,	0.0883462,	0.995257,	-0.787648,	1.85254,	0.152895,	-0.0462524,	0.239781,	0.0125345,	-0.186982,	0.681181,	0.690805,	-0.154331
1520352046840693799,	-0.690842,	1.75035,	-0.116275,	-0.0295687,	0.121234,	2.164e-05,	-0.0386169,	-0.0145801,	0.0898417,	0.9951,	-0.78974,	1.86276,	0.153982,	-0.0387484,	0.189178,	0.0201366,	-0.187849,	0.680588,	0.690819,	-0.155826
1520352046893044716,	-0.691911,	1.7571,	-0.115754,	-0.0205551,	0.129833,	0.0100329,	-0.0392205,	-0.0145314,	0.0911712,	0.994956,	-0.792065,	1.87319,	0.154726,	-0.0447038,	0.200683,	0.014301,	-0.189268,	0.681222,	0.689394,	-0.157638
1520352046942052837,	-0.694167,	1.76987,	-0.115515,	-0.0460277,	0.260584,	0.00486472,	-0.0391374,	-0.0142898,	0.094034,	0.994697,	-0.795192,	1.88333,	0.155741,	-0.0638267,	0.206812,	0.0207222,	-0.19014,	0.682134,	0.688036,	-0.158576
1520352046988980627,	-0.694779,	1.77723,	-0.114698,	-0.0133145,	0.160043,	0.017775,	-0.0409357,	-0.0142858,	0.094732,	0.994558,	-0.798262,	1.89264,	0.156769,	-0.0667212,	0.202508,	0.0223416,	-0.190844,	0.682966,	0.686895,	-0.159096
1520352047035603456,	-0.698401,	1.78812,	-0.113882,	-0.0787365,	0.236856,	0.0177282,	-0.0430669,	-0.0145047,	0.0972631,	0.994221,	-0.802038,	1.90188,	0.158122,	-0.0821024,	0.200952,	0.0294195,	-0.191185,	0.683909,	0.685779,	-0.159448
1520352047083464221,	-0.70019,	1.79374,	-0.112631,	-0.0380586,	0.119447,	0.026622,	-0.0443402,	-0.0144984,	0.097651,	0.994127,	-0.806187,	1.91098,	0.159395,	-0.088275,	0.193481,	0.0270884,	-0.191734,	0.685249,	0.68446,	-0.158702
1520352047135598113,	-0.702228,	1.79937,	-0.11134,	-0.0391981,	0.108407,	0.0248274,	-0.0457531,	-0.0149365,	0.0979115,	0.994031,	-0.810846,	1.91964,	0.16091,	-0.0895845,	0.166481,	0.0291301,	-0.192145,	0.685692,	0.684015,	-0.158209
1520352047186046187,	-0.70669,	1.81058,	-0.110323,	-0.0892465,	0.224028,	0.0203356,	-0.0482367,	-0.0158566,	0.0979139,	0.993899,	-0.815687,	1.92832,	0.161724,	-0.0968292,	0.173755,	0.0162849,	-0.193731,	0.685975,	0.683192,	-0.158606
1520352047237996086,	-0.709285,	1.8158,	-0.109091,	-0.0508685,	0.102485,	0.0241663,	-0.048675,	-0.0166803,	0.0975466,	0.9939,	-0.820482,	1.9374,	0.161868,	-0.0940158,	0.178014,	0.00282352,	-0.195494,	0.685812,	0.682652,	-0.15947
1520352047286342798,	-0.71424,	1.82768,	-0.10866,	-0.103247,	0.247545,	0.00896048,	-0.0502636,	-0.0175467,	0.0999158,	0.993571,	-0.824655,	1.94656,	0.161954,	-0.0869494,	0.190734,	0.0017802,	-0.19648,	0.685505,	0.682418,	-0.160572
1520352047338457959,	-0.717249,	1.83356,	-0.108651,	-0.057855,	0.112923,	0.000172034,	-0.0509564,	-0.0195329,	0.0996396,	0.993526,	-0.828856,	1.95638,	0.16142,	-0.0807763,	0.188979,	-0.0102687,	-0.19726,	0.685807,	0.681642,	-0.16162
1520352047381779937,	-0.722026,	1.84541,	-0.108864,	-0.111088,	0.275558,	-0.00493724,	-0.0506714,	-0.0183318,	0.103885,	0.993129,	-0.832167,	1.96584,	0.160492,	-0.0770119,	0.219974,	-0.0215752,	-0.196817,	0.685893,	0.68157,	-0.162101
1520352047435180792,	-0.724625,	1.85154,	-0.109469,	-0.0490479,	0.115743,	-0.0114112,	-0.0518915,	-0.0181001,	0.104636,	0.992991,	-0.835495,	1.97456,	0.159472,	-0.0627785,	0.164411,	-0.0192563,	-0.195178,	0.68535,	0.68259,	-0.162086
1520352047478784861,	-0.729088,	1.86343,	-0.110833,	-0.103777,	0.276601,	-0.0317331,	-0.0493519,	-0.01894,	0.104788,	0.993089,	-0.839118,	1.9843,	0.158598,	-0.0842753,	0.226618,	-0.0203084,	-0.193549,	0.686022,	0.682503,	-0.161565
1520352047531436239,	-0.731552,	1.8697,	-0.112122,	-0.0473941,	0.120511,	-0.0247923,	-0.0518419,	-0.016071,	0.103552,	0.993142,	-0.842644,	1.99438,	0.157492,	-0.0677952,	0.193898,	-0.0212831,	-0.191341,	0.686466,	0.682879,	-0.160719
1520352047580003744,	-0.736387,	1.88149,	-0.113696,	-0.100727,	0.245598,	-0.0327754,	-0.048973,	-0.0166862,	0.101211,	0.993519,	-0.84605,	2.00397,	0.156407,	-0.0709589,	0.199773,	-0.0225939,	-0.18837,	0.686595,	0.683943,	-0.159141
1520352047633741871,	-0.73896,	1.88796,	-0.114428,	-0.0485363,	0.12201,	-0.0138164,	-0.0520134,	-0.0146031,	0.0995807,	0.993562,	-0.850296,	2.01391,	0.155634,	-0.0801131,	0.187459,	-0.0145802,	-0.18542,	0.686382,	0.685347,	-0.157478
1520352047683998363,	-0.744154,	1.90057,	-0.115672,	-0.10389,	0.252358,	-0.024893,	-0.049331,	-0.0130786,	0.0955371,	0.994117,	-0.854681,	2.02398,	0.154508,	-0.087709,	0.201354,	-0.0225231,	-0.183387,	0.686107,	0.686489,	-0.156073
1520352047730474229,	-0.747288,	1.90688,	-0.11705,	-0.0681357,	0.137009,	-0.0299425,	-0.0498938,	-0.0123018,	0.0927822,	0.994359,	-0.859435,	2.03483,	0.153304,	-0.103335,	0.236006,	-0.0261859,	-0.182873,	0.685903,	0.686944,	-0.155568
1520352047784058939,	-0.75314,	1.92094,	-0.1188,	-0.110404,	0.265396,	-0.0330297,	-0.048193,	-0.0116766,	0.0903133,	0.994678,	-0.863602,	2.04572,	0.151431,	-0.0786352,	0.205414,	-0.0353364,	-0.183179,	0.685915,	0.686769,	-0.155932
1520352047834551741,	-0.756073,	1.92803,	-0.119823,	-0.0586574,	0.141831,	-0.0204586,	-0.047662,	-0.0119391,	0.0891676,	0.994804,	-0.867096,	2.05643,	0.149596,	-0.0698715,	0.214248,	-0.0366884,	-0.18258,	0.685225,	0.687766,	-0.155271
1520352047887958939,	-0.76118,	1.94196,	-0.122284,	-0.0963755,	0.262738,	-0.0464194,	-0.0471658,	-0.0125367,	0.0907043,	0.994681,	-0.870357,	2.06711,	0.147615,	-0.0615217,	0.201398,	-0.0373761,	-0.182146,	0.68449,	0.688754,	-0.154643
1520352047951241132,	-0.762951,	1.94998,	-0.1245,	-0.0281058,	0.127363,	-0.0351823,	-0.046375,	-0.0120235,	0.0886415,	0.994911,	-0.873176,	2.07742,	0.145783,	-0.0447592,	0.163762,	-0.0290912,	-0.181549,	0.682811,	0.69072,	-0.153997
1520352048010177493,	-0.767227,	1.96356,	-0.12693,	-0.0737142,	0.234079,	-0.0418991,	-0.0436195,	-0.0118649,	0.0888711,	0.995017,	-0.875737,	2.08799,	0.142997,	-0.0441561,	0.182277,	-0.0480345,	-0.181539,	0.682335,	0.691136,	-0.15425
1520352048054880006,	-0.770756,	1.97739,	-0.130633,	-0.0802196,	0.314409,	-0.0841465,	-0.040991,	-0.0116083,	0.0885408,	0.995161,	-0.87857,	2.0994,	0.140152,	-0.0643678,	0.259174,	-0.0646469,	-0.181949,	0.683081,	0.690091,	-0.155146
1520352048105160231,	-0.773818,	1.99094,	-0.13463,	-0.0612373,	0.270876,	-0.0799452,	-0.0413133,	-0.0124027,	0.0886976,	0.995124,	-0.880452,	2.11035,	0.137539,	-0.0376478,	0.218959,	-0.0522738,	-0.180542,	0.683011,	0.690779,	-0.154029
1520352048148627461,	-0.775278,	1.99766,	-0.136622,	-0.0339458,	0.156279,	-0.0463227,	-0.0417098,	-0.0111641,	0.0888988,	0.995104,	-0.882962,	2.12218,	0.135577,	-0.0583775,	0.275215,	-0.0456175,	-0.181716,	0.683888,	0.689421,	-0.154836
1520352048196089198,	-0.775718,	2.00632,	-0.139168,	-0.00936336,	0.1844,	-0.0541743,	-0.0421711,	-0.0113367,	0.0874308,	0.995213,	-0.884499,	2.13248,	0.134587,	-0.0326979,	0.219194,	-0.0210704,	-0.18186,	0.682742,	0.69045,	-0.155141
1520352048238828545,	-0.778663,	2.01901,	-0.1411,	-0.0701127,	0.302158,	-0.0460047,	-0.0427211,	-0.0115505,	0.09002,	0.994956,	-0.886314,	2.14274,	0.134511,	-0.0432161,	0.244204,	-0.00180465,	-0.182079,	0.681438,	0.691702,	-0.155043
1520352048284482140,	-0.778647,	2.02789,	-0.142074,	0.000341148,	0.197328,	-0.0216321,	-0.0409881,	-0.0113469,	0.0885245,	0.995166,	-0.887984,	2.15252,	0.134718,	-0.0371081,	0.217416,	0.00459066,	-0.182157,	0.680188,	0.693039,	-0.154469
1520352048328158082,	-0.779583,	2.03475,	-0.142318,	-0.0217723,	0.15953,	-0.00567747,	-0.0393478,	-0.0116341,	0.0888499,	0.9952,	-0.889697,	2.1615,	0.135582,	-0.0398409,	0.20888,	0.0201046,	-0.181617,	0.678342,	0.695127,	-0.153838
1520352048376701692,	-0.782146,	2.04613,	-0.142299,	-0.0533857,	0.236912,	0.000393804,	-0.036268,	-0.0114455,	0.0898196,	0.995232,	-0.891473,	2.17009,	0.136789,	-0.0369995,	0.178828,	0.025146,	-0.181016,	0.676993,	0.696843,	-0.15272
1520352048424861482,	-0.782472,	2.05415,	-0.142337,	-0.00679176,	0.167102,	-0.000799432,	-0.0350691,	-0.0116694,	0.0884001,	0.995399,	-0.893573,	2.17863,	0.13873,	-0.0437392,	0.177857,	0.0404309,	-0.180172,	0.675787,	0.698514,	-0.15142
1520352048470354799,	-0.785496,	2.06508,	-0.142006,	-0.0672005,	0.243056,	0.00736585,	-0.0319736,	-0.0115268,	0.0882486,	0.995518,	-0.896449,	2.18787,	0.141013,	-0.0639223,	0.205523,	0.0507415,	-0.181012,	0.675819,	0.698428,	-0.15067
1520352048515870407,	-0.785949,	2.07236,	-0.140638,	-0.0100663,	0.161702,	0.0304027,	-0.0301002,	-0.011919,	0.0852767,	0.995831,	-0.89943,	2.19778,	0.143505,	-0.0662318,	0.220062,	0.0553715,	-0.181571,	0.675865,	0.698551,	-0.149218
1520352048565278178,	-0.787434,	2.07835,	-0.138911,	-0.0302997,	0.122287,	0.0352292,	-0.0287359,	-0.0128368,	0.0856922,	0.995824,	-0.903021,	2.208,	0.145751,	-0.0732918,	0.208637,	0.0458361,	-0.183392,	0.676797,	0.697307,	-0.148579
1520352048610260037,	-0.790392,	2.0883,	-0.136436,	-0.0672437,	0.226099,	0.0562631,	-0.0303916,	-0.0142529,	0.087166,	0.995628,	-0.903021,	2.208,	0.145751,	0,	0,	0,	-0.183392,	0.676797,	0.697307,	-0.148579
1520352048657540088,	-0.791578,	2.09708,	-0.135386,	-0.0252362,	0.186688,	0.0223443,	-0.0289142,	-0.0153967,	0.0861589,	0.995743,	-0.906681,	2.21872,	0.147959,	-0.0778665,	0.228121,	0.0469872,	-0.1844,	0.677926,	0.696015,	-0.148244
1520352048699304148,	-0.795306,	2.10826,	-0.134395,	-0.090912,	0.272859,	0.0241706,	-0.034013,	-0.0165392,	0.0877617,	0.995423,	-0.910004,	2.22953,	0.149577,	-0.0810515,	0.263587,	0.0394713,	-0.184839,	0.679623,	0.694415,	-0.147428
1520352048740257653,	-0.796455,	2.11579,	-0.132294,	-0.0287376,	0.188172,	0.0525104,	-0.0346499,	-0.0175123,	0.0860665,	0.995533,	-0.913052,	2.23983,	0.150981,	-0.0762145,	0.257517,	0.0350926,	-0.184312,	0.680593,	0.693762,	-0.146684
1520352048790407507,	-0.798325,	2.12214,	-0.131343,	-0.0374033,	0.127034,	0.019015,	-0.0365763,	-0.0175238,	0.0862433,	0.995448,	-0.915648,	2.25023,	0.151464,	-0.0519094,	0.208013,	0.00964867,	-0.184072,	0.681775,	0.692684,	-0.14659
1520352048838509240,	-0.80185,	2.13352,	-0.130787,	-0.0734281,	0.237097,	0.0115846,	-0.0384773,	-0.0183445,	0.0865376,	0.995336,	-0.91751,	2.26072,	0.151495,	-0.0387987,	0.218603,	0.000654732,	-0.183586,	0.682916,	0.691759,	-0.146256
1520352048880448356,	-0.802772,	2.14113,	-0.130447,	-0.0224812,	0.185531,	0.0082974,	-0.0396065,	-0.0183327,	0.0857987,	0.995356,	-0.918081,	2.27066,	0.151339,	-0.0139298,	0.242391,	-0.0038059,	-0.182473,	0.683287,	0.691657,	-0.1464
1520352048925763371,	-0.803625,	2.14749,	-0.131066,	-0.0189657,	0.141299,	-0.0137523,	-0.0413052,	-0.0172531,	0.0853022,	0.995349,	-0.917923,	2.28099,	0.151199,	0.0035083,	0.229487,	-0.00310513,	-0.181392,	0.683953,	0.691124,	-0.147147
1520352048970678053,	-0.805567,	2.15766,	-0.131726,	-0.0441392,	0.231265,	-0.0150029,	-0.0410831,	-0.0158388,	0.0862663,	0.995299,	-0.916663,	2.29153,	0.150947,	0.0286393,	0.239598,	-0.00572302,	-0.178949,	0.685114,	0.690689,	-0.146782
1520352049014950824,	-0.80415,	2.16666,	-0.130864,	0.0322063,	0.20443,	0.0195865,	-0.0442047,	-0.0159983,	0.0842606,	0.995334,	-0.914349,	2.30278,	0.150805,	0.0525963,	0.255746,	-0.00323779,	-0.175405,	0.686571,	0.690242,	-0.14635
1520352049062097272,	-0.80344,	2.17328,	-0.13197,	0.015104,	0.140971,	-0.0235155,	-0.044551,	-0.0135647,	0.0831082,	0.995452,	-0.911721,	2.31417,	0.150276,	0.0559189,	0.242336,	-0.0112488,	-0.173427,	0.688255,	0.688794,	-0.147615
1520352049103877571,	-0.802926,	2.18067,	-0.133709,	0.0125551,	0.180185,	-0.0424354,	-0.040609,	-0.00941842,	0.0795165,	0.995962,	-0.911721,	2.31417,	0.150276,	0,	0,	0,	-0.173427,	0.688255,	0.688794,	-0.147615
1520352049143226584,	-0.799911,	2.19228,	-0.132343,	0.0773032,	0.29765,	0.0350435,	-0.0493679,	-0.00932596,	0.078572,	0.995642,	-0.908442,	2.32603,	0.150274,	0.0840585,	0.303969,	-4.65989e-05,	-0.17064,	0.689052,	0.688561,	-0.148237
1520352049185666599,	-0.798257,	2.19934,	-0.134399,	0.0393735,	0.168004,	-0.0489575,	-0.0488546,	-0.00674853,	0.0779803,	0.995734,	-0.904971,	2.33821,	0.149821,	0.0826646,	0.290047,	-0.0108064,	-0.167786,	0.690815,	0.687682,	-0.147363
1520352049226265925,	-0.796869,	2.20751,	-0.133898,	0.0347112,	0.204306,	0.0125129,	-0.0482414,	-0.00765815,	0.0773951,	0.995803,	-0.901952,	2.35227,	0.149488,	0.0754622,	0.35149,	-0.00830656,	-0.164593,	0.694164,	0.68559,	-0.144958
1520352049268315273,	-0.794718,	2.21413,	-0.135264,	0.051196,	0.157611,	-0.0325019,	-0.0516209,	-0.00406244,	0.0748524,	0.995849,	-0.898724,	2.36595,	0.149025,	0.076864,	0.325832,	-0.0110245,	-0.160829,	0.696731,	0.684626,	-0.141379
1520352049315249079,	-0.789921,	2.22782,	-0.134444,	0.104297,	0.297729,	0.0178155,	-0.0563802,	-0.00554555,	0.0707819,	0.995882,	-0.895487,	2.37902,	0.148729,	0.0703654,	0.284104,	-0.00644326,	-0.157645,	0.6977,	0.685126,	-0.137714
1520352049355199632,	-0.787998,	2.23502,	-0.136277,	0.0493025,	0.184635,	-0.0469907,	-0.0563058,	-0.00487494,	0.0656649,	0.99624,	-0.895487,	2.37902,	0.148729,	0,	0,	0,	-0.157645,	0.6977,	0.685126,	-0.137714
1520352049399267612,	-0.78592,	2.24394,	-0.136153,	0.047219,	0.202624,	0.0028182,	-0.0584571,	-0.00397886,	0.0624096,	0.996329,	-0.891792,	2.39143,	0.148279,	0.0839811,	0.282053,	-0.0102314,	-0.154817,	0.697126,	0.686965,	-0.134636
1520352049439885770,	-0.783628,	2.25218,	-0.137352,	0.0573113,	0.206068,	-0.0299832,	-0.0547845,	-0.00410345,	0.0585881,	0.996769,	-0.888229,	2.40494,	0.147254,	0.0890655,	0.337778,	-0.0256205,	-0.152289,	0.696993,	0.688213,	-0.131802
1520352049479611546,	-0.778207,	2.26584,	-0.140279,	0.139005,	0.350324,	-0.075047,	-0.0301063,	-0.00216237,	0.042426,	0.998644,	-0.884545,	2.41939,	0.145916,	0.0944637,	0.370351,	-0.034302,	-0.149495,	0.697941,	0.688355,	-0.129218
1520352049518561681,	-0.776046,	2.27612,	-0.140515,	0.0568676,	0.270497,	-0.00621547,	-0.0537681,	-0.00539753,	0.0503215,	0.99727,	-0.8808,	2.43424,	0.144107,	0.0985416,	0.390953,	-0.0475992,	-0.147252,	0.69946,	0.687572,	-0.127737
1520352049559844421,	-0.774391,	2.28372,	-0.141827,	0.0403495,	0.185173,	-0.0319889,	-0.0533401,	-0.00354329,	0.0467086,	0.997477,	-0.8808,	2.43424,	0.144107,	0,	0,	0,	-0.147252,	0.69946,	0.687572,	-0.127737
1520352049601026167,	-0.771033,	2.2922,	-0.143296,	0.0819105,	0.206878,	-0.0358336,	-0.0271578,	-0.00114354,	0.0340778,	0.999049,	-0.876989,	2.44812,	0.14223,	0.0929726,	0.338451,	-0.045792,	-0.144643,	0.699399,	0.688526,	-0.125904
1520352049639551023,	-0.766045,	2.30824,	-0.145253,	0.131266,	0.422122,	-0.0514951,	-0.0299844,	-0.000405912,	0.0304915,	0.999085,	-0.873811,	2.46259,	0.140287,	0.0836218,	0.38075,	-0.0511232,	-0.143634,	0.699549,	0.68868,	-0.125383
1520352049681471366,	-0.763365,	2.3166,	-0.147825,	0.065354,	0.203951,	-0.0627405,	-0.0214597,	-0.000829942,	0.026621,	0.999415,	-0.870386,	2.47606,	0.141952,	0.0835439,	0.328491,	0.0405942,	-0.139624,	0.693538,	0.695236,	-0.127111
1520352049718768814,	-0.76108,	2.32416,	-0.149661,	0.0617627,	0.204425,	-0.0496229,	-0.0152365,	0.00187835,	0.0221079,	0.999638,	-0.867016,	2.49005,	0.139527,	0.0910781,	0.378169,	-0.0655277,	-0.136271,	0.688538,	0.700414,	-0.129485
1520352049755968898,	-0.759311,	2.33087,	-0.151818,	0.0478147,	0.181258,	-0.0582924,	-0.00218065,	0.00301069,	0.0194228,	0.999804,	-0.867016,	2.49005,	0.139527,	0,	0,	0,	-0.136271,	0.688538,	0.700414,	-0.129485
1520352049793014344,	-0.756712,	2.34115,	-0.153854,	0.0702483,	0.277723,	-0.0550334,	0.0199826,	0.00268181,	0.0219391,	0.999556,	-0.863828,	2.50298,	0.13858,	0.0861478,	0.34955,	-0.0256074,	-0.131239,	0.680593,	0.708556,	-0.132355
1520352049829692579,	-0.753695,	2.34606,	-0.15583,	0.083813,	0.136568,	-0.0548784,	0.0429361,	0.00685968,	0.00896915,	0.999014,	-0.860401,	2.51496,	0.136833,	0.0952129,	0.332828,	-0.0485191,	-0.127894,	0.678965,	0.710524,	-0.133438
1520352049869879322,	-0.747554,	2.35415,	-0.159196,	0.153518,	0.202318,	-0.0841588,	0.0843441,	0.0117342,	-0.00112789,	0.996367,	-0.85848,	2.52824,	0.13613,	0.0480121,	0.331768,	-0.0175762,	-0.124598,	0.67878,	0.7113,	-0.133362
1520352049906644611,	-0.748429,	2.36786,	-0.1583,	-0.0243013,	0.380667,	0.0248881,	0.0301956,	0.00664496,	0.014916,	0.999411,	-0.85848,	2.52824,	0.13613,	0,	0,	0,	-0.124598,	0.67878,	0.7113,	-0.133362
1520352049946563400,	-0.746355,	2.37464,	-0.159553,	0.0531835,	0.173797,	-0.0321393,	0.0436432,	0.00943503,	0.00300788,	0.998998,	-0.856533,	2.53959,	0.135856,	0.0499196,	0.291204,	-0.00701875,	-0.121274,	0.677194,	0.713244,	-0.134103
1520352049987091920,	-0.744207,	2.37848,	-0.160707,	0.0536876,	0.0961333,	-0.0288312,	0.0589155,	0.0124219,	-0.00872754,	0.998148,	-0.855666,	2.55076,	0.137215,	0.0216759,	0.279235,	0.0339661,	-0.117716,	0.676884,	0.714013,	-0.134745
1520352050024402080,	-0.745223,	2.39189,	-0.161667,	-0.0274537,	0.362402,	-0.0259438,	0.0398365,	0.00656445,	0.00549151,	0.99917,	-0.854532,	2.55982,	0.137374,	0.0306683,	0.244945,	0.00430451,	-0.116467,	0.67831,	0.712972,	-0.134169
1520352050058738637,	-0.743855,	2.39313,	-0.161533,	0.0402232,	0.0365251,	0.00391517,	0.0566374,	0.0102468,	-0.00402102,	0.998334,	-0.854532,	2.55982,	0.137374,	0,	0,	0,	-0.116467,	0.67831,	0.712972,	-0.134169
1520352050098074110,	-0.74162,	2.40253,	-0.161443,	0.0573206,	0.241059,	0.00233237,	0.0630889,	0.0123789,	-0.0113556,	0.997867,	-0.855347,	2.5707,	0.137926,	-0.0208993,	0.278864,	0.0141638,	-0.115146,	0.680794,	0.710898,	-0.133736
1520352050134093467,	-0.741632,	2.40782,	-0.160122,	-0.000326846,	0.146905,	0.0366925,	0.0606709,	0.0134672,	-0.0131532,	0.99798,	-0.855748,	2.57934,	0.139069,	-0.0111554,	0.239902,	0.0317454,	-0.112725,	0.682088,	0.71017,	-0.133068
1520352050171932494,	-0.742099,	2.41291,	-0.159884,	-0.0126321,	0.137548,	0.00641652,	0.0620574,	0.0133583,	-0.0147302,	0.997874,	-0.85801,	2.5882,	0.140529,	-0.0611333,	0.239412,	0.0394437,	-0.110751,	0.680568,	0.711815,	-0.133718
1520352050205301506,	-0.743282,	2.42053,	-0.158831,	-0.0358539,	0.230734,	0.0319075,	0.030272,	0.0103519,	-0.0101748,	0.999436,	-0.85801,	2.5882,	0.140529,	0,	0,	0,	-0.110751,	0.680568,	0.711815,	-0.133718
1520352050240266132,	-0.743796,	2.42688,	-0.160399,	-0.0151006,	0.186894,	-0.0460994,	0.0577152,	0.00377657,	-0.000708465,	0.998326,	-0.859671,	2.59417,	0.140819,	-0.0488419,	0.175577,	0.00853527,	-0.113064,	0.67897,	0.713222,	-0.132402
1520352050276396811,	-0.746347,	2.43924,	-0.15858,	-0.0708837,	0.343379,	0.0505029,	-0.0162984,	0.00188407,	0.0160945,	0.999736,	-0.861683,	2.60162,	0.141128,	-0.0559064,	0.207047,	0.00858701,	-0.114019,	0.675375,	0.716452,	-0.132529
1520352050309993452,	-0.745991,	2.43874,	-0.159081,	0.0107906,	-0.0152689,	-0.0151638,	0.0271082,	0.00351256,	0.00634411,	0.999606,	-0.861683,	2.60162,	0.141128,	0,	0,	0,	-0.114019,	0.675375,	0.716452,	-0.132529
1520352050344078703,	-0.745558,	2.44037,	-0.159304,	0.0127353,	0.0480848,	-0.0065538,	0.0749722,	0.00715839,	-0.000643283,	0.99716,	-0.862259,	2.60724,	0.142063,	-0.0169191,	0.165311,	0.0275125,	-0.116352,	0.674775,	0.716739,	-0.132007
1520352050381697188,	-0.747387,	2.44952,	-0.159765,	-0.0494312,	0.24723,	-0.0124562,	0.0337495,	0.00246032,	-0.00652577,	0.999406,	-0.864347,	2.61631,	0.141188,	-0.0564447,	0.245205,	-0.0236732,	-0.120444,	0.678155,	0.712774,	-0.132486
1520352050415784014,	-0.748805,	2.4581,	-0.158457,	-0.0417111,	0.252414,	0.0384531,	0.00855247,	-0.00102537,	0.00285321,	0.999959,	-0.86441,	2.62282,	0.140721,	-0.00185908,	0.191362,	-0.0137161,	-0.124467,	0.681183,	0.709041,	-0.133257
1520352050450097548,	-0.747542,	2.45635,	-0.158907,	0.0371465,	-0.0516561,	-0.0132392,	0.030717,	0.00386638,	-0.00413044,	0.999512,	-0.86441,	2.62282,	0.140721,	0,	0,	0,	-0.124467,	0.681183,	0.709041,	-0.133257
1520352050488038110,	-0.7478,	2.45928,	-0.159221,	-0.00695806,	0.07919,	-0.00846993,	0.0362794,	0.004949,	-0.00408685,	0.999321,	-0.864912,	2.6294,	0.140022,	-0.013563,	0.177754,	-0.0188905,	-0.127067,	0.68339,	0.706338,	-0.133858
1520352050524966317,	-0.745133,	2.45289,	-0.159884,	0.0740782,	-0.177544,	-0.0184224,	0.0997247,	0.0105225,	-0.0075954,	0.99493,	-0.864685,	2.63363,	0.140146,	0.00632382,	0.117531,	0.00344575,	-0.129292,	0.685764,	0.703453,	-0.134778
1520352050574577530,	-0.744696,	2.45473,	-0.159701,	0.00892542,	0.0377053,	0.00373134,	0.101895,	0.0130154,	-0.00710007,	0.994685,	-0.864534,	2.6374,	0.142945,	0.0030809,	0.0770085,	0.057118,	-0.12682,	0.683713,	0.70545,	-0.137089
1520352050620685169,	-0.748445,	2.47745,	-0.158603,	-0.081499,	0.4938,	0.0238606,	-0.0136679,	0.00204928,	0.0228628,	0.999643,	-0.863355,	2.63946,	0.141707,	0.0256203,	0.0447248,	-0.0269147,	-0.124136,	0.681842,	0.707485,	-0.138376
1520352050663761871,	-0.739512,	2.44948,	-0.164069,	0.207732,	-0.650487,	-0.127098,	0.169314,	0.018519,	0.0311937,	0.984894,	-0.863337,	2.64142,	0.141032,	0.00042282,	0.0457285,	-0.0157087,	-0.121601,	0.68065,	0.708939,	-0.139047
1520352050701938468,	-0.742855,	2.46152,	-0.162335,	-0.0879709,	0.316946,	0.0456248,	0.12042,	0.0157368,	-0.00079466,	0.992598,	-0.863337,	2.64142,	0.141032,	0,	0,	0,	-0.121601,	0.68065,	0.708939,	-0.139047
1520352050738267749,	-0.744831,	2.46885,	-0.161578,	-0.0548899,	0.203626,	0.0210306,	0.0778938,	0.0136959,	-0.0112967,	0.996804,	-0.862334,	2.64081,	0.140453,	0.0278459,	-0.0170912,	-0.0160654,	-0.117151,	0.677572,	0.712461,	-0.1399
1520352050790205093,	-0.739534,	2.45371,	-0.164674,	0.103861,	-0.296845,	-0.0607031,	0.167642,	0.021075,	0.0236745,	0.985338,	-0.862718,	2.64152,	0.140547,	-0.00752174,	0.0140493,	0.00183252,	-0.113462,	0.675759,	0.714693,	-0.140317
1520352050834627295,	-0.743495,	2.46498,	-0.163637,	-0.0900085,	0.256047,	0.0235635,	0.112001,	0.0158806,	-0.00306348,	0.993576,	-0.862427,	2.64053,	0.140442,	0.00660313,	-0.0225135,	-0.00236973,	-0.112066,	0.676083,	0.714869,	-0.138975
1520352050871927053,	-0.743959,	2.46731,	-0.16259,	-0.0125511,	0.0629302,	0.0283087,	0.11148,	0.011814,	-0.00544065,	0.993682,	-0.863224,	2.6408,	0.140802,	-0.0215415,	0.00713266,	0.00972196,	-0.109166,	0.674972,	0.716407,	-0.138772
1520352050914020024,	-0.743085,	2.46117,	-0.163491,	0.0208152,	-0.146204,	-0.0214628,	0.139501,	0.0196467,	0.00668385,	0.990004,	-0.862873,	2.63976,	0.141126,	0.00835719,	-0.0246322,	0.00771013,	-0.108235,	0.676025,	0.715847,	-0.137255
1520352050950073881,	-0.741165,	2.45387,	-0.164921,	0.0533162,	-0.202718,	-0.0397353,	0.16477,	0.0216106,	0.0232173,	0.985822,	-0.862873,	2.63976,	0.141126,	0,	0,	0,	-0.108235,	0.676025,	0.715847,	-0.137255
1520352050986528425,	-0.748095,	2.47281,	-0.163506,	-0.192491,	0.526175,	0.0393092,	0.0749189,	0.0149263,	-0.00447961,	0.997068,	-0.863585,	2.64046,	0.141196,	-0.0197774,	0.0194536,	0.00194426,	-0.106056,	0.675887,	0.716397,	-0.136761
1520352051024118166,	-0.747,	2.46852,	-0.160578,	0.0296037,	-0.115956,	0.0791434,	0.0945462,	0.0145922,	-0.00849936,	0.995377,	-0.862843,	2.63894,	0.14131,	0.0200552,	-0.041243,	0.00308411,	-0.10579,	0.676601,	0.715971,	-0.135665
