time stamp[ns], 	x[VO], 	y, 	z, 	dx[m/s], 	dy, 	dz, 	qx, 	qy, 	qz, 	qw, 	x[VIVE], 	y, 	z, 	dx[m/s], 	dy, 	dz, 	qx, 	qy, 	qz, 	qw
1520352399459420386,	-0.785068,	2.59693,	-0.414299,	-0.00432407,	0.00433979,	0.00389261,	-0.0139081,	-0.0108043,	-0.00817297,	0.999811,	-0.898611,	2.73623,	-0.124201,	-0.00647495,	0.00274417,	0.00401086,	-0.122014,	0.679581,	0.715604,	-0.105793
1520352399506988470,	-0.785177,	2.59714,	-0.414619,	-0.00230571,	0.00450025,	-0.00681657,	-0.0121629,	-0.010755,	-0.00806053,	0.999836,	-0.898859,	2.73652,	-0.124581,	-0.00526445,	0.00610973,	-0.00808273,	-0.12207,	0.679926,	0.715207,	-0.106199
1520352399564413570,	-0.785284,	2.59678,	-0.414608,	-0.00188941,	-0.00627985,	0.000198932,	-0.0116322,	-0.0107482,	-0.00816877,	0.999841,	-0.898353,	2.73745,	-0.125783,	0.00887358,	0.0163069,	-0.0211016,	-0.121104,	0.679287,	0.715949,	-0.106394
1520352399616287280,	-0.785352,	2.5974,	-0.41495,	-0.00132857,	0.012056,	-0.00671029,	-0.0114848,	-0.0104475,	-0.00790585,	0.999848,	-0.897547,	2.73732,	-0.126787,	0.0157932,	-0.00253987,	-0.0196753,	-0.121183,	0.678044,	0.716871,	-0.108013
1520352399658474685,	-0.785101,	2.59773,	-0.415563,	0.00596895,	0.00792464,	-0.0145985,	-0.0117423,	-0.0098018,	-0.00856392,	0.999846,	-0.897547,	2.73732,	-0.126787,	0,	0,	0,	-0.121183,	0.678044,	0.716871,	-0.108013
1520352399711545700,	-0.784617,	2.59754,	-0.416481,	0.00914315,	-0.00362289,	-0.0173068,	0.00329666,	-0.00807928,	-0.00968732,	0.999915,	-0.896088,	2.73877,	-0.128604,	0.0275457,	0.0274032,	-0.0342807,	-0.121776,	0.67703,	0.717092,	-0.112163
1520352399769791530,	-0.784746,	2.59855,	-0.417498,	-0.00222621,	0.0173532,	-0.017544,	-0.0101685,	-0.00777739,	-0.00582021,	0.999901,	-0.895337,	2.73999,	-0.129119,	0.0129388,	0.0211416,	-0.00888715,	-0.122255,	0.677168,	0.716453,	-0.114857
1520352399828358566,	-0.784366,	2.59861,	-0.419043,	0.00655396,	0.00117621,	-0.0266383,	-0.014431,	-0.006095,	-0.00455473,	0.999867,	-0.894554,	2.74088,	-0.1295,	0.0134986,	0.015338,	-0.00656954,	-0.123035,	0.677121,	0.716071,	-0.116674
1520352399879791736,	-0.783797,	2.59988,	-0.419948,	0.0111512,	0.0248835,	-0.0177476,	-0.0143031,	-0.00607442,	0.000791925,	0.999879,	-0.89426,	2.74091,	-0.129188,	0.00576561,	0.000465291,	0.00612089,	-0.123445,	0.676091,	0.716808,	-0.117681
1520352399931543209,	-0.782797,	2.6009,	-0.419086,	0.0196035,	0.019902,	0.0169034,	-0.000853987,	-0.00517222,	0.00486507,	0.999974,	-0.894221,	2.7401,	-0.128685,	0.000758899,	-0.0158561,	0.00987216,	-0.125112,	0.674598,	0.717636,	-0.11943
1520352399986584240,	-0.782861,	2.60125,	-0.421054,	-0.00115816,	0.00632183,	-0.0357709,	-0.0109269,	-0.00594929,	0.000748796,	0.999922,	-0.89426,	2.73944,	-0.128472,	-0.000702334,	-0.0118959,	0.00385695,	-0.127548,	0.673113,	0.71806,	-0.12264
1520352400036495916,	-0.782192,	2.60053,	-0.419235,	0.0136573,	-0.0146483,	0.0371133,	-0.00735941,	-0.00321902,	0.00745643,	0.99994,	-0.894843,	2.73883,	-0.128123,	-0.0118994,	-0.012519,	0.00712932,	-0.13132,	0.671485,	0.718045,	-0.12757
1520352400091512943,	-0.78263,	2.60133,	-0.419148,	-0.00797518,	0.0145928,	0.00159327,	-0.00349825,	-0.00187954,	0.0150115,	0.999879,	-0.895153,	2.73835,	-0.127406,	-0.00563937,	-0.00882029,	0.0130358,	-0.135311,	0.669731,	0.718144,	-0.131982
1520352400146349672,	-0.782846,	2.59991,	-0.418665,	-0.0039933,	-0.0263641,	0.00893032,	-0.00470799,	-0.00196292,	0.0207382,	0.999772,	-0.895381,	2.73712,	-0.127031,	-0.00421725,	-0.0227392,	0.00694731,	-0.13934,	0.668061,	0.718337,	-0.135172
1520352400195793864,	-0.782408,	2.60023,	-0.418952,	0.00894475,	0.00661445,	-0.00584909,	0.00965829,	-0.00218776,	0.0243997,	0.999653,	-0.895885,	2.73671,	-0.126317,	-0.0102815,	-0.0084006,	0.0145637,	-0.144379,	0.667371,	0.717387,	-0.138297
1520352400261153301,	-0.782606,	2.60031,	-0.418522,	-0.00305098,	0.00114741,	0.00661746,	0.0126393,	-0.00390614,	0.0291733,	0.999487,	-0.896642,	2.73577,	-0.125873,	-0.0116549,	-0.01436,	0.00683085,	-0.14926,	0.66559,	0.717391,	-0.141643
1520352400333617164,	-0.782056,	2.59998,	-0.417447,	0.00764365,	-0.00454625,	0.014922,	0.00613388,	-0.00185729,	0.037661,	0.99927,	-0.897381,	2.73361,	-0.125886,	-0.0102612,	-0.0300132,	-0.000177445,	-0.158935,	0.661429,	0.717001,	-0.152189
1520352400383565878,	-0.781986,	2.59882,	-0.417055,	0.00142179,	-0.0235852,	0.00800721,	0.00764271,	-0.00213352,	0.0486656,	0.998784,	-0.897287,	2.73335,	-0.126262,	0.00192865,	-0.00525968,	-0.00767458,	-0.163141,	0.660449,	0.715562,	-0.158626
1520352400430287261,	-0.782195,	2.59769,	-0.417553,	-0.00453404,	-0.024689,	-0.0108351,	0.0146528,	-0.00215172,	0.0606796,	0.998047,	-0.897642,	2.73305,	-0.126418,	-0.00773533,	-0.00657338,	-0.00339543,	-0.166512,	0.659862,	0.714031,	-0.164366
1520352400477799001,	-0.782212,	2.59733,	-0.416876,	-0.000367538,	-0.00760956,	0.0144147,	0.00473732,	0.00185299,	0.0733668,	0.997292,	-0.897872,	2.73306,	-0.126475,	-0.0048921,	0.000190234,	-0.00120257,	-0.170485,	0.659676,	0.711979,	-0.169849
1520352400525624821,	-0.782125,	2.59897,	-0.417392,	0.00183785,	0.0348339,	-0.0109851,	0.0045249,	0.00145867,	0.078006,	0.996942,	-0.898657,	2.73273,	-0.125452,	-0.0166978,	-0.00700867,	0.0217618,	-0.174389,	0.658047,	0.711573,	-0.173855
1520352400572450963,	-0.782491,	2.59745,	-0.418304,	-0.00795548,	-0.0329381,	-0.0198237,	0.0111557,	0.00131948,	0.0823666,	0.996539,	-0.899094,	2.73168,	-0.124759,	-0.00950297,	-0.0227575,	0.0150655,	-0.17953,	0.655002,	0.711966,	-0.178453
1520352400618228664,	-0.782385,	2.59828,	-0.416761,	0.00236279,	0.0183317,	0.0343014,	0.00404882,	0.00268782,	0.0930182,	0.995653,	-0.899271,	2.72976,	-0.121319,	-0.00392985,	-0.042877,	0.0764464,	-0.184544,	0.657028,	0.706999,	-0.185501
1520352400664542508,	-0.782814,	2.59845,	-0.416494,	-0.00933503,	0.00370702,	0.00578487,	0.00559248,	0.0023809,	0.0983536,	0.995133,	-0.899554,	2.72803,	-0.124215,	-0.0061453,	-0.037443,	-0.0629594,	-0.189853,	0.654545,	0.706517,	-0.190681
1520352400728643434,	-0.782353,	2.59802,	-0.415376,	0.00721166,	-0.00671668,	0.0174827,	0.000545072,	0.00168633,	0.113969,	0.993483,	-0.900475,	2.72671,	-0.124814,	-0.0143986,	-0.0206095,	-0.00936099,	-0.196459,	0.651338,	0.705901,	-0.197147
1520352400787427725,	-0.782648,	2.59818,	-0.415426,	-0.00508967,	0.00273322,	-0.000869739,	0.00948754,	0.00342474,	0.116597,	0.993128,	-0.901341,	2.72382,	-0.123266,	-0.0149222,	-0.049894,	0.0266981,	-0.202748,	0.645921,	0.707786,	-0.201785
1520352400838777460,	-0.782814,	2.59723,	-0.414818,	-0.00324588,	-0.0185159,	0.0119286,	0.00468628,	0.00283216,	0.131215,	0.991339,	-0.902901,	2.72246,	-0.121505,	-0.030598,	-0.0266198,	0.0345263,	-0.210042,	0.641941,	0.70742,	-0.208209
1520352400890069091,	-0.783382,	2.59745,	-0.413946,	-0.0111374,	0.00433406,	0.0170819,	0.00727326,	0.0021693,	0.144373,	0.989494,	-0.903509,	2.72122,	-0.12112,	-0.0119111,	-0.0243026,	0.00754479,	-0.215702,	0.637954,	0.707955,	-0.21281
1520352400938250350,	-0.783857,	2.59521,	-0.413582,	-0.00990985,	-0.046642,	0.00759858,	0.0162375,	0.000950704,	0.150335,	0.988501,	-0.903646,	2.71891,	-0.119734,	-0.00284925,	-0.0482492,	0.0288713,	-0.221169,	0.633492,	0.708818,	-0.217598
1520352400993504858,	-0.783943,	2.59595,	-0.412045,	-0.00155719,	0.0133605,	0.0279333,	0.0098181,	-0.00108416,	0.163572,	0.986482,	-0.903729,	2.7166,	-0.119108,	-0.00150909,	-0.0419284,	0.0113921,	-0.22621,	0.629949,	0.70912,	-0.221678
1520352401050361095,	-0.784411,	2.59453,	-0.411176,	-0.00835286,	-0.02527,	0.0155197,	0.00456649,	0.00243203,	0.169875,	0.985452,	-0.903576,	2.71452,	-0.11812,	0.00271755,	-0.0370862,	0.0176399,	-0.23169,	0.625362,	0.710036,	-0.226031
1520352401098259900,	-0.784133,	2.59448,	-0.410813,	0.00590215,	-0.00121143,	0.00773384,	0.00908238,	0.00130656,	0.179017,	0.983803,	-0.904103,	2.7131,	-0.117933,	-0.0112128,	-0.0302495,	0.00397955,	-0.236533,	0.622123,	0.709968,	-0.230132
1520352401155700201,	-0.783869,	2.59247,	-0.411791,	0.0046414,	-0.0352112,	-0.0171551,	0.0303002,	0.00314714,	0.184596,	0.982342,	-0.904073,	2.71061,	-0.11589,	0.00052813,	-0.0437355,	0.0358308,	-0.242691,	0.61532,	0.712339,	-0.234638
1520352401200471278,	-0.784601,	2.59339,	-0.410333,	-0.0166325,	0.0209049,	0.0331184,	0.00900986,	0.00309647,	0.192749,	0.981202,	-0.904057,	2.70774,	-0.115797,	0.000377069,	-0.0652002,	0.00212947,	-0.247683,	0.609105,	0.714363,	-0.239437
1520352401247332591,	-0.784433,	2.59195,	-0.411516,	0.00364741,	-0.031379,	-0.025697,	0.0170671,	0.00413227,	0.200848,	0.979465,	-0.903589,	2.70311,	-0.111046,	0.0101653,	-0.100674,	0.103288,	-0.25269,	0.596091,	0.722026,	-0.243929
1520352401294139287,	-0.784844,	2.59137,	-0.410862,	-0.00894842,	-0.0124783,	0.0142017,	0.0128206,	0.0023959,	0.208283,	0.977982,	-0.903949,	2.70087,	-0.112852,	-0.00781495,	-0.0487874,	-0.0392799,	-0.255897,	0.590079,	0.723835,	-0.249774
1520352401337516932,	-0.78534,	2.59036,	-0.411195,	-0.0115332,	-0.02358,	-0.00774658,	0.00926295,	0.00324354,	0.215142,	0.976533,	-0.902993,	2.69712,	-0.109715,	0.022224,	-0.0870482,	0.0729691,	-0.253686,	0.576982,	0.732706,	-0.256664
1520352401387677166,	-0.785377,	2.58939,	-0.411324,	-0.000723486,	-0.0194287,	-0.00257588,	0.00975636,	0.00562683,	0.221702,	0.975049,	-0.903708,	2.69423,	-0.114457,	-0.0143063,	-0.0578937,	-0.0948403,	-0.260938,	0.574578,	0.730979,	-0.259695
1520352401441578260,	-0.785517,	2.58981,	-0.411564,	-0.002655,	0.00803131,	-0.00453046,	0.0114655,	0.00337208,	0.227096,	0.973799,	-0.90312,	2.69016,	-0.115029,	0.0111055,	-0.0766834,	-0.010792,	-0.268943,	0.56721,	0.73318,	-0.261515
1520352401485180588,	-0.785563,	2.58912,	-0.412166,	-0.00106606,	-0.0160034,	-0.0139871,	0.0122843,	0.00700729,	0.237657,	0.971246,	-0.903833,	2.68767,	-0.113884,	-0.0165959,	-0.0579155,	0.026618,	-0.274551,	0.56588,	0.730825,	-0.265135
1520352401536799468,	-0.786122,	2.58807,	-0.412277,	-0.0109679,	-0.0206148,	-0.00218547,	0.00937325,	0.00271385,	0.241042,	0.970466,	-0.902644,	2.68292,	-0.114192,	0.0233125,	-0.0931574,	-0.00603366,	-0.283427,	0.560188,	0.731475,	-0.26609
1520352401593017770,	-0.786401,	2.58852,	-0.412231,	-0.0049697,	0.00806616,	0.000828736,	0.00979712,	0.0029635,	0.249323,	0.968366,	-0.904611,	2.68147,	-0.113638,	-0.0351135,	-0.0259383,	0.00989657,	-0.290087,	0.56115,	0.72686,	-0.269509
1520352401644799718,	-0.786626,	2.58693,	-0.411781,	-0.00440863,	-0.0311963,	0.00881556,	0.011099,	0.00256294,	0.253725,	0.967209,	-0.903701,	2.67809,	-0.111876,	0.0178306,	-0.0662314,	0.0345414,	-0.301169,	0.554996,	0.72748,	-0.26842
1520352401711200060,	-0.78731,	2.58768,	-0.412231,	-0.0103624,	0.0113438,	-0.00681484,	0.00885062,	0.00185814,	0.262478,	0.964895,	-0.905726,	2.67678,	-0.112829,	-0.0306815,	-0.0198747,	-0.0144346,	-0.307931,	0.556109,	0.722731,	-0.271257
1520352401753165558,	-0.787689,	2.58694,	-0.412495,	-0.0092634,	-0.0180107,	-0.00644452,	0.00543476,	0.00307296,	0.267907,	0.963424,	-0.906391,	2.67151,	-0.11222,	-0.0162155,	-0.128426,	0.0148556,	-0.318629,	0.550348,	0.722923,	-0.270138
1520352401803746363,	-0.788105,	2.58569,	-0.41363,	-0.00832008,	-0.0251276,	-0.0227022,	0.0244569,	0.00320708,	0.274657,	0.961226,	-0.906488,	2.67206,	-0.112553,	-0.00193592,	0.0108883,	-0.00666726,	-0.322875,	0.550709,	0.719277,	-0.274064
1520352401854266414,	-0.788736,	2.5848,	-0.412596,	-0.0126161,	-0.0178183,	0.0206781,	0.0132401,	0.00465635,	0.282769,	0.959085,	-0.905305,	2.66888,	-0.111449,	0.0236583,	-0.0635452,	0.0220786,	-0.331353,	0.544394,	0.720116,	-0.27436
1520352401897187004,	-0.789389,	2.58701,	-0.411695,	-0.0155542,	0.052789,	0.0214519,	0.00579345,	0.000500722,	0.287877,	0.95765,	-0.906556,	2.66696,	-0.111671,	-0.029781,	-0.0457734,	-0.00529498,	-0.334291,	0.545188,	0.716776,	-0.277945
1520352401949398395,	-0.789704,	2.58544,	-0.412797,	-0.00605249,	-0.0302899,	-0.0211869,	0.0109248,	-7.74025e-05,	0.297979,	0.95451,	-0.905573,	2.66374,	-0.110514,	0.0189004,	-0.0618543,	0.0222667,	-0.34152,	0.539151,	0.717894,	-0.278044
1520352401994766311,	-0.789589,	2.58631,	-0.410764,	0.00256351,	0.0194562,	0.0451702,	0.0190456,	-0.0024196,	0.297047,	0.95467,	-0.907223,	2.66216,	-0.11105,	-0.0366655,	-0.0351683,	-0.0119261,	-0.344219,	0.541023,	0.713639,	-0.282005
1520352402039749873,	-0.790155,	2.58472,	-0.412333,	-0.0128758,	-0.0362623,	-0.0356576,	0.0168282,	0.00200272,	0.302087,	0.95313,	-0.906333,	2.65925,	-0.110277,	0.0202173,	-0.0660424,	0.0175791,	-0.351558,	0.535454,	0.713883,	-0.282963
1520352402086407269,	-0.79057,	2.58504,	-0.411363,	-0.00900963,	0.00689665,	0.0210858,	0.0145487,	0.00164075,	0.306975,	0.951605,	-0.908035,	2.65745,	-0.110893,	-0.0369808,	-0.0391495,	-0.013387,	-0.354181,	0.536114,	0.710068,	-0.287995
1520352402135448105,	-0.790978,	2.58415,	-0.411111,	-0.00833173,	-0.0180185,	0.00515184,	0.0127049,	-0.000189835,	0.312499,	0.949833,	-0.906959,	2.65543,	-0.108375,	0.0219505,	-0.0413081,	0.0513776,	-0.35763,	0.529112,	0.712578,	-0.290471
1520352402181110683,	-0.791309,	2.58458,	-0.41059,	-0.00736583,	0.00959116,	0.0115674,	0.0128803,	-0.00185415,	0.319567,	0.947474,	-0.908717,	2.65508,	-0.109794,	-0.0390739,	-0.00769668,	-0.0315232,	-0.358455,	0.531228,	0.708444,	-0.29566
1520352402229756601,	-0.792075,	2.58493,	-0.411996,	-0.0159534,	0.00727979,	-0.0292813,	0.00668846,	0.000911635,	0.32549,	0.945521,	-0.907704,	2.65308,	-0.108485,	0.0211036,	-0.041792,	0.0272565,	-0.361583,	0.525247,	0.710126,	-0.298486
1520352402271361924,	-0.792358,	2.58553,	-0.411671,	-0.00690423,	0.0145968,	0.0079336,	0.00334455,	-0.000431254,	0.327546,	0.944829,	-0.908137,	2.65064,	-0.109374,	-0.0105519,	-0.0593564,	-0.0216698,	-0.361432,	0.526282,	0.706878,	-0.304497
1520352402313470529,	-0.792477,	2.58274,	-0.411816,	-0.00283,	-0.0664911,	-0.00346871,	0.0173385,	0.000459935,	0.330627,	0.943602,	-0.908097,	2.65037,	-0.108114,	0.000957852,	-0.00640918,	0.0299901,	-0.364565,	0.520073,	0.708646,	-0.307306
1520352402352714788,	-0.793272,	2.58358,	-0.411129,	-0.0203736,	0.0215401,	0.017636,	0.0111156,	0.00253647,	0.337601,	0.94122,	-0.908097,	2.65037,	-0.108114,	0,	0,	0,	-0.364565,	0.520073,	0.708646,	-0.307306
1520352402397457246,	-0.794581,	2.58843,	-0.415438,	-0.0297577,	0.110157,	-0.0979405,	-0.00921849,	0.00561222,	0.347659,	0.937559,	-0.909243,	2.64968,	-0.109062,	-0.0260601,	-0.0158719,	-0.0215464,	-0.36458,	0.521334,	0.705281,	-0.312842
1520352402440530704,	-0.794303,	2.58554,	-0.41418,	0.00646744,	-0.0670513,	0.0292639,	-0.00350879,	0.00224065,	0.348781,	0.937195,	-0.908224,	2.64819,	-0.107747,	0.0237044,	-0.0345099,	0.0305907,	-0.365853,	0.51431,	0.708536,	-0.315617
1520352402480406212,	-0.794132,	2.58642,	-0.413474,	0.00438858,	0.022506,	0.0181044,	-0.00382088,	0.00321253,	0.352438,	0.935822,	-0.909948,	2.64846,	-0.108822,	-0.0441954,	0.00675964,	-0.0275798,	-0.366387,	0.515756,	0.704756,	-0.321052
1520352402520451789,	-0.794569,	2.58558,	-0.413454,	-0.0109198,	-0.021056,	0.000487001,	-0.00230264,	0.00314877,	0.356576,	0.934258,	-0.909937,	2.64733,	-0.107622,	0.000277333,	-0.0281494,	0.0300068,	-0.367613,	0.508861,	0.707726,	-0.324106
1520352402558412210,	-0.795417,	2.58697,	-0.414978,	-0.0229208,	0.0377346,	-0.041193,	-0.00925547,	0.00397809,	0.361617,	0.932272,	-0.909937,	2.64733,	-0.107622,	0,	0,	0,	-0.367613,	0.508861,	0.707726,	-0.324106
1520352402612857575,	-0.796376,	2.58786,	-0.417437,	-0.0177706,	0.0164755,	-0.0455293,	-0.012199,	0.00289322,	0.368401,	0.929583,	-0.910653,	2.64635,	-0.107867,	-0.0132582,	-0.0180646,	-0.0045269,	-0.367092,	0.502674,	0.707943,	-0.333736
1520352402656339549,	-0.796196,	2.58748,	-0.416052,	0.00418229,	-0.00890304,	0.0322134,	-0.00655212,	0.000466376,	0.367866,	0.929856,	-0.910653,	2.64635,	-0.107867,	0,	0,	0,	-0.367092,	0.502674,	0.707943,	-0.333736
1520352402692903441,	-0.799032,	2.59239,	-0.42098,	-0.0787524,	0.13627,	-0.136904,	-0.0199183,	0.00717733,	0.382265,	0.92381,	-0.91079,	2.64708,	-0.108897,	-0.00380946,	0.0201091,	-0.0286289,	-0.364816,	0.503843,	0.705947,	-0.33866
1520352402738226199,	-0.79812,	2.59032,	-0.419739,	0.0202671,	-0.0460331,	0.0275835,	-0.0196927,	0.0086742,	0.384205,	0.922997,	-0.909773,	2.64565,	-0.107458,	0.0225943,	-0.0317909,	0.0319886,	-0.362655,	0.496305,	0.710927,	-0.34168
1520352402773286001,	-0.769048,	2.48144,	-0.405827,	0.830619,	-3.11075,	0.397477,	0.0877821,	-0.029595,	-0.0643696,	0.993617,	-0.910075,	2.64739,	-0.108214,	-0.00862017,	0.0498083,	-0.0216088,	-0.358954,	0.498881,	0.70936,	-0.345076
1520352402808558875,	-0.787771,	2.55178,	-0.414714,	-0.534952,	2.00963,	-0.253899,	0.0207583,	-0.00750716,	0.236345,	0.971418,	-0.910075,	2.64739,	-0.108214,	0,	0,	0,	-0.358954,	0.498881,	0.70936,	-0.345076
1520352402838912220,	-0.798556,	2.59174,	-0.42134,	-0.359492,	1.3321,	-0.220865,	-0.0207995,	0.0073118,	0.389558,	0.920738,	-0.909049,	2.64729,	-0.106757,	0.034196,	-0.00326466,	0.0485591,	-0.356064,	0.493703,	0.713864,	-0.346229
1520352402872603550,	-0.76301,	2.45942,	-0.404545,	1.07714,	-4.00957,	0.508941,	-0.057344,	-0.0471327,	-0.150907,	0.985757,	-0.910176,	2.65029,	-0.1072,	-0.034155,	0.0908736,	-0.0134068,	-0.353634,	0.497919,	0.711292,	-0.34797
1520352402909732644,	-0.785668,	2.54448,	-0.414339,	-0.612374,	2.29879,	-0.264718,	-0.0303753,	-0.0128933,	0.208609,	0.977442,	-0.910176,	2.65029,	-0.1072,	0,	0,	0,	-0.353634,	0.497919,	0.711292,	-0.34797
1520352402944731131,	-0.797497,	2.58977,	-0.419373,	-0.347911,	1.33214,	-0.148067,	-0.0289024,	0.00238807,	0.39122,	0.91984,	-0.909447,	2.64949,	-0.106211,	0.0214446,	-0.023686,	0.0290687,	-0.351777,	0.492763,	0.715961,	-0.347617
1520352402983243803,	-0.764863,	2.46626,	-0.402063,	0.858776,	-3.2504,	0.455537,	-0.0583047,	-0.0433578,	-0.150907,	0.985874,	-0.910608,	2.65191,	-0.106096,	-0.0305495,	0.0637453,	0.00304653,	-0.348978,	0.497333,	0.714041,	-0.34788
1520352403018711884,	-0.798384,	2.59331,	-0.420872,	-0.95773,	3.63022,	-0.537412,	-0.0255085,	0.00859314,	0.39058,	0.920176,	-0.90949,	2.65154,	-0.105305,	0.0319442,	-0.0105471,	0.0225817,	-0.34567,	0.493999,	0.719222,	-0.34525
1520352403065544836,	-0.798062,	2.5924,	-0.418684,	0.00699533,	-0.0197904,	0.0475658,	-0.0303512,	0.00937989,	0.388245,	0.921009,	-0.910665,	2.65436,	-0.106692,	-0.0255462,	0.061421,	-0.030153,	-0.343692,	0.501369,	0.716567,	-0.342106
1520352403103841450,	-0.798346,	2.59414,	-0.418976,	-0.00747298,	0.0457052,	-0.00767486,	-0.0302385,	0.0115205,	0.38557,	0.922111,	-0.910665,	2.65436,	-0.106692,	0,	0,	0,	-0.343692,	0.501369,	0.716567,	-0.342106
1520352403138498441,	-0.796696,	2.59095,	-0.41579,	0.0485441,	-0.0938121,	0.0937138,	-0.0207507,	0.00594625,	0.375969,	0.926381,	-0.90934,	2.6536,	-0.107468,	0.0389753,	-0.0225472,	-0.0228168,	-0.343879,	0.500691,	0.720234,	-0.335139
1520352403193214049,	-0.769756,	2.48856,	-0.404376,	0.498883,	-1.89609,	0.211374,	0.0550382,	-0.0265315,	-0.0668624,	0.99589,	-0.910206,	2.65581,	-0.105827,	-0.0160494,	0.0410012,	0.0303851,	-0.340333,	0.508977,	0.718334,	-0.33032
1520352403252385137,	-0.796548,	2.59052,	-0.414466,	-0.454097,	1.72804,	-0.171027,	-0.0219574,	0.00550684,	0.366861,	0.93,	-0.90964,	2.65469,	-0.105938,	0.00959208,	-0.0190764,	-0.00186731,	-0.341304,	0.509935,	0.721047,	-0.321821
1520352403300777925,	-0.796153,	2.58836,	-0.411213,	0.00822628,	-0.0448641,	0.0677725,	-0.0124802,	0.00343208,	0.355797,	0.934474,	-0.910687,	2.65599,	-0.104271,	-0.0218066,	0.0270765,	0.0347212,	-0.336125,	0.518535,	0.719173,	-0.317697
1520352403344367160,	-0.797212,	2.59163,	-0.412082,	-0.0246312,	0.0759978,	-0.0202134,	-0.0200432,	0.00500295,	0.349505,	0.936707,	-0.909235,	2.6543,	-0.10427,	0.0337568,	-0.0393162,	1.38983e-05,	-0.332886,	0.518121,	0.723928,	-0.310909
1520352403389168912,	-0.796818,	2.58816,	-0.410261,	0.00896003,	-0.0789008,	0.0413957,	-0.0132471,	0.00409156,	0.340044,	0.940307,	-0.909419,	2.65456,	-0.105537,	-0.00416145,	0.00609811,	-0.0287913,	-0.327515,	0.524686,	0.723401,	-0.306805
1520352403434552282,	-0.796511,	2.58737,	-0.409725,	0.00680984,	-0.0175849,	0.0119181,	-0.00587779,	0.00312513,	0.332755,	0.94299,	-0.907783,	2.65238,	-0.105707,	0.0363382,	-0.04844,	-0.0037806,	-0.325651,	0.523676,	0.727663,	-0.300368
1520352403476104447,	-0.796367,	2.58684,	-0.408415,	0.00351412,	-0.0129158,	0.0319425,	0.00353592,	-0.000972193,	0.320696,	0.947175,	-0.907534,	2.65201,	-0.106447,	0.00607638,	-0.00913832,	-0.0180327,	-0.320725,	0.529205,	0.72718,	-0.297133
1520352403515446323,	-0.796385,	2.58487,	-0.408184,	-0.000465113,	-0.0504357,	0.00591621,	0.00342617,	-0.00052985,	0.314884,	0.949124,	-0.905301,	2.64946,	-0.106424,	0.0572741,	-0.065316,	0.000567291,	-0.318337,	0.52719,	0.732128,	-0.291068
1520352403558471237,	-0.796906,	2.58698,	-0.410706,	-0.0121169,	0.0489274,	-0.0586442,	-0.00276806,	0.00355359,	0.313331,	0.949633,	-0.905301,	2.64946,	-0.106424,	0,	0,	0,	-0.318337,	0.52719,	0.732128,	-0.291068
1520352403605027682,	-0.796382,	2.58559,	-0.409938,	0.0114106,	-0.0301381,	0.0167029,	0.0104205,	0.00241228,	0.305079,	0.952267,	-0.905077,	2.64952,	-0.106894,	0.00486063,	0.00129097,	-0.0102179,	-0.313005,	0.533814,	0.731071,	-0.287413
1520352403650231628,	-0.796181,	2.58543,	-0.409452,	0.00446097,	-0.00356667,	0.0108,	0.0107513,	0.00227902,	0.296955,	0.954828,	-0.90434,	2.64701,	-0.106455,	0.0163758,	-0.0557457,	0.00977492,	-0.311927,	0.533057,	0.73446,	-0.281282
1520352403694788718,	-0.795963,	2.58549,	-0.410463,	0.00496061,	0.00128605,	-0.0229975,	0.00874478,	0.00482903,	0.293809,	0.955812,	-0.903629,	2.64916,	-0.106731,	0.0161623,	0.0488545,	-0.00627692,	-0.307287,	0.539688,	0.732646,	-0.278463
1520352403738722462,	-0.795927,	2.5855,	-0.409761,	0.000828683,	0.000247589,	0.0163258,	0.00693509,	0.00321528,	0.285211,	0.958434,	-0.903195,	2.64826,	-0.106531,	0.0100906,	-0.0209194,	0.00465324,	-0.308305,	0.539059,	0.734629,	-0.273285
1520352403781199151,	-0.79592,	2.58641,	-0.408721,	0.000165905,	0.0217137,	0.0247596,	0.000712628,	0.00206606,	0.281654,	0.959513,	-0.903605,	2.64863,	-0.106263,	-0.0097723,	0.00875767,	0.00636774,	-0.304199,	0.54497,	0.733119,	-0.270199
1520352403829214374,	-0.79588,	2.586,	-0.408307,	0.000840017,	-0.00844779,	0.00863899,	-0.00248459,	0.00129414,	0.278489,	0.960435,	-0.902433,	2.64745,	-0.105646,	0.0244353,	-0.0246917,	0.0128597,	-0.303289,	0.543697,	0.736536,	-0.264431
1520352403880635409,	-0.79566,	2.58595,	-0.408862,	0.00429877,	-0.00108608,	-0.0108937,	0.00604461,	0.000811552,	0.274558,	0.961551,	-0.902637,	2.64808,	-0.105347,	-0.00401183,	0.0123855,	0.00586917,	-0.298939,	0.549523,	0.735082,	-0.261369
1520352403926574481,	-0.795937,	2.58746,	-0.406797,	-0.00615477,	0.0337069,	0.0459058,	-0.00290634,	0.000404752,	0.268132,	0.963378,	-0.901051,	2.64742,	-0.107225,	0.0352374,	-0.0146504,	-0.0417514,	-0.29036,	0.552185,	0.736755,	-0.260722
1520352403981802193,	-0.795652,	2.58839,	-0.406777,	0.00519707,	0.0167942,	0.000351196,	-0.00010874,	-0.000256611,	0.263186,	0.964745,	-0.901552,	2.64857,	-0.104919,	-0.00910157,	0.0210138,	0.0419338,	-0.283978,	0.559691,	0.734241,	-0.258828
1520352404025262454,	-0.79578,	2.58772,	-0.406039,	-0.00298102,	-0.0154962,	0.0171713,	-0.000951542,	-0.000656551,	0.255571,	0.96679,	-0.899972,	2.6489,	-0.10474,	0.0367545,	0.00752329,	0.00416577,	-0.277288,	0.561469,	0.736371,	-0.256168
1520352404072006205,	-0.795293,	2.58874,	-0.406375,	0.010573,	0.022045,	-0.00731377,	0.00885705,	-0.000485726,	0.25017,	0.968161,	-0.899526,	2.64995,	-0.103949,	0.00968249,	0.0227958,	0.0172043,	-0.271371,	0.567433,	0.735286,	-0.252453
1520352404114584188,	-0.79572,	2.58967,	-0.404862,	-0.0101579,	0.0223266,	0.0360399,	0.000351199,	-0.000937429,	0.244249,	0.969712,	-0.899526,	2.64995,	-0.103949,	0,	0,	0,	-0.271371,	0.567433,	0.735286,	-0.252453
1520352404159217180,	-0.794997,	2.59115,	-0.404394,	0.0164338,	0.0336533,	0.0106348,	0.00394901,	-0.00136963,	0.237692,	0.971331,	-0.897722,	2.64987,	-0.103158,	0.0410122,	-0.00172588,	0.0179734,	-0.265958,	0.568933,	0.737552,	-0.24819
1520352404202741376,	-0.794746,	2.59229,	-0.403547,	0.00582482,	0.0265215,	0.0196967,	-0.00131645,	-0.000475071,	0.232731,	0.97254,	-0.896536,	2.65165,	-0.100155,	0.0275847,	0.0412926,	0.0698314,	-0.256871,	0.572781,	0.738347,	-0.246542
1520352404248285446,	-0.794328,	2.59175,	-0.402558,	0.0093083,	-0.0121278,	0.0219738,	-0.00170742,	-0.00139294,	0.223369,	0.974732,	-0.894104,	2.65029,	-0.0975619,	0.0540281,	-0.0300525,	0.0576242,	-0.244907,	0.569132,	0.745607,	-0.245314
1520352404289506142,	-0.793607,	2.59382,	-0.403011,	0.0175663,	0.0504028,	-0.0110553,	0.00108282,	-0.000517397,	0.21718,	0.976131,	-0.892014,	2.64964,	-0.0982261,	0.0509803,	-0.0158658,	-0.016199,	-0.235874,	0.5714,	0.747574,	-0.242896
1520352404336036973,	-0.793162,	2.59519,	-0.402906,	0.00967199,	0.029957,	0.00229342,	-0.000122525,	0.000413671,	0.212037,	0.977262,	-0.890434,	2.64972,	-0.0971607,	0.0343519,	0.00176656,	0.02316,	-0.225493,	0.568081,	0.754269,	-0.239825
1520352404379383901,	-0.792334,	2.59457,	-0.401115,	0.0192627,	-0.0143832,	0.0416459,	-0.00107731,	-0.000781499,	0.201664,	0.979454,	-0.889842,	2.65258,	-0.0956949,	0.0137554,	0.0663503,	0.0340885,	-0.215125,	0.573003,	0.754467,	-0.236997
1520352404425990533,	-0.791464,	2.5959,	-0.401295,	0.0189212,	0.0287125,	-0.00391999,	0.0061476,	0.000189471,	0.195379,	0.980709,	-0.88857,	2.6528,	-0.0947674,	0.0276654,	0.0048092,	0.0201633,	-0.202785,	0.573475,	0.75787,	-0.235875
1520352404473883499,	-0.791515,	2.59691,	-0.400962,	-0.00108789,	0.0216063,	0.00710126,	0.00627452,	0.000209214,	0.189864,	0.98179,	-0.888687,	2.65405,	-0.0965876,	-0.0024867,	0.0266537,	-0.0387286,	-0.196763,	0.57763,	0.757667,	-0.23145
1520352404518382798,	-0.791349,	2.59654,	-0.399773,	0.00377782,	-0.00833984,	0.027019,	-0.00172541,	-0.00113325,	0.17933,	0.983787,	-0.887317,	2.65214,	-0.0978344,	0.0311332,	-0.0434976,	-0.0283362,	-0.185474,	0.577016,	0.761346,	-0.230225
1520352404562511106,	-0.791206,	2.59787,	-0.39977,	0.00324371,	0.0301745,	6.77346e-05,	0.000361538,	-0.00215307,	0.173366,	0.984855,	-0.8881,	2.65324,	-0.0983433,	-0.0178061,	0.0250194,	-0.0115641,	-0.180895,	0.581543,	0.760661,	-0.224677
1520352404609123062,	-0.791146,	2.59796,	-0.399291,	0.0013024,	0.00201641,	0.0104133,	0.0104402,	-0.000319425,	0.159564,	0.987132,	-0.8881,	2.65324,	-0.0983433,	0,	0,	0,	-0.180895,	0.581543,	0.760661,	-0.224677
1520352404658028736,	-0.791591,	2.59899,	-0.3984,	-0.00926082,	0.0213752,	0.0185522,	-0.00362036,	-0.00334354,	0.159374,	0.987206,	-0.887907,	2.65194,	-0.0986416,	0.00403549,	-0.0270236,	-0.00621504,	-0.171054,	0.58264,	0.762914,	-0.221888
1520352404714996889,	-0.791816,	2.59793,	-0.398199,	-0.00403321,	-0.0189238,	0.00359647,	0.000139462,	-0.00231276,	0.153456,	0.988153,	-0.888283,	2.65354,	-0.0981273,	-0.00671664,	0.0286249,	0.00918366,	-0.159376,	0.591379,	0.761549,	-0.211926
1520352404774259074,	-0.792323,	2.59909,	-0.397462,	-0.00858385,	0.0195711,	0.0124904,	0.000327942,	-0.00417477,	0.1449,	0.989438,	-0.888337,	2.65723,	-0.096975,	-0.00091855,	0.0624351,	0.0195313,	-0.155398,	0.59852,	0.758769,	-0.204683
1520352404839990703,	-0.792804,	2.598,	-0.398426,	-0.00740662,	-0.0166729,	-0.0148277,	0.01076,	-0.00171202,	0.133327,	0.991012,	-0.888009,	2.65809,	-0.0994331,	0.00504013,	0.0132026,	-0.037818,	-0.148405,	0.605851,	0.756318,	-0.197243
1520352404900650838,	-0.793199,	2.59918,	-0.398633,	-0.00658211,	0.0196818,	-0.00345918,	0.0139659,	-0.0036642,	0.123885,	0.992192,	-0.888913,	2.66457,	-0.0986447,	-0.0150577,	0.107987,	0.0131403,	-0.147426,	0.61791,	0.748925,	-0.188582
1520352404951573256,	-0.793152,	2.59976,	-0.398581,	0.000942315,	0.011542,	0.00103659,	0.0173799,	-0.00320301,	0.108665,	0.993921,	-0.889088,	2.66679,	-0.100281,	-0.00350786,	0.0445635,	-0.0327209,	-0.143125,	0.62644,	0.744665,	-0.18045
1520352405014089161,	-0.79342,	2.60142,	-0.397299,	-0.00431636,	0.0267189,	0.020681,	0.014892,	-0.00635258,	0.0961164,	0.995238,	-0.890372,	2.67053,	-0.0992555,	-0.0207084,	0.0602096,	0.0165363,	-0.139492,	0.636295,	0.740619,	-0.164788
1520352405065299752,	-0.794335,	2.60125,	-0.396802,	-0.0179397,	-0.00317579,	0.00975168,	0.00905668,	-0.00598757,	0.0833594,	0.99646,	-0.89099,	2.67091,	-0.0983761,	-0.0121108,	0.007492,	0.0172428,	-0.138593,	0.637214,	0.741959,	-0.155714
1520352405131816292,	-0.794244,	2.60134,	-0.396473,	0.00136723,	0.00132419,	0.00498147,	0.0135668,	-0.00664688,	0.0763113,	0.99697,	-0.891206,	2.66992,	-0.0985122,	-0.00328371,	-0.0149529,	-0.00206205,	-0.135683,	0.637328,	0.743945,	-0.148151
1520352405187025438,	-0.794708,	2.60183,	-0.396037,	-0.00843616,	0.00884675,	0.0079247,	0.014784,	-0.00830304,	0.0660151,	0.997675,	-0.890937,	2.67144,	-0.0981581,	0.00490686,	0.0275225,	0.00643909,	-0.13405,	0.63996,	0.743446,	-0.140605
1520352405234040369,	-0.795095,	2.60212,	-0.394532,	-0.00822783,	0.00624336,	0.0320154,	0.0196237,	-0.00715993,	0.0528306,	0.998385,	-0.891599,	2.67271,	-0.0985639,	-0.0140905,	0.0270219,	-0.00863525,	-0.130465,	0.64309,	0.742637,	-0.133811
1520352405283447161,	-0.795032,	2.60302,	-0.395397,	0.00128994,	0.0184065,	-0.0176518,	0.026975,	-0.0112641,	0.0404522,	0.998754,	-0.891076,	2.6759,	-0.0987536,	0.0106635,	0.0651888,	-0.00387136,	-0.127238,	0.647293,	0.740718,	-0.127119
1520352405333817075,	-0.794972,	2.60306,	-0.395067,	0.00118924,	0.000754642,	0.00660164,	0.0234969,	-0.00973426,	0.0320027,	0.999164,	-0.890201,	2.67896,	-0.0996212,	0.0175109,	0.061157,	-0.0173517,	-0.121953,	0.651797,	0.738769,	-0.120455
1520352405388707949,	-0.794612,	2.60437,	-0.394789,	0.00668004,	0.0243254,	0.00514628,	0.031457,	-0.0116262,	0.0240488,	0.999148,	-0.888654,	2.68151,	-0.0999404,	0.0286398,	0.0472807,	-0.00591166,	-0.116654,	0.654788,	0.738206,	-0.112677
1520352405436195074,	-0.794141,	2.60725,	-0.395212,	0.010011,	0.0612787,	-0.00899217,	0.0121814,	-0.0111503,	0.0169218,	0.99972,	-0.887695,	2.68392,	-0.100744,	0.0204021,	0.0513698,	-0.0170971,	-0.110707,	0.657815,	0.737487,	-0.105527
1520352405482804800,	-0.793286,	2.60629,	-0.395724,	0.018581,	-0.0210002,	-0.0111304,	0.0226083,	-0.00955787,	-0.000145256,	0.999699,	-0.886486,	2.6864,	-0.101258,	0.0262842,	0.0537539,	-0.0111787,	-0.106007,	0.659678,	0.737451,	-0.0987556
1520352405537659331,	-0.792424,	2.60842,	-0.396006,	0.0159695,	0.0395373,	-0.00522832,	0.0130749,	-0.0109645,	-0.00747144,	0.999826,	-0.885775,	2.68826,	-0.101947,	0.0131667,	0.0344147,	-0.0127516,	-0.101051,	0.661059,	0.737833,	-0.0916095
1520352405587090187,	-0.791473,	2.60779,	-0.396766,	0.0194079,	-0.0129744,	-0.0154968,	0.0245274,	-0.00999693,	-0.0213938,	0.99942,	-0.885492,	2.69022,	-0.102545,	0.00578092,	0.0400297,	-0.0122,	-0.0971878,	0.664894,	0.735639,	-0.0854703
1520352405642246003,	-0.790989,	2.60993,	-0.397629,	0.00880424,	0.0390254,	-0.0156958,	0.0277037,	-0.0096128,	-0.0329627,	0.999026,	-0.88529,	2.69253,	-0.100256,	0.00367981,	0.0419677,	0.0416053,	-0.0912457,	0.673418,	0.729267,	-0.0796966
1520352405698707884,	-0.79085,	2.60933,	-0.397045,	0.00248818,	-0.0108744,	0.0104245,	0.018158,	-0.0112654,	-0.0402279,	0.998962,	-0.884509,	2.69532,	-0.102465,	0.013947,	0.0499018,	-0.0394354,	-0.0859892,	0.681499,	0.723002,	-0.0737013
1520352405743673744,	-0.790725,	2.61232,	-0.397504,	0.00283845,	0.0681208,	-0.0104177,	0.00994128,	-0.0134137,	-0.0475353,	0.99873,	-0.884296,	2.69658,	-0.102771,	0.0048276,	0.0286825,	-0.00696811,	-0.0784337,	0.693209,	0.71313,	-0.0689604
1520352405794109982,	-0.790764,	2.61434,	-0.397195,	-0.000795239,	0.0402963,	0.00616977,	0.000125059,	-0.0155686,	-0.0565036,	0.998281,	-0.882901,	2.6976,	-0.10523,	0.0278983,	0.0202662,	-0.0491801,	-0.0725913,	0.69609,	0.711685,	-0.0607711
1520352405837155755,	-0.790314,	2.6153,	-0.398487,	0.0104754,	0.0224532,	-0.0300539,	0.0105347,	-0.0153815,	-0.0705451,	0.997334,	-0.882854,	2.69611,	-0.105929,	0.00109776,	-0.0344897,	-0.0162563,	-0.0653384,	0.698892,	0.710258,	-0.0530449
1520352405880772385,	-0.789396,	2.61686,	-0.397497,	0.0213585,	0.0361652,	0.0230257,	0.0310669,	-0.0202571,	-0.0698166,	0.99687,	-0.882653,	2.69702,	-0.105137,	0.00468175,	0.0210372,	0.0184326,	-0.0599041,	0.697318,	0.712829,	-0.0451125
1520352405934878343,	-0.789747,	2.61673,	-0.397125,	-0.00650894,	-0.00232239,	0.00689062,	0.0193585,	-0.018748,	-0.0906821,	0.995515,	-0.882058,	2.69617,	-0.105194,	0.0110112,	-0.0156162,	-0.00105433,	-0.0545549,	0.700688,	0.710284,	-0.0394667
1520352405982012224,	-0.790005,	2.61807,	-0.396419,	-0.00548266,	0.028508,	0.0150227,	0.0222042,	-0.0182559,	-0.0963819,	0.994929,	-0.881499,	2.70074,	-0.10446,	0.0119044,	0.0971549,	0.0156161,	-0.0522998,	0.704804,	0.706662,	-0.0338308
1520352406025587731,	-0.789848,	2.61933,	-0.395918,	0.00365083,	0.0291469,	0.0116663,	0.0193946,	-0.0185668,	-0.106069,	0.993996,	-0.882486,	2.70521,	-0.10648,	-0.0229597,	0.103872,	-0.0469777,	-0.0496094,	0.708851,	0.703081,	-0.0273105
1520352406069400950,	-0.790145,	2.62015,	-0.395363,	-0.00691462,	0.0192457,	0.0128988,	0.0140808,	-0.0195491,	-0.11153,	0.993469,	-0.882411,	2.71079,	-0.104834,	0.00174638,	0.129836,	0.0382809,	-0.0457122,	0.709753,	0.702694,	-0.0195481
1520352406113175441,	-0.789554,	2.62087,	-0.394921,	0.0137401,	0.0166509,	0.0102673,	0.00835957,	-0.0209385,	-0.116588,	0.992924,	-0.881243,	2.71333,	-0.105052,	0.0271491,	0.0591195,	-0.00506826,	-0.0412732,	0.709747,	0.703129,	-0.0128763
1520352406171176522,	-0.789149,	2.62291,	-0.394919,	0.0071171,	0.0357127,	3.70186e-05,	0.000655605,	-0.0205422,	-0.129579,	0.991356,	-0.879126,	2.71521,	-0.102961,	0.0371394,	0.032919,	0.0366709,	-0.0352606,	0.707667,	0.705645,	-0.00537684
1520352406213231549,	-0.788647,	2.6229,	-0.394354,	0.0119432,	-8.11953e-05,	0.0134691,	-0.000671872,	-0.0184522,	-0.134838,	0.990696,	-0.878342,	2.71629,	-0.103021,	0.0186741,	0.0258203,	-0.00141421,	-0.0274817,	0.704549,	0.70911,	0.00429451
1520352406261204157,	-0.787333,	2.62664,	-0.393548,	0.0279583,	0.079631,	0.0171328,	-0.0073953,	-0.0232848,	-0.144438,	0.989212,	-0.878342,	2.71629,	-0.103021,	0,	0,	0,	-0.0274817,	0.704549,	0.70911,	0.00429451
1520352406305451049,	-0.786248,	2.62695,	-0.393916,	0.0246496,	0.00703551,	-0.00834898,	0.00408357,	-0.0204484,	-0.152533,	0.988078,	-0.87676,	2.71765,	-0.101753,	0.0359482,	0.0308017,	0.0288195,	-0.0212415,	0.701378,	0.712363,	0.0124732
1520352406354507714,	-0.785502,	2.62729,	-0.393686,	0.0152259,	0.00680283,	0.00467905,	0.00655224,	-0.0199081,	-0.159181,	0.987027,	-0.876801,	2.72063,	-0.101743,	-0.000826792,	0.0607638,	0.00020581,	-0.0166093,	0.701581,	0.712156,	0.0185271
1520352406403641519,	-0.784554,	2.6293,	-0.393004,	0.019361,	0.0411716,	0.0139252,	0.00946205,	-0.0191425,	-0.168718,	0.985433,	-0.876015,	2.72437,	-0.101456,	0.0160472,	0.0765192,	0.00584186,	-0.012533,	0.703053,	0.71066,	0.022855
1520352406450579925,	-0.784298,	2.6296,	-0.393368,	0.00556078,	0.00648503,	-0.00792179,	0.0037445,	-0.0210764,	-0.174023,	0.984509,	-0.87601,	2.73037,	-0.0982675,	9.20807e-05,	0.130237,	0.0693228,	-0.00208905,	0.7052,	0.708533,	0.0258923
1520352406500663134,	-0.783745,	2.63084,	-0.392732,	0.0110519,	0.0247945,	0.0127345,	-0.0048636,	-0.0219198,	-0.183029,	0.982851,	-0.875711,	2.73632,	-0.0965508,	0.00598108,	0.119036,	0.0343337,	0.00818949,	0.707432,	0.706075,	0.0305167
1520352406545903268,	-0.783832,	2.63319,	-0.391603,	-0.00193038,	0.0521554,	0.0250748,	-0.00159037,	-0.0229991,	-0.188114,	0.981877,	-0.874223,	2.74229,	-0.0985007,	0.0330632,	0.132822,	-0.0433302,	0.0208229,	0.710447,	0.702656,	0.0332625
1520352406591226784,	-0.783447,	2.63559,	-0.391452,	0.00854902,	0.0532465,	0.00337458,	-0.00962855,	-0.0237754,	-0.198494,	0.979766,	-0.872946,	2.74728,	-0.0996472,	0.0283819,	0.110858,	-0.0254783,	0.0299262,	0.713746,	0.698714,	0.0383366
1520352406635047742,	-0.783164,	2.63565,	-0.39004,	0.00660151,	0.00149223,	0.0328161,	-0.00840189,	-0.019748,	-0.204052,	0.978725,	-0.871853,	2.75276,	-0.0985193,	0.0254167,	0.127396,	0.0262299,	0.0444389,	0.717947,	0.693499,	0.0404537
1520352406679054977,	-0.782866,	2.63757,	-0.388606,	0.00675145,	0.0435958,	0.0325945,	-0.00205492,	-0.0151784,	-0.210802,	0.977409,	-0.870437,	2.75814,	-0.0984909,	0.032179,	0.122138,	0.000645051,	0.0532243,	0.719713,	0.690711,	0.0458138
1520352406722751089,	-0.782633,	2.6386,	-0.38724,	0.00543971,	0.0240361,	0.0317678,	-0.013498,	-0.0104934,	-0.22231,	0.974826,	-0.87029,	2.76122,	-0.0988499,	0.0034249,	0.071642,	-0.00834794,	0.0631902,	0.718118,	0.691235,	0.0500765
1520352406771582245,	-0.782605,	2.64011,	-0.386736,	0.00056728,	0.0314449,	0.0104999,	-0.0167105,	-0.00911351,	-0.22851,	0.973356,	-0.870808,	2.7642,	-0.0978269,	-0.0107891,	0.0621179,	0.0213133,	0.0661307,	0.716922,	0.691697,	0.0566215
1520352406826553684,	-0.783275,	2.64072,	-0.386871,	-0.0124078,	0.0112126,	-0.0024994,	-0.0279678,	-0.010954,	-0.233516,	0.971889,	-0.872309,	2.76458,	-0.0995767,	-0.0278004,	0.00714183,	-0.0324043,	0.0655717,	0.715523,	0.69283,	0.0609422
1520352406884545662,	-0.783427,	2.64268,	-0.386379,	-0.00266575,	0.0343646,	0.00863296,	-0.0260523,	-0.0144655,	-0.239951,	0.970328,	-0.87391,	2.76661,	-0.0973954,	-0.0280868,	0.0356144,	0.0382684,	0.0643316,	0.7141,	0.693937,	0.0661365
1520352406932218442,	-0.784329,	2.64367,	-0.384385,	-0.0191877,	0.0211818,	0.0424324,	-0.0302711,	-0.0173288,	-0.241966,	0.969658,	-0.874778,	2.76654,	-0.097463,	-0.0184665,	-0.00157675,	-0.0014384,	0.0648728,	0.712282,	0.695437,	0.0693795
1520352406979192468,	-0.785313,	2.64499,	-0.385548,	-0.0213889,	0.0285962,	-0.0252891,	-0.0282417,	-0.0191054,	-0.244494,	0.969051,	-0.875401,	2.76764,	-0.0957356,	-0.0135351,	0.0239063,	0.0375531,	0.0647618,	0.711463,	0.695928,	0.0728735
1520352407019492513,	-0.785518,	2.64484,	-0.385293,	-0.00512158,	-0.00375513,	0.00637179,	-0.0357859,	-0.0183207,	-0.248737,	0.967736,	-0.875825,	2.7685,	-0.0956425,	-0.0106111,	0.0216266,	0.00232579,	0.0647577,	0.711004,	0.696264,	0.0741421
1520352407081121957,	-0.785943,	2.64468,	-0.387812,	-0.00696188,	-0.00249917,	-0.041296,	-0.0474804,	-0.021321,	-0.249027,	0.967097,	-0.87619,	2.76986,	-0.0948997,	-0.00597154,	0.0222456,	0.0121778,	0.0630021,	0.711386,	0.695917,	0.0752336
1520352407131912653,	-0.786111,	2.64509,	-0.384581,	-0.00337659,	0.00814459,	0.0646263,	-0.0330667,	-0.0180973,	-0.248839,	0.967811,	-0.876228,	2.77146,	-0.094937,	-0.000773585,	0.0319288,	-0.00074544,	0.0635046,	0.710929,	0.696257,	0.0759808
1520352407186005803,	-0.785989,	2.64584,	-0.384158,	0.00226835,	0.0139318,	0.00783812,	-0.0260771,	-0.0188467,	-0.249283,	0.967896,	-0.876018,	2.77255,	-0.0941725,	0.00388623,	0.0202277,	0.0141563,	0.0634011,	0.710821,	0.69633,	0.0764101
1520352407229865574,	-0.786267,	2.64525,	-0.384102,	-0.00646148,	-0.0138792,	0.00129259,	-0.0417087,	-0.0196108,	-0.251323,	0.966805,	-0.875783,	2.77307,	-0.0940032,	0.00546342,	0.0121581,	0.00393758,	0.0646752,	0.71034,	0.696646,	0.0769299
1520352407271740477,	-0.786027,	2.64555,	-0.383356,	0.00585023,	0.00729765,	0.018207,	-0.0301658,	-0.0183709,	-0.251346,	0.967253,	-0.876099,	2.77418,	-0.0935118,	-0.00768526,	0.0269604,	0.0119855,	0.064019,	0.710119,	0.696851,	0.0776674
1520352407317027057,	-0.785886,	2.64586,	-0.383089,	0.003124,	0.00702429,	0.00592708,	-0.0428192,	-0.0207378,	-0.250975,	0.966824,	-0.876646,	2.7748,	-0.0935409,	-0.0121568,	0.0138631,	-0.000646118,	0.0634645,	0.710813,	0.696255,	0.0771035
1520352407367914964,	-0.786121,	2.6456,	-0.383392,	-0.00469012,	-0.00529147,	-0.00605538,	-0.0403003,	-0.0191335,	-0.252644,	0.96653,	-0.877909,	2.77496,	-0.0931982,	-0.0252718,	0.00325097,	0.00685368,	0.0605597,	0.709935,	0.697444,	0.0767856
1520352407429851186,	-0.786182,	2.64442,	-0.383074,	-0.00100483,	-0.0192886,	0.00520361,	-0.0351828,	-0.0153699,	-0.253473,	0.96658,	-0.879271,	2.77469,	-0.0929302,	-0.0223267,	-0.00456547,	0.00439368,	0.0579183,	0.708645,	0.699211,	0.0746425
1520352407477355038,	-0.786548,	2.64501,	-0.381862,	-0.00779634,	0.0125514,	0.0257897,	-0.0272102,	-0.0192104,	-0.252918,	0.966914,	-0.880456,	2.7736,	-0.0924003,	-0.0252189,	-0.0231142,	0.0112747,	0.0537513,	0.707057,	0.70149,	0.0713635
1520352407518982430,	-0.787384,	2.64426,	-0.381423,	-0.0203741,	-0.0183585,	0.0107117,	-0.0204071,	-0.0201094,	-0.246735,	0.968659,	-0.880771,	2.77278,	-0.0931697,	-0.0076694,	-0.019894,	-0.0187667,	0.0497189,	0.706066,	0.703142,	0.0677569
1520352407565513543,	-0.788417,	2.64629,	-0.384368,	-0.0224545,	0.0442192,	-0.0640275,	-0.0261396,	-0.0262555,	-0.240422,	0.969961,	-0.880643,	2.77365,	-0.0925912,	0.00277327,	0.0187747,	0.0125766,	0.04509,	0.706573,	0.703533,	0.061335
1520352407607569278,	-0.787376,	2.6416,	-0.38319,	0.0247709,	-0.111796,	0.0280485,	-0.0310232,	-0.0188651,	-0.239461,	0.970227,	-0.880643,	2.77365,	-0.0925912,	0,	0,	0,	0.04509,	0.706573,	0.703533,	0.061335
1520352407654192567,	-0.787126,	2.64099,	-0.381016,	0.00543717,	-0.0131499,	0.0472738,	-0.0161408,	-0.0149886,	-0.234633,	0.971834,	-0.880549,	2.77364,	-0.0919528,	0.00205655,	-5.38414e-05,	0.0138785,	0.0435035,	0.705587,	0.705167,	0.0547135
1520352407697306683,	-0.786883,	2.63944,	-0.383386,	0.00564851,	-0.0359947,	-0.0551184,	-0.0321623,	-0.0133055,	-0.227859,	0.973072,	-0.880282,	2.77411,	-0.0922027,	0.00621165,	0.0108604,	-0.00581351,	0.040622,	0.705119,	0.706173,	0.0497689
1520352407740125786,	-0.786469,	2.63746,	-0.380727,	0.00986533,	-0.0472046,	0.0633111,	-0.0285617,	-0.00974152,	-0.22355,	0.974225,	-0.880051,	2.77448,	-0.0908464,	0.00550036,	0.00876406,	0.0322937,	0.0398308,	0.703851,	0.707923,	0.0430398
1520352407788746456,	-0.785736,	2.63712,	-0.382932,	0.0152803,	-0.00712784,	-0.0459539,	-0.0262301,	-0.0138176,	-0.220484,	0.97494,	-0.880962,	2.77495,	-0.0916786,	-0.0189817,	0.00978048,	-0.0173383,	0.0346502,	0.703421,	0.708965,	0.0369809
1520352407845912710,	-0.786026,	2.63688,	-0.384536,	-0.00509664,	-0.0041609,	-0.0281298,	-0.0415016,	-0.0160647,	-0.212414,	0.976166,	-0.881385,	2.77337,	-0.0928432,	-0.00742091,	-0.0277164,	-0.0204307,	0.0323965,	0.703199,	0.709565,	0.0312913
1520352407896604607,	-0.785655,	2.63471,	-0.383831,	0.00741999,	-0.0433955,	0.0140955,	-0.0363257,	-0.0135055,	-0.207765,	0.977411,	-0.881613,	2.77269,	-0.0925449,	-0.00457504,	-0.0136607,	0.00596639,	0.0284443,	0.703722,	0.709398,	0.0268428
1520352407944005300,	-0.78559,	2.6338,	-0.383818,	0.00137861,	-0.0194634,	0.000273036,	-0.0359738,	-0.0124081,	-0.199548,	0.979149,	-0.881387,	2.77162,	-0.0928166,	0.0048119,	-0.0226734,	-0.00578143,	0.0264609,	0.705001,	0.708376,	0.0218231
1520352407988808122,	-0.785243,	2.63191,	-0.382751,	0.00789147,	-0.0429737,	0.0242597,	-0.0370055,	-0.0100437,	-0.197063,	0.979641,	-0.881565,	2.77194,	-0.0928204,	-0.00404443,	0.0072896,	-8.58012e-05,	0.0234862,	0.705645,	0.707974,	0.0169575
1520352408032451853,	-0.78532,	2.63031,	-0.384062,	-0.00178395,	-0.037124,	-0.0304844,	-0.0330987,	-0.0114235,	-0.189694,	0.981219,	-0.882195,	2.76956,	-0.0961646,	-0.0146556,	-0.0554185,	-0.0777724,	0.0155467,	0.705758,	0.708168,	0.0126973
1520352408076786517,	-0.784532,	2.62937,	-0.383867,	0.017901,	-0.0212881,	0.00443321,	-0.0305573,	-0.00842412,	-0.185958,	0.982046,	-0.883077,	2.76885,	-0.0958167,	-0.020028,	-0.0161624,	0.00790563,	0.00781373,	0.705228,	0.708882,	0.00882974
1520352408130705438,	-0.784724,	2.62763,	-0.382765,	-0.00361434,	-0.0329907,	0.0207774,	-0.0357621,	-0.00915181,	-0.177242,	0.983475,	-0.883747,	2.76601,	-0.0966522,	-0.0126558,	-0.0535614,	-0.0157639,	0.000728139,	0.703448,	0.710731,	0.0046781
1520352408188979710,	-0.78473,	2.6263,	-0.385312,	-0.000106739,	-0.0228504,	-0.0439047,	-0.0352877,	-0.0103346,	-0.172945,	0.984245,	-0.884633,	2.76353,	-0.0962558,	-0.0152703,	-0.0426738,	0.0068355,	-0.00693677,	0.70066,	0.713461,	0.000565638
1520352408235099145,	-0.784353,	2.62398,	-0.386128,	0.00820122,	-0.0504335,	-0.0177528,	-0.0273758,	-0.00912937,	-0.167802,	0.985398,	-0.885387,	2.76087,	-0.0961334,	-0.0163916,	-0.0577987,	0.00266118,	-0.0146285,	0.698803,	0.715151,	-0.0043729
1520352408280881267,	-0.784334,	2.62238,	-0.387001,	0.000412179,	-0.0355249,	-0.0193977,	-0.021064,	-0.0109143,	-0.158119,	0.987135,	-0.88659,	2.7592,	-0.0960583,	-0.0267277,	-0.0371995,	0.00166874,	-0.0222731,	0.696969,	0.716685,	-0.0100048
1520352408333590873,	-0.784214,	2.6205,	-0.386569,	0.00231295,	-0.0362715,	0.00832401,	-0.0221374,	-0.0104492,	-0.148309,	0.988638,	-0.887786,	2.75748,	-0.0959546,	-0.0230108,	-0.0330366,	0.00199309,	-0.0287523,	0.695419,	0.717868,	-0.0151634
1520352408379622504,	-0.784345,	2.61988,	-0.387918,	-0.00286225,	-0.0132687,	-0.0293443,	-0.0101308,	-0.0107081,	-0.14224,	0.989722,	-0.888321,	2.75634,	-0.0957838,	-0.0116161,	-0.0248183,	0.00371355,	-0.0347417,	0.694064,	0.718767,	-0.0210434
1520352408425414401,	-0.785027,	2.61663,	-0.387441,	-0.0151541,	-0.0722957,	0.010612,	-0.0221486,	-0.0105186,	-0.134352,	0.99063,	-0.889308,	2.75551,	-0.0955013,	-0.0219349,	-0.0184851,	0.00627747,	-0.0401597,	0.692911,	0.719439,	-0.0258449
1520352408476786439,	-0.785061,	2.61622,	-0.386517,	-0.000660976,	-0.00813517,	0.0181111,	-0.017527,	-0.0101492,	-0.12921,	0.99141,	-0.889978,	2.755,	-0.0952147,	-0.0131406,	-0.0100705,	0.00562024,	-0.0465573,	0.692687,	0.719037,	-0.0316826
1520352408530638327,	-0.784967,	2.61478,	-0.386133,	0.00177537,	-0.0271214,	0.0072557,	-0.0168533,	-0.0105478,	-0.124672,	0.991999,	-0.890547,	2.75484,	-0.0936951,	-0.0107402,	-0.00285633,	0.0286722,	-0.050175,	0.696221,	0.715035,	-0.0385178
1520352408576399468,	-0.784986,	2.61417,	-0.386068,	-0.000430889,	-0.0134432,	0.00144589,	-0.0162143,	-0.010435,	-0.115556,	0.993114,	-0.891267,	2.75452,	-0.0946989,	-0.0159947,	-0.00718867,	-0.0223071,	-0.0556344,	0.697439,	0.713062,	-0.0450126
1520352408627204339,	-0.784631,	2.61313,	-0.385872,	0.00711092,	-0.0208715,	0.00390642,	-0.0095756,	-0.00931457,	-0.110079,	0.993833,	-0.89213,	2.75363,	-0.0946189,	-0.0172554,	-0.0177399,	0.00160005,	-0.0599172,	0.699678,	0.710091,	-0.051305
1520352408678392259,	-0.785054,	2.61197,	-0.385877,	-0.00829676,	-0.0227962,	-8.7604e-05,	-0.00814508,	-0.0101795,	-0.100046,	0.994897,	-0.892768,	2.75219,	-0.0949889,	-0.0125077,	-0.0283963,	-0.00725479,	-0.0666442,	0.699416,	0.709237,	-0.0579478
1520352408728032988,	-0.785118,	2.61107,	-0.384902,	-0.00129797,	-0.0184229,	0.0199008,	-0.00981774,	-0.00852167,	-0.0947043,	0.995421,	-0.893708,	2.75131,	-0.0949999,	-0.0191878,	-0.0178298,	-0.000226157,	-0.0730482,	0.701742,	0.70565,	-0.0654259
1520352408771969797,	-0.784996,	2.60951,	-0.385493,	0.00283489,	-0.03613,	-0.0137534,	-0.00349258,	-0.00893799,	-0.0835928,	0.996454,	-0.895134,	2.74788,	-0.0953613,	-0.0331781,	-0.0797415,	-0.00840433,	-0.0811824,	0.70008,	0.705866,	-0.0710686
1520352408816197574,	-0.784808,	2.60865,	-0.384787,	0.00426333,	-0.0194756,	0.0160536,	-0.0132927,	-0.0119418,	-0.0755339,	0.996983,	-0.896784,	2.74446,	-0.0956646,	-0.0374883,	-0.0777906,	-0.00689257,	-0.0883741,	0.700835,	0.703645,	-0.0768427
1520352408866210313,	-0.785116,	2.60783,	-0.385323,	-0.00616089,	-0.0164685,	-0.0107195,	-0.00285401,	-0.0116846,	-0.0646954,	0.997833,	-0.897698,	2.74176,	-0.0974037,	-0.0182838,	-0.0539625,	-0.0347817,	-0.0968867,	0.69705,	0.705713,	-0.0818759
1520352408921536531,	-0.78511,	2.60678,	-0.386149,	0.000116872,	-0.0190693,	-0.0150308,	-0.00349961,	-0.0123949,	-0.0574291,	0.998267,	-0.898196,	2.73978,	-0.09835,	-0.00904897,	-0.0359956,	-0.0172053,	-0.103622,	0.69272,	0.708487,	-0.0863029
1520352408978973072,	-0.785371,	2.60403,	-0.386547,	-0.00459242,	-0.048302,	-0.00697544,	0.006101,	-0.0124836,	-0.0477243,	0.998764,	-0.899108,	2.73564,	-0.0972727,	-0.0160112,	-0.0726623,	0.0188997,	-0.110706,	0.687812,	0.711547,	-0.0914264
1520352409034144057,	-0.784788,	2.60293,	-0.386442,	0.0106143,	-0.0200029,	0.0019049,	0.00554937,	-0.0143864,	-0.0362148,	0.999225,	-0.900118,	2.73346,	-0.09754,	-0.0183558,	-0.0396845,	-0.00485995,	-0.116717,	0.683948,	0.713585,	-0.0968899
1520352409093100637,	-0.785051,	2.60127,	-0.387266,	-0.00453753,	-0.0285545,	-0.0142028,	0.00829688,	-0.0149849,	-0.0272148,	0.999483,	-0.900659,	2.73191,	-0.0975976,	-0.00932593,	-0.0266564,	-0.000992812,	-0.123495,	0.68182,	0.713558,	-0.103466
1520352409141355578,	-0.785308,	2.59915,	-0.387604,	-0.00535813,	-0.0441876,	-0.00704472,	0.0120878,	-0.0145958,	-0.0151208,	0.999706,	-0.901541,	2.73172,	-0.0975651,	-0.0183746,	-0.00393458,	0.000676264,	-0.128684,	0.68003,	0.713468,	-0.109381
1520352409182869498,	-0.785388,	2.59783,	-0.386913,	-0.00194523,	-0.0323044,	0.0168443,	0.00629304,	-0.0135408,	-0.00291511,	0.999884,	-0.901844,	2.73132,	-0.0970958,	-0.00738129,	-0.00973501,	0.0114468,	-0.134904,	0.678796,	0.712483,	-0.115774
1520352409227411891,	-0.785181,	2.59516,	-0.389581,	0.00469361,	-0.060676,	-0.0606213,	0.0408641,	-0.0117037,	-0.00413145,	0.999088,	-0.90332,	2.7312,	-0.096495,	-0.0335501,	-0.00292753,	0.0136538,	-0.141392,	0.677774,	0.711204,	-0.121732
1520352409270368582,	-0.785773,	2.59784,	-0.388295,	-0.0140903,	0.0639604,	0.0306024,	0.0114398,	-0.0150414,	0.014984,	0.999709,	-0.90426,	2.73108,	-0.0955868,	-0.0223856,	-0.00273402,	0.021625,	-0.148092,	0.676328,	0.710203,	-0.127518
1520352409316120178,	-0.785796,	2.59693,	-0.38763,	-0.000508269,	-0.0202762,	0.014795,	0.00994734,	-0.0152645,	0.022106,	0.99959,	-0.905995,	2.73131,	-0.0949328,	-0.0385625,	0.00503651,	0.0145337,	-0.154544,	0.674479,	0.709599,	-0.132907
1520352409362767762,	-0.785893,	2.59572,	-0.386909,	-0.00211273,	-0.0263996,	0.0156656,	0.00992552,	-0.0153408,	0.0302987,	0.999374,	-0.907689,	2.73147,	-0.0945167,	-0.0368267,	0.00347147,	0.00904383,	-0.161106,	0.672287,	0.709191,	-0.138288
1520352409407012593,	-0.786378,	2.59712,	-0.387005,	-0.0110122,	0.0318266,	-0.00217327,	0.00632885,	-0.0168854,	0.042862,	0.998918,	-0.907689,	2.73147,	-0.0945167,	0,	0,	0,	-0.161106,	0.672287,	0.709191,	-0.138288
1520352409456149474,	-0.786254,	2.59672,	-0.385384,	0.00252199,	-0.008196,	0.0330741,	0.00333224,	-0.0160421,	0.0511593,	0.998556,	-0.90934,	2.73092,	-0.0941468,	-0.0336975,	-0.0111152,	0.0075496,	-0.167475,	0.669703,	0.709131,	-0.143471
1520352409500163459,	-0.787041,	2.59503,	-0.385355,	-0.0178791,	-0.0383148,	0.000653939,	0.00206894,	-0.0167937,	0.0581477,	0.998165,	-0.910346,	2.72931,	-0.0940843,	-0.0228452,	-0.0366335,	0.00142165,	-0.173341,	0.667729,	0.708505,	-0.148697
1520352409546405641,	-0.787691,	2.59637,	-0.38588,	-0.0141395,	0.0290429,	-0.0113999,	0.00699641,	-0.0170655,	0.0694766,	0.997413,	-0.912327,	2.72936,	-0.0942259,	-0.0430808,	0.00113896,	-0.00307992,	-0.178707,	0.66638,	0.707358,	-0.153771
1520352409593391177,	-0.788576,	2.59526,	-0.385977,	-0.0192327,	-0.0240151,	-0.00210951,	0.00891605,	-0.018381,	0.0765037,	0.99686,	-0.913139,	2.72826,	-0.0943366,	-0.0176533,	-0.0239933,	-0.00240669,	-0.183895,	0.664386,	0.706828,	-0.158645
1520352409636869465,	-0.78872,	2.59578,	-0.385842,	-0.00335758,	0.0119825,	0.00312536,	0.00138035,	-0.017651,	0.0829162,	0.996399,	-0.914291,	2.72759,	-0.0945443,	-0.0267777,	-0.0154632,	-0.00482879,	-0.188174,	0.66255,	0.706168,	-0.164148
1520352409680689699,	-0.789369,	2.59513,	-0.385901,	-0.0150945,	-0.0151151,	-0.00136821,	0.00616594,	-0.0182814,	0.0945583,	0.995332,	-0.914898,	2.7268,	-0.0945886,	-0.0141265,	-0.0185749,	-0.0010295,	-0.193492,	0.660223,	0.705584,	-0.169759
1520352409725923415,	-0.790045,	2.59488,	-0.385992,	-0.015009,	-0.00541215,	-0.00201957,	0.00591241,	-0.0180569,	0.100966,	0.994708,	-0.916176,	2.72616,	-0.0943491,	-0.0283852,	-0.0141566,	0.0053209,	-0.198487,	0.657538,	0.705111,	-0.176254
1520352409771066027,	-0.790192,	2.59474,	-0.386448,	-0.00328018,	-0.00316758,	-0.0101338,	0.00641761,	-0.018025,	0.106865,	0.994089,	-0.917392,	2.72469,	-0.0940299,	-0.0270229,	-0.032534,	0.00709286,	-0.205741,	0.65488,	0.703857,	-0.182726
1520352409813273170,	-0.790369,	2.59587,	-0.386297,	-0.00420845,	0.02685,	0.00360095,	0.0135871,	-0.0194011,	0.118743,	0.992643,	-0.919747,	2.72367,	-0.0930912,	-0.0560902,	-0.0243224,	0.0223511,	-0.211383,	0.652703,	0.702545,	-0.189016
1520352409857896299,	-0.791525,	2.59352,	-0.385907,	-0.0262644,	-0.0533312,	0.00885717,	-0.000555653,	-0.0172868,	0.128523,	0.991556,	-0.919747,	2.72367,	-0.0930912,	0,	0,	0,	-0.211383,	0.652703,	0.702545,	-0.189016
1520352409905372460,	-0.791675,	2.5929,	-0.385568,	-0.00319422,	-0.013335,	0.00722203,	0.0130955,	-0.0178747,	0.134188,	0.990708,	-0.921691,	2.72287,	-0.092654,	-0.0413471,	-0.0170913,	0.00930136,	-0.218715,	0.650653,	0.700522,	-0.195151
1520352409957930107,	-0.792554,	2.59403,	-0.384839,	-0.0169012,	0.0217542,	0.0140075,	0.00852676,	-0.0181703,	0.146479,	0.98901,	-0.923952,	2.72306,	-0.0904787,	-0.04348,	0.00372112,	0.0418336,	-0.224008,	0.647312,	0.700167,	-0.20143
1520352410001816481,	-0.793928,	2.59157,	-0.38385,	-0.0319523,	-0.0570208,	0.0230112,	-0.00229251,	-0.0186765,	0.156397,	0.987515,	-0.926215,	2.722,	-0.0905264,	-0.0526412,	-0.0246038,	-0.0011103,	-0.230898,	0.643845,	0.699369,	-0.207444
1520352410050760230,	-0.794742,	2.59286,	-0.382788,	-0.0169659,	0.0268046,	0.0221173,	-0.00559065,	-0.0206931,	0.170169,	0.985182,	-0.928522,	2.72182,	-0.0878898,	-0.0480549,	-0.00380596,	0.054929,	-0.23347,	0.639138,	0.700515,	-0.215112
1520352410094491900,	-0.795956,	2.59132,	-0.383374,	-0.0282306,	-0.0359525,	-0.0136193,	0.00202765,	-0.0214971,	0.176569,	0.984051,	-0.929544,	2.72087,	-0.0888158,	-0.0237732,	-0.0220908,	-0.021534,	-0.237449,	0.634738,	0.701329,	-0.221052
1520352410141244958,	-0.79687,	2.593,	-0.382678,	-0.0198741,	0.0367304,	0.015116,	-0.00229987,	-0.0233827,	0.187295,	0.982023,	-0.930258,	2.71847,	-0.0904785,	-0.0155107,	-0.052162,	-0.036145,	-0.243658,	0.628586,	0.703429,	-0.225163
1520352410185052932,	-0.797251,	2.59144,	-0.382942,	-0.00885391,	-0.0363711,	-0.00613483,	0.00357572,	-0.0217318,	0.191474,	0.981251,	-0.931462,	2.7158,	-0.0902902,	-0.0279987,	-0.0620623,	0.0043791,	-0.249803,	0.624276,	0.703928,	-0.228833
1520352410226826172,	-0.798489,	2.59108,	-0.383647,	-0.0302054,	-0.00884186,	-0.0171917,	-0.00464563,	-0.0199276,	0.196353,	0.98032,	-0.932396,	2.71237,	-0.0878973,	-0.0227984,	-0.0838069,	0.0583628,	-0.256883,	0.614814,	0.708567,	-0.232268
1520352410272072678,	-0.79928,	2.59024,	-0.384017,	-0.0175748,	-0.0186651,	-0.00821802,	0.00340425,	-0.0200823,	0.206616,	0.97821,	-0.933396,	2.70976,	-0.0867898,	-0.0222241,	-0.05804,	0.0246116,	-0.263295,	0.612499,	0.706816,	-0.236499
1520352410324918612,	-0.799742,	2.59124,	-0.383473,	-0.0088849,	0.0191739,	0.0104659,	-0.00893539,	-0.0235167,	0.212512,	0.976835,	-0.93416,	2.70476,	-0.0868792,	-0.0146859,	-0.0959864,	-0.00172044,	-0.268546,	0.604486,	0.710307,	-0.240714
1520352410370742973,	-0.801057,	2.59014,	-0.38371,	-0.0292207,	-0.024236,	-0.00526732,	-0.0106621,	-0.0222586,	0.218679,	0.975485,	-0.936247,	2.70262,	-0.0874474,	-0.0463829,	-0.0477071,	-0.0126267,	-0.274671,	0.602683,	0.707728,	-0.245865
1520352410416619158,	-0.801913,	2.59072,	-0.384117,	-0.0190211,	0.0128872,	-0.00904041,	-0.00764413,	-0.022251,	0.227668,	0.973454,	-0.93782,	2.69873,	-0.0908018,	-0.034957,	-0.0862947,	-0.0745415,	-0.282803,	0.594753,	0.710553,	-0.247802
1520352410463948248,	-0.803246,	2.58893,	-0.38459,	-0.0283542,	-0.0382349,	-0.0100714,	0.00346625,	-0.0247655,	0.233779,	0.971968,	-0.940034,	2.69742,	-0.0895873,	-0.0471005,	-0.0280248,	0.0258412,	-0.289488,	0.591393,	0.709314,	-0.251645
1520352410505770318,	-0.80473,	2.59059,	-0.384163,	-0.0361999,	0.0405794,	0.0104076,	-0.00528836,	-0.0269586,	0.244246,	0.969324,	-0.940034,	2.69742,	-0.0895873,	0,	0,	0,	-0.289488,	0.591393,	0.709314,	-0.251645
1520352410551939632,	-0.805744,	2.59056,	-0.383634,	-0.0220383,	-0.00072482,	0.0114974,	0.00157981,	-0.0262624,	0.247635,	0.968496,	-0.941213,	2.69443,	-0.0883806,	-0.0256231,	-0.0648704,	0.0262321,	-0.295446,	0.584061,	0.711951,	-0.254384
1520352410595311917,	-0.807257,	2.58937,	-0.38314,	-0.0351917,	-0.0275636,	0.0114858,	-0.00891568,	-0.0279077,	0.254255,	0.966693,	-0.94287,	2.69437,	-0.0861241,	-0.0385318,	-0.00150894,	0.0524758,	-0.30145,	0.582115,	0.710006,	-0.257219
1520352410640261723,	-0.808561,	2.59232,	-0.384148,	-0.0296406,	0.0669993,	-0.0228925,	-0.00411003,	-0.0281158,	0.261456,	0.964797,	-0.943604,	2.69261,	-0.089067,	-0.0166866,	-0.0398703,	-0.0668835,	-0.305297,	0.57772,	0.710612,	-0.260889
1520352410680456354,	-0.809183,	2.59174,	-0.383656,	-0.0155462,	-0.0145569,	0.0122852,	-0.00338635,	-0.0274756,	0.265079,	0.963829,	-0.946382,	2.69291,	-0.0870437,	-0.0694616,	0.00749411,	0.0505819,	-0.309632,	0.579494,	0.705606,	-0.265395
1520352410728815480,	-0.810622,	2.59104,	-0.383667,	-0.0299777,	-0.014508,	-0.00021656,	-7.98797e-06,	-0.0267982,	0.269602,	0.962599,	-0.948581,	2.69245,	-0.0839427,	-0.0458045,	-0.00969688,	0.0646049,	-0.317507,	0.574596,	0.705582,	-0.266802
1520352410772932652,	-0.811859,	2.59074,	-0.383751,	-0.0281115,	-0.0069076,	-0.00191347,	-0.00841057,	-0.0298616,	0.276251,	0.960585,	-0.950722,	2.69197,	-0.0838643,	-0.0486534,	-0.0107708,	0.0017805,	-0.322498,	0.572181,	0.704639,	-0.268494
1520352410821747669,	-0.813994,	2.59363,	-0.383414,	-0.044482,	0.0601582,	0.00701976,	-0.0097481,	-0.0282024,	0.281696,	0.95904,	-0.952567,	2.6892,	-0.0827415,	-0.0384364,	-0.0578071,	0.0233922,	-0.331348,	0.563266,	0.708066,	-0.267547
1520352410872898362,	-0.815788,	2.5921,	-0.38316,	-0.0351837,	-0.0298426,	0.00496891,	-0.0108365,	-0.0287568,	0.285686,	0.95783,	-0.955147,	2.68826,	-0.0843173,	-0.0505902,	-0.0184789,	-0.0308984,	-0.335815,	0.561774,	0.706273,	-0.269845
1520352410923507769,	-0.817387,	2.59412,	-0.383564,	-0.0319645,	0.0402806,	-0.00807137,	-0.00738644,	-0.0290263,	0.290865,	0.956295,	-0.956058,	2.68559,	-0.0836028,	-0.0182299,	-0.0533528,	0.01429,	-0.342769,	0.553193,	0.709975,	-0.269117
1520352410968088070,	-0.819221,	2.59255,	-0.383696,	-0.0416999,	-0.0357307,	-0.00299316,	-0.0066242,	-0.0303127,	0.295705,	0.954775,	-0.958439,	2.68371,	-0.0848746,	-0.0541031,	-0.0428347,	-0.0289028,	-0.347189,	0.551854,	0.70757,	-0.272509
1520352411016919831,	-0.820783,	2.59509,	-0.3852,	-0.0325263,	0.053045,	-0.0313393,	-0.0116092,	-0.0301304,	0.303566,	0.952263,	-0.959787,	2.68114,	-0.0834064,	-0.0280829,	-0.0533711,	0.0305859,	-0.353244,	0.544257,	0.710331,	-0.272826
1520352411062501215,	-0.82226,	2.59378,	-0.383984,	-0.0328412,	-0.0291609,	0.0270287,	-0.00804203,	-0.0334115,	0.306997,	0.95109,	-0.962817,	2.68072,	-0.0845094,	-0.0673345,	-0.0093821,	-0.0245101,	-0.35677,	0.545142,	0.706513,	-0.276361
1520352411109753892,	-0.823903,	2.59641,	-0.384986,	-0.0349496,	0.0560731,	-0.0213259,	-0.0126348,	-0.0333356,	0.31471,	0.948518,	-0.962817,	2.68072,	-0.0845094,	0,	0,	0,	-0.35677,	0.545142,	0.706513,	-0.276361
1520352411154688863,	-0.825093,	2.59597,	-0.384787,	-0.0270513,	-0.0100166,	0.00451739,	-0.00453874,	-0.0356661,	0.316157,	0.948025,	-0.964822,	2.67808,	-0.0838398,	-0.0455824,	-0.059998,	0.0152185,	-0.361502,	0.539532,	0.708297,	-0.276654
1520352411206786033,	-0.827054,	2.59697,	-0.386823,	-0.0377054,	0.0191423,	-0.0391549,	-0.0164103,	-0.0347271,	0.324943,	0.944953,	-0.966231,	2.67828,	-0.0848025,	-0.0270909,	0.00391451,	-0.018513,	-0.362733,	0.5412,	0.705068,	-0.280012
1520352411261655294,	-0.82882,	2.59913,	-0.387389,	-0.0326962,	0.0400249,	-0.0104709,	-0.0167108,	-0.0345818,	0.327681,	0.944008,	-0.968428,	2.67742,	-0.0843098,	-0.040676,	-0.016003,	0.00912408,	-0.365811,	0.538493,	0.704163,	-0.283483
1520352411309723293,	-0.829575,	2.59571,	-0.384529,	-0.0157403,	-0.0712509,	0.0595741,	-0.00873022,	-0.0353242,	0.326785,	0.944398,	-0.968428,	2.67742,	-0.0843098,	0,	0,	0,	-0.365811,	0.538493,	0.704163,	-0.283483
1520352411349283411,	-0.830668,	2.59874,	-0.384883,	-0.0280319,	0.0776038,	-0.00908073,	-0.00580934,	-0.0394256,	0.330004,	0.943138,	-0.970091,	2.67586,	-0.083289,	-0.04265,	-0.0401125,	0.0261727,	-0.369688,	0.533413,	0.70561,	-0.284456
1520352411388027939,	-0.833441,	2.60164,	-0.388596,	-0.0729523,	0.0763368,	-0.0976966,	-0.0255822,	-0.030278,	0.345155,	0.937708,	-0.971061,	2.67674,	-0.0837671,	-0.0255178,	0.0231517,	-0.0125823,	-0.370629,	0.535594,	0.70153,	-0.289186
1520352411426725724,	-0.834125,	2.60069,	-0.387862,	-0.0180133,	-0.0248834,	0.0193229,	-0.0254016,	-0.028734,	0.345399,	0.937672,	-0.97255,	2.67753,	-0.0836018,	-0.0391916,	0.0210034,	0.00435087,	-0.374056,	0.532074,	0.701832,	-0.290536
1520352411465545298,	-0.835434,	2.60316,	-0.387013,	-0.0344374,	0.0649465,	0.0223325,	-0.0269713,	-0.0346212,	0.349736,	0.93582,	-0.973963,	2.67755,	-0.084235,	-0.0371919,	0.000480672,	-0.0166628,	-0.375013,	0.53395,	0.698169,	-0.294656
1520352411522393443,	-0.835428,	2.60191,	-0.38467,	0.000100851,	-0.0223251,	0.0418423,	-0.0267491,	-0.0359619,	0.348343,	0.936295,	-0.973508,	2.6764,	-0.0838391,	0.00813857,	-0.0205311,	0.00706921,	-0.376822,	0.52854,	0.700666,	-0.296173
1520352411578891871,	-0.836443,	2.60441,	-0.387049,	-0.0181273,	0.0446076,	-0.0424831,	-0.0253053,	-0.0358692,	0.353141,	0.93454,	-0.974799,	2.67653,	-0.0846114,	-0.0230653,	0.00230992,	-0.0137913,	-0.377804,	0.52968,	0.697569,	-0.300166
1520352411618656273,	-0.837267,	2.60451,	-0.387359,	-0.0211221,	0.00264563,	-0.00796195,	-0.0219811,	-0.0337029,	0.356448,	0.933449,	-0.975224,	2.67562,	-0.0840592,	-0.010887,	-0.0233022,	0.0141594,	-0.379999,	0.525045,	0.699524,	-0.30099
1520352411666110288,	-0.838717,	2.60698,	-0.389833,	-0.0308582,	0.0525036,	-0.0526309,	-0.028602,	-0.0335685,	0.365237,	0.929869,	-0.976728,	2.67639,	-0.084702,	-0.0320019,	0.0163353,	-0.0136755,	-0.378606,	0.528406,	0.69705,	-0.302599
1520352411707285614,	-0.839037,	2.60576,	-0.389312,	-0.00780721,	-0.029774,	0.012713,	-0.0224798,	-0.0389004,	0.3624,	0.930939,	-0.976728,	2.67639,	-0.084702,	0,	0,	0,	-0.378606,	0.528406,	0.69705,	-0.302599
1520352411755661188,	-0.840435,	2.60738,	-0.390243,	-0.0291079,	0.0337814,	-0.0194047,	-0.0312508,	-0.0362424,	0.369005,	0.928194,	-0.977126,	2.67563,	-0.0841152,	-0.00829611,	-0.0157713,	0.0122241,	-0.375237,	0.527669,	0.700815,	-0.299367
1520352411812352212,	-0.839935,	2.60486,	-0.388453,	0.00892239,	-0.0450501,	0.0319645,	-0.0182989,	-0.0385063,	0.360811,	0.931664,	-0.97641,	2.67994,	-0.0840593,	0.0127934,	0.076853,	0.000999326,	-0.363673,	0.538461,	0.702601,	-0.290092
1520352411863454951,	-0.840171,	2.60568,	-0.388889,	-0.00463165,	0.0160398,	-0.00855329,	-0.0112842,	-0.0393256,	0.352414,	0.934949,	-0.974839,	2.68046,	-0.0826005,	0.0307992,	0.0102804,	0.0286022,	-0.354473,	0.545487,	0.703859,	-0.285265
1520352411906430111,	-0.840751,	2.60774,	-0.388472,	-0.013801,	0.0491507,	0.00994127,	-0.0230781,	-0.0371136,	0.347497,	0.936662,	-0.974839,	2.68046,	-0.0826005,	0,	0,	0,	-0.354473,	0.545487,	0.703859,	-0.285265
1520352411958657754,	-0.840297,	2.60551,	-0.384694,	0.00872363,	-0.0429676,	0.0726602,	-0.017144,	-0.0386459,	0.332868,	0.942025,	-0.974639,	2.68154,	-0.0815652,	0.00384505,	0.0207553,	0.0199095,	-0.350543,	0.547281,	0.707865,	-0.276642
1520352412015255517,	-0.840074,	2.60669,	-0.383524,	0.00398582,	0.0210855,	0.0208793,	-0.0118877,	-0.0385185,	0.322545,	0.945695,	-0.973393,	2.68486,	-0.0786291,	0.0222521,	0.0591725,	0.0524311,	-0.338187,	0.558904,	0.71092,	-0.260477
1520352412063577539,	-0.840444,	2.60731,	-0.381038,	-0.00771484,	0.0129562,	0.0518029,	-0.0169859,	-0.0381234,	0.311537,	0.949317,	-0.973341,	2.68727,	-0.0786954,	0.00108566,	0.0504074,	-0.00138191,	-0.330663,	0.567523,	0.710384,	-0.252853
1520352412112582277,	-0.839999,	2.60841,	-0.380876,	0.00926703,	0.0230079,	0.00336854,	-0.012728,	-0.0369148,	0.303146,	0.952144,	-0.971344,	2.6871,	-0.0798523,	0.0415949,	-0.00374088,	-0.0241019,	-0.325452,	0.569192,	0.714613,	-0.243782
1520352412159226278,	-0.839514,	2.60904,	-0.378265,	0.0105529,	0.0137083,	0.0567565,	-0.010737,	-0.0403406,	0.286022,	0.957313,	-0.971344,	2.6871,	-0.0798523,	0,	0,	0,	-0.325452,	0.569192,	0.714613,	-0.243782
1520352412207678457,	-0.83894,	2.61041,	-0.377733,	0.0119531,	0.0284095,	0.0110975,	-0.0113143,	-0.0401743,	0.277505,	0.959817,	-0.969735,	2.68805,	-0.0797821,	0.0335153,	0.0199162,	0.00146286,	-0.314001,	0.576279,	0.715795,	-0.238628
1520352412253188285,	-0.837667,	2.60981,	-0.375987,	0.0282854,	-0.0132162,	0.0387893,	-0.00612473,	-0.0409865,	0.261315,	0.964364,	-0.967087,	2.68843,	-0.0830885,	0.0588481,	0.00846053,	-0.0734762,	-0.301305,	0.582397,	0.717261,	-0.235726
1520352412309999533,	-0.836504,	2.61209,	-0.376948,	0.0207809,	0.0406744,	-0.0171581,	-0.00688145,	-0.0400843,	0.254366,	0.966252,	-0.965234,	2.68958,	-0.0764531,	0.0330912,	0.0205479,	0.118489,	-0.289817,	0.583974,	0.722043,	-0.231589
1520352412356836686,	-0.835525,	2.61019,	-0.376817,	0.0212722,	-0.0412567,	0.00283917,	0.00282743,	-0.0385181,	0.239248,	0.97019,	-0.962292,	2.68845,	-0.0743071,	0.0639522,	-0.0245996,	0.046652,	-0.275154,	0.579979,	0.732065,	-0.228023
1520352412406615546,	-0.834274,	2.61195,	-0.37711,	0.0255301,	0.0358533,	-0.00596656,	0.00675349,	-0.0392536,	0.231355,	0.972054,	-0.961659,	2.69074,	-0.0752539,	0.012924,	0.0466953,	-0.0193211,	-0.267408,	0.583733,	0.733638,	-0.22254
1520352412453336689,	-0.83406,	2.61279,	-0.376199,	0.00464447,	0.0183835,	0.0197941,	-0.00500045,	-0.0404476,	0.218366,	0.975015,	-0.960114,	2.69292,	-0.0720675,	0.0335905,	0.0473853,	0.0692687,	-0.249521,	0.582107,	0.7418,	-0.22051
1520352412499132029,	-0.833331,	2.61546,	-0.37527,	0.016217,	0.059294,	0.0206467,	-8.84017e-05,	-0.040391,	0.209358,	0.977005,	-0.960122,	2.69733,	-0.0748002,	-0.000188046,	0.0979427,	-0.0607254,	-0.240096,	0.58842,	0.741221,	-0.216119
1520352412552059580,	-0.832839,	2.61624,	-0.373947,	0.00944747,	0.0150331,	0.0254523,	-8.55807e-05,	-0.0418847,	0.194687,	0.979971,	-0.957454,	2.69724,	-0.0731017,	0.0513197,	-0.00156667,	0.0326635,	-0.228616,	0.585748,	0.748797,	-0.209612
1520352412598097630,	-0.8327,	2.61703,	-0.373224,	0.00303609,	0.0171369,	0.01571,	0.00149578,	-0.0415752,	0.186666,	0.981542,	-0.957295,	2.70196,	-0.0719264,	0.00344915,	0.102409,	0.0255483,	-0.222295,	0.591038,	0.748423,	-0.202783
1520352412644860263,	-0.831234,	2.61908,	-0.372893,	0.0318677,	0.0444352,	0.00719036,	0.00965067,	-0.0427042,	0.170999,	0.984298,	-0.955996,	2.70411,	-0.0726386,	0.0282446,	0.0468055,	-0.0154827,	-0.212129,	0.593123,	0.751182,	-0.197312
1520352412688642640,	-0.831159,	2.62029,	-0.372245,	0.00173371,	0.0283032,	0.0150715,	0.00835413,	-0.0424842,	0.163309,	0.985624,	-0.955869,	2.70901,	-0.0712042,	0.00295946,	0.113995,	0.033358,	-0.206667,	0.600609,	0.748463,	-0.190683
1520352412731627538,	-0.830023,	2.62266,	-0.371604,	0.0270637,	0.0563031,	0.0152682,	0.0147846,	-0.0411278,	0.151969,	0.987419,	-0.953231,	2.70991,	-0.0731104,	0.0627996,	0.0215087,	-0.0453841,	-0.196711,	0.603321,	0.750794,	-0.183351
1520352412776907712,	-0.829611,	2.62228,	-0.370816,	0.00914975,	-0.00844057,	0.0175002,	0.0195005,	-0.0411507,	0.136695,	0.989566,	-0.952947,	2.7129,	-0.0724722,	0.0063038,	0.066451,	0.0141815,	-0.195289,	0.611315,	0.74681,	-0.174444
1520352412822574452,	-0.829231,	2.6247,	-0.369637,	0.00843522,	0.0537177,	0.0262149,	0.0194154,	-0.0431307,	0.131001,	0.990253,	-0.951303,	2.71276,	-0.073527,	0.0365428,	-0.00326043,	-0.0234406,	-0.190283,	0.616196,	0.745839,	-0.166792
1520352412869141431,	-0.828417,	2.62609,	-0.3694,	0.0177003,	0.0302197,	0.00514291,	0.0147708,	-0.041902,	0.123695,	0.991325,	-0.950929,	2.71322,	-0.071232,	0.00813022,	0.0101309,	0.0498913,	-0.187475,	0.620131,	0.745305,	-0.157516
1520352412919549928,	-0.827801,	2.62638,	-0.369197,	0.0123264,	0.00580829,	0.00406597,	0.0138198,	-0.0412018,	0.110373,	0.99294,	-0.949672,	2.71203,	-0.072567,	0.0251291,	-0.0239109,	-0.0266999,	-0.18274,	0.622765,	0.745984,	-0.149257
1520352412967462213,	-0.827605,	2.62804,	-0.368786,	0.00417106,	0.0353083,	0.00873513,	0.0183807,	-0.0416356,	0.102847,	0.993655,	-0.949587,	2.71325,	-0.0722182,	0.00182237,	0.0261109,	0.00742132,	-0.180962,	0.625818,	0.74561,	-0.140253
1520352413025192871,	-0.827432,	2.62841,	-0.368664,	0.00303315,	0.00653078,	0.0021346,	0.0282734,	-0.0421532,	0.0905061,	0.994602,	-0.94857,	2.71194,	-0.073057,	0.0178448,	-0.0230166,	-0.0147147,	-0.175104,	0.626251,	0.748305,	-0.131098
1520352413074736382,	-0.826989,	2.62883,	-0.370042,	0.00903292,	0.00855674,	-0.0281042,	0.039802,	-0.0453417,	0.0814346,	0.994851,	-0.948383,	2.71434,	-0.0732505,	0.00381542,	0.0488989,	-0.00395042,	-0.171303,	0.629203,	0.748141,	-0.122652
1520352413123965992,	-0.827009,	2.62896,	-0.369624,	-0.000408334,	0.00275351,	0.00851489,	0.0446645,	-0.0434451,	0.0676834,	0.995759,	-0.947721,	2.71649,	-0.0734662,	0.0135046,	0.0439249,	-0.00440122,	-0.164316,	0.633301,	0.747404,	-0.115399
1520352413177711430,	-0.826907,	2.63098,	-0.369917,	0.00192055,	0.038061,	-0.00551712,	0.0486821,	-0.0429613,	0.0572413,	0.996247,	-0.947296,	2.72034,	-0.0732804,	0.00801929,	0.0726175,	0.00350538,	-0.159739,	0.638043,	0.745404,	-0.10843
1520352413227540497,	-0.827086,	2.63182,	-0.369692,	-0.0036478,	0.0172368,	0.00459592,	0.0522393,	-0.0429911,	0.0449478,	0.996696,	-0.946778,	2.72241,	-0.0735272,	0.0105619,	0.0421458,	-0.00503558,	-0.152662,	0.64188,	0.74453,	-0.101782
1520352413275406836,	-0.826688,	2.63273,	-0.369484,	0.00846535,	0.0193697,	0.00441063,	0.0513315,	-0.0421767,	0.0346562,	0.997189,	-0.946075,	2.72439,	-0.0730069,	0.0149556,	0.0421793,	0.0110694,	-0.145887,	0.644298,	0.744832,	-0.0939287
1520352413319559613,	-0.826758,	2.63382,	-0.368728,	-0.00158303,	0.0245722,	0.0171916,	0.0537723,	-0.0414754,	0.0210089,	0.99747,	-0.945638,	2.72693,	-0.0732693,	0.00994539,	0.0577008,	-0.0059633,	-0.139618,	0.649008,	0.742734,	-0.0874164
1520352413361539369,	-0.826495,	2.63459,	-0.368429,	0.00640575,	0.0189933,	0.00728484,	0.0532008,	-0.0409178,	0.00986217,	0.997696,	-0.944786,	2.72946,	-0.073164,	0.0207719,	0.0617606,	0.00256735,	-0.133915,	0.653227,	0.740782,	-0.0812594
1520352413406285622,	-0.826969,	2.63643,	-0.368709,	-0.0107568,	0.0417693,	-0.00635808,	0.0552184,	-0.0395559,	-0.00252689,	0.997687,	-0.944786,	2.72946,	-0.073164,	0,	0,	0,	-0.133915,	0.653227,	0.740782,	-0.0812594
1520352413458422755,	-0.82659,	2.63679,	-0.367758,	0.0072749,	0.00680683,	0.0182846,	0.0612277,	-0.039977,	-0.00869079,	0.997285,	-0.943908,	2.73133,	-0.0699071,	0.0168939,	0.036068,	0.0626325,	-0.125174,	0.661921,	0.735041,	-0.076859
1520352413507772669,	-0.826776,	2.6382,	-0.367744,	-0.00378541,	0.0289329,	0.000297277,	0.0437753,	-0.039654,	-0.0183254,	0.998086,	-0.942614,	2.73476,	-0.0700176,	0.0263953,	0.0699931,	-0.00225514,	-0.113208,	0.668672,	0.73109,	-0.0746248
1520352413554403649,	-0.826869,	2.63817,	-0.368314,	-0.00201811,	-0.000719895,	-0.0124071,	0.0483677,	-0.036618,	-0.0290759,	0.997735,	-0.940617,	2.7374,	-0.0703043,	0.043421,	0.0573251,	-0.00623129,	-0.0956265,	0.67892,	0.724227,	-0.0736097
1520352413599976645,	-0.827201,	2.63909,	-0.368807,	-0.00739444,	0.020414,	-0.0109563,	0.0488955,	-0.0357291,	-0.0403452,	0.997349,	-0.93971,	2.73803,	-0.0753452,	0.0201509,	0.0139863,	-0.11202,	-0.0856231,	0.684395,	0.720902,	-0.0676222
1520352413646386541,	-0.827148,	2.63826,	-0.368733,	0.00115203,	-0.0181298,	0.0016118,	0.0489802,	-0.0324872,	-0.053444,	0.99684,	-0.938812,	2.73949,	-0.0764644,	0.0195348,	0.0317873,	-0.0243301,	-0.0714509,	0.694812,	0.71273,	-0.0644024
1520352413691682894,	-0.826989,	2.63972,	-0.36836,	0.00354573,	0.03256,	0.00829697,	0.0372619,	-0.032688,	-0.0628845,	0.996789,	-0.937236,	2.74383,	-0.0789821,	0.0350212,	0.0964446,	-0.0559497,	-0.065477,	0.699434,	0.709372,	-0.0574185
1520352413756899235,	-0.826812,	2.64017,	-0.369126,	0.00272733,	0.00688049,	-0.0117913,	0.0384956,	-0.0327646,	-0.0688609,	0.996345,	-0.935766,	2.74844,	-0.0805181,	0.0226098,	0.0708262,	-0.0236305,	-0.0550639,	0.703093,	0.70706,	-0.0519082
1520352413800535657,	-0.826324,	2.6399,	-0.368626,	0.011347,	-0.00611704,	0.0116386,	0.0337366,	-0.0310318,	-0.078835,	0.995833,	-0.935725,	2.75102,	-0.0787945,	0.000959303,	0.0600576,	0.0400824,	-0.0511862,	0.703604,	0.707463,	-0.0426298
1520352413843475252,	-0.825006,	2.64172,	-0.369164,	0.031376,	0.0433004,	-0.0128061,	0.0376437,	-0.0326455,	-0.0851286,	0.995123,	-0.936272,	2.7539,	-0.079482,	-0.0130376,	0.0686434,	-0.0163692,	-0.0440995,	0.703971,	0.707903,	-0.0367933
1520352413886641422,	-0.824376,	2.64214,	-0.368792,	0.0146565,	0.00957185,	0.00863352,	0.025703,	-0.0319332,	-0.102013,	0.993938,	-0.935885,	2.75665,	-0.0799789,	0.00899857,	0.0638117,	-0.0115546,	-0.0459689,	0.703887,	0.70829,	-0.0274672
1520352413931133571,	-0.824233,	2.64266,	-0.369264,	0.00323592,	0.0118744,	-0.0107181,	0.0248493,	-0.033866,	-0.105389,	0.993544,	-0.936374,	2.75731,	-0.0817872,	-0.0111006,	0.0151385,	-0.0410983,	-0.0461237,	0.703697,	0.708769,	-0.0181705
1520352413979116606,	-0.82371,	2.64224,	-0.369015,	0.0111397,	-0.00885633,	0.00528865,	0.0232908,	-0.0340487,	-0.11147,	0.992911,	-0.936337,	2.76051,	-0.078763,	0.000781701,	0.068036,	0.0643451,	-0.0456492,	0.704158,	0.708515,	-0.00915108
1520352414026136770,	-0.823083,	2.64279,	-0.368762,	0.0133329,	0.0116071,	0.00540077,	0.0220427,	-0.035211,	-0.116264,	0.992349,	-0.937156,	2.76752,	-0.0742283,	-0.01743,	0.149085,	0.0964834,	-0.0347265,	0.709252,	0.70408,	-0.00518824
1520352414076609090,	-0.822896,	2.64358,	-0.368915,	0.00374544,	0.0159225,	-0.00307681,	0.0189151,	-0.0367117,	-0.125574,	0.991224,	-0.936561,	2.77423,	-0.0757366,	0.0118978,	0.134239,	-0.0301664,	-0.0279437,	0.713481,	0.700116,	0.00139421
1520352414128140584,	-0.823057,	2.64491,	-0.36819,	-0.00316079,	0.0260978,	0.0142191,	0.0150676,	-0.0373501,	-0.132671,	0.990342,	-0.935203,	2.78067,	-0.0756086,	0.0266439,	0.126252,	0.0025105,	-0.017421,	0.719018,	0.694744,	0.00627606
1520352414173441493,	-0.82267,	2.64707,	-0.367453,	0.00858975,	0.0479921,	0.0163858,	0.00691967,	-0.0370763,	-0.145136,	0.988693,	-0.934887,	2.78364,	-0.0766687,	0.00702343,	0.0660736,	-0.0235587,	-0.00883276,	0.720336,	0.693447,	0.0130258
1520352414214274963,	-0.822544,	2.64782,	-0.366562,	0.00315264,	0.018739,	0.0222683,	0.00467287,	-0.0364914,	-0.151788,	0.987728,	-0.933343,	2.78669,	-0.0766236,	0.0386011,	0.0761164,	0.00112697,	-0.000498924,	0.721418,	0.692239,	0.0189721
1520352414260528520,	-0.822016,	2.65026,	-0.366457,	0.0114844,	0.0530654,	0.00227625,	0.00444805,	-0.0371346,	-0.16036,	0.98635,	-0.933343,	2.78669,	-0.0766236,	0,	0,	0,	-0.000498924,	0.721418,	0.692239,	0.0189721
1520352414306602373,	-0.821865,	2.65156,	-0.365687,	0.00328123,	0.0280891,	0.0167508,	0.0139006,	-0.0339401,	-0.16803,	0.985099,	-0.933591,	2.78761,	-0.0764364,	-0.00540649,	0.0200389,	0.00406917,	0.00791005,	0.720056,	0.693397,	0.0256358
1520352414350354057,	-0.82173,	2.65193,	-0.365108,	0.00314372,	0.00863773,	0.013463,	-0.00586397,	-0.0354563,	-0.175093,	0.983896,	-0.933855,	2.78743,	-0.0770953,	-0.00614611,	-0.00402382,	-0.0153227,	0.0165563,	0.716731,	0.696421,	0.0319365
1520352414394622068,	-0.821096,	2.65336,	-0.365637,	0.0144001,	0.0324931,	-0.0120312,	-0.00690633,	-0.037446,	-0.185839,	0.981842,	-0.933589,	2.78812,	-0.0769911,	0.00605104,	0.0155384,	0.00236812,	0.018823,	0.712317,	0.700393,	0.0412345
1520352414441979026,	-0.820551,	2.65347,	-0.367147,	0.0115963,	0.00230826,	-0.0321168,	0.000455915,	-0.0384366,	-0.189105,	0.981204,	-0.933336,	2.7891,	-0.0772049,	0.00539608,	0.020962,	-0.00454861,	0.0238219,	0.710206,	0.702065,	0.0463196
1520352414492334760,	-0.819905,	2.65314,	-0.366658,	0.0129188,	-0.00656531,	0.00978131,	-0.000497716,	-0.0394482,	-0.193294,	0.980347,	-0.932118,	2.79306,	-0.077743,	0.0243518,	0.0792289,	-0.0107616,	0.0275591,	0.710421,	0.70121,	0.0533552
1520352414548878954,	-0.819117,	2.65534,	-0.369127,	0.0140872,	0.0392841,	-0.0440869,	0.00673207,	-0.0393677,	-0.201956,	0.97858,	-0.931313,	2.79466,	-0.0798005,	0.0143715,	0.0285048,	-0.0367412,	0.032709,	0.710421,	0.700518,	0.0592146
1520352414594184986,	-0.818456,	2.65454,	-0.366748,	0.0146714,	-0.0177589,	0.052858,	0.00396777,	-0.0413758,	-0.206459,	0.977572,	-0.929703,	2.79705,	-0.0794637,	0.0357763,	0.0530007,	0.00748397,	0.0354645,	0.710309,	0.699681,	0.0681865
1520352414643885367,	-0.817701,	2.65649,	-0.368893,	0.0154197,	0.0398243,	-0.0437719,	0.00335908,	-0.0389673,	-0.216682,	0.975458,	-0.92741,	2.79864,	-0.0810287,	0.0468019,	0.0324864,	-0.0319382,	0.0380643,	0.712054,	0.697126,	0.0744701
1520352414688659376,	-0.817067,	2.65741,	-0.366591,	0.0143991,	0.0208907,	0.0523132,	-0.0012615,	-0.0401379,	-0.222274,	0.974157,	-0.925297,	2.80209,	-0.0789312,	0.0480229,	0.078381,	0.0476698,	0.041243,	0.714689,	0.693627,	0.0800057
1520352414730048906,	-0.815482,	2.6588,	-0.368183,	0.0386726,	0.0339148,	-0.0388322,	-0.0142348,	-0.0394494,	-0.231523,	0.971925,	-0.923571,	2.80519,	-0.0789465,	0.0421083,	0.0756703,	-0.000371479,	0.0468026,	0.71591,	0.69139,	0.0852194
1520352414774058962,	-0.81448,	2.65875,	-0.367639,	0.0227605,	-0.00102573,	0.0123766,	-0.0136548,	-0.0385416,	-0.237085,	0.970628,	-0.922241,	2.80819,	-0.0785096,	0.0302117,	0.0681579,	0.00992761,	0.0503418,	0.717,	0.689339,	0.0904896
1520352414820512151,	-0.813564,	2.65986,	-0.367916,	0.0199166,	0.024112,	-0.00602373,	-0.0125508,	-0.0356431,	-0.242034,	0.969532,	-0.921744,	2.81085,	-0.0793058,	0.010811,	0.0578555,	-0.0173071,	0.0531953,	0.718183,	0.68704,	0.0967413
1520352414863193014,	-0.812381,	2.66061,	-0.366228,	0.0281579,	0.0177092,	0.040179,	-0.00826854,	-0.0287419,	-0.250987,	0.967528,	-0.921338,	2.81426,	-0.079023,	0.00965376,	0.0812979,	0.0067323,	0.0569137,	0.719087,	0.684736,	0.103976
1520352414924491590,	-0.811618,	2.6627,	-0.366731,	0.0125191,	0.0343066,	-0.00824633,	-0.0151016,	-0.0394752,	-0.253527,	0.966404,	-0.921385,	2.81683,	-0.0785185,	-0.000761729,	0.0420319,	0.00827129,	0.0618495,	0.719594,	0.682828,	0.110025
1520352414965825775,	-0.810914,	2.66275,	-0.366423,	0.0171551,	0.00123228,	0.00750923,	-0.0176113,	-0.0376685,	-0.260943,	0.964458,	-0.921464,	2.81882,	-0.0795582,	-0.00191753,	0.0485444,	-0.0253597,	0.0651174,	0.719779,	0.681134,	0.117195
1520352415015068201,	-0.81055,	2.66317,	-0.363273,	0.00743761,	0.00861337,	0.0642942,	-0.0174983,	-0.036418,	-0.272346,	0.961351,	-0.921596,	2.81949,	-0.0800524,	-0.00270796,	0.0137766,	-0.010086,	0.0696585,	0.719087,	0.680245,	0.123804
1520352415061876833,	-0.810208,	2.665,	-0.362361,	0.00742325,	0.0397449,	0.019832,	-0.0185599,	-0.0456341,	-0.276352,	0.959793,	-0.921819,	2.82011,	-0.080874,	-0.00485304,	0.0133743,	-0.0178604,	0.073376,	0.718017,	0.679709,	0.130629
1520352415105179356,	-0.774867,	0.437486,	-0.010489,	0.821889,	-51.8027,	8.18306,	0.623695,	0.143971,	0.046759,	0.766871,	-0.921819,	2.82011,	-0.080874,	0,	0,	0,	0.073376,	0.718017,	0.679709,	0.130629
1520352415153945285,	-0.809639,	2.66495,	-0.362948,	-0.724403,	46.4056,	-7.3429,	-0.0216704,	-0.0434071,	-0.296792,	0.953709,	-0.921108,	2.82007,	-0.0822719,	0.0148232,	-0.000761683,	-0.0291233,	0.078347,	0.718032,	0.678165,	0.135586
1520352415204997642,	-0.809247,	2.6641,	-0.360123,	0.00768328,	-0.0167361,	0.0553903,	-0.0254123,	-0.0428412,	-0.29775,	0.953344,	-0.919537,	2.82161,	-0.0829045,	0.0308127,	0.030204,	-0.0124039,	0.084036,	0.719484,	0.675126,	0.139588
1520352415251881883,	-0.809271,	2.66469,	-0.365077,	-0.000532221,	0.0127536,	-0.107686,	-0.0262921,	-0.0430131,	-0.30243,	0.951838,	-0.918316,	2.82405,	-0.0830825,	0.0265347,	0.052995,	-0.00386984,	0.0892527,	0.720881,	0.672066,	0.14385
1520352415291662135,	-0.809246,	2.66513,	-0.363473,	0.000635079,	0.0113448,	0.0411351,	-0.0340998,	-0.0398,	-0.311707,	0.948732,	-0.918474,	2.82644,	-0.0828454,	-0.00404217,	0.0612822,	0.00608101,	0.0908762,	0.722385,	0.669749,	0.146074
1520352415335436978,	-0.81054,	2.67182,	-0.366819,	-0.0300736,	0.155582,	-0.0778138,	-0.0468323,	-0.048598,	-0.358665,	0.931023,	-0.919142,	2.82844,	-0.0828582,	-0.0155555,	0.0466037,	-0.000297746,	0.0904364,	0.724111,	0.668088,	0.145404
1520352415378283457,	-0.81051,	2.67096,	-0.365618,	0.000692988,	-0.0205878,	0.0285961,	-0.0421326,	-0.0452569,	-0.350585,	0.934487,	-0.921269,	2.82814,	-0.0821125,	-0.050624,	-0.00712588,	0.0177536,	0.0863659,	0.723779,	0.669587,	0.142609
1520352415427516043,	-0.811668,	2.67104,	-0.369755,	-0.0236209,	0.00175944,	-0.0844308,	-0.041635,	-0.0411608,	-0.360299,	0.930998,	-0.923625,	2.8261,	-0.0811557,	-0.0480902,	-0.0417021,	0.0195266,	0.0786823,	0.721163,	0.674392,	0.137582
1520352415468189683,	-0.812488,	2.67354,	-0.367354,	-0.0205047,	0.0625345,	0.0600152,	-0.0632228,	-0.0453576,	-0.353153,	0.932324,	-0.925561,	2.82324,	-0.0805853,	-0.0484017,	-0.0715877,	0.0142615,	0.0705037,	0.717579,	0.680115,	0.132486
1520352415507795741,	-0.81301,	2.67104,	-0.36898,	-0.0133698,	-0.06425,	-0.0416798,	-0.0470149,	-0.0463345,	-0.349442,	0.93463,	-0.925561,	2.82324,	-0.0805853,	0,	0,	0,	0.0705037,	0.717579,	0.680115,	0.132486
1520352415553554185,	-0.812259,	2.66486,	-0.363273,	0.0166802,	-0.137361,	0.126808,	-0.0174302,	-0.0436343,	-0.295583,	0.954161,	-0.925603,	2.82103,	-0.0805062,	-0.000921359,	-0.0489969,	0.00175754,	0.0619456,	0.716097,	0.684005,	0.124519
1520352415594958237,	-0.811998,	2.66316,	-0.361682,	0.00635975,	-0.0414161,	0.0388155,	-0.0241722,	-0.047889,	-0.284977,	0.957032,	-0.925437,	2.81987,	-0.0799559,	0.00402777,	-0.0284351,	0.01342,	0.0550109,	0.715019,	0.687271,	0.115678
1520352415646818375,	-0.811462,	2.66444,	-0.36812,	0.0105062,	0.0252026,	-0.126243,	-0.00455127,	-0.0494209,	-0.28114,	0.958383,	-0.924142,	2.81985,	-0.079163,	0.0253976,	-0.000305806,	0.0155471,	0.0506217,	0.71508,	0.689053,	0.106321
1520352415688036444,	-0.810465,	2.65966,	-0.366647,	0.0243235,	-0.116553,	0.0359265,	-0.0252678,	-0.0455317,	-0.270156,	0.961407,	-0.922669,	2.82052,	-0.0799046,	0.0359315,	0.0164068,	-0.0180859,	0.0456494,	0.716199,	0.689461,	0.0980782
1520352415735582924,	-0.81017,	2.66297,	-0.371091,	0.00627643,	0.0702662,	-0.0945357,	-0.0406362,	-0.0500925,	-0.277645,	0.958516,	-0.920793,	2.82179,	-0.0806527,	0.0399116,	0.0269652,	-0.015917,	0.0389539,	0.718621,	0.688622,	0.088691
1520352415781917778,	-0.807946,	2.65761,	-0.370349,	0.0483568,	-0.116569,	0.0161212,	-0.0355525,	-0.0430314,	-0.253679,	0.965677,	-0.918343,	2.82373,	-0.0806728,	0.0532549,	0.0421558,	-0.000438228,	0.0325913,	0.721733,	0.686969,	0.0781848
1520352415827537500,	-0.805947,	2.65858,	-0.36934,	0.0444234,	0.0217541,	0.0224149,	-0.0382064,	-0.0383091,	-0.241045,	0.969005,	-0.915454,	2.82679,	-0.0799816,	0.0642042,	0.0680769,	0.0153603,	0.0277042,	0.72445,	0.68563,	0.0656955
1520352415875599486,	-0.805188,	2.65826,	-0.370611,	0.0158098,	-0.0068278,	-0.0264811,	-0.0464634,	-0.0400879,	-0.233325,	0.97046,	-0.912993,	2.82828,	-0.0806446,	0.051286,	0.0309741,	-0.0138118,	0.0213428,	0.725474,	0.685787,	0.0541004
1520352415927360816,	-0.8024,	2.65519,	-0.368523,	0.0546589,	-0.0601875,	0.0409441,	-0.0488538,	-0.0359543,	-0.226482,	0.972125,	-0.911048,	2.82924,	-0.0790866,	0.0381332,	0.0188575,	0.0305478,	0.0177781,	0.72377,	0.68858,	0.0412188
1520352415976154074,	-0.800252,	2.65503,	-0.368991,	0.044759,	-0.00331349,	-0.00975354,	-0.0539521,	-0.0309305,	-0.211006,	0.975505,	-0.91026,	2.82905,	-0.08097,	0.0164066,	-0.00395679,	-0.0392357,	0.0103029,	0.721176,	0.691993,	0.0307482
1520352416028600880,	-0.797605,	2.65201,	-0.370755,	0.0509007,	-0.0579963,	-0.0339131,	-0.0547955,	-0.0310177,	-0.203778,	0.97699,	-0.909632,	2.82859,	-0.0813352,	0.0120771,	-0.00891622,	-0.00702398,	0.00663146,	0.720706,	0.692983,	0.0176754
1520352416076170848,	-0.79598,	2.65269,	-0.37205,	0.0345729,	0.0143543,	-0.0275529,	-0.0515324,	-0.0312193,	-0.186505,	0.980605,	-0.908951,	2.82622,	-0.0842848,	0.0145014,	-0.0503132,	-0.0627573,	-0.00544406,	0.719868,	0.694024,	0.00956438
1520352416120637072,	-0.794449,	2.65011,	-0.371691,	0.0347857,	-0.0584465,	0.00815126,	-0.0504202,	-0.0295409,	-0.178668,	0.982173,	-0.908549,	2.82625,	-0.0858768,	0.00912153,	0.000564017,	-0.0361828,	-0.0169565,	0.72086,	0.692872,	0.00142055
1520352416166076685,	-0.793191,	2.64843,	-0.371444,	0.027967,	-0.037339,	0.00549528,	-0.0435799,	-0.026154,	-0.162065,	0.98547,	-0.908583,	2.82724,	-0.0838332,	-0.000745471,	0.0220864,	0.0454143,	-0.0282804,	0.721612,	0.691688,	-0.00666965
1520352416218551287,	-0.791731,	2.64794,	-0.371888,	0.0280747,	-0.00958023,	-0.00853657,	-0.0485439,	-0.0285716,	-0.154442,	0.986395,	-0.908555,	2.82754,	-0.0841059,	0.000527375,	0.00573003,	-0.00524454,	-0.0396115,	0.722234,	0.690342,	-0.0153821
1520352416267826656,	-0.79027,	2.64764,	-0.370622,	0.029814,	-0.00611367,	0.0258367,	-0.0366897,	-0.0286713,	-0.137357,	0.989427,	-0.909724,	2.82754,	-0.0830444,	-0.0238489,	4.82123e-05,	0.0216633,	-0.051085,	0.721244,	0.690391,	-0.0236034
1520352416313710405,	-0.789116,	2.64755,	-0.371204,	0.0256438,	-0.00187871,	-0.0129384,	-0.035369,	-0.0288007,	-0.128771,	0.990625,	-0.910548,	2.8263,	-0.0830807,	-0.0183174,	-0.0276271,	-0.000805745,	-0.0620708,	0.71888,	0.691639,	-0.0315378
1520352416361638007,	-0.788726,	2.64653,	-0.371775,	0.00829382,	-0.0217671,	-0.012155,	-0.0498321,	-0.0263123,	-0.117501,	0.991473,	-0.911959,	2.8252,	-0.0820665,	-0.0300105,	-0.0234879,	0.0215773,	-0.0738261,	0.71563,	0.693424,	-0.0398375
1520352416408254324,	-0.788011,	2.64803,	-0.372127,	0.0155476,	0.0327323,	-0.0076372,	-0.0443039,	-0.0298355,	-0.105043,	0.993032,	-0.911959,	2.8252,	-0.0820665,	0,	0,	0,	-0.0738261,	0.71563,	0.693424,	-0.0398375
1520352416452638391,	-0.787573,	2.6458,	-0.370971,	0.0099624,	-0.0507002,	0.0262549,	-0.0398415,	-0.027813,	-0.0939204,	0.994393,	-0.913212,	2.82389,	-0.0818664,	-0.0284873,	-0.0297018,	0.00454842,	-0.0839788,	0.71331,	0.694189,	-0.0473154
1520352416495912865,	-0.787382,	2.6452,	-0.371313,	0.00443766,	-0.0140253,	-0.00795223,	-0.0344104,	-0.0307188,	-0.0810197,	0.995645,	-0.914873,	2.82176,	-0.0811603,	-0.0386208,	-0.0493979,	0.0164201,	-0.093998,	0.710473,	0.695282,	-0.0545364
1520352416540243981,	-0.787178,	2.64455,	-0.371619,	0.00463615,	-0.0147752,	-0.00695111,	-0.0340707,	-0.0313906,	-0.0713585,	0.996374,	-0.916407,	2.81969,	-0.0804216,	-0.0348748,	-0.04708,	0.0167903,	-0.102298,	0.707202,	0.696886,	-0.0612434
1520352416581407505,	-0.787183,	2.64414,	-0.3709,	-0.00012815,	-0.0100776,	0.0175318,	-0.0320752,	-0.0323917,	-0.0628843,	0.996979,	-0.917949,	2.81756,	-0.0799403,	-0.0376111,	-0.0521007,	0.0117385,	-0.110628,	0.704184,	0.698067,	-0.0677455
1520352416626729441,	-0.787367,	2.64354,	-0.370228,	-0.00409329,	-0.0133281,	0.0149392,	-0.0337623,	-0.0344432,	-0.0480327,	0.997681,	-0.919276,	2.81647,	-0.0794257,	-0.029483,	-0.024143,	0.0114342,	-0.118209,	0.702591,	0.697751,	-0.0744027
1520352416671575136,	-0.787408,	2.64176,	-0.370849,	-0.000911979,	-0.0402955,	-0.0141162,	-0.024582,	-0.0337315,	-0.0455419,	0.99809,	-0.920921,	2.81615,	-0.0785977,	-0.0373813,	-0.00736929,	0.018819,	-0.125654,	0.701277,	0.697072,	-0.080695
1520352416718245007,	-0.787652,	2.64322,	-0.369167,	-0.00530379,	0.0315715,	0.0365727,	-0.0246487,	-0.0347117,	-0.0322303,	0.998573,	-0.923095,	2.81506,	-0.077484,	-0.0472592,	-0.0236409,	0.0242121,	-0.133321,	0.699425,	0.696635,	-0.0879136
1520352416764095015,	-0.788358,	2.64051,	-0.369162,	-0.0156949,	-0.0600582,	0.000115604,	-0.0222857,	-0.0339627,	-0.0234376,	0.9989,	-0.925125,	2.8125,	-0.0764868,	-0.0451044,	-0.0569111,	0.0221587,	-0.141638,	0.695739,	0.697804,	-0.0946287
1520352416811020044,	-0.788822,	2.64155,	-0.36794,	-0.0100939,	0.022468,	0.026567,	-0.0326926,	-0.0355869,	-0.00923812,	0.998789,	-0.925125,	2.8125,	-0.0764868,	0,	0,	0,	-0.141638,	0.695739,	0.697804,	-0.0946287
1520352416864671841,	-0.789612,	2.64126,	-0.367545,	-0.0148986,	-0.00537724,	0.0074525,	-0.0211911,	-0.0347649,	-0.0016131,	0.99917,	-0.926263,	2.80574,	-0.0745953,	-0.0214716,	-0.127523,	0.0356898,	-0.152318,	0.698465,	0.690316,	-0.111402
1520352416915866020,	-0.790317,	2.64003,	-0.36644,	-0.0138303,	-0.0241406,	0.0216633,	-0.0138031,	-0.034162,	0.00926907,	0.999278,	-0.925831,	2.80141,	-0.0754925,	0.00846975,	-0.0848613,	-0.0175922,	-0.156335,	0.700234,	0.686511,	-0.118043
1520352416960749924,	-0.790574,	2.63785,	-0.365159,	-0.0058366,	-0.0494818,	0.0291164,	-0.0186915,	-0.0306596,	0.0269386,	0.998992,	-0.925831,	2.80141,	-0.0754925,	0,	0,	0,	-0.156335,	0.700234,	0.686511,	-0.118043
1520352417013360354,	-0.790341,	2.63806,	-0.367154,	0.00446951,	0.00389889,	-0.0383729,	-0.000836459,	-0.034793,	0.0401985,	0.998585,	-0.923816,	2.79546,	-0.0804433,	0.0387486,	-0.11444,	-0.0952089,	-0.165823,	0.698375,	0.684018,	-0.129981
1520352417063172378,	-0.7904,	2.63708,	-0.366667,	-0.00119559,	-0.0198856,	0.00993175,	-0.00638628,	-0.0316112,	0.0433784,	0.998538,	-0.922281,	2.79347,	-0.0803223,	0.031325,	-0.0406778,	0.00246975,	-0.170171,	0.694823,	0.685581,	-0.135061
1520352417110859555,	-0.789778,	2.63644,	-0.36736,	0.0132427,	-0.013589,	-0.0147349,	0.00327223,	-0.0286954,	0.0467381,	0.99849,	-0.922281,	2.79347,	-0.0803223,	0,	0,	0,	-0.170171,	0.694823,	0.685581,	-0.135061
1520352417157092262,	-0.789582,	2.63613,	-0.367859,	0.00426337,	-0.00674394,	-0.0108552,	-0.00450211,	-0.0280022,	0.0604019,	0.997771,	-0.921988,	2.79182,	-0.0807499,	0.00636451,	-0.0357117,	-0.00929619,	-0.174854,	0.691015,	0.687173,	-0.140422
1520352417200351073,	-0.788835,	2.63534,	-0.36829,	0.0173503,	-0.01836,	-0.0100162,	-0.0105714,	-0.0247461,	0.0688137,	0.997267,	-0.91976,	2.7885,	-0.0796958,	0.0518062,	-0.077351,	0.0245144,	-0.178369,	0.685219,	0.691003,	-0.145514
1520352417246272239,	-0.787873,	2.63293,	-0.369491,	0.0213866,	-0.0537479,	-0.0266987,	0.00715929,	-0.0231767,	0.0769893,	0.996737,	-0.918204,	2.78397,	-0.0800683,	0.0345809,	-0.1006,	-0.00827685,	-0.18184,	0.678283,	0.696002,	-0.149828
1520352417293317055,	-0.787244,	2.63221,	-0.36972,	0.013384,	-0.0151839,	-0.00485976,	0.00315202,	-0.0220465,	0.0825521,	0.996338,	-0.914752,	2.7777,	-0.0788539,	0.0734427,	-0.133477,	0.0258372,	-0.186288,	0.672765,	0.698677,	-0.156634
1520352417352166499,	-0.786414,	2.63092,	-0.372187,	0.0143182,	-0.0223171,	-0.0425373,	0.0184382,	-0.0212355,	0.0867918,	0.995829,	-0.911397,	2.77201,	-0.0804926,	0.0578585,	-0.0980523,	-0.0282539,	-0.19026,	0.67152,	0.697652,	-0.16169
1520352417395291035,	-0.783905,	2.62729,	-0.373032,	0.0583339,	-0.0843946,	-0.0196508,	0.0292381,	-0.0186784,	0.0996022,	0.994422,	-0.907426,	2.7673,	-0.0864796,	0.0923365,	-0.109478,	-0.139231,	-0.193094,	0.66397,	0.703201,	-0.16543
1520352417440416379,	-0.780144,	2.62591,	-0.375204,	0.0835776,	-0.0306165,	-0.0482752,	0.040029,	-0.0167098,	0.109143,	0.993079,	-0.904984,	2.76642,	-0.0893742,	0.0542812,	-0.0195979,	-0.0643261,	-0.192635,	0.661248,	0.704937,	-0.169429
1520352417483012213,	-0.778956,	2.6267,	-0.378022,	0.0282908,	0.0187992,	-0.0670808,	0.0415209,	-0.0148258,	0.111588,	0.992776,	-0.902824,	2.76784,	-0.0907433,	0.0514215,	0.0336752,	-0.0325971,	-0.192416,	0.662072,	0.702997,	-0.174446
1520352417526962901,	-0.777634,	2.62484,	-0.380185,	0.0307473,	-0.0432612,	-0.050317,	0.0515914,	-0.00961941,	0.109709,	0.992577,	-0.901941,	2.77019,	-0.092477,	0.0205263,	0.0546783,	-0.040319,	-0.190346,	0.663498,	0.701472,	-0.177413
1520352417568768154,	-0.776884,	2.62407,	-0.382694,	0.0182822,	-0.0186894,	-0.0611886,	0.0497217,	-0.00638565,	0.110933,	0.992563,	-0.901456,	2.76942,	-0.093515,	0.0118257,	-0.0187761,	-0.0253175,	-0.191051,	0.663727,	0.700837,	-0.178307
1520352417612187576,	-0.776691,	2.62246,	-0.38385,	0.00449422,	-0.0375697,	-0.0268788,	0.0427404,	-0.00369189,	0.110858,	0.99291,	-0.902013,	2.76823,	-0.0941032,	-0.0129394,	-0.0276947,	-0.0136781,	-0.192455,	0.662026,	0.702192,	-0.177788
1520352417662132772,	-0.775933,	2.62317,	-0.385203,	0.0154771,	0.0145972,	-0.0276077,	0.0426622,	-0.00393048,	0.110879,	0.99291,	-0.902294,	2.76556,	-0.0940208,	-0.00574795,	-0.0545152,	0.00168091,	-0.195812,	0.657891,	0.705599,	-0.175974
1520352417709423975,	-0.775813,	2.62344,	-0.38546,	0.00253797,	0.00573804,	-0.00546989,	0.0328542,	-0.00400506,	0.111008,	0.993268,	-0.902294,	2.76556,	-0.0940208,	0,	0,	0,	-0.195812,	0.657891,	0.705599,	-0.175974
1520352417759476413,	-0.775815,	2.6238,	-0.384208,	-3.23795e-05,	0.00704263,	0.0250383,	0.0152296,	-0.00836698,	0.11944,	0.992689,	-0.903703,	2.76428,	-0.0938209,	-0.0281768,	-0.0255745,	0.00399789,	-0.199099,	0.653851,	0.708385,	-0.176153
1520352417802199555,	-0.775837,	2.62266,	-0.38684,	-0.000517426,	-0.0269734,	-0.0626714,	0.0320088,	-0.00935483,	0.122667,	0.991887,	-0.905007,	2.76169,	-0.0936314,	-0.0310479,	-0.0615702,	0.00451298,	-0.202051,	0.650532,	0.711021,	-0.174452
1520352417849573603,	-0.776164,	2.6233,	-0.385327,	-0.00696543,	0.0136442,	0.0321866,	0.0393647,	-0.0130743,	0.120858,	0.991803,	-0.906749,	2.76225,	-0.0935034,	-0.0370691,	0.0118916,	0.00272338,	-0.202468,	0.649184,	0.712491,	-0.172981
1520352417898645121,	-0.776695,	2.62296,	-0.385634,	-0.0108347,	-0.00697145,	-0.00626278,	0.0336332,	-0.0152802,	0.1219,	0.991855,	-0.907697,	2.76154,	-0.0933259,	-0.0193315,	-0.0145749,	0.00362263,	-0.203156,	0.648206,	0.71339,	-0.172136
1520352417944132535,	-0.777374,	2.62242,	-0.386043,	-0.0150822,	-0.0121159,	-0.00909216,	0.0427175,	-0.0177252,	0.121954,	0.991458,	-0.90932,	2.76154,	-0.0927036,	-0.0360818,	2.58652e-05,	0.0138285,	-0.203448,	0.64816,	0.713582,	-0.171166
1520352417986193028,	-0.777687,	2.62298,	-0.384959,	-0.00746745,	0.0134697,	0.0258204,	0.035259,	-0.0176616,	0.121506,	0.991807,	-0.90883,	2.76133,	-0.092279,	0.0116856,	-0.00495233,	0.0101101,	-0.202597,	0.647062,	0.715153,	-0.169769
1520352418033562192,	-0.778061,	2.62162,	-0.384915,	-0.00795554,	-0.0289336,	0.000936547,	0.0411206,	-0.0195912,	0.11707,	0.992079,	-0.908691,	2.76184,	-0.0915893,	0.00295224,	0.0108633,	0.0146747,	-0.20043,	0.646638,	0.716289,	-0.169167
1520352418080086650,	-0.777879,	2.622,	-0.384064,	0.00396183,	0.00819803,	0.0184998,	0.0442211,	-0.0203897,	0.119721,	0.991613,	-0.908216,	2.76311,	-0.090926,	0.0103137,	0.0276031,	0.0144199,	-0.199704,	0.647808,	0.715544,	-0.168701
1520352418126547294,	-0.777642,	2.62274,	-0.383912,	0.00515237,	0.0160612,	0.00330663,	0.0401872,	-0.0189429,	0.116323,	0.992217,	-0.907882,	2.76539,	-0.0908592,	0.00726524,	0.0496301,	0.00145012,	-0.197802,	0.650578,	0.713368,	-0.169499
1520352418173770537,	-0.777226,	2.62222,	-0.38465,	0.00886169,	-0.0110637,	-0.0157068,	0.0565158,	-0.0179903,	0.110881,	0.992062,	-0.907446,	2.76751,	-0.090154,	0.00927058,	0.0451529,	0.0150043,	-0.196927,	0.652896,	0.711474,	-0.169563
1520352418216532267,	-0.777391,	2.62278,	-0.382781,	-0.0039415,	0.013416,	0.0445016,	0.0305462,	-0.0169425,	0.115185,	0.99273,	-0.907286,	2.7699,	-0.0901034,	0.00382571,	0.0568248,	0.00120697,	-0.195944,	0.6548,	0.709627,	-0.171095
1520352418263584992,	-0.77714,	2.62506,	-0.38256,	0.00534802,	0.0483752,	0.00469128,	0.0269518,	-0.0160604,	0.114572,	0.992919,	-0.906748,	2.77187,	-0.0900229,	0.0114503,	0.0418136,	0.00171182,	-0.196374,	0.655257,	0.708827,	-0.172164
1520352418319880026,	-0.776934,	2.62574,	-0.382231,	0.00367334,	0.0122657,	0.00587746,	0.024317,	-0.0144526,	0.111116,	0.993405,	-0.906736,	2.77411,	-0.0905228,	0.000203462,	0.0400113,	-0.00892648,	-0.196836,	0.655974,	0.707685,	-0.173597
1520352418370728498,	-0.777111,	2.62653,	-0.381366,	-0.00354393,	0.0156769,	0.0173135,	0.0156435,	-0.0143707,	0.115953,	0.993027,	-0.907084,	2.77593,	-0.0897075,	-0.00695561,	0.0364904,	0.0163048,	-0.197763,	0.656629,	0.706721,	-0.173992
1520352418417857594,	-0.777299,	2.62727,	-0.381588,	-0.00400215,	0.0159029,	-0.00472626,	0.0229093,	-0.0122212,	0.116619,	0.992837,	-0.907773,	2.77764,	-0.0894153,	-0.0146562,	0.0364328,	0.00621698,	-0.197904,	0.657737,	0.705525,	-0.174501
1520352418460565346,	-0.777361,	2.62852,	-0.381064,	-0.00147447,	0.0297393,	0.0124695,	0.0162959,	-0.0118671,	0.11803,	0.992805,	-0.907773,	2.77764,	-0.0894153,	0,	0,	0,	-0.197904,	0.657737,	0.705525,	-0.174501
1520352418505279162,	-0.777859,	2.62939,	-0.381546,	-0.0113163,	0.0197943,	-0.0109495,	0.0277058,	-0.0128009,	0.117865,	0.992561,	-0.908284,	2.77793,	-0.0888331,	-0.0116101,	0.00644428,	0.0132317,	-0.198809,	0.657755,	0.70535,	-0.174112
1520352418552842629,	-0.778392,	2.6302,	-0.381024,	-0.0113375,	0.0171096,	0.0111099,	0.0175902,	-0.0139142,	0.118943,	0.992648,	-0.908927,	2.7776,	-0.0885042,	-0.013685,	-0.00688852,	0.00699919,	-0.198266,	0.657337,	0.706152,	-0.173057
1520352418599473106,	-0.778793,	2.62983,	-0.379975,	-0.0087261,	-0.0079992,	0.0228014,	0.0162401,	-0.0133735,	0.118312,	0.992754,	-0.909347,	2.77708,	-0.0884589,	-0.00914057,	-0.0113037,	0.000984866,	-0.198711,	0.657039,	0.706586,	-0.171898
1520352418651773671,	-0.778575,	2.62999,	-0.380003,	0.00420651,	0.00297193,	-0.000538853,	0.0325419,	-0.0117473,	0.111868,	0.993121,	-0.909994,	2.77747,	-0.0883791,	-0.0124411,	0.0074317,	0.00153475,	-0.197689,	0.658151,	0.705983,	-0.1713
1520352418694647878,	-0.7794,	2.63003,	-0.380468,	-0.01964,	0.00101927,	-0.0110784,	0.0286261,	-0.014054,	0.112157,	0.993179,	-0.909875,	2.77775,	-0.0868713,	0.00284211,	0.00675188,	0.0358985,	-0.196513,	0.663361,	0.701416,	-0.171317
1520352418737297894,	-0.779994,	2.63009,	-0.381901,	-0.0141516,	0.00135945,	-0.0341205,	0.027945,	-0.0144727,	0.108857,	0.993559,	-0.909587,	2.77547,	-0.0872596,	0.00685737,	-0.0543535,	-0.00924495,	-0.194794,	0.671387,	0.694119,	-0.171738
1520352418778458510,	-0.780118,	2.63003,	-0.380479,	-0.00301678,	-0.00140417,	0.0346825,	0.0281142,	-0.0137469,	0.112979,	0.993104,	-0.909733,	2.77599,	-0.0898303,	-0.00357149,	0.0127892,	-0.0627,	-0.193301,	0.675081,	0.690948,	-0.171728
1520352418819544539,	-0.780688,	2.63005,	-0.381078,	-0.0139076,	0.000615725,	-0.0146121,	0.0275623,	-0.0124788,	0.112394,	0.993203,	-0.908639,	2.77496,	-0.0909942,	0.0266814,	-0.0252475,	-0.0283866,	-0.191892,	0.678634,	0.687783,	-0.17201
1520352418867084995,	-0.781399,	2.62978,	-0.381122,	-0.015141,	-0.0058721,	-0.000932872,	0.0257612,	-0.0116529,	0.111262,	0.993389,	-0.907796,	2.7721,	-0.0918028,	0.017946,	-0.0608589,	-0.0172048,	-0.19109,	0.683779,	0.682966,	-0.17172
1520352418909143521,	-0.781605,	2.63014,	-0.380818,	-0.00489568,	0.00856169,	0.0072426,	0.0201871,	-0.0111603,	0.109845,	0.993681,	-0.907796,	2.7721,	-0.0918028,	0,	0,	0,	-0.19109,	0.683779,	0.682966,	-0.17172
1520352418959425559,	-0.782236,	2.62931,	-0.38095,	-0.0126187,	-0.0166061,	-0.0026404,	0.0244049,	-0.0106701,	0.107823,	0.993813,	-0.90811,	2.77018,	-0.0920821,	-0.00628585,	-0.0383537,	-0.00558607,	-0.190676,	0.689076,	0.677938,	-0.170932
1520352419010991868,	-0.782405,	2.62853,	-0.381787,	-0.00331696,	-0.015235,	-0.0164029,	0.039461,	-0.00744541,	0.100493,	0.994127,	-0.907531,	2.76876,	-0.0918981,	0.0113536,	-0.0277939,	0.00360757,	-0.190343,	0.690221,	0.677147,	-0.169813
1520352419055129569,	-0.783419,	2.62959,	-0.380627,	-0.0230341,	0.0242049,	0.0263519,	0.0141957,	-0.0102128,	0.104842,	0.994335,	-0.908007,	2.76694,	-0.0921229,	-0.0108045,	-0.0414014,	-0.00510796,	-0.191272,	0.694616,	0.672553,	-0.169102
1520352419097175286,	-0.783717,	2.62771,	-0.381801,	-0.00709775,	-0.0448356,	-0.0279611,	0.0417003,	-0.0073203,	0.0972042,	0.994364,	-0.907599,	2.7653,	-0.091661,	0.00971706,	-0.0391591,	0.0109977,	-0.192749,	0.69468,	0.672211,	-0.168526
