time stamp[ns], 	x[VO], 	y, 	z, 	dx[m/s], 	dy, 	dz, 	qx, 	qy, 	qz, 	qw, 	x[VIVE], 	y, 	z, 	dx[m/s], 	dy, 	dz, 	qx, 	qy, 	qz, 	qw
1520295636658763789,	0.401131,	2.70864,	-0.611986,	-2.55076e-05,	-0.000596723,	0.000300237,	0.00423977,	0.00356575,	-0.00735825,	0.999958,	0.401309,	2.74994,	-0.394322,	0.000178436,	0.000903942,	2.04655e-05,	-0.0882389,	0.682873,	0.721485,	-0.0731915
1520295636709416000,	0.401196,	2.7095,	-0.612391,	0.00129884,	0.0170869,	-0.00810398,	0.00532639,	0.00320709,	-0.00514088,	0.999967,	0.401439,	2.74913,	-0.394271,	0.0026155,	-0.0160759,	0.00102315,	-0.0882945,	0.682538,	0.721781,	-0.0733347
1520295636758739698,	0.401013,	2.70926,	-0.612304,	-0.00374171,	-0.00478911,	0.00178117,	0.00531011,	0.00369577,	-0.00457413,	0.999969,	0.401463,	2.7491,	-0.394259,	0.000473157,	-0.000567913,	0.000243326,	-0.0882327,	0.682607,	0.721733,	-0.0732352
1520295636806491933,	0.400922,	2.70892,	-0.612371,	-0.00191977,	-0.00722018,	-0.00141614,	0.005625,	0.00361816,	-0.00685383,	0.999954,	0.401466,	2.74917,	-0.394253,	8.21245e-05,	0.00133232,	0.000137762,	-0.0880359,	0.683078,	0.721324,	-0.0731141
1520295636867205180,	0.40107,	2.7086,	-0.61186,	0.00245987,	-0.00542866,	0.00851475,	0.00536023,	0.0028297,	-0.00400261,	0.999974,	0.401361,	2.74918,	-0.394201,	-0.00176128,	0.000146967,	0.000857182,	-0.0881051,	0.6829,	0.721472,	-0.0732325
1520295636916147558,	0.401162,	2.70983,	-0.612291,	0.00192072,	0.0256754,	-0.0089915,	0.00464329,	0.00345688,	-0.00556436,	0.999968,	0.401361,	2.74918,	-0.394201,	0,	0,	0,	-0.0881051,	0.6829,	0.721472,	-0.0732325
1520295636965787241,	0.400773,	2.7091,	-0.612432,	-0.00794896,	-0.0148727,	-0.0028745,	0.00231663,	0.00386374,	-0.0106381,	0.999933,	0.401332,	2.74902,	-0.394154,	-0.000578568,	-0.00315216,	0.000960087,	-0.0882308,	0.682689,	0.721651,	-0.073286
1520295637016129940,	0.400839,	2.70907,	-0.612176,	0.0013323,	-0.000516982,	0.00513156,	0.00459032,	0.0034293,	-0.00627286,	0.999964,	0.401525,	2.74986,	-0.394425,	0.00385135,	0.0166859,	-0.00541545,	-0.0880299,	0.683091,	0.721311,	-0.07313
1520295637064334872,	0.40082,	2.70786,	-0.611945,	-0.000396188,	-0.0253433,	0.00479994,	0.000799053,	0.00405072,	-0.00778044,	0.999961,	0.401525,	2.74986,	-0.394425,	0,	0,	0,	-0.0880299,	0.683091,	0.721311,	-0.07313
1520295637115110447,	0.401035,	2.70722,	-0.611732,	0.00430011,	-0.0128159,	0.00427206,	0.00587185,	0.00348973,	-0.00637295,	0.999956,	0.401619,	2.74967,	-0.394359,	0.00187411,	-0.00370485,	0.00131332,	-0.0880131,	0.683084,	0.721316,	-0.0731664
1520295637163830047,	0.401078,	2.70679,	-0.612021,	0.000884918,	-0.00896475,	-0.00602464,	0.00417086,	0.00321383,	-0.00516319,	0.999973,	0.401467,	2.74942,	-0.394328,	-0.00315008,	-0.00528947,	0.000645307,	-0.0881346,	0.682894,	0.721482,	-0.0731503
1520295637214266836,	0.40117,	2.70866,	-0.612051,	0.0018394,	0.0375515,	-0.000610217,	0.00515779,	0.00346149,	-0.00599212,	0.999963,	0.401525,	2.74979,	-0.39442,	0.00115798,	0.00741252,	-0.00182215,	-0.0881432,	0.682879,	0.721491,	-0.0731966
1520295637262648948,	0.400949,	2.70765,	-0.611861,	-0.00459316,	-0.0211849,	0.00396339,	0.00577266,	0.00326027,	-0.00673206,	0.999955,	0.401361,	2.74965,	-0.394229,	-0.00342347,	-0.00291693,	0.00396412,	-0.0881703,	0.682782,	0.721584,	-0.0731449
1520295637310369101,	0.400913,	2.70859,	-0.611676,	-0.000770748,	0.0201219,	0.00393567,	0.00417815,	0.00416632,	-0.0098701,	0.999934,	0.401266,	2.74948,	-0.394387,	-0.00202308,	-0.0034889,	-0.00334822,	-0.0880746,	0.683014,	0.721382,	-0.0730974
1520295637353949332,	0.40097,	2.70948,	-0.612204,	0.00131698,	0.0206553,	-0.0122775,	0.00418532,	0.00338607,	-0.0064309,	0.999965,	0.401406,	2.74924,	-0.394202,	0.00326555,	-0.0057719,	0.00428625,	-0.0880217,	0.682983,	0.721417,	-0.0731083
1520295637400552538,	0.401118,	2.70897,	-0.612267,	0.00322586,	-0.0110516,	-0.0013721,	0.00835988,	0.00320492,	-0.00368226,	0.999953,	0.401335,	2.74985,	-0.394309,	-0.0015429,	0.0134476,	-0.00231414,	-0.0880376,	0.68307,	0.721328,	-0.0731497
1520295637448471096,	0.401137,	2.7089,	-0.61157,	0.000404091,	-0.00156059,	0.0148433,	-0.00140768,	0.00313832,	-0.00531541,	0.99998,	0.401453,	2.74974,	-0.394329,	0.00250556,	-0.00246979,	-0.000429403,	-0.0881179,	0.682871,	0.721505,	-0.0731643
1520295637499182466,	0.40086,	2.70927,	-0.612155,	-0.00554382,	0.00731893,	-0.0117171,	0.00213976,	0.00355726,	-0.00601567,	0.999973,	0.401286,	2.75027,	-0.394602,	-0.00333472,	0.010597,	-0.00546378,	-0.0881746,	0.682945,	0.721428,	-0.0731666
1520295637561741750,	0.401071,	2.70964,	-0.612244,	0.00340023,	0.0059883,	-0.0014306,	0.0030246,	0.00354079,	-0.00598672,	0.999971,	0.401418,	2.75015,	-0.394441,	0.00212789,	-0.00192876,	0.0025984,	-0.0880771,	0.682995,	0.721396,	-0.0731354
1520295637615051890,	0.400925,	2.7095,	-0.612486,	-0.00275302,	-0.00249438,	-0.00456639,	0.00444434,	0.00343416,	-0.00616137,	0.999965,	0.401503,	2.75056,	-0.394546,	0.00159228,	0.00781982,	-0.00197456,	-0.0879706,	0.683285,	0.721138,	-0.0730983
1520295637664316192,	0.40083,	2.7091,	-0.612187,	-0.00193902,	-0.00819397,	0.00609989,	0.00798424,	0.00335687,	-0.00922996,	0.99992,	0.401349,	2.7503,	-0.394482,	-0.00313346,	-0.00531749,	0.0013043,	-0.0880512,	0.683101,	0.721301,	-0.0731046
1520295637716554319,	0.401175,	2.70953,	-0.612214,	0.00664155,	0.00822717,	-0.000507677,	0.00417109,	0.0032218,	-0.00658601,	0.999964,	0.40145,	2.74978,	-0.394266,	0.00194528,	-0.0101281,	0.00415641,	-0.0881427,	0.682906,	0.721471,	-0.073144
1520295637764864607,	0.400901,	2.70956,	-0.612308,	-0.00570345,	0.000587672,	-0.00197374,	0.0048217,	0.00341162,	-0.00642666,	0.999962,	0.40145,	2.74978,	-0.394266,	0,	0,	0,	-0.0881427,	0.682906,	0.721471,	-0.073144
1520295637818001371,	0.400955,	2.70819,	-0.612124,	0.00100867,	-0.0258847,	0.00348688,	0.00516643,	0.00335493,	-0.0065276,	0.99996,	0.401505,	2.75007,	-0.394312,	0.00102694,	0.00549652,	-0.000880601,	-0.0877009,	0.683765,	0.720745,	-0.0728076
1520295637867185104,	0.4008,	2.70894,	-0.612368,	-0.00315198,	0.0154528,	-0.00499477,	0.00193817,	0.00396198,	-0.00700389,	0.999966,	0.401339,	2.75029,	-0.394555,	-0.00337575,	0.00447358,	-0.00494856,	-0.0877662,	0.683739,	0.720758,	-0.0728363
1520295637916649799,	0.401189,	2.70921,	-0.612237,	0.0079309,	0.00537219,	0.00267222,	0.00495836,	0.00362286,	-0.00590286,	0.999964,	0.401618,	2.74958,	-0.394331,	0.00568729,	-0.0144003,	0.00457722,	-0.0880511,	0.68309,	0.721309,	-0.0731391
1520295637963384863,	0.400957,	2.70905,	-0.612101,	-0.0050393,	-0.00349066,	0.00295914,	0.00426282,	0.00365848,	-0.00478536,	0.999973,	0.401618,	2.74958,	-0.394331,	0,	0,	0,	-0.0880511,	0.68309,	0.721309,	-0.0731391
1520295638015247695,	0.400976,	2.70972,	-0.61215,	0.000375859,	0.0132674,	-0.000948563,	0.00437055,	0.00331442,	-0.00631767,	0.999965,	0.401348,	2.74927,	-0.394429,	-0.00530355,	-0.00605999,	-0.00192876,	-0.0882387,	0.682787,	0.721568,	-0.0731803
1520295638061855501,	0.401051,	2.70779,	-0.612016,	0.00162295,	-0.0420867,	0.00289702,	0.0056493,	0.00330926,	-0.00649652,	0.999957,	0.401549,	2.74998,	-0.394433,	0.00437231,	0.0154637,	-9.55017e-05,	-0.0880197,	0.683146,	0.721275,	-0.0729801
1520295638115245041,	0.401009,	2.70759,	-0.611612,	-0.00079423,	-0.00382199,	0.00762941,	0.0114599,	0.00289188,	-0.00255688,	0.999927,	0.401451,	2.75053,	-0.394501,	-0.0018367,	0.010235,	-0.00127114,	-0.0876553,	0.683813,	0.720718,	-0.0726802
1520295638163573082,	0.401274,	2.70762,	-0.612075,	0.00551666,	0.000627614,	-0.00965283,	0.00443833,	0.00307073,	-0.00472074,	0.999974,	0.401528,	2.74963,	-0.394266,	0.0015942,	-0.0187218,	0.00488308,	-0.0875585,	0.683503,	0.721041,	-0.0724998
1520295638207880397,	0.400837,	2.70768,	-0.611909,	-0.00993722,	0.00144621,	0.00377663,	0.0043584,	0.00343692,	-0.00656559,	0.999963,	0.401345,	2.74943,	-0.394173,	-0.00414634,	-0.00453283,	0.00210968,	-0.0880047,	0.683315,	0.721109,	-0.0730512
1520295638258827475,	0.400946,	2.7085,	-0.612067,	0.00219056,	0.0164816,	-0.00314751,	0.00604629,	0.00377497,	-0.0079409,	0.999943,	0.401381,	2.74858,	-0.394343,	0.000715572,	-0.0168579,	-0.00338977,	-0.0879205,	0.682604,	0.721811,	-0.0728745
1520295638303565599,	0.401009,	2.70846,	-0.612109,	0.00143477,	-0.000899817,	-0.000956427,	0.00494118,	0.00310745,	-0.00645196,	0.999962,	0.401348,	2.74848,	-0.394209,	-0.000747338,	-0.00241632,	0.00304113,	-0.0884348,	0.681368,	0.722882,	-0.0732056
1520295638354412554,	0.400867,	2.70797,	-0.612198,	-0.00284686,	-0.00979086,	-0.00179427,	0.00523737,	0.00336773,	-0.00726269,	0.999954,	0.399737,	2.74826,	-0.392557,	-0.0322311,	-0.00433578,	0.0330367,	-0.0887559,	0.68325,	0.721102,	-0.072826
1520295638413148484,	0.400674,	2.70889,	-0.612083,	-0.00332231,	0.0158512,	0.00199339,	0.00479313,	0.00299357,	-0.00659074,	0.999962,	0.3969,	2.74869,	-0.387216,	-0.0489014,	0.00746749,	0.092083,	-0.0899816,	0.685247,	0.719086,	-0.0724871
1520295638472951250,	0.39909,	2.70223,	-0.607118,	-0.0268513,	-0.113016,	0.0841571,	0.00685461,	0.00211998,	-0.00598869,	0.999956,	0.384957,	2.74942,	-0.368719,	-0.202436,	0.0122528,	0.313512,	-0.0925286,	0.691512,	0.713077,	-0.0690713
1520295638531826757,	0.394652,	2.69993,	-0.599967,	-0.0765149,	-0.0395634,	0.123291,	0.00285571,	0.000572115,	-0.00475486,	0.999984,	0.377029,	2.7476,	-0.358478,	-0.136678,	-0.0313545,	0.176569,	-0.0950938,	0.691799,	0.712757,	-0.0659515
1520295638584035932,	0.389563,	2.7073,	-0.58872,	-0.0978676,	0.141774,	0.216278,	-0.0068257,	-0.00266644,	-0.00324621,	0.999968,	0.36815,	2.7434,	-0.349187,	-0.170765,	-0.0807756,	0.178688,	-0.0976196,	0.690705,	0.713764,	-0.0627562
1520295638627987416,	0.381183,	2.70308,	-0.57763,	-0.194882,	-0.09831,	0.257902,	-0.00487857,	-0.00704279,	-0.0065742,	0.999942,	0.359425,	2.73874,	-0.339995,	-0.202891,	-0.108407,	0.21376,	-0.0990746,	0.688152,	0.716232,	-0.0603555
1520295638680748511,	0.373817,	2.684,	-0.561925,	-0.141658,	-0.366916,	0.302017,	0.00716981,	-0.0113157,	-0.00684103,	0.999887,	0.350069,	2.73394,	-0.331472,	-0.179925,	-0.0923152,	0.163899,	-0.0989194,	0.686727,	0.717801,	-0.0581546
1520295638726083277,	0.366007,	2.69615,	-0.55887,	-0.173546,	0.270006,	0.0678959,	6.43845e-05,	-0.0129297,	-0.00695317,	0.999892,	0.339731,	2.72948,	-0.323131,	-0.229728,	-0.0990725,	0.185362,	-0.0996835,	0.686584,	0.718037,	-0.055564
1520295638774345429,	0.356759,	2.6734,	-0.5466,	-0.192665,	-0.473851,	0.255636,	0.0139421,	-0.0147498,	-0.0104446,	0.999739,	0.328136,	2.72467,	-0.31529,	-0.241568,	-0.100239,	0.163349,	-0.101378,	0.68774,	0.716859,	-0.0533745
1520295638833602433,	0.347317,	2.68735,	-0.54184,	-0.160047,	0.236352,	0.0806649,	0.00338906,	-0.0167215,	-0.00949666,	0.999809,	0.316789,	2.72011,	-0.306751,	-0.192317,	-0.0773117,	0.144723,	-0.102509,	0.689497,	0.715172,	-0.0511282
1520295638879786021,	0.340497,	2.68415,	-0.533904,	-0.148243,	-0.0694198,	0.172524,	0.000992025,	-0.0186243,	-0.00761458,	0.999797,	0.306042,	2.7158,	-0.298924,	-0.233651,	-0.0935527,	0.170156,	-0.103827,	0.691713,	0.71299,	-0.0489782
1520295638925619164,	0.326393,	2.674,	-0.524586,	-0.313437,	-0.22562,	0.207083,	0.00353167,	-0.0218983,	-0.0112556,	0.999691,	0.295769,	2.71068,	-0.290097,	-0.228284,	-0.113844,	0.196163,	-0.106425,	0.693108,	0.711341,	-0.0476349
1520295638979190008,	0.316904,	2.64886,	-0.512191,	-0.17904,	-0.474365,	0.233858,	0.012405,	-0.0248097,	-0.0133928,	0.999526,	0.287318,	2.70553,	-0.281632,	-0.159452,	-0.0972305,	0.159714,	-0.108804,	0.694152,	0.709948,	-0.047848
1520295639032724553,	0.30762,	2.65874,	-0.506475,	-0.175156,	0.186534,	0.10785,	0.00265544,	-0.0276155,	-0.0102594,	0.999562,	0.280274,	2.70107,	-0.272766,	-0.132894,	-0.0840975,	0.167282,	-0.110838,	0.69556,	0.70816,	-0.0492106
1520295639086046774,	0.300083,	2.63688,	-0.494586,	-0.142218,	-0.412587,	0.224316,	0.0098017,	-0.0295823,	-0.0108681,	0.999455,	0.274427,	2.69789,	-0.263386,	-0.110334,	-0.059909,	0.176975,	-0.111254,	0.697054,	0.706454,	-0.0515865
1520295639139030404,	0.293348,	2.64317,	-0.487786,	-0.129515,	0.121069,	0.130769,	0.00199813,	-0.030324,	-0.00590321,	0.999521,	0.26929,	2.69529,	-0.253875,	-0.0987869,	-0.0500875,	0.182911,	-0.110765,	0.699344,	0.704076,	-0.0540888
1520295639191228330,	0.287285,	2.62501,	-0.47328,	-0.116587,	-0.349275,	0.278969,	0.0051399,	-0.0293264,	-0.00508384,	0.999544,	0.264983,	2.69339,	-0.2451,	-0.0828246,	-0.0365316,	0.168751,	-0.109362,	0.702069,	0.701326,	-0.0572764
1520295639242445357,	0.281222,	2.63228,	-0.465874,	-0.118889,	0.142592,	0.145208,	-0.0017873,	-0.0273143,	-0.00183777,	0.999624,	0.259923,	2.69038,	-0.236244,	-0.0992228,	-0.059052,	0.173642,	-0.10885,	0.703705,	0.699588,	-0.0593872
1520295639288630936,	0.276099,	2.61555,	-0.454489,	-0.111374,	-0.363674,	0.247503,	0.00174129,	-0.0248649,	-0.00113284,	0.999689,	0.253859,	2.68506,	-0.227014,	-0.131827,	-0.115626,	0.200658,	-0.110108,	0.701989,	0.701031,	-0.0603645
1520295639337414364,	0.270473,	2.62261,	-0.447115,	-0.117198,	0.146964,	0.153633,	-0.00485344,	-0.0237826,	0.00250955,	0.999702,	0.246821,	2.67801,	-0.216783,	-0.14662,	-0.146778,	0.213148,	-0.111869,	0.698497,	0.704271,	-0.0599095
1520295639392257899,	0.264785,	2.60431,	-0.435851,	-0.105332,	-0.338874,	0.20859,	0.00467203,	-0.0242685,	0.00181789,	0.999693,	0.238804,	2.67078,	-0.206675,	-0.148467,	-0.133863,	0.187193,	-0.113813,	0.694917,	0.707567,	-0.0590351
1520295639446509062,	0.257814,	2.61289,	-0.428392,	-0.12911,	0.158947,	0.138122,	0.00126809,	-0.0249378,	0.00618,	0.999669,	0.231816,	2.66417,	-0.196301,	-0.129397,	-0.122404,	0.192108,	-0.112978,	0.692841,	0.709704,	-0.0594025
1520295639494876854,	0.247991,	2.604,	-0.418296,	-0.204641,	-0.185321,	0.210346,	0.00831112,	-0.0258397,	0.00474286,	0.99962,	0.225153,	2.65906,	-0.185397,	-0.138823,	-0.106619,	0.227164,	-0.109968,	0.692246,	0.710712,	-0.0599273
1520295639547246835,	0.240495,	2.58316,	-0.405628,	-0.144146,	-0.400639,	0.243606,	0.0166728,	-0.0242568,	0.00193511,	0.999565,	0.217655,	2.65425,	-0.17345,	-0.144195,	-0.0924261,	0.229744,	-0.106785,	0.692016,	0.711454,	-0.0595342
1520295639599900569,	0.231594,	2.59329,	-0.396678,	-0.171182,	0.19478,	0.172122,	0.011305,	-0.0211879,	0.00467143,	0.999701,	0.209238,	2.64943,	-0.161067,	-0.16185,	-0.0926305,	0.238132,	-0.104647,	0.692413,	0.71158,	-0.0571614
1520295639650246945,	0.223785,	2.5697,	-0.38215,	-0.156174,	-0.471752,	0.290549,	0.0202816,	-0.0199901,	-0.00474819,	0.999583,	0.199399,	2.64485,	-0.148063,	-0.196777,	-0.0917788,	0.260078,	-0.103994,	0.693367,	0.710978,	-0.0542048
1520295639698703547,	0.214155,	2.58019,	-0.371899,	-0.200622,	0.218487,	0.213574,	0.0150056,	-0.0197398,	-0.00256961,	0.999689,	0.189504,	2.64063,	-0.135233,	-0.206147,	-0.0877481,	0.267307,	-0.104949,	0.694424,	0.710063,	-0.0507148
1520295639752437816,	0.206033,	2.55433,	-0.352625,	-0.153249,	-0.488046,	0.363657,	0.0249653,	-0.0231276,	-0.0117459,	0.999352,	0.179515,	2.63798,	-0.122941,	-0.188476,	-0.0501469,	0.231912,	-0.106631,	0.697004,	0.707442,	-0.0483885
1520295639804565357,	0.19585,	2.56832,	-0.345931,	-0.195818,	0.269207,	0.128731,	0.0140175,	-0.0251049,	-0.00841528,	0.999551,	0.171071,	2.63577,	-0.111328,	-0.162391,	-0.0423497,	0.223341,	-0.106817,	0.699867,	0.704631,	-0.0476544
1520295639856520763,	0.188369,	2.54459,	-0.327104,	-0.146697,	-0.465328,	0.369158,	0.0209304,	-0.0280067,	-0.0146138,	0.999282,	0.163448,	2.6337,	-0.100147,	-0.149462,	-0.0405832,	0.219226,	-0.106311,	0.701695,	0.702906,	-0.047376
1520295639904147966,	0.179585,	2.55662,	-0.317102,	-0.186897,	0.255884,	0.212803,	0.0117291,	-0.0281727,	-0.00892152,	0.999494,	0.157482,	2.62911,	-0.0891346,	-0.126937,	-0.0977238,	0.234308,	-0.104891,	0.701612,	0.703116,	-0.0486461
1520295639957008963,	0.17341,	2.53517,	-0.304117,	-0.11875,	-0.412394,	0.249718,	0.017383,	-0.0276455,	-0.0183757,	0.999298,	0.151406,	2.62518,	-0.0781775,	-0.116852,	-0.0756289,	0.210713,	-0.103663,	0.700727,	0.70408,	-0.0500731
1520295640012673040,	0.165405,	2.54571,	-0.295064,	-0.145543,	0.191618,	0.164603,	0.0140326,	-0.0249526,	-0.0106017,	0.999534,	0.145449,	2.62062,	-0.0673972,	-0.108312,	-0.0828171,	0.196006,	-0.103301,	0.699299,	0.705472,	-0.0511729
1520295640064982724,	0.159663,	2.52582,	-0.282435,	-0.110416,	-0.382476,	0.242864,	0.0204934,	-0.0232659,	-0.0167069,	0.99938,	0.139782,	2.61689,	-0.0564847,	-0.108977,	-0.0718204,	0.209856,	-0.101878,	0.699002,	0.705935,	-0.0516932
1520295640128025181,	0.150993,	2.52138,	-0.271945,	-0.137617,	-0.0705655,	0.166499,	0.0204474,	-0.0216714,	-0.0166137,	0.999418,	0.128463,	2.61066,	-0.0359348,	-0.17966,	-0.0987957,	0.326189,	-0.100218,	0.699625,	0.70568,	-0.0499724
1520295640177405537,	0.144293,	2.52844,	-0.262085,	-0.136746,	0.144122,	0.201236,	0.0178337,	-0.0206108,	-0.0132139,	0.999541,	0.122594,	2.60665,	-0.0265159,	-0.119786,	-0.081818,	0.192223,	-0.1008,	0.698994,	0.706409,	-0.0472605
1520295640227836259,	0.136854,	2.52231,	-0.248722,	-0.148777,	-0.122685,	0.267257,	0.019756,	-0.0210474,	-0.0165755,	0.999446,	0.115658,	2.6024,	-0.0177084,	-0.138712,	-0.0851259,	0.176149,	-0.103641,	0.697297,	0.707832,	-0.0448254
1520295640274679601,	0.132682,	2.50745,	-0.238544,	-0.0906978,	-0.322988,	0.221252,	0.0273542,	-0.023162,	-0.024396,	0.99906,	0.108998,	2.59802,	-0.00938054,	-0.144784,	-0.095129,	0.181041,	-0.106578,	0.695114,	0.709673,	-0.0426826
1520295640322513314,	0.126812,	2.51415,	-0.230502,	-0.124886,	0.142597,	0.171112,	0.0221532,	-0.0263611,	-0.0214379,	0.999177,	0.10275,	2.59446,	-0.0010289,	-0.132937,	-0.0757822,	0.177694,	-0.109388,	0.692482,	0.711905,	-0.0411614
1520295640372673332,	0.122967,	2.51274,	-0.222481,	-0.0768931,	-0.0281378,	0.160432,	0.022702,	-0.0289772,	-0.0189503,	0.999143,	0.097672,	2.59263,	0.00596302,	-0.101566,	-0.0366658,	0.139838,	-0.11096,	0.692623,	0.711558,	-0.0405841
1520295640422510341,	0.119025,	2.49848,	-0.213319,	-0.0804661,	-0.291204,	0.186975,	0.0336705,	-0.0318988,	-0.024313,	0.998628,	0.0934382,	2.59244,	0.0117802,	-0.0864027,	-0.00391467,	0.118719,	-0.11102,	0.694351,	0.709851,	-0.0407767
1520295640473054891,	0.113334,	2.5054,	-0.206887,	-0.113808,	0.138467,	0.128642,	0.0288035,	-0.0333133,	-0.020581,	0.998818,	0.0892198,	2.59285,	0.0164084,	-0.0843687,	0.00823414,	0.0925631,	-0.111631,	0.696708,	0.707415,	-0.0412372
1520295640524797879,	0.109814,	2.49486,	-0.199976,	-0.0690293,	-0.206635,	0.135496,	0.0324346,	-0.0339418,	-0.0243875,	0.9986,	0.0850359,	2.59342,	0.0193234,	-0.0820363,	0.0113081,	0.0571565,	-0.112639,	0.699022,	0.704914,	-0.0421597
1520295640578502465,	0.105196,	2.50238,	-0.195611,	-0.0871305,	0.141858,	0.0823628,	0.0258027,	-0.0341442,	-0.0196032,	0.998891,	0.0824226,	2.59326,	0.0211521,	-0.0493079,	-0.00301192,	0.0345033,	-0.112616,	0.699806,	0.704111,	-0.0426263
1520295640632314249,	0.102084,	2.49298,	-0.191535,	-0.0587148,	-0.177341,	0.0769149,	0.0271029,	-0.0346153,	-0.0224805,	0.99878,	0.0809544,	2.5921,	0.021897,	-0.0277029,	-0.0219444,	0.014055,	-0.111258,	0.699477,	0.704563,	-0.0440968
1520295640683709105,	0.0978759,	2.49309,	-0.189379,	-0.0825099,	0.00211859,	0.042277,	0.0240188,	-0.0345625,	-0.0222953,	0.998865,	0.0810122,	2.59149,	0.0222408,	0.00113473,	-0.0120076,	0.00674256,	-0.108457,	0.699031,	0.705286,	-0.0465133
1520295640736338107,	0.0952905,	2.49568,	-0.188526,	-0.0497192,	0.049788,	0.0163992,	0.0259927,	-0.0324796,	-0.0194051,	0.998946,	0.0825662,	2.59039,	0.0225845,	0.0298844,	-0.0211548,	0.00660812,	-0.104759,	0.697446,	0.707206,	-0.049545
1520295640782944338,	0.094014,	2.49234,	-0.18821,	-0.0277504,	-0.0724787,	0.00686982,	0.0247802,	-0.0290812,	-0.0188674,	0.999092,	0.0839873,	2.58851,	0.0227969,	0.0308935,	-0.0408137,	0.00461833,	-0.10176,	0.695857,	0.708939,	-0.0532289
1520295640836485434,	0.0932326,	2.49381,	-0.188408,	-0.014742,	0.0277495,	-0.00373551,	0.0301622,	-0.022943,	-0.020421,	0.999073,	0.0849844,	2.58765,	0.0228133,	0.0188127,	-0.0161651,	0.000309434,	-0.0997194,	0.694616,	0.710175,	-0.0567124
1520295640891920550,	0.0927497,	2.49207,	-0.188425,	-0.00878025,	-0.0316773,	-0.000314241,	0.0268406,	-0.0193112,	-0.0190361,	0.999272,	0.086305,	2.58763,	0.0227312,	0.0240112,	-0.000500036,	-0.00149349,	-0.0976553,	0.694788,	0.709982,	-0.0604805
1520295640942244676,	0.0919416,	2.49227,	-0.188664,	-0.016163,	0.00395825,	-0.00477149,	0.0314962,	-0.0141675,	-0.0182799,	0.999236,	0.0880463,	2.58823,	0.0231626,	0.0348265,	0.012019,	0.00862784,	-0.0950551,	0.69591,	0.708858,	-0.0647656
1520295640995574542,	0.0918824,	2.4915,	-0.188279,	-0.00111744,	-0.01458,	0.00725292,	0.0279661,	-0.0103256,	-0.01592,	0.999429,	0.0904642,	2.58933,	0.0240747,	0.0456198,	0.0208249,	0.0172107,	-0.0915586,	0.696946,	0.70788,	-0.0692026
1520295641039651180,	0.0914206,	2.49227,	-0.187963,	-0.010494,	0.0175534,	0.00719661,	0.0238158,	-0.00469828,	-0.0126856,	0.999625,	0.0935798,	2.59,	0.0255618,	0.0708093,	0.0152216,	0.0337981,	-0.0873162,	0.69801,	0.706839,	-0.0744136
1520295641088010570,	0.0917739,	2.49164,	-0.186924,	0.00735998,	-0.013178,	0.0216468,	0.029109,	0.00105916,	-0.0103292,	0.999522,	0.0972603,	2.59133,	0.0278105,	0.0766777,	0.027753,	0.0468478,	-0.0819933,	0.699486,	0.705302,	-0.0809057
1520295641138851906,	0.0922186,	2.49038,	-0.185091,	0.00889429,	-0.0251377,	0.0366446,	0.030937,	0.00666231,	-0.01315,	0.999413,	0.101828,	2.59224,	0.0305978,	0.0913501,	0.0182074,	0.0557454,	-0.0749879,	0.701292,	0.703379,	-0.0884511
1520295641187682776,	0.0922894,	2.49026,	-0.182553,	0.00147436,	-0.00249305,	0.0528714,	0.0200291,	0.0147607,	-0.01074,	0.999633,	0.106841,	2.59239,	0.0332119,	0.104451,	0.00308553,	0.0544604,	-0.0671346,	0.703644,	0.700758,	-0.0965199
1520295641234507407,	0.092878,	2.48872,	-0.179549,	0.012795,	-0.0335299,	0.06531,	0.0313346,	0.0251972,	-0.00942996,	0.999147,	0.111877,	2.59312,	0.0358893,	0.109468,	0.0159207,	0.0582042,	-0.0586479,	0.705554,	0.698309,	-0.105443
1520295641285492647,	0.0927303,	2.48792,	-0.17578,	-0.00295388,	-0.0158691,	0.0753933,	0.0122342,	0.0360831,	-0.0106697,	0.999217,	0.117554,	2.59341,	0.0383673,	0.113532,	0.00564665,	0.0495603,	-0.0495014,	0.706428,	0.696677,	-0.114673
1520295641338941490,	0.0929316,	2.48691,	-0.172935,	0.00379876,	-0.0190883,	0.0536801,	0.0286529,	0.0493507,	-0.00536392,	0.998356,	0.122933,	2.59259,	0.0401621,	0.101496,	-0.0154429,	0.0338637,	-0.0411098,	0.70562,	0.696441,	-0.124016
1520295641391966767,	0.0931031,	2.48599,	-0.169656,	0.00323612,	-0.017499,	0.061862,	0.00761239,	0.0609665,	-0.00548915,	0.998096,	0.128641,	2.59163,	0.0411905,	0.107692,	-0.0180561,	0.0194049,	-0.0323634,	0.70448,	0.696377,	-0.133115
1520295641446026884,	0.0932144,	2.48442,	-0.167224,	0.0020611,	-0.0289715,	0.0450354,	0.0266069,	0.0741823,	0.000621071,	0.996889,	0.134401,	2.59099,	0.0420352,	0.106673,	-0.0118233,	0.0156414,	-0.0237158,	0.70256,	0.696839,	-0.142346
1520295641496743900,	0.0934986,	2.48425,	-0.165298,	0.00568353,	-0.00332297,	0.0385166,	0.0183977,	0.0879113,	0.00524028,	0.995945,	0.140667,	2.59018,	0.0418865,	0.12532,	-0.0162003,	-0.00297306,	-0.0144167,	0.700454,	0.697125,	-0.152225
1520295641552227642,	0.0941281,	2.48387,	-0.163596,	0.0114462,	-0.00701856,	0.0309491,	0.00265744,	0.100727,	0.00799146,	0.994878,	0.146998,	2.58865,	0.0415527,	0.115116,	-0.0278639,	-0.00606934,	-0.00555033,	0.698079,	0.697533,	-0.161563
1520295641614965609,	0.0951493,	2.4813,	-0.162639,	0.0164711,	-0.0414104,	0.0154398,	0.0243423,	0.114987,	0.0150337,	0.992955,	0.153104,	2.58842,	0.04086,	0.0984717,	-0.00379586,	-0.0111724,	0.0026651,	0.695926,	0.697554,	-0.170584
1520295641675284553,	0.0959582,	2.47939,	-0.161202,	0.0134812,	-0.0318003,	0.0239385,	0.0101809,	0.129172,	0.00709607,	0.991545,	0.164563,	2.58615,	0.0405755,	0.190987,	-0.0378361,	-0.00474136,	0.0168477,	0.691139,	0.696728,	-0.191343
1520295641728228968,	0.0967683,	2.48103,	-0.160805,	0.0155788,	0.0314487,	0.00764928,	0.00597864,	0.14302,	0.0131431,	0.989614,	0.169683,	2.58517,	0.0406581,	0.0984606,	-0.018702,	0.0015869,	0.0239781,	0.688605,	0.69668,	-0.199712
1520295641780066069,	0.0979592,	2.47951,	-0.159203,	0.0233516,	-0.0296814,	0.0314057,	0.0100114,	0.158479,	0.01769,	0.987153,	0.174696,	2.58465,	0.0405848,	0.0982972,	-0.0103436,	-0.00143673,	0.0308617,	0.686654,	0.696171,	-0.207121
1520295641825807101,	0.0989452,	2.47588,	-0.157539,	0.0219107,	-0.080758,	0.0369775,	0.0275885,	0.170352,	0.0252314,	0.984674,	0.179628,	2.58446,	0.0405837,	0.10961,	-0.00406213,	-2.38477e-05,	0.0374303,	0.685018,	0.695178,	-0.214655
1520295641872852877,	0.099543,	2.47759,	-0.156239,	0.0127192,	0.0362894,	0.0276605,	0.012653,	0.179364,	0.0202202,	0.983494,	0.184644,	2.5862,	0.0399124,	0.106723,	0.0368869,	-0.0142826,	0.0441328,	0.684705,	0.692795,	-0.221961
1520295641922116718,	0.100935,	2.47438,	-0.15479,	0.028417,	-0.0654476,	0.0295779,	0.0265511,	0.190229,	0.0309333,	0.980893,	0.189638,	2.58666,	0.0393753,	0.101911,	0.00952298,	-0.0109619,	0.05057,	0.683658,	0.690525,	-0.230714
1520295641976788243,	0.101386,	2.47451,	-0.153494,	0.00834461,	0.00233722,	0.0239856,	0.0313465,	0.198359,	0.0233515,	0.97935,	0.194545,	2.58751,	0.0384967,	0.0908798,	0.0156804,	-0.016271,	0.0577438,	0.682872,	0.688571,	-0.237112
1520295642032496977,	0.102423,	2.47611,	-0.152292,	0.0188518,	0.0291869,	0.0218522,	0.0139572,	0.207353,	0.0205485,	0.977951,	0.199374,	2.58732,	0.0378258,	0.0877871,	-0.0034644,	-0.0121977,	0.0649409,	0.681468,	0.686955,	-0.243878
1520295642080886577,	0.103705,	2.47732,	-0.150872,	0.0267131,	0.0252857,	0.0296012,	0.00730814,	0.217823,	0.0244237,	0.975655,	0.204596,	2.5872,	0.0370937,	0.108803,	-0.00254119,	-0.0152511,	0.0725951,	0.679542,	0.685603,	-0.250803
1520295642127795759,	0.105143,	2.47421,	-0.149774,	0.031255,	-0.0676922,	0.0238594,	0.0224206,	0.228477,	0.0327253,	0.972741,	0.210402,	2.58625,	0.0362099,	0.126205,	-0.0206029,	-0.0192136,	0.0811412,	0.676609,	0.684525,	-0.258924
1520295642189020975,	0.105781,	2.4764,	-0.148379,	0.0104653,	0.0359083,	0.0228643,	0.00363042,	0.237324,	0.0251881,	0.971097,	0.216726,	2.5863,	0.0354695,	0.103682,	0.000906011,	-0.0121383,	0.0901511,	0.673596,	0.682976,	-0.26774
1520295642245476204,	0.107341,	2.4727,	-0.146939,	0.0278469,	-0.0661649,	0.0257274,	0.0237098,	0.249827,	0.035969,	0.967332,	0.223648,	2.58623,	0.0339251,	0.123603,	-0.00140039,	-0.0275778,	0.100342,	0.67067,	0.680562,	-0.277432
1520295642291363757,	0.108539,	2.47359,	-0.144312,	0.0266333,	0.0199254,	0.0583595,	0.0125985,	0.263474,	0.0198572,	0.96438,	0.230642,	2.58725,	0.032186,	0.155427,	0.0227717,	-0.0386476,	0.109891,	0.667936,	0.677419,	-0.287905
1520295642337475939,	0.110343,	2.4707,	-0.142718,	0.039221,	-0.0629403,	0.0346669,	0.0306082,	0.278124,	0.0281889,	0.959644,	0.237197,	2.58785,	0.030299,	0.142492,	0.0130488,	-0.0410218,	0.11936,	0.665434,	0.674214,	-0.297298
1520295642384354917,	0.111868,	2.4748,	-0.141028,	0.0331514,	0.0892543,	0.0367368,	0.0063748,	0.289981,	0.0210504,	0.956779,	0.244208,	2.58844,	0.0283252,	0.152409,	0.0127485,	-0.0429092,	0.128379,	0.661759,	0.671772,	-0.30711
1520295642441839008,	0.114124,	2.47024,	-0.13936,	0.0395746,	-0.0800417,	0.0292538,	0.0283531,	0.304424,	0.0297588,	0.951649,	0.250931,	2.58714,	0.0263615,	0.117953,	-0.0227111,	-0.0344501,	0.137375,	0.657639,	0.670045,	-0.315718
1520295642507099947,	0.115507,	2.47543,	-0.137958,	0.021282,	0.0798636,	0.0215723,	0.00451453,	0.315546,	0.022851,	0.948624,	0.257471,	2.58679,	0.0245357,	0.10062,	-0.0054924,	-0.0280888,	0.146327,	0.653608,	0.668504,	-0.323245
1520295642572648203,	0.118354,	2.47168,	-0.136762,	0.0437895,	-0.0577867,	0.0184083,	0.0136447,	0.329651,	0.0304012,	0.943515,	0.270687,	2.58602,	0.0209813,	0.20332,	-0.0117506,	-0.0546828,	0.165468,	0.645223,	0.664439,	-0.338864
1520295642638019691,	0.121214,	2.46951,	-0.134299,	0.0440056,	-0.0333788,	0.0378909,	0.0329434,	0.344806,	0.0301633,	0.937611,	0.276973,	2.58597,	0.0190643,	0.0967132,	-0.000876094,	-0.0294927,	0.174665,	0.641792,	0.661158,	-0.347081
1520295642692418558,	0.124376,	2.46939,	-0.131595,	0.0585506,	-0.0021422,	0.0500732,	0.030307,	0.36031,	0.0294525,	0.931875,	0.283048,	2.58593,	0.0171379,	0.11249,	-0.00060159,	-0.0356744,	0.182916,	0.638527,	0.657173,	-0.356299
1520295642751302673,	0.127297,	2.4704,	-0.129165,	0.0503722,	0.0173559,	0.0418983,	0.0281681,	0.375869,	0.0279202,	0.925824,	0.288,	2.58601,	0.0150393,	0.085386,	0.00135693,	-0.0361825,	0.190976,	0.63543,	0.653678,	-0.363953
1520295642805977246,	0.130105,	2.47072,	-0.12708,	0.0520011,	0.00597584,	0.0386028,	0.0183809,	0.389177,	0.0377131,	0.920207,	0.293391,	2.58554,	0.0127003,	0.0998337,	-0.0087509,	-0.0433147,	0.199175,	0.63096,	0.651114,	-0.371846
1520295642864473787,	0.131367,	2.47185,	-0.124631,	0.0217588,	0.019436,	0.0422273,	0.00795209,	0.400987,	0.0201019,	0.915829,	0.29857,	2.58372,	0.0104542,	0.0892888,	-0.0312945,	-0.0387268,	0.20685,	0.625818,	0.649326,	-0.379396
1520295642910428500,	0.133628,	2.4679,	-0.123115,	0.0502275,	-0.087737,	0.0336788,	0.0271161,	0.413092,	0.0302406,	0.909783,	0.303526,	2.5821,	0.00768892,	0.110141,	-0.0361935,	-0.0614501,	0.213819,	0.620134,	0.647876,	-0.387261
1520295642964417486,	0.135891,	2.46818,	-0.12237,	0.0427093,	0.00525761,	0.0140578,	0.0175046,	0.425128,	0.039779,	0.904089,	0.308234,	2.58046,	0.00465869,	0.0888157,	-0.0309253,	-0.0571741,	0.220872,	0.61447,	0.646525,	-0.394523
1520295643010194039,	0.137131,	2.46985,	-0.121118,	0.027545,	0.0372449,	0.027828,	0.00314897,	0.434375,	0.0261979,	0.900345,	0.313283,	2.57884,	0.00160107,	0.112217,	-0.035922,	-0.0679471,	0.227389,	0.608325,	0.645561,	-0.401853
1520295643058605129,	0.139457,	2.46552,	-0.120603,	0.0484637,	-0.0903115,	0.0107332,	0.0234783,	0.445765,	0.0405119,	0.893924,	0.31833,	2.57819,	-0.00207082,	0.105132,	-0.0134579,	-0.0764978,	0.235086,	0.602546,	0.643673,	-0.409095
1520295643113416169,	0.140606,	2.46432,	-0.119963,	0.0212746,	-0.0221274,	0.0118553,	0.0338192,	0.454421,	0.033269,	0.889523,	0.323884,	2.57738,	-0.00572865,	0.102853,	-0.0151325,	-0.0677375,	0.242523,	0.597129,	0.640575,	-0.417473
1520295643172037537,	0.142301,	2.46862,	-0.119348,	0.0292342,	0.0741121,	0.0105932,	0.012872,	0.464227,	0.0247002,	0.885278,	0.333446,	2.57891,	-0.0134345,	0.164868,	0.0264428,	-0.13286,	0.256152,	0.589429,	0.632863,	-0.431792
1520295643218953085,	0.145297,	2.46934,	-0.118706,	0.0651151,	0.0156841,	0.0139569,	0.00499655,	0.476537,	0.0311531,	0.878588,	0.337935,	2.57872,	-0.0171717,	0.0975724,	-0.00416878,	-0.0812426,	0.262385,	0.58561,	0.629085,	-0.43871
1520295643272416056,	0.148239,	2.46483,	-0.117996,	0.0555197,	-0.0851045,	0.0133973,	0.0294297,	0.488766,	0.0361711,	0.871168,	0.341864,	2.57963,	-0.020922,	0.0741483,	0.0171571,	-0.0707595,	0.267978,	0.582324,	0.625429,	-0.444888
1520295643326897168,	0.149838,	2.46912,	-0.117915,	0.0296115,	0.0794062,	0.00150362,	0.0106344,	0.497354,	0.0292975,	0.866988,	0.345743,	2.57923,	-0.0242644,	0.0718196,	-0.00728762,	-0.0618975,	0.273471,	0.578153,	0.62287,	-0.45054
1520295643375528075,	0.152122,	2.46501,	-0.117639,	0.0475689,	-0.0855375,	0.00574601,	0.0295585,	0.506613,	0.0379043,	0.860833,	0.349035,	2.58003,	-0.0283117,	0.0685997,	0.0166126,	-0.0843184,	0.278405,	0.574388,	0.619078,	-0.457506
1520295643428662709,	0.155158,	2.46484,	-0.117622,	0.0572819,	-0.0033866,	0.00031577,	0.0205906,	0.516015,	0.044777,	0.85516,	0.352078,	2.58061,	-0.0322027,	0.0574055,	0.0108515,	-0.0734152,	0.283116,	0.57062,	0.615199,	-0.464509
1520295643482093176,	0.156302,	2.46937,	-0.117862,	0.0215885,	0.0856151,	-0.00452718,	0.00138631,	0.523309,	0.0377442,	0.851306,	0.355048,	2.58141,	-0.0359792,	0.0560323,	0.0151267,	-0.0712551,	0.287798,	0.566147,	0.612088,	-0.471167
1520295643535940122,	0.158249,	2.46447,	-0.118023,	0.0367479,	-0.0924495,	-0.00303049,	0.0167369,	0.531916,	0.0493783,	0.845191,	0.357477,	2.58104,	-0.0391058,	0.0458324,	-0.00685614,	-0.0589921,	0.291824,	0.562296,	0.609848,	-0.47618
1520295643598982767,	0.158884,	2.46956,	-0.118323,	0.0100784,	0.0807737,	-0.00475815,	0.00259405,	0.538779,	0.0412217,	0.841434,	0.3599,	2.58146,	-0.0422261,	0.0384683,	0.00666378,	-0.0495278,	0.296048,	0.558697,	0.607362,	-0.480962
1520295643649516541,	0.160727,	2.4646,	-0.118709,	0.0368517,	-0.0991694,	-0.00773228,	0.0229423,	0.547168,	0.0417888,	0.835664,	0.362148,	2.58112,	-0.0458781,	0.0449609,	-0.00680488,	-0.0730396,	0.300493,	0.555083,	0.604968,	-0.485386
1520295643698771187,	0.162223,	2.46486,	-0.118788,	0.030538,	0.00523771,	-0.00159503,	0.0135945,	0.554138,	0.0524958,	0.830657,	0.364535,	2.58114,	-0.0499943,	0.0487037,	0.000284239,	-0.0840042,	0.304933,	0.551192,	0.602714,	-0.489836
1520295643756677514,	0.162877,	2.46671,	-0.119243,	0.0114626,	0.0324446,	-0.00799897,	0.00238446,	0.559925,	0.0450169,	0.827316,	0.36656,	2.58002,	-0.0551162,	0.0355254,	-0.019708,	-0.0898583,	0.311058,	0.546344,	0.600123,	-0.494574
1520295643811412762,	0.163978,	2.46536,	-0.120207,	0.020396,	-0.0248976,	-0.0178445,	0.0133599,	0.56714,	0.053985,	0.821742,	0.368495,	2.58053,	-0.0606301,	0.0358433,	0.00945776,	-0.102109,	-0.318145,	-0.540571,	-0.59695,	0.500218
1520295643859846940,	0.164315,	2.4655,	-0.121723,	0.00701395,	0.00283232,	-0.0315811,	0.00799182,	0.57617,	0.0392351,	0.816348,	0.370426,	2.58033,	-0.0669417,	0.0402247,	-0.00409849,	-0.131492,	-0.325378,	-0.533978,	-0.593524,	0.506681
1520295643911347994,	0.164681,	2.46578,	-0.122737,	0.00719117,	0.00538045,	-0.0198791,	-0.00315061,	0.587277,	0.0466386,	0.808035,	0.372487,	2.58073,	-0.0731737,	0.0404042,	0.00788371,	-0.122197,	-0.332611,	-0.527063,	-0.589849,	0.513472
1520295643968818465,	0.165169,	2.46371,	-0.124243,	0.00855938,	-0.0362351,	-0.026417,	0.0112491,	0.597353,	0.0580421,	0.799796,	0.375701,	2.57835,	-0.0856629,	0.0563847,	-0.0417898,	-0.219109,	-0.349521,	-0.511364,	-0.584298,	0.524345
1520295644035351840,	0.165403,	2.46368,	-0.125278,	0.00354425,	-0.00048576,	-0.015692,	-0.00113554,	0.606533,	0.0467829,	0.79368,	0.377156,	2.57712,	-0.0915799,	0.02205,	-0.0185994,	-0.089651,	-0.358536,	-0.503097,	-0.581295,	0.529567
1520295644094460588,	0.165438,	2.46285,	-0.12685,	0.000591633,	-0.0140561,	-0.0266474,	0.0216239,	0.618124,	0.0493397,	0.784232,	0.378218,	2.57636,	-0.0970293,	0.017994,	-0.0129073,	-0.0923636,	-0.366584,	-0.495894,	-0.578046,	0.534386
1520295644154970158,	0.165227,	2.46219,	-0.127456,	-0.00352343,	-0.0109824,	-0.0100892,	0.0232541,	0.631576,	0.0494124,	0.773388,	0.37905,	2.57511,	-0.102317,	0.0138699,	-0.0208252,	-0.0881213,	-0.373754,	-0.489657,	-0.573868,	0.539648
1520295644207420623,	0.165482,	2.46096,	-0.127848,	0.00490992,	-0.0236786,	-0.00754297,	0.0122989,	0.642318,	0.0578636,	0.764152,	0.380123,	2.57443,	-0.107731,	0.020646,	-0.0130036,	-0.104123,	-0.381974,	-0.483943,	-0.570131,	0.542997
1520295644271987237,	0.165646,	2.46065,	-0.128307,	0.00256805,	-0.00485258,	-0.00717154,	0.0116057,	0.651848,	0.0399853,	0.757206,	0.380185,	2.57562,	-0.120001,	0.000964686,	0.0185523,	-0.19172,	-0.39723,	-0.473488,	-0.56068,	0.55105
1520295644321318150,	0.165371,	2.46109,	-0.12931,	-0.0056152,	0.00912581,	-0.0204764,	0.0209658,	0.66005,	0.0482968,	0.749374,	0.379383,	2.57565,	-0.126049,	-0.0163638,	0.00050491,	-0.123421,	-0.404008,	-0.468045,	-0.555639,	0.555857
1520295644376808010,	0.164485,	2.46266,	-0.131042,	-0.0161119,	0.0283762,	-0.0314827,	0.0165869,	0.670703,	0.0488459,	0.73993,	0.37864,	2.57642,	-0.131857,	-0.0135079,	0.0140275,	-0.105609,	-0.410309,	-0.461873,	-0.55161,	0.560398
1520295644426879697,	0.163793,	2.46065,	-0.132131,	-0.0138466,	-0.0401398,	-0.0217858,	0.00833319,	0.678743,	0.0385388,	0.733316,	0.377588,	2.57581,	-0.137508,	-0.0210382,	-0.012216,	-0.113009,	-0.416773,	-0.454887,	-0.548671,	0.564215
1520295644479404786,	0.162395,	2.46077,	-0.133307,	-0.0268727,	0.00229393,	-0.0226047,	-0.000186221,	0.687683,	0.0440187,	0.724675,	0.376489,	2.5748,	-0.142968,	-0.021134,	-0.0193084,	-0.105012,	-0.424148,	-0.447587,	-0.546716,	0.566451
1520295644530800351,	0.160955,	2.46294,	-0.134726,	-0.0282377,	0.0425678,	-0.0278267,	0.00659919,	0.695268,	0.0558367,	0.716548,	0.375684,	2.57351,	-0.14728,	-0.0158009,	-0.0253199,	-0.0845336,	-0.429883,	-0.4413,	-0.545105,	0.568609
1520295644586939408,	0.159709,	2.46134,	-0.135545,	-0.0222502,	-0.0285344,	-0.0146314,	0.00208056,	0.702213,	0.0446979,	0.710559,	0.375748,	2.57257,	-0.151317,	0.00114159,	-0.0168056,	-0.0720896,	-0.435484,	-0.435192,	-0.54373,	0.570368
1520295644637530648,	0.158442,	2.46311,	-0.13679,	-0.0253363,	0.0354275,	-0.0248914,	0.0103791,	0.708331,	0.0492099,	0.704086,	0.375394,	2.57177,	-0.154871,	-0.00706884,	-0.0159439,	-0.071081,	-0.44024,	-0.430535,	-0.541855,	0.572032
1520295644683511242,	0.158496,	2.46177,	-0.137182,	0.00119061,	-0.0298842,	-0.00871365,	0.00724185,	0.713712,	0.0406501,	0.699221,	0.374941,	2.57218,	-0.15835,	-0.0100583,	0.00892953,	-0.0773098,	-0.444169,	-0.423563,	-0.54054,	0.575434
1520295644738740597,	0.157769,	2.46292,	-0.138307,	-0.0132106,	0.0208878,	-0.0204589,	0.0176323,	0.719211,	0.0458813,	0.693051,	0.374205,	2.5715,	-0.162056,	-0.0133892,	-0.0122877,	-0.0673884,	-0.448251,	-0.416733,	-0.539923,	0.577831
1520295644791809157,	0.157282,	2.46297,	-0.138304,	-0.00920077,	0.00103915,	4.87265e-05,	0.00919817,	0.723933,	0.0434796,	0.688438,	0.373851,	2.57103,	-0.165754,	-0.00667742,	-0.00884415,	-0.0697819,	-0.452152,	-0.410702,	-0.539406,	0.57959
1520295644849060268,	0.15659,	2.46405,	-0.139468,	-0.01213,	0.0189983,	-0.0204048,	0.020143,	0.729448,	0.0469175,	0.682128,	0.373399,	2.57053,	-0.169407,	-0.00793076,	-0.00878692,	-0.0640822,	-0.456321,	-0.405773,	-0.538331,	0.580792
1520295644897055620,	0.156258,	2.46341,	-0.140221,	-0.00708147,	-0.0136737,	-0.0160278,	0.0193359,	0.733897,	0.0396424,	0.677827,	0.372926,	2.57045,	-0.173407,	-0.0100757,	-0.00167939,	-0.0851108,	-0.461087,	-0.400939,	-0.5364,	0.58217
1520295644945305842,	0.155853,	2.46326,	-0.141017,	-0.00843521,	-0.00308553,	-0.0165765,	0.0157297,	0.738986,	0.0406328,	0.67231,	0.372071,	2.56897,	-0.177821,	-0.0177932,	-0.0308067,	-0.0919525,	-0.467043,	-0.395268,	-0.534197,	0.583325
1520295644998624306,	0.155241,	2.46396,	-0.142122,	-0.0115398,	0.0131018,	-0.0208496,	0.0196119,	0.743847,	0.0479499,	0.666339,	0.370673,	2.56734,	-0.182484,	-0.0263907,	-0.0308256,	-0.0879886,	-0.47392,	-0.389591,	-0.530652,	0.584832
1520295645049441442,	0.154305,	2.46315,	-0.142725,	-0.0187245,	-0.0161524,	-0.0120628,	0.015103,	0.749589,	0.038024,	0.660638,	0.368823,	2.5652,	-0.187464,	-0.0369978,	-0.0427293,	-0.0995859,	-0.480375,	-0.38412,	-0.526268,	0.587141
1520295645100354835,	0.153409,	2.46449,	-0.143656,	-0.0179108,	0.0268106,	-0.018625,	0.0201033,	0.755855,	0.0453756,	0.652855,	0.366288,	2.56446,	-0.193388,	-0.0506998,	-0.0148752,	-0.118491,	-0.487612,	-0.377801,	-0.521106,	0.589872
1520295645158204312,	0.152111,	2.46103,	-0.144076,	-0.0227829,	-0.0606346,	-0.00736899,	0.0135819,	0.762563,	0.0339677,	0.645879,	0.363007,	2.56276,	-0.199323,	-0.0575609,	-0.0298075,	-0.104126,	-0.494883,	-0.371277,	-0.514781,	0.593503
1520295645205751395,	0.149916,	2.46302,	-0.145415,	-0.0466879,	0.0422527,	-0.0284899,	0.0255323,	0.770809,	0.0409181,	0.635238,	0.359286,	2.56131,	-0.205642,	-0.0791642,	-0.0308294,	-0.134435,	-0.502972,	-0.364006,	-0.507994,	0.597044
1520295645254221893,	0.148182,	2.45792,	-0.145642,	-0.0361269,	-0.106174,	-0.00473386,	0.0207744,	0.77887,	0.0285838,	0.626189,	0.355554,	2.55866,	-0.211899,	-0.0777585,	-0.055301,	-0.130362,	-0.510773,	-0.357668,	-0.500813,	0.600309
1520295645311655940,	0.145386,	2.46057,	-0.146705,	-0.0490552,	0.0464167,	-0.0186448,	0.0240776,	0.786941,	0.0403849,	0.615235,	0.351999,	2.55756,	-0.217634,	-0.0623565,	-0.0192941,	-0.100616,	-0.517929,	-0.353188,	-0.49311,	0.6032
1520295645377118308,	0.143307,	2.45539,	-0.147085,	-0.0319831,	-0.0796546,	-0.00584234,	0.0163327,	0.794381,	0.0287891,	0.606517,	0.347075,	2.5557,	-0.227417,	-0.0757575,	-0.0286255,	-0.150503,	-0.528008,	-0.347424,	-0.479229,	0.608969
1520295645432246345,	0.140745,	2.45313,	-0.147898,	-0.0465904,	-0.041106,	-0.0147785,	0.00420211,	0.802082,	0.0330102,	0.596286,	0.345676,	2.55302,	-0.230852,	-0.0254475,	-0.0485609,	-0.0624492,	-0.530456,	-0.344267,	-0.476018,	0.611149
1520295645481839264,	0.139739,	2.45081,	-0.149495,	-0.0205262,	-0.0473527,	-0.032593,	0.00324225,	0.808395,	0.0363481,	0.587508,	0.345097,	2.55086,	-0.233221,	-0.0118166,	-0.044103,	-0.0483519,	-0.531893,	-0.340219,	-0.475209,	0.612794
1520295645535700883,	0.138963,	2.45029,	-0.150891,	-0.0146387,	-0.00992908,	-0.0263457,	0.00518567,	0.811623,	0.0399614,	0.58279,	0.344806,	2.54772,	-0.236159,	-0.00547551,	-0.0592718,	-0.0554323,	-0.535155,	-0.337828,	-0.474626,	0.611729
1520295645585183846,	0.138705,	2.44704,	-0.151671,	-0.0052694,	-0.0663238,	-0.0159269,	0.00587575,	0.813994,	0.0360537,	0.579724,	0.344728,	2.54589,	-0.240181,	-0.00160492,	-0.0374878,	-0.0820933,	-0.538615,	-0.331995,	-0.474387,	0.612071
1520295645633915553,	0.138831,	2.44587,	-0.153442,	0.00261668,	-0.0242931,	-0.0368799,	0.0121991,	0.816718,	0.0382397,	0.575639,	0.34431,	2.54738,	-0.243596,	-0.00870877,	0.0311734,	-0.0711347,	-0.539196,	-0.332215,	-0.468396,	0.616041
1520295645680835620,	0.139269,	2.44484,	-0.154869,	0.00952088,	-0.0223712,	-0.0310381,	0.0104219,	0.819759,	0.0328427,	0.571671,	0.343404,	2.5511,	-0.247742,	-0.0196985,	0.0808766,	-0.09013,	-0.536759,	-0.329771,	-0.461471,	0.624648
1520295645728081476,	0.140147,	2.44308,	-0.155796,	0.0186996,	-0.0374158,	-0.0197068,	0.00715054,	0.822215,	0.0443273,	0.567403,	0.341291,	2.55435,	-0.251477,	-0.0449477,	0.0690496,	-0.0794674,	-0.535966,	-0.326275,	-0.453516,	0.632936
1520295645785211024,	0.141062,	2.44333,	-0.157416,	0.0160469,	0.00427975,	-0.0284368,	-0.0032806,	0.825166,	0.0456186,	0.563036,	0.338106,	2.55543,	-0.256067,	-0.0558726,	0.0190173,	-0.0805212,	-0.540862,	-0.318768,	-0.446948,	0.637254
1520295645839753459,	0.141214,	2.44333,	-0.157968,	0.0028215,	9.0361e-05,	-0.0102221,	-0.00108109,	0.829557,	0.0560709,	0.555599,	0.333133,	2.55513,	-0.261473,	-0.092097,	-0.00550383,	-0.100125,	-0.547554,	-0.307067,	-0.440153,	0.641997
1520295645899669124,	0.140325,	2.44194,	-0.157871,	-0.0150784,	-0.0236214,	0.00165611,	0.00406623,	0.837413,	0.047528,	0.544485,	0.326693,	2.5545,	-0.267676,	-0.10916,	-0.0107676,	-0.105123,	-0.555144,	-0.294724,	-0.432331,	0.646562
1520295645958740589,	0.137843,	2.44509,	-0.15804,	-0.04206,	0.0534729,	-0.00287608,	0.0107015,	0.845326,	0.061504,	0.530592,	0.319741,	2.55147,	-0.27402,	-0.117826,	-0.0514141,	-0.107536,	-0.563494,	-0.280864,	-0.426104,	0.649635
1520295646018305379,	0.133361,	2.44614,	-0.157867,	-0.0759723,	0.0178367,	0.00294427,	-0.00156279,	0.85557,	0.0647782,	0.513616,	0.312832,	2.54892,	-0.279669,	-0.117096,	-0.0430971,	-0.095735,	-0.572577,	-0.268418,	-0.421003,	0.650279
1520295646072336848,	0.128053,	2.4451,	-0.157885,	-0.0982983,	-0.0193475,	-0.000338029,	0.00253836,	0.866571,	0.0615903,	0.495232,	0.300783,	2.54771,	-0.289909,	-0.223143,	-0.0223712,	-0.189638,	-0.584317,	-0.243083,	-0.405245,	0.659743
1520295646122844785,	0.125469,	2.4389,	-0.157294,	-0.051677,	-0.123909,	0.0118109,	0.00488006,	0.874847,	0.045714,	0.482212,	0.296499,	2.54682,	-0.294102,	-0.0856636,	-0.0179649,	-0.083857,	-0.590972,	-0.233743,	-0.395312,	0.663208
1520295646174055545,	0.123256,	2.44165,	-0.15658,	-0.0433979,	0.0538226,	0.0140082,	0.0198513,	0.882914,	0.0599669,	0.465266,	0.292431,	2.54571,	-0.29772,	-0.0797674,	-0.02175,	-0.0709408,	-0.597571,	-0.223622,	-0.385996,	0.666265
1520295646228246509,	0.122531,	2.44028,	-0.155284,	-0.0134103,	-0.025317,	0.0240085,	0.0142461,	0.890808,	0.0479355,	0.45162,	0.28901,	2.54295,	-0.300464,	-0.0633523,	-0.0511445,	-0.0508143,	-0.604366,	-0.214561,	-0.377039,	0.668242
1520295646279334235,	0.122519,	2.43958,	-0.153769,	-0.000241375,	-0.0138099,	0.0296979,	0.0205079,	0.897321,	0.0603463,	0.436753,	0.286033,	2.53817,	-0.304024,	-0.0583747,	-0.0935799,	-0.0698018,	-0.615641,	-0.206723,	-0.368993,	0.664903
1520295646327182334,	0.123684,	2.43588,	-0.151653,	0.0247865,	-0.0787069,	0.045012,	0.0106861,	0.905047,	0.0606913,	0.420824,	0.283059,	2.53254,	-0.307596,	-0.0632863,	-0.119774,	-0.0760084,	-0.625752,	-0.198883,	-0.362123,	0.661625
1520295646382722041,	0.123873,	2.43707,	-0.15027,	0.00344265,	0.021729,	0.0251585,	0.00497539,	0.911864,	0.0448893,	0.408001,	0.279627,	2.52739,	-0.311484,	-0.0623976,	-0.0936524,	-0.0706952,	-0.635938,	-0.191932,	-0.35469,	0.657982
1520295646438958852,	0.124369,	2.43432,	-0.148893,	0.00885618,	-0.0491704,	0.0245753,	0.0126506,	0.917068,	0.047162,	0.39573,	0.275613,	2.52382,	-0.315784,	-0.0716651,	-0.063804,	-0.0767795,	-0.643072,	-0.182703,	-0.346494,	0.658043
1520295646489680953,	0.12477,	2.43178,	-0.148193,	0.00801963,	-0.0507612,	0.0140001,	0.00857363,	0.92305,	0.0287764,	0.383506,	0.271074,	2.52232,	-0.319726,	-0.0907926,	-0.0300575,	-0.0788377,	-0.647736,	-0.173577,	-0.337253,	0.660734
1520295646538667244,	0.124955,	2.42982,	-0.148347,	0.00384742,	-0.0409419,	-0.00320464,	0.0207305,	0.928663,	0.0442059,	0.367698,	0.266397,	2.5214,	-0.323285,	-0.0974308,	-0.0191771,	-0.0741387,	-0.65157,	-0.163682,	-0.328543,	0.663871
1520295646593458613,	0.125325,	2.42802,	-0.148241,	0.00685036,	-0.0332137,	0.00196867,	0.0154544,	0.934172,	0.0321572,	0.355036,	0.262217,	2.52005,	-0.325908,	-0.077417,	-0.024916,	-0.0485769,	-0.656566,	-0.154817,	-0.320584,	0.664965
1520295646644502838,	0.125182,	2.42758,	-0.147854,	-0.00280621,	-0.00876062,	0.00757866,	0.0184284,	0.938571,	0.0454872,	0.341578,	0.257487,	2.51757,	-0.327957,	-0.0927462,	-0.0486352,	-0.0401737,	-0.66274,	-0.146703,	-0.313179,	0.664208
1520295646689821048,	0.12519,	2.42539,	-0.146505,	0.00017356,	-0.0485776,	0.0299808,	0.0112333,	0.943896,	0.0428138,	0.327262,	0.251985,	2.51477,	-0.329343,	-0.122255,	-0.0622253,	-0.0308073,	-0.668441,	-0.135384,	-0.306588,	0.663974
1520295646738381255,	0.124475,	2.4242,	-0.145126,	-0.014892,	-0.0248485,	0.0287381,	0.013406,	0.94854,	0.0242284,	0.315445,	0.246006,	2.51227,	-0.330604,	-0.124571,	-0.0521034,	-0.0262838,	-0.674571,	-0.126456,	-0.297424,	0.663704
1520295646804725313,	0.124086,	2.42268,	-0.143043,	-0.00588612,	-0.0229352,	0.0315631,	0.0197495,	0.952032,	0.0299507,	0.303887,	0.239182,	2.50984,	-0.331626,	-0.103384,	-0.0368314,	-0.0154733,	-0.681167,	-0.114978,	-0.287557,	0.663402
1520295646853988438,	0.123213,	2.42229,	-0.140822,	-0.0178176,	-0.00797409,	0.0453175,	0.0247019,	0.956024,	0.042985,	0.289067,	0.231461,	2.50669,	-0.332122,	-0.157576,	-0.0641489,	-0.0101346,	-0.689074,	-0.106431,	-0.275566,	0.66175
1520295646901762040,	0.121832,	2.42062,	-0.136849,	-0.0293936,	-0.0355847,	0.0845331,	0.0252277,	0.962178,	0.042236,	0.267943,	0.223507,	2.50449,	-0.333162,	-0.169232,	-0.0469607,	-0.0221264,	-0.695994,	-0.0944021,	-0.264726,	0.660758
1520295646950478503,	0.120447,	2.41608,	-0.133598,	-0.028847,	-0.0945694,	0.0677226,	0.023839,	0.967203,	0.0229332,	0.251842,	0.215997,	2.5035,	-0.333887,	-0.156459,	-0.0205716,	-0.0151044,	-0.699656,	-0.0836277,	-0.254444,	0.662379
1520295647008094765,	0.118663,	2.41881,	-0.131356,	-0.0312985,	0.0479085,	0.0393426,	0.0235314,	0.970929,	0.0371314,	0.235298,	0.209916,	2.50349,	-0.335117,	-0.10669,	-0.000190781,	-0.021581,	-0.704529,	-0.07397,	-0.245881,	0.661596
1520295647061293082,	0.117635,	2.41786,	-0.129674,	-0.0194069,	-0.0179111,	0.0317376,	0.0183525,	0.974233,	0.0104882,	0.22455,	0.204357,	2.50325,	-0.336278,	-0.104888,	-0.00455184,	-0.0219024,	-0.708513,	-0.0660513,	-0.238511,	0.660877
1520295647114985402,	0.116382,	2.4177,	-0.128185,	-0.0236267,	-0.00306554,	0.0280942,	0.0242476,	0.977194,	0.0336459,	0.208258,	0.198975,	2.50273,	-0.337591,	-0.101536,	-0.0098383,	-0.0247729,	-0.711665,	-0.0578284,	-0.231234,	0.660848
1520295647162663482,	0.115552,	2.41769,	-0.127364,	-0.0176679,	-0.000288924,	0.0174708,	0.023471,	0.980162,	0.0236442,	0.195379,	0.194311,	2.50296,	-0.339077,	-0.0992443,	0.0048616,	-0.0316162,	-0.714098,	-0.051403,	-0.222123,	0.661879
1520295647215593671,	0.115554,	2.41626,	-0.126746,	3.71098e-05,	-0.0274454,	0.0118871,	0.0272946,	0.982753,	0.0191583,	0.18189,	0.183802,	2.50361,	-0.342783,	-0.202091,	0.012532,	-0.0712613,	-0.7185,	-0.0354591,	-0.200618,	0.665021
1520295647270313328,	0.11543,	2.41781,	-0.126606,	-0.00229087,	0.0286509,	0.00257859,	0.0231634,	0.984602,	0.0254934,	0.171381,	0.179059,	2.50452,	-0.344718,	-0.0878456,	0.0169772,	-0.0358461,	-0.721716,	-0.0284334,	-0.189115,	0.665247
1520295647336250611,	0.116082,	2.41958,	-0.126615,	0.010032,	0.0272643,	-0.000140172,	0.0237099,	0.987411,	0.0214072,	0.154914,	0.17358,	2.50579,	-0.346814,	-0.084281,	0.0194802,	-0.0322431,	-0.723648,	-0.019841,	-0.179841,	0.66603
1520295647386777398,	0.117191,	2.41733,	-0.126868,	0.0221794,	-0.0449308,	-0.00505697,	0.0269812,	0.989072,	0.0384881,	0.139742,	0.168383,	2.50607,	-0.349207,	-0.103941,	0.00568857,	-0.0478649,	-0.726822,	-0.00939482,	-0.173112,	0.664586
1520295647436551816,	0.118052,	2.4192,	-0.127881,	0.0175743,	0.0380377,	-0.0206591,	0.0287214,	0.991456,	0.0361186,	0.122009,	0.163949,	2.50625,	-0.350824,	-0.0904944,	0.00362993,	-0.0329907,	-0.730336,	-0.00325919,	-0.165611,	0.6627
1520295647497919178,	0.117914,	2.42197,	-0.128902,	-0.00226435,	0.0454678,	-0.0167396,	0.0325148,	0.993181,	0.0203374,	0.110097,	0.159593,	2.5085,	-0.352105,	-0.0714045,	0.0369238,	-0.0209923,	-0.731422,	0.00425325,	-0.158398,	0.66326
1520295647546497223,	0.117835,	2.42244,	-0.12945,	-0.00166078,	0.00975193,	-0.0114248,	0.0397582,	0.994086,	0.0243052,	0.0980866,	0.154548,	2.51203,	-0.353131,	-0.105101,	0.0734117,	-0.0213913,	-0.730515,	0.012328,	-0.150034,	0.666097
1520295647603718211,	0.117879,	2.42334,	-0.12977,	0.000779778,	0.015918,	-0.00562059,	0.0361619,	0.99544,	0.0194454,	0.0860961,	0.149695,	2.51445,	-0.353498,	-0.0851401,	0.042561,	-0.00642945,	-0.729086,	0.0206562,	-0.142524,	0.669099
1520295647661585184,	0.1178,	2.42417,	-0.129823,	-0.00139296,	0.0145008,	-0.000916549,	0.0418959,	0.996265,	0.0108632,	0.0747238,	0.144372,	2.51578,	-0.354065,	-0.0933984,	0.0232091,	-0.00994752,	-0.729348,	0.0307354,	-0.135896,	0.669806
1520295647708380090,	0.117492,	2.42518,	-0.129511,	-0.00669352,	0.0218994,	0.00676627,	0.0638669,	0.995976,	0.022054,	0.0588732,	0.140738,	2.5159,	-0.354735,	-0.0789859,	0.00272658,	-0.0145612,	-0.733966,	0.0371972,	-0.129882,	0.665614
1520295647755692558,	0.119944,	2.43335,	-0.129482,	0.0521808,	0.173801,	0.000616429,	-0.164242,	0.984456,	0.0337858,	0.0522433,	0.138218,	2.51722,	-0.355607,	-0.0536265,	0.0279678,	-0.0185678,	-0.736148,	0.0392864,	-0.123906,	0.664222
1520295647810398275,	0.123199,	2.4362,	-0.130848,	0.0602682,	0.0527894,	-0.0252948,	-0.298126,	0.938423,	0.100662,	0.142652,	0.134368,	2.51785,	-0.356626,	-0.0712874,	0.011629,	-0.0188683,	-0.73716,	0.0448881,	-0.119035,	0.663634
1520295647858403692,	0.120213,	2.43543,	-0.130651,	-0.0622006,	-0.0159482,	0.00410952,	-0.173448,	0.983994,	0.0133113,	0.0386515,	0.130135,	2.51722,	-0.357038,	-0.0882053,	-0.0130802,	-0.0085794,	-0.739074,	0.0517692,	-0.113314,	0.662005
1520295647915323647,	0.119318,	2.43578,	-0.130834,	-0.0159896,	0.00628346,	-0.00326809,	-0.134652,	0.990585,	-0.000633148,	0.0246786,	0.125761,	2.51713,	-0.356954,	-0.0781056,	-0.00161092,	0.0014983,	-0.741716,	0.0573573,	-0.106546,	0.659709
1520295647963125236,	0.118945,	2.43634,	-0.130867,	-0.00793251,	0.0119089,	-0.000691977,	-0.136483,	0.990384,	-0.0143681,	0.0174561,	0.119978,	2.51674,	-0.357137,	-0.123036,	-0.00815477,	-0.00389004,	-0.744699,	0.0645365,	-0.098382,	0.656947
1520295648017095795,	0.117988,	2.43678,	-0.130608,	-0.0180559,	0.00818136,	0.00487554,	-0.108599,	0.993955,	-0.0160473,	0.00140684,	0.107165,	2.5195,	-0.35657,	-0.241747,	0.0519235,	0.0106977,	-0.744483,	0.0861745,	-0.0853326,	0.656534
1520295648070099627,	0.117271,	2.43837,	-0.1306,	-0.0135341,	0.030112,	0.000159787,	-0.120006,	0.992717,	-0.00212191,	-0.0103632,	0.10178,	2.52019,	-0.35631,	-0.101615,	0.0131298,	0.00489841,	-0.744802,	0.0951012,	-0.0785184,	0.65579
1520295648120622069,	0.116157,	2.43698,	-0.13002,	-0.022271,	-0.0278626,	0.0116019,	-0.105713,	0.993861,	-0.0229111,	-0.0232325,	0.0965625,	2.52039,	-0.356302,	-0.104345,	0.00398799,	0.000159015,	-0.746221,	0.0999479,	-0.07005,	0.654414
1520295648174297846,	0.114631,	2.44045,	-0.130406,	-0.0287878,	0.0654054,	-0.00728001,	-0.0947292,	0.994837,	-0.00933815,	-0.0351813,	0.0909757,	2.51921,	-0.356288,	-0.105411,	-0.0222565,	0.000276987,	-0.748398,	0.105506,	-0.0605916,	0.651995
1520295648225253682,	0.114023,	2.43897,	-0.130383,	-0.012162,	-0.0295155,	0.000458334,	-0.0894561,	0.994733,	-0.0220852,	-0.0449008,	0.0847442,	2.51836,	-0.356531,	-0.12463,	-0.0171048,	-0.00486375,	-0.751435,	0.109808,	-0.0506234,	0.648633
1520295648278281014,	0.11282,	2.44212,	-0.131329,	-0.0226932,	0.059467,	-0.0178559,	-0.0797279,	0.995162,	-0.00390889,	-0.0572758,	0.077881,	2.51816,	-0.356869,	-0.129495,	-0.00375701,	-0.00638196,	-0.753465,	0.114525,	-0.0400239,	0.646199
1520295648330808939,	0.111825,	2.44002,	-0.131735,	-0.0191441,	-0.0405153,	-0.00780066,	-0.0818101,	0.994036,	-0.0251573,	-0.0675704,	0.0715899,	2.51902,	-0.356579,	-0.120982,	0.0165981,	0.00558864,	-0.752331,	0.121673,	-0.0305887,	0.646728
1520295648377468560,	0.10983,	2.43927,	-0.132617,	-0.0433744,	-0.0161636,	-0.0191806,	-0.0721204,	0.994007,	-0.00866259,	-0.0816967,	0.0648895,	2.51964,	-0.356095,	-0.145661,	0.0135208,	0.0105135,	-0.750717,	0.127968,	-0.0205458,	0.647786
1520295648425716771,	0.108101,	2.43967,	-0.133741,	-0.0360237,	0.00822511,	-0.0234277,	-0.06223,	0.993448,	0.0196955,	-0.0938108,	0.0581083,	2.51832,	-0.355386,	-0.141274,	-0.0275196,	0.014779,	-0.752898,	0.137273,	-0.0113443,	0.643562
1520295648472262115,	0.106742,	2.43745,	-0.133928,	-0.0295248,	-0.048149,	-0.00405739,	-0.0642164,	0.99235,	-0.000100177,	-0.105436,	0.0527826,	2.51726,	-0.354772,	-0.115776,	-0.0231728,	0.0133472,	-0.756784,	0.139162,	0.000248845,	0.63868
1520295648522350068,	0.105851,	2.43869,	-0.135004,	-0.0178333,	0.0247823,	-0.021521,	-0.0672783,	0.99051,	0.0136231,	-0.119073,	0.0469748,	2.51585,	-0.353695,	-0.116157,	-0.028125,	0.0215214,	-0.760454,	0.141015,	0.0120679,	0.633782
1520295648568027465,	0.105017,	2.44015,	-0.135111,	-0.0185382,	0.0323998,	-0.00237664,	-0.0556819,	0.990134,	0.00552877,	-0.128465,	0.0405505,	2.51523,	-0.351805,	-0.142763,	-0.013785,	0.0420063,	-0.760028,	0.147023,	0.0231837,	0.632617
1520295648613370113,	0.104397,	2.4384,	-0.134832,	-0.0137676,	-0.0389377,	0.0062022,	-0.0575895,	0.98856,	-0.0155902,	-0.138528,	0.0405505,	2.51523,	-0.351805,	0,	0,	0,	-0.760028,	0.147023,	0.0231837,	0.632617
1520295648664462990,	0.371987,	0.211557,	-0.0142495,	5.24687,	-43.6635,	2.36436,	0.63933,	-0.63037,	-0.272703,	0.345723,	0.0327442,	2.51531,	-0.349613,	-0.153063,	0.00165876,	0.0429912,	-0.756973,	0.157348,	0.0331132,	0.633354
1520295648714446209,	0.352389,	0.258192,	-0.0239884,	-0.399962,	0.951736,	-0.198753,	-0.591109,	0.66148,	0.341003,	-0.311047,	0.0250279,	2.51411,	-0.346829,	-0.157477,	-0.0245745,	0.0568055,	-0.755813,	0.166991,	0.0442483,	0.631587
1520295648769436702,	0.0998386,	2.43953,	-0.134649,	-4.67686,	40.3952,	-2.04927,	-0.0578955,	0.981967,	0.0161401,	-0.179245,	0.0100773,	2.51078,	-0.340479,	-0.276863,	-0.0615861,	0.117597,	-0.760569,	0.181701,	0.0703138,	0.619335
1520295648824292898,	0.0991518,	2.43584,	-0.133715,	-0.0127198,	-0.0683526,	0.0172976,	-0.0579094,	0.978896,	-0.0206988,	-0.194884,	0.00244786,	2.50867,	-0.336904,	-0.141285,	-0.0391475,	0.0661972,	-0.761646,	0.188718,	0.0837737,	0.614218
1520295648874722899,	0.0978237,	2.43767,	-0.132993,	-0.0265618,	0.0365445,	0.0144423,	-0.0554964,	0.975723,	0.00489438,	-0.211803,	-0.00509807,	2.50776,	-0.333052,	-0.150918,	-0.0181652,	0.0770536,	-0.761281,	0.199494,	0.0954259,	0.609547
1520295648932842499,	0.0967876,	2.43416,	-0.132032,	-0.0178625,	-0.0604655,	0.0165577,	-0.0565892,	0.972113,	-0.02698,	-0.225976,	-0.0117638,	2.50569,	-0.329928,	-0.114926,	-0.035673,	0.0538612,	-0.759657,	0.210881,	0.106373,	0.605917
1520295648986114233,	0.0956928,	2.43432,	-0.131706,	-0.0206582,	0.00300067,	0.0061598,	-0.0556413,	0.968303,	0.00469041,	-0.243455,	-0.017995,	2.5037,	-0.327261,	-0.117571,	-0.0375003,	0.0503241,	-0.760013,	0.215591,	0.119239,	0.6014
1520295649037959937,	0.0948671,	2.43328,	-0.131912,	-0.0161892,	-0.0203775,	-0.0040454,	-0.06571,	0.962739,	0.0111113,	-0.262094,	-0.0245605,	2.50243,	-0.324498,	-0.128735,	-0.0249757,	0.0541726,	-0.761009,	0.220459,	0.131981,	0.595689
1520295649101185225,	0.094087,	2.43139,	-0.131986,	-0.0123822,	-0.0299735,	-0.00117583,	-0.0521662,	0.959303,	-0.0246061,	-0.276426,	-0.0312225,	2.50313,	-0.321895,	-0.105745,	0.0110685,	0.0413071,	-0.758068,	0.226344,	0.143396,	0.594591
1520295649159794995,	0.092639,	2.4326,	-0.132555,	-0.0249658,	0.0208158,	-0.00979712,	-0.050569,	0.95521,	0.00336857,	-0.291555,	-0.03794,	2.50436,	-0.31891,	-0.11582,	0.0212414,	0.0514729,	-0.751909,	0.236198,	0.152837,	0.596225
1520295649225352274,	0.0903852,	2.43161,	-0.133282,	-0.034674,	-0.0151907,	-0.011188,	-0.0507617,	0.949597,	0.00638979,	-0.309269,	-0.0511014,	2.50793,	-0.312908,	-0.202482,	0.0549696,	0.0923447,	-0.740483,	0.254223,	0.173049,	0.597587
1520295649274623903,	0.0880746,	2.43152,	-0.134149,	-0.0471546,	-0.00194586,	-0.0177047,	-0.0569224,	0.943954,	0.0118469,	-0.324917,	-0.0581696,	2.50874,	-0.309987,	-0.144251,	0.0164854,	0.0595979,	-0.73773,	0.260365,	0.185075,	0.594736
1520295649324020897,	0.0867898,	2.42739,	-0.13476,	-0.0262215,	-0.0842506,	-0.0124654,	-0.0460012,	0.939631,	-0.0188645,	-0.338559,	-0.0652438,	2.50983,	-0.307127,	-0.144371,	0.0222982,	0.0583776,	-0.734048,	0.267021,	0.197049,	0.592491
1520295649373766226,	0.0844888,	2.42977,	-0.136191,	-0.0469579,	0.0486145,	-0.0291956,	-0.0403681,	0.934294,	0.0211269,	-0.35358,	-0.0716759,	2.51229,	-0.30385,	-0.131267,	0.0501248,	0.0668698,	-0.727954,	0.276431,	0.206761,	0.592384
1520295649425120375,	0.0823703,	2.426,	-0.13707,	-0.0415398,	-0.0738963,	-0.0172446,	-0.0396827,	0.929806,	-0.00423022,	-0.36588,	-0.077264,	2.51505,	-0.301048,	-0.109572,	0.0542223,	0.0549469,	-0.720405,	0.284937,	0.21567,	0.594402
1520295649472222026,	0.0797835,	2.42951,	-0.138393,	-0.055038,	0.0747016,	-0.0281502,	-0.0333696,	0.923846,	0.0308471,	-0.380057,	-0.0826853,	2.51717,	-0.29798,	-0.115347,	0.0450494,	0.0652793,	-0.714617,	0.292842,	0.224598,	0.59424
1520295649528872795,	0.0783848,	2.42515,	-0.138851,	-0.0249776,	-0.0778016,	-0.00817786,	-0.0174848,	0.919593,	0.0307549,	-0.391276,	-0.0879509,	2.51707,	-0.294584,	-0.0940282,	-0.00174799,	0.0606408,	-0.71123,	0.301905,	0.233546,	0.590306
1520295649578913749,	0.0762751,	2.42923,	-0.14064,	-0.0421933,	0.0814098,	-0.0357682,	-0.0273068,	0.913562,	0.0431756,	-0.403478,	-0.0933633,	2.51542,	-0.291668,	-0.108248,	-0.0331395,	0.0583091,	-0.710158,	0.306323,	0.244658,	0.584794
1520295649635593961,	0.0746521,	2.42804,	-0.141868,	-0.0289815,	-0.0211564,	-0.0219415,	-0.0417855,	0.90648,	0.0375987,	-0.418491,	-0.0988877,	2.51415,	-0.288538,	-0.0986496,	-0.0226854,	0.0558993,	-0.711057,	0.312188,	0.256187,	0.575591
1520295649686346527,	0.0734489,	2.42666,	-0.142611,	-0.0240651,	-0.0275117,	-0.0148424,	-0.0342168,	0.90219,	0.0195201,	-0.429536,	-0.103859,	2.5137,	-0.285641,	-0.0994286,	-0.00890878,	0.0579303,	-0.709863,	0.317846,	0.26703,	0.569002
1520295649738770665,	0.0716105,	2.4271,	-0.144379,	-0.0353542,	0.00838326,	-0.0339997,	-0.0269565,	0.894366,	0.0438348,	-0.444367,	-0.108248,	2.51461,	-0.282225,	-0.0844093,	0.0174804,	0.0656943,	-0.705267,	0.325071,	0.276334,	0.566186
1520295649792778492,	0.0704221,	2.42684,	-0.145319,	-0.0220075,	-0.00488309,	-0.0174125,	-0.0166409,	0.890059,	0.0225842,	-0.454982,	-0.11246,	2.51618,	-0.278768,	-0.078,	0.0290754,	0.0640233,	-0.699931,	0.331721,	0.284942,	0.564682
1520295649843950608,	0.0691748,	2.42731,	-0.146823,	-0.0244554,	0.00926282,	-0.029502,	-0.0222268,	0.882513,	0.0463224,	-0.467472,	-0.116495,	2.51716,	-0.274977,	-0.0791122,	0.0192064,	0.0743263,	-0.695904,	0.338374,	0.293322,	0.561411
1520295649895616073,	0.0676894,	2.42943,	-0.147841,	-0.0291259,	0.0415836,	-0.0199532,	-0.0331443,	0.875203,	0.0431104,	-0.48069,	-0.120792,	2.5181,	-0.271355,	-0.0842514,	0.018346,	0.0710214,	-0.69264,	0.345264,	0.301111,	0.557113
1520295649946431873,	0.0666279,	2.42719,	-0.148099,	-0.0212312,	-0.0448155,	-0.00515793,	-0.0252741,	0.870806,	0.0307234,	-0.490015,	-0.123677,	2.51853,	-0.26857,	-0.0576999,	0.00859882,	0.0557128,	-0.690209,	0.349368,	0.309104,	0.553181
1520295649996698633,	0.0651299,	2.43052,	-0.149183,	-0.0299587,	0.0665938,	-0.0216846,	0.0343661,	-0.864026,	-0.0401212,	0.500668,	-0.126231,	2.51969,	-0.266121,	-0.0510725,	0.02331,	0.0489659,	-0.687398,	0.352968,	0.315751,	0.550635
1520295650058318250,	0.0647129,	2.429,	-0.149399,	-0.00683722,	-0.0248886,	-0.00354585,	0.0215626,	-0.860582,	-0.0369979,	0.507508,	-0.128843,	2.52051,	-0.262924,	-0.042826,	0.0134106,	0.0524215,	-0.683442,	0.357871,	0.321549,	0.549036
1520295650109445565,	0.0638324,	2.43179,	-0.15032,	-0.0172648,	0.0547786,	-0.0180486,	0.029812,	-0.855099,	-0.0444552,	0.515694,	-0.132156,	2.52132,	-0.259501,	-0.0649519,	0.0158896,	0.0671185,	-0.680841,	0.362305,	0.328459,	0.545257
1520295650169700946,	0.0632472,	2.42958,	-0.150323,	-0.00975314,	-0.0368756,	-5.46061e-05,	0.00849967,	-0.851169,	-0.0455231,	0.522844,	-0.139881,	2.52094,	-0.249919,	-0.128765,	-0.00636637,	0.159698,	-0.676243,	0.37213,	0.345003,	0.53403
1520295650220567004,	0.0617146,	2.43042,	-0.150348,	-0.0306507,	0.016725,	-0.000499001,	0.0187685,	-0.844687,	-0.0375457,	0.533612,	-0.144689,	2.52123,	-0.243716,	-0.0961601,	0.00574585,	0.124056,	-0.671474,	0.379951,	0.354024,	0.528609
1520295650267035481,	0.0600146,	2.43254,	-0.149807,	-0.036958,	0.0462036,	0.0117708,	0.014847,	-0.836473,	-0.0566914,	0.544866,	-0.14934,	2.52154,	-0.23758,	-0.101106,	0.00685668,	0.133394,	-0.665716,	0.388094,	0.362579,	0.524159
1520295650327853368,	0.0581715,	2.43013,	-0.148822,	-0.030718,	-0.0402863,	0.0164042,	0.00247381,	-0.830495,	-0.046421,	0.555083,	-0.154328,	2.52187,	-0.23133,	-0.0831242,	0.00554422,	0.104168,	-0.659922,	0.396798,	0.370682,	0.519277
1520295650376508173,	0.055732,	2.43362,	-0.148669,	-0.0508218,	0.0727895,	0.00319208,	0.0268666,	-0.822163,	-0.0450808,	0.566827,	-0.159177,	2.52136,	-0.225154,	-0.101035,	-0.0106184,	0.12867,	-0.655909,	0.404858,	0.37886,	0.512191
1520295650430746612,	0.0520865,	2.43274,	-0.14818,	-0.0675095,	-0.0162675,	0.00905912,	0.0271897,	-0.811442,	-0.0449629,	0.582066,	-0.16341,	2.51979,	-0.218848,	-0.0783752,	-0.0292147,	0.116769,	-0.65199,	0.413131,	0.386929,	0.504497
1520295650491186352,	0.0496353,	2.42962,	-0.147364,	-0.0408544,	-0.0520344,	0.0136028,	0.0149718,	-0.804873,	-0.0319454,	0.592397,	-0.167419,	2.51889,	-0.213357,	-0.0668237,	-0.0149832,	0.0915218,	0.648012,	-0.421026,	-0.393803,	-0.497732
1520295650537574435,	0.0468954,	2.43129,	-0.14712,	-0.0595611,	0.03635,	0.00529251,	0.0265676,	-0.794871,	-0.0421579,	0.604729,	-0.170031,	2.51774,	-0.208763,	-0.0567819,	-0.0248683,	0.0998693,	0.643932,	-0.428755,	-0.400282,	-0.491218
1520295650584770026,	0.0450544,	2.42664,	-0.146353,	-0.0391712,	-0.099085,	0.0163207,	-0.00264611,	-0.787807,	-0.0383767,	0.61472,	-0.171912,	2.517,	-0.205071,	-0.0400224,	-0.0158612,	0.0785446,	0.640476,	-0.43489,	-0.405859,	-0.485737
1520295650633265047,	0.0437774,	2.42638,	-0.14727,	-0.026605,	-0.00522297,	-0.0191061,	0.00813654,	-0.77886,	-0.0487082,	0.625251,	-0.173688,	2.51607,	-0.200839,	-0.0369954,	-0.0193354,	0.0881712,	0.637684,	-0.440239,	-0.411739,	-0.479604
1520295650682674743,	0.0428318,	2.42561,	-0.147079,	-0.0192966,	-0.0158858,	0.00390963,	-0.00562722,	-0.773754,	-0.0354841,	0.632467,	-0.175676,	2.51528,	-0.196742,	-0.0405771,	-0.016055,	0.0836073,	0.634444,	-0.444269,	-0.417932,	-0.474805
1520295650734158697,	0.0424946,	2.42588,	-0.147642,	-0.00661216,	0.00541958,	-0.0110509,	0.0198949,	-0.766515,	-0.0340656,	0.641014,	-0.177572,	2.5146,	-0.191702,	-0.0371819,	-0.0134087,	0.0988235,	0.630469,	-0.448415,	-0.425118,	-0.469795
1520295650782994689,	0.0413875,	2.42409,	-0.147692,	-0.0230645,	-0.0373856,	-0.00102645,	0.00733088,	-0.76192,	-0.0248832,	0.647152,	-0.180004,	2.51579,	-0.186337,	-0.050647,	0.0247777,	0.111783,	0.623732,	-0.455328,	-0.430587,	-0.46715
1520295650833134719,	0.0400257,	2.42446,	-0.147142,	-0.0272358,	0.00749626,	0.0109939,	0.0184708,	-0.753826,	-0.0332276,	0.655973,	-0.182699,	2.51671,	-0.179807,	-0.0539066,	0.0185188,	0.130597,	0.616238,	-0.463538,	-0.43678,	-0.463257
1520295650886931569,	0.038664,	2.42175,	-0.146236,	-0.025693,	-0.0511741,	0.0170936,	0.00446036,	-0.74795,	-0.0261585,	0.663224,	-0.185361,	2.51691,	-0.173349,	-0.0502309,	0.00372759,	0.12184,	0.610332,	-0.47044,	-0.44414,	-0.457078
1520295650934200452,	0.0362306,	2.42444,	-0.14574,	-0.0517739,	0.0571925,	0.0105447,	0.0194029,	-0.737853,	-0.0341728,	0.673817,	-0.187703,	2.51706,	-0.167125,	-0.0498291,	0.00307058,	0.132436,	0.604222,	-0.478474,	-0.450726,	-0.45036
1520295650986683305,	0.0345546,	2.42037,	-0.144458,	-0.0322307,	-0.078189,	0.0246566,	-0.0114446,	-0.729473,	-0.0372825,	0.682897,	-0.190216,	2.51567,	-0.161197,	-0.0483337,	-0.0266974,	0.113995,	0.599516,	-0.484158,	-0.458424,	-0.442741
1520295651044317973,	0.0325354,	2.42314,	-0.1444,	-0.035425,	0.0486034,	0.00101525,	0.0180819,	-0.719535,	-0.0348665,	0.693344,	-0.192689,	2.51419,	-0.155029,	-0.0433754,	-0.0258705,	0.108206,	0.595842,	-0.488603,	-0.467228,	-0.433517
1520295651097576001,	0.0306553,	2.41971,	-0.143476,	-0.0354729,	-0.0647487,	0.0174385,	-0.0131401,	-0.711302,	-0.0353862,	0.701872,	-0.19473,	2.51388,	-0.14877,	-0.0385123,	-0.0059559,	0.118103,	0.589083,	-0.495931,	-0.473479,	-0.427611
1520295651145768426,	0.0282515,	2.42171,	-0.143824,	-0.0500792,	0.0417229,	-0.00724051,	0.00670876,	-0.700325,	-0.0423119,	0.712538,	-0.197431,	2.514,	-0.142708,	-0.0562773,	0.00246338,	0.126288,	0.583376,	-0.500807,	-0.48067,	-0.421689
1520295651199369226,	0.025421,	2.4224,	-0.142972,	-0.0534053,	0.01299,	0.0160785,	0.0179066,	-0.689613,	-0.027638,	0.723429,	-0.199497,	2.51442,	-0.13669,	-0.0389749,	0.00809068,	0.113555,	0.577728,	-0.504838,	-0.488647,	-0.415443
1520295651251723234,	0.0235649,	2.41893,	-0.141868,	-0.0356945,	-0.0667541,	0.0212227,	0.000810254,	-0.682363,	-0.022208,	0.730676,	-0.200888,	2.51483,	-0.131503,	-0.0267469,	0.00785624,	0.0997486,	0.571267,	-0.509856,	-0.494505,	-0.411298
1520295651299361408,	0.0211357,	2.42223,	-0.141264,	-0.0516855,	0.0701321,	0.0128507,	0.0135726,	-0.672565,	-0.0299902,	0.739306,	-0.201522,	2.51477,	-0.127757,	-0.0134918,	-0.0014195,	0.0796941,	0.56639,	-0.513413,	-0.500801,	-0.405965
1520295651353634703,	0.0198105,	2.41949,	-0.140877,	-0.0245406,	-0.0507682,	0.00717523,	-0.00458368,	-0.664886,	-0.0328405,	0.746208,	-0.20189,	2.51454,	-0.124275,	-0.00681961,	-0.00417851,	0.064486,	0.561989,	-0.51532,	-0.507971,	-0.400723
1520295651410009813,	0.0186978,	2.42223,	-0.14185,	-0.0198697,	0.0490398,	-0.0173781,	0.0137774,	-0.657121,	-0.0298927,	0.753066,	-0.202027,	2.51426,	-0.121555,	-0.00243755,	-0.00494511,	0.0485748,	0.556329,	-0.517746,	-0.513913,	-0.397908
1520295651463724450,	0.0181126,	2.42083,	-0.142472,	-0.0110423,	-0.0264783,	-0.0117462,	-0.00122337,	-0.650648,	-0.0326535,	0.758676,	-0.202641,	2.51367,	-0.118082,	-0.0115928,	-0.011147,	0.0655232,	0.550792,	-0.519453,	-0.521506,	-0.393483
1520295651517341854,	0.0173175,	2.42031,	-0.143902,	-0.0150011,	-0.00974012,	-0.026982,	0.00546789,	-0.641902,	-0.0282749,	0.766246,	-0.202995,	2.51102,	-0.108437,	-0.00667986,	-0.0500357,	0.181979,	0.541774,	-0.521465,	-0.539556,	-0.378727
1520295651565977138,	0.0163323,	2.4211,	-0.145052,	-0.0205257,	0.0163878,	-0.0239587,	0.023694,	-0.632354,	-0.029062,	0.773771,	-0.20219,	2.51293,	-0.10198,	0.0167721,	0.0398205,	0.134512,	-0.533281,	0.527901,	0.545241,	0.37369
1520295651615384056,	0.015699,	2.42091,	-0.145165,	-0.012924,	-0.0039325,	-0.00229834,	0.00900858,	-0.623489,	-0.0296046,	0.78122,	-0.20219,	2.51293,	-0.10198,	0,	0,	0,	-0.533281,	0.527901,	0.545241,	0.37369
1520295651670175251,	0.0153428,	2.42076,	-0.144933,	-0.00659584,	-0.00270271,	0.00429082,	0.0266679,	-0.613944,	-0.0293288,	0.788353,	-0.200052,	2.51533,	-0.0868765,	0.0395859,	0.0444208,	0.279703,	-0.507361,	0.543275,	0.559003,	0.36736
1520295651720334053,	0.0147974,	2.42083,	-0.143359,	-0.0109085,	0.00131181,	0.0314868,	0.00326017,	-0.60362,	-0.033063,	0.796579,	-0.199536,	2.51345,	-0.0780727,	0.0103318,	-0.0375654,	0.176075,	-0.498003,	0.543312,	0.574958,	0.355285
1520295651766838835,	0.0134762,	2.42172,	-0.142923,	-0.028721,	0.0193506,	0.00946609,	0.021669,	-0.58792,	-0.0455688,	0.807344,	-0.198779,	2.51418,	-0.0690536,	0.0164515,	0.0157424,	0.196068,	-0.48858,	0.545901,	0.587475,	0.343734
1520295651815721777,	0.0119134,	2.41949,	-0.142115,	-0.0325597,	-0.0462938,	0.016849,	0.00898513,	-0.574632,	-0.0399664,	0.817386,	-0.197048,	2.52061,	-0.0600687,	0.0360576,	0.134064,	0.187185,	-0.470156,	0.561453,	0.589504,	0.340894
1520295651870727028,	0.0103296,	2.42172,	-0.141887,	-0.0287951,	0.0404219,	0.00413181,	0.0329764,	-0.559956,	-0.0366662,	0.827054,	-0.193715,	2.52578,	-0.0496145,	0.0605997,	0.0939159,	0.190077,	-0.448982,	0.580524,	0.588825,	0.338662
1520295651922826947,	0.00845361,	2.42076,	-0.14027,	-0.0360775,	-0.0184815,	0.0310999,	0.00187828,	-0.544686,	-0.0448293,	0.837439,	-0.189111,	2.52453,	-0.0382081,	0.088537,	-0.0239786,	0.219353,	-0.436061,	0.584893,	0.601471,	0.325552
1520295651977995336,	0.00694352,	2.42115,	-0.137984,	-0.0274562,	0.00710003,	0.0415626,	0.0192906,	-0.524144,	-0.0572819,	0.849482,	-0.184298,	2.51719,	-0.0274044,	0.0875147,	-0.133418,	0.196431,	-0.431242,	0.575681,	0.622362,	0.308685
1520295652028051512,	0.00647963,	2.42276,	-0.134892,	-0.00927782,	0.0322885,	0.0618394,	0.00438952,	-0.507985,	-0.0505996,	0.859867,	-0.178346,	2.51217,	-0.0185372,	0.119034,	-0.100388,	0.177345,	-0.425923,	0.572354,	0.635916,	0.294298
1520295652073668294,	0.00813218,	2.42346,	-0.132067,	0.0367234,	0.0154262,	0.0627799,	0.0164986,	-0.489377,	-0.038365,	0.871072,	-0.172212,	2.51095,	-0.0126586,	0.136313,	-0.0271799,	0.130634,	-0.41929,	0.580661,	0.635983,	0.287322
1520295652124918243,	0.0118821,	2.41671,	-0.129308,	0.0735282,	-0.132206,	0.0540973,	0.0380528,	-0.474574,	-0.0422364,	0.878378,	-0.166091,	2.51227,	-0.00796243,	0.120019,	0.025907,	0.0920827,	-0.41386,	0.592471,	0.631677,	0.280503
1520295652191604139,	0.0138599,	2.41522,	-0.127392,	0.0299662,	-0.0225946,	0.0290363,	0.0363577,	-0.466,	-0.047353,	0.882768,	-0.159605,	2.51306,	-0.00326034,	0.098276,	0.0119756,	0.0712438,	-0.409332,	0.602905,	0.627748,	0.273651
1520295652245805272,	0.0164254,	2.41969,	-0.125526,	0.0475095,	0.0827025,	0.0345459,	0.0181026,	-0.45851,	-0.0358791,	0.88778,	-0.153693,	2.51075,	0.00204406,	0.109475,	-0.0427855,	0.0982297,	-0.404075,	0.608333,	0.629066,	0.266327
1520295652312589425,	0.0217344,	2.41582,	-0.122515,	0.0804395,	-0.0586318,	0.0456279,	0.0104719,	-0.448249,	-0.0315628,	0.89329,	-0.147896,	2.50615,	0.00858011,	0.0878449,	-0.0697453,	0.0990311,	-0.399149,	0.605158,	0.639265,	0.256524
1520295652363598030,	0.0258034,	2.40808,	-0.120504,	0.0797837,	-0.15178,	0.0394248,	0.0231905,	-0.437915,	-0.0360509,	0.897994,	-0.142567,	2.50282,	0.0154566,	0.104474,	-0.0652596,	0.134834,	-0.392478,	0.602646,	0.649554,	0.246695
1520295652411068109,	0.0295512,	2.41,	-0.118272,	0.07974,	0.0408419,	0.0475057,	0.0173044,	-0.422524,	-0.0192166,	0.905983,	-0.137114,	2.50436,	0.0223387,	0.116023,	0.0328562,	0.146428,	-0.382885,	0.608609,	0.652672,	0.238775
1520295652477897040,	0.0315592,	2.40522,	-0.116159,	0.0304252,	-0.0723345,	0.0320124,	0.0323113,	-0.40935,	-0.0250895,	0.91146,	-0.126914,	2.51423,	0.0357584,	0.154545,	0.149533,	0.203328,	-0.356356,	0.631391,	0.648848,	0.230983
1520295652534975380,	0.0324547,	2.40838,	-0.113821,	0.0157107,	0.0554324,	0.0410052,	0.00666965,	-0.398586,	-0.0221676,	0.916839,	-0.121954,	2.51635,	0.0437518,	0.0870304,	0.0371171,	0.140234,	-0.342121,	0.633881,	0.655705,	0.226272
1520295652587960428,	0.0333298,	2.40798,	-0.110001,	0.0168273,	-0.00771844,	0.0734666,	-0.00246034,	-0.381541,	-0.0289994,	0.923894,	-0.117364,	2.51731,	0.0516595,	0.0882642,	0.0184794,	0.152071,	-0.329861,	0.63094,	0.666605,	0.220784
1520295652635784225,	0.0331705,	2.40914,	-0.106211,	-0.00338802,	0.0247294,	0.0806414,	0.0199106,	-0.363924,	-0.0435727,	0.930196,	-0.11205,	2.51988,	0.0590309,	0.113057,	0.0546212,	0.15684,	-0.316934,	0.632476,	0.672983,	0.215921
1520295652682933903,	0.0333659,	2.41124,	-0.102892,	0.00415763,	0.04467,	0.0706158,	0.00734102,	-0.351399,	-0.0474459,	0.934994,	-0.10735,	2.52451,	0.06519,	0.100001,	0.0985584,	0.131043,	-0.305419,	0.64035,	0.671977,	0.212409
1520295652731175163,	0.0338214,	2.41098,	-0.100185,	0.00948976,	-0.00552317,	0.056399,	0.021528,	-0.337909,	-0.0530254,	0.939437,	-0.102926,	2.52846,	0.0703393,	0.0921621,	0.0823456,	0.107278,	-0.297471,	0.64714,	0.670865,	0.206547
1520295652780186605,	0.0338624,	2.41624,	-0.0979582,	0.000835162,	0.107454,	0.0454434,	-0.00121158,	-0.329906,	-0.0490746,	0.942737,	-0.0982724,	2.53093,	0.0758984,	0.0949785,	0.050416,	0.113452,	-0.289939,	0.651498,	0.672045,	0.199603
1520295652832603237,	0.0350122,	2.4144,	-0.0951601,	0.0221129,	-0.0353967,	0.0538095,	0.00784157,	-0.319849,	-0.051685,	0.946025,	-0.0930064,	2.53192,	0.0818017,	0.101271,	0.0189109,	0.113525,	-0.280854,	0.654742,	0.674702,	0.192902
1520295652880633668,	0.0355431,	2.41807,	-0.0922214,	0.0110599,	0.076363,	0.0612243,	-0.0086045,	-0.310327,	-0.0498806,	0.949281,	-0.0872872,	2.53221,	0.0880623,	0.11915,	0.00608025,	0.130429,	-0.271303,	0.655662,	0.679912,	0.18499
1520295652943125569,	0.0366476,	2.41678,	-0.0898794,	0.0178145,	-0.0207784,	0.0377735,	0.00853166,	-0.297437,	-0.0527751,	0.953244,	-0.081105,	2.53342,	0.0942391,	0.0997121,	0.0195095,	0.0996247,	-0.260477,	0.656306,	0.68561,	0.177069
1520295652996600043,	0.0373464,	2.41987,	-0.0869562,	0.0131849,	0.0583834,	0.0551545,	-0.00937171,	-0.286717,	-0.0512444,	0.956598,	-0.0747722,	2.53586,	0.0998966,	0.119488,	0.0461025,	0.106746,	-0.247473,	0.661382,	0.687135,	0.170812
1520295653044582959,	0.0386125,	2.42008,	-0.0839128,	0.0269392,	0.00435491,	0.0647529,	-0.0118019,	-0.26872,	-0.0544573,	0.961605,	-0.0684629,	2.53793,	0.105301,	0.13424,	0.0440985,	0.114995,	-0.235279,	0.664957,	0.689823,	0.163155
1520295653096739383,	0.0393939,	2.4191,	-0.0816498,	0.0150262,	-0.0188992,	0.0435206,	0.00457754,	-0.25399,	-0.0580041,	0.965455,	-0.0628171,	2.53857,	0.110466,	0.108572,	0.0121956,	0.0993174,	-0.223793,	0.665022,	0.695319,	0.155544
1520295653160437194,	0.0398881,	2.42161,	-0.079569,	0.00784393,	0.0398337,	0.0330271,	-0.012276,	-0.240439,	-0.0593582,	0.96877,	-0.0576421,	2.53975,	0.114539,	0.0821425,	0.0187615,	0.0646556,	-0.213278,	0.66675,	0.69858,	0.148129
1520295653211720465,	0.0397215,	2.42363,	-0.0779494,	-0.00326587,	0.0396142,	0.0317586,	0.00214877,	-0.226164,	-0.0615832,	0.972138,	-0.052557,	2.54127,	0.11765,	0.0997077,	0.0298934,	0.0609914,	-0.203777,	0.668338,	0.701083,	0.142417
1520295653271878747,	0.0399589,	2.42359,	-0.0760084,	0.00395702,	-0.000574068,	0.0323491,	0.00435084,	-0.210125,	-0.0633567,	0.97561,	-0.0417821,	2.5454,	0.123408,	0.179582,	0.0687187,	0.0959667,	-0.185654,	0.672543,	0.703982,	0.132773
1520295653328097984,	0.040283,	2.42665,	-0.0750795,	0.00578626,	0.0546712,	0.0165874,	-0.00762016,	-0.199917,	-0.0669675,	0.977492,	-0.0350062,	2.54688,	0.126435,	0.120998,	0.0264438,	0.0540584,	-0.177824,	0.674406,	0.70545,	0.126077
1520295653382459934,	0.041514,	2.42826,	-0.0737124,	0.0227966,	0.0298217,	0.0253175,	0.00970469,	-0.187213,	-0.0704265,	0.979743,	-0.0271562,	2.5481,	0.129819,	0.145371,	0.0225829,	0.0626661,	-0.16946,	0.675592,	0.707641,	0.118754
1520295653432785704,	0.0448942,	2.42661,	-0.0724964,	0.0676048,	-0.0330751,	0.0243203,	0.00144842,	-0.176059,	-0.0703753,	0.98186,	-0.0180449,	2.54798,	0.13346,	0.182226,	-0.00228429,	0.0728231,	-0.160763,	0.675902,	0.710902,	0.109226
1520295653495793727,	0.0468847,	2.4362,	-0.0712752,	0.0315952,	0.152209,	0.0193839,	-0.0110717,	-0.165491,	-0.0665584,	0.983901,	-0.00889327,	2.54929,	0.136856,	0.145264,	0.0207272,	0.0539091,	-0.151216,	0.674949,	0.71539,	0.0989727
1520295653549403635,	0.0511184,	2.43094,	-0.069375,	0.0798809,	-0.0991716,	0.0358529,	0.00549774,	-0.152382,	-0.0691538,	0.985884,	0.000530893,	2.5522,	0.139819,	0.177814,	0.0548731,	0.0558962,	-0.139641,	0.678122,	0.715974,	0.0896183
1520295653602495888,	0.055651,	2.4328,	-0.0674814,	0.08552,	0.0350176,	0.0357281,	0.00638145,	-0.134,	-0.0682681,	0.988607,	0.0104191,	2.55522,	0.142081,	0.18657,	0.0571282,	0.0426783,	-0.12843,	0.68386,	0.713785,	0.0796966
1520295653649423339,	0.0582255,	2.4416,	-0.0665001,	0.0559677,	0.191381,	0.0213324,	-0.0119068,	-0.120109,	-0.0656501,	0.990516,	0.0207921,	2.55643,	0.144432,	0.225499,	0.0261243,	0.051121,	-0.118036,	0.685799,	0.714932,	0.0679733
1520295653707437516,	0.0624209,	2.43568,	-0.0652121,	0.0723341,	-0.102072,	0.0222069,	0.0140285,	-0.102207,	-0.0709936,	0.992127,	0.0302092,	2.55766,	0.146691,	0.162365,	0.0211945,	0.0389454,	-0.108024,	0.685628,	0.717488,	0.0587847
1520295653758775810,	0.0650647,	2.44538,	-0.0648219,	0.0518391,	0.190223,	0.00765114,	-0.0133164,	-0.0920236,	-0.0661457,	0.993468,	0.0389315,	2.55884,	0.148493,	0.171024,	0.0232015,	0.0353249,	-0.0996839,	0.686759,	0.718234,	0.0506535
1520295653811943454,	0.0693954,	2.43893,	-0.0633321,	0.0817111,	-0.121809,	0.0281081,	0.0133129,	-0.0760559,	-0.0710054,	0.994483,	0.0465125,	2.56104,	0.150281,	0.143039,	0.0415316,	0.03374,	-0.092401,	0.689483,	0.71704,	0.0439105
1520295653864872587,	0.0741391,	2.44076,	-0.0620566,	0.0912253,	0.035317,	0.0245293,	0.00185348,	-0.0647895,	-0.0694214,	0.99548,	0.0534994,	2.56448,	0.151559,	0.134362,	0.0661158,	0.024569,	-0.0858219,	0.693238,	0.714589,	0.0376444
1520295653920222953,	0.0763165,	2.4479,	-0.0607801,	0.0395899,	0.129711,	0.0232088,	-0.0134877,	-0.0559642,	-0.0668547,	0.996101,	0.0669872,	2.57199,	0.153009,	0.245234,	0.136617,	0.0263622,	-0.0707901,	0.70239,	0.707764,	0.0265739
1520295653973083512,	0.0796816,	2.44435,	-0.0598517,	0.0647128,	-0.0682219,	0.0178549,	-0.00684269,	-0.0469757,	-0.0698537,	0.996427,	0.0733017,	2.57443,	0.153483,	0.121433,	0.0468363,	0.00911851,	-0.0624066,	0.704563,	0.706538,	0.0223602
1520295654022617200,	0.0817181,	2.45058,	-0.058452,	0.0415609,	0.127084,	0.0285644,	-0.0163774,	-0.0366412,	-0.0712767,	0.996649,	0.0787225,	2.57554,	0.154024,	0.110628,	0.0226975,	0.0110367,	-0.0552965,	0.706245,	0.705563,	0.0184828
1520295654070800941,	0.0844516,	2.44836,	-0.0578304,	0.0569489,	-0.0462506,	0.0129513,	-0.00733226,	-0.0278002,	-0.0747011,	0.996791,	0.0829242,	2.57658,	0.154368,	0.0875356,	0.021679,	0.00716832,	-0.0490482,	0.704222,	0.708098,	0.0161994
1520295654118714410,	0.0857711,	2.45408,	-0.0576611,	0.0280735,	0.121802,	0.00360033,	-0.0183151,	-0.0205865,	-0.0771871,	0.996636,	0.0867448,	2.57712,	0.154196,	0.0812895,	0.0115191,	-0.00364323,	-0.0446268,	0.704533,	0.708148,	0.0129619
1520295654166657249,	0.0874396,	2.4524,	-0.0576516,	0.0355007,	-0.0356886,	0.000202233,	-0.0111086,	-0.0137217,	-0.0803929,	0.996607,	0.0899959,	2.57853,	0.153232,	0.0691715,	0.0298631,	-0.0205138,	-0.0415017,	0.707113,	0.705811,	0.00997859
1520295654217582003,	0.0883709,	2.4561,	-0.0577068,	0.0186266,	0.0739305,	-0.00110419,	-0.0205677,	-0.00826095,	-0.0805602,	0.996503,	0.093552,	2.57882,	0.152323,	0.0711222,	0.00579952,	-0.0181861,	-0.0382045,	0.707877,	0.705274,	0.00625215
1520295654268435660,	0.0900031,	2.45448,	-0.0578883,	0.0326439,	-0.0324678,	-0.00362828,	-0.0206917,	-0.0047018,	-0.0821332,	0.996395,	0.0971894,	2.57847,	0.151607,	0.0727482,	-0.00681605,	-0.0143183,	-0.0349128,	0.706195,	0.707151,	0.00284791
1520295654321613348,	0.0912608,	2.4578,	-0.0592293,	0.02373,	0.062655,	-0.0253018,	-0.020436,	0.000686223,	-0.0808359,	0.996518,	0.0995836,	2.57716,	0.150651,	0.0451744,	-0.0247843,	-0.0180349,	-0.0336908,	0.704142,	0.709259,	-0.000619162
1520295654373617223,	0.0929941,	2.45514,	-0.0598342,	0.0333331,	-0.0511719,	-0.0116329,	-0.0143092,	0.00537967,	-0.082443,	0.996479,	0.100792,	2.57653,	0.149431,	0.023239,	-0.0121385,	-0.0234738,	-0.0320481,	0.703543,	0.709927,	-0.00194811
1520295654424361891,	0.093901,	2.45844,	-0.0611186,	0.0181365,	0.0661442,	-0.0256888,	-0.0168251,	0.00909116,	-0.0787853,	0.996708,	0.101376,	2.5766,	0.148071,	0.0116718,	0.00135016,	-0.0272001,	-0.0302656,	0.70353,	0.710017,	-0.00232643
1520295654476536384,	0.0947794,	2.45616,	-0.0626222,	0.0168937,	-0.0440329,	-0.0289144,	-0.0138764,	0.0121412,	-0.083077,	0.996373,	0.100871,	2.5774,	0.145874,	-0.00970617,	0.0154693,	-0.0422353,	-0.030559,	0.705204,	0.708339,	-0.00307557
1520295654528246171,	0.0947775,	2.45724,	-0.0639162,	-3.8166e-05,	0.0213092,	-0.025373,	-0.0159197,	0.0125775,	-0.0820669,	0.99642,	0.0991441,	2.57735,	0.143432,	-0.0338588,	-0.00100405,	-0.0478798,	-0.0319725,	0.707856,	0.705629,	-0.00251973
1520295654575844158,	0.0938226,	2.45708,	-0.0654811,	-0.0203176,	-0.00343416,	-0.033296,	-0.0151289,	0.0128043,	-0.0816572,	0.996463,	0.0982898,	2.57566,	0.141933,	-0.0181771,	-0.0360172,	-0.0319039,	-0.0335946,	0.70595,	0.707457,	-0.00317753
1520295654622927549,	0.0928507,	2.45848,	-0.0677191,	-0.0206787,	0.0298611,	-0.0476179,	-0.0154337,	0.0111341,	-0.0810619,	0.996527,	0.0971605,	2.57389,	0.140555,	-0.0240271,	-0.0376362,	-0.0293225,	-0.0365884,	0.702754,	0.710484,	-0.00332174
1520295654670721148,	0.0924963,	2.4572,	-0.0694752,	-0.00754002,	-0.0273975,	-0.0373621,	-0.0132904,	0.010499,	-0.0802058,	0.996634,	0.0966175,	2.57411,	0.138134,	-0.0115546,	0.00466648,	-0.051501,	-0.0387465,	0.702046,	0.711074,	-0.00202044
1520295654725755097,	0.0924439,	2.45644,	-0.0711741,	-0.000952188,	-0.0137837,	-0.0308903,	-0.0111085,	0.00917839,	-0.0796796,	0.996716,	0.0965809,	2.57739,	0.134745,	-0.000664293,	0.0596275,	-0.0616298,	-0.0403869,	0.706689,	0.70636,	-0.00389097
1520295654778365846,	0.0924968,	2.4565,	-0.0732878,	0.00101763,	0.00115761,	-0.0406482,	-0.0124777,	0.00751192,	-0.0780359,	0.996844,	0.0966925,	2.57971,	0.130529,	0.00214499,	0.0446786,	-0.0810726,	-0.0417501,	0.713214,	0.699675,	-0.00604516
1520295654834324996,	0.0927955,	2.45828,	-0.0760254,	0.00543092,	0.0324447,	-0.0497736,	-0.0184694,	0.00614877,	-0.0769668,	0.996844,	0.0981705,	2.5813,	0.125637,	0.0268735,	0.0288439,	-0.0889339,	-0.0414427,	0.712299,	0.700592,	-0.00915171
1520295654892770510,	0.0932692,	2.45942,	-0.0794118,	0.00816682,	0.0196851,	-0.0583866,	-0.0221603,	0.00619222,	-0.0746732,	0.996943,	0.0999908,	2.58249,	0.120545,	0.0313849,	0.0206336,	-0.0877936,	-0.0403223,	0.712139,	0.700791,	-0.0111554
1520295654947040661,	0.0941148,	2.4596,	-0.0851717,	0.01566,	0.00328077,	-0.106664,	-0.0193617,	0.00835313,	-0.0745409,	0.996995,	0.102321,	2.58332,	0.114629,	0.0431475,	0.0153203,	-0.109564,	-0.0384345,	0.715396,	0.697528,	-0.0136422
1520295654993926509,	0.094997,	2.46134,	-0.0904722,	0.0191771,	0.0378445,	-0.115228,	-0.0232544,	0.0109851,	-0.0733864,	0.996972,	0.103978,	2.58338,	0.1085,	0.0360326,	0.0012866,	-0.133238,	-0.036811,	0.71751,	0.695418,	-0.0147758
1520295655046663335,	0.0962339,	2.46282,	-0.0960154,	0.0237865,	0.0283443,	-0.1066,	-0.028389,	0.0127602,	-0.0744567,	0.996738,	0.105906,	2.58195,	0.102369,	0.0370786,	-0.0274562,	-0.117903,	-0.0361774,	0.715492,	0.697507,	-0.015696
1520295655106402576,	0.0972982,	2.46135,	-0.101638,	0.0180385,	-0.0247862,	-0.0953019,	-0.0263017,	0.013576,	-0.0757052,	0.996691,	0.106891,	2.57982,	0.0971866,	0.0166924,	-0.0362251,	-0.087839,	-0.0376284,	0.712295,	0.700707,	-0.0151755
1520295655167763326,	0.0988449,	2.46277,	-0.107991,	0.025357,	0.0231362,	-0.104144,	-0.0213114,	0.0138984,	-0.0745591,	0.996892,	0.107263,	2.57452,	0.089536,	0.00609794,	-0.0868003,	-0.12542,	-0.045613,	0.70358,	0.708991,	-0.0150654
1520295655222009274,	0.101102,	2.45984,	-0.115234,	0.0417948,	-0.0541371,	-0.134139,	-0.0201684,	0.0117816,	-0.0756885,	0.996858,	0.107434,	2.57352,	0.0868618,	0.00316316,	-0.0185867,	-0.0495207,	-0.0494149,	0.700099,	0.71218,	-0.0147791
1520295655269489733,	0.102777,	2.46276,	-0.120633,	0.0356313,	0.0621087,	-0.114858,	-0.00983514,	0.00819828,	-0.0697117,	0.997485,	0.107962,	2.57444,	0.0850384,	0.0112351,	0.0196104,	-0.0387973,	-0.0515002,	0.701133,	0.711005,	-0.0152459
1520295655318600275,	0.10395,	2.46577,	-0.123887,	0.0239474,	0.0614483,	-0.0664092,	-0.00171266,	0.00566242,	-0.0643314,	0.997911,	0.108705,	2.57483,	0.0833923,	0.015161,	0.00796577,	-0.0335934,	-0.0533237,	0.703035,	0.708979,	-0.0156981
1520295655376233490,	0.105664,	2.4643,	-0.12588,	0.0300755,	-0.0258859,	-0.0349755,	-0.00121718,	0.00400134,	-0.0655104,	0.997843,	0.109714,	2.57448,	0.0817759,	0.0177011,	-0.00606068,	-0.0283582,	-0.0539105,	0.703868,	0.708129,	-0.0147266
1520295655429624199,	0.106864,	2.46537,	-0.127463,	0.0226399,	0.0202743,	-0.0298541,	-0.000532105,	0.00263144,	-0.062882,	0.998017,	0.110903,	2.57303,	0.0804237,	0.0224267,	-0.0273868,	-0.0255132,	-0.0551076,	0.703263,	0.708643,	-0.0144812
1520295655487070438,	0.108924,	2.46516,	-0.128676,	0.0361305,	-0.00368949,	-0.0212841,	-0.000141351,	0.0013955,	-0.0617826,	0.998089,	0.112106,	2.57185,	0.0790703,	0.0211073,	-0.020725,	-0.0237427,	-0.0548521,	0.702346,	0.709591,	-0.0134653
1520295655539464523,	0.11062,	2.46234,	-0.130148,	0.0326221,	-0.0542308,	-0.0283045,	-0.00240381,	0.000239469,	-0.0641668,	0.997936,	0.113212,	2.56968,	0.077662,	0.0212666,	-0.0417278,	-0.027084,	-0.055442,	0.699879,	0.711991,	-0.0128252
1520295655595631364,	0.111431,	2.46446,	-0.132538,	0.0144887,	0.0378629,	-0.0426918,	0.00107742,	-0.000399144,	-0.0630264,	0.998011,	0.114036,	2.56846,	0.0759802,	0.0147303,	-0.0218598,	-0.0300312,	-0.0560026,	0.699554,	0.712275,	-0.0122902
1520295655641689313,	0.113022,	2.46072,	-0.133925,	0.0345852,	-0.0812899,	-0.030136,	0.00105672,	-0.00104019,	-0.0637989,	0.997962,	0.115059,	2.56763,	0.0742062,	0.0222302,	-0.0179118,	-0.0385669,	-0.0571829,	0.698949,	0.712766,	-0.0128695
1520295655695838398,	0.114572,	2.46043,	-0.135775,	0.0286935,	-0.00532562,	-0.0342734,	0.00398225,	-0.00171581,	-0.0632197,	0.99799,	0.116596,	2.56717,	0.0722905,	0.028457,	-0.00851875,	-0.0354758,	-0.0575561,	0.697837,	0.713797,	-0.0142735
1520295655745401821,	0.115705,	2.45974,	-0.13752,	0.0231366,	-0.0141807,	-0.0355974,	0.00489687,	-0.00197009,	-0.0627865,	0.998013,	0.118514,	2.56564,	0.0704212,	0.0391462,	-0.0312604,	-0.038147,	-0.0582634,	0.695571,	0.715907,	-0.016223
1520295655799333201,	0.11754,	2.45974,	-0.139625,	0.0346244,	-5.99262e-06,	-0.0397197,	0.00896243,	-0.000894441,	-0.0600978,	0.998152,	0.119807,	2.56524,	0.0683756,	0.0244081,	-0.00757861,	-0.0385966,	-0.058743,	0.694861,	0.716528,	-0.0174603
1520295655847273339,	0.118739,	2.46288,	-0.141742,	0.0254997,	0.0668055,	-0.0450409,	0.0112266,	5.51631e-06,	-0.0556338,	0.998388,	0.121223,	2.56467,	0.0672374,	0.0301214,	-0.0121761,	-0.024217,	-0.0591736,	0.693575,	0.717717,	-0.0183035
1520295655895199616,	0.120104,	2.46084,	-0.14353,	0.0290354,	-0.0434552,	-0.0380532,	0.0144255,	0.000339527,	-0.0568668,	0.998277,	0.122661,	2.56463,	0.0668757,	0.0305931,	-0.000790765,	-0.00769589,	-0.0595267,	0.691381,	0.719803,	-0.0182236
1520295655947178970,	0.120978,	2.46461,	-0.14508,	0.017154,	0.0739456,	-0.0303854,	0.0168508,	0.000779171,	-0.0525488,	0.998476,	0.123474,	2.5656,	0.0668511,	0.015949,	0.0190349,	-0.000483586,	-0.0602949,	0.69055,	0.720543,	-0.0179997
1520295655995515347,	0.122456,	2.46402,	-0.145429,	0.0307909,	-0.0123022,	-0.0072747,	0.0178194,	0.00054855,	-0.0539629,	0.998384,	0.12471,	2.5682,	0.0665986,	0.0257336,	0.054115,	-0.00526004,	-0.0603349,	0.693703,	0.71752,	-0.0173731
1520295656044665295,	0.123843,	2.4664,	-0.145765,	0.0282878,	0.0485616,	-0.00685126,	0.0148248,	-0.00013161,	-0.0538149,	0.998441,	0.126292,	2.57196,	0.0654147,	0.0323022,	0.0767277,	-0.02416,	-0.0597117,	0.697844,	0.713543,	-0.0174605
1520295656095815790,	0.125267,	2.46583,	-0.145647,	0.0279352,	-0.0112028,	0.00230214,	0.0116337,	-0.000484605,	-0.0552184,	0.998406,	0.128455,	2.57533,	0.0639859,	0.0424026,	0.0661418,	-0.0280162,	-0.0596069,	0.701612,	0.709793,	-0.0195453
1520295656153383246,	0.126634,	2.47008,	-0.146659,	0.023982,	0.0746917,	-0.0177477,	0.00457753,	-0.000707706,	-0.0544848,	0.998504,	0.130975,	2.57724,	0.0627343,	0.0442124,	0.0335637,	-0.0219585,	-0.0589199,	0.701488,	0.709897,	-0.0221295
1520295656205521805,	0.128599,	2.46821,	-0.147206,	0.0377923,	-0.036073,	-0.0105154,	0.00516576,	0.000671135,	-0.0537793,	0.998539,	0.131963,	2.5786,	0.061842,	0.0189948,	0.0261483,	-0.0171586,	-0.0608908,	0.69903,	0.712026,	-0.0258298
1520295656259940843,	0.129892,	2.47399,	-0.149029,	0.0239424,	0.107092,	-0.03377,	0.00501398,	0.0023488,	-0.0502864,	0.998719,	0.132341,	2.58051,	0.0610767,	0.00700117,	0.0353781,	-0.014172,	-0.0637411,	0.699739,	0.710982,	-0.0284184
1520295656307471759,	0.131087,	2.47287,	-0.150076,	0.0254233,	-0.0238121,	-0.0222623,	0.00861955,	0.00262278,	-0.0468158,	0.998863,	0.132193,	2.58123,	0.0614181,	-0.00315168,	0.0152648,	0.00726395,	-0.0664708,	0.699084,	0.711316,	-0.0298796
1520295656359787433,	0.132292,	2.47516,	-0.150346,	0.0231687,	0.0439985,	-0.00518679,	0.0134519,	0.00125299,	-0.0412439,	0.999058,	0.131739,	2.58112,	0.0624017,	-0.00871824,	-0.0020861,	0.0189154,	-0.0687638,	0.695953,	0.714156,	-0.0300481
1520295656413405027,	0.132465,	2.47728,	-0.149633,	0.00325691,	0.0400865,	0.0134419,	0.0110039,	0.00041363,	-0.0419224,	0.99906,	0.130837,	2.58163,	0.0640191,	-0.0170188,	0.00955904,	0.030516,	-0.0709573,	0.695338,	0.714528,	-0.0303236
1520295656470369632,	0.132236,	2.47959,	-0.148705,	-0.00408805,	0.0412454,	0.0165772,	0.0135742,	-0.00113601,	-0.0386372,	0.99916,	0.129767,	2.58214,	0.0670526,	-0.0191107,	0.00907041,	0.0541693,	-0.071653,	0.697881,	0.712023,	-0.0291796
1520295656523109082,	0.132163,	2.47925,	-0.147187,	-0.00140284,	-0.00666461,	0.0291814,	0.0156665,	-0.00263883,	-0.0361097,	0.999222,	0.129259,	2.58202,	0.0689067,	-0.00977439,	-0.002349,	0.0356571,	-0.0711051,	0.69755,	0.712475,	-0.0273204
1520295656572768167,	0.131787,	2.47987,	-0.145005,	-0.00766018,	0.012699,	0.0445275,	0.0125124,	-0.0032241,	-0.0365055,	0.99925,	0.128755,	2.58244,	0.0702885,	-0.0102765,	0.00865974,	0.0281999,	-0.0703226,	0.698673,	0.71152,	-0.0255168
1520295656633253513,	0.131836,	2.47779,	-0.143015,	0.000808581,	-0.0347086,	0.0331724,	0.0123556,	-0.0039113,	-0.0403412,	0.999102,	0.128223,	2.58209,	0.0716253,	-0.008879,	-0.00579715,	0.0222789,	-0.070008,	0.699114,	0.71117,	-0.0239817
1520295656683599846,	0.131586,	2.47686,	-0.141359,	-0.00500159,	-0.0185839,	0.0331135,	0.0108123,	-0.00514779,	-0.0417328,	0.999057,	0.127269,	2.58157,	0.0727386,	-0.0190729,	-0.0104176,	0.0222656,	-0.0700223,	0.69797,	0.71232,	-0.023135
1520295656731376526,	0.131114,	2.47555,	-0.140235,	-0.0100312,	-0.027852,	0.0239223,	0.0098527,	-0.0061679,	-0.0445689,	0.998939,	0.125877,	2.58053,	0.073174,	-0.0296229,	-0.0221928,	0.00926403,	-0.0710605,	0.69723,	0.712935,	-0.0233179
1520295656786527825,	0.130341,	2.47506,	-0.139376,	-0.0140668,	-0.00887093,	0.0156239,	0.0121704,	-0.00672696,	-0.0446058,	0.998908,	0.124869,	2.5797,	0.0736518,	-0.0183189,	-0.0150827,	0.00868851,	-0.0709319,	0.697213,	0.712975,	-0.0230042
1520295656841881463,	0.129229,	2.47616,	-0.138625,	-0.0202117,	0.0200584,	0.0136427,	0.0109077,	-0.00724883,	-0.0449285,	0.998904,	0.124194,	2.57925,	0.074015,	-0.0122772,	-0.00809976,	0.00660317,	-0.0709355,	0.696129,	0.714035,	-0.0229475
1520295656891325091,	0.128304,	2.47393,	-0.137816,	-0.0188742,	-0.0455382,	0.0165256,	0.0134276,	-0.00723645,	-0.0443024,	0.998902,	0.124261,	2.57926,	0.0737832,	0.00136761,	7.62042e-05,	-0.00473042,	-0.0705836,	0.696946,	0.713242,	-0.0238518
1520295656942927940,	0.127489,	2.47485,	-0.137972,	-0.0159915,	0.0180232,	-0.0030733,	0.0160217,	-0.00661625,	-0.0438853,	0.998886,	0.12513,	2.57912,	0.0731859,	0.0170435,	-0.0027673,	-0.0117127,	-0.0692703,	0.69709,	0.713197,	-0.0248519
1520295656991208188,	0.127129,	2.47514,	-0.137863,	-0.00750015,	0.0060859,	0.00227156,	0.00980173,	-0.00616734,	-0.045098,	0.998915,	0.126093,	2.57865,	0.0723493,	0.0200496,	-0.00977017,	-0.0174283,	-0.067926,	0.696023,	0.714327,	-0.025976
1520295657038933134,	0.127226,	2.47514,	-0.138703,	0.00206708,	-0.000112992,	-0.0178661,	0.0098033,	-0.00457309,	-0.0435609,	0.998992,	0.127277,	2.57884,	0.071197,	0.0252106,	0.00408288,	-0.0245167,	-0.065724,	0.6966,	0.713922,	-0.0272732
1520295657092050047,	0.127384,	2.47487,	-0.139877,	0.00298244,	-0.00505815,	-0.0221406,	0.0108112,	-0.00250523,	-0.0445888,	0.998944,	0.128513,	2.58031,	0.0703402,	0.0233046,	0.0278094,	-0.0161673,	-0.0638862,	0.697153,	0.713483,	-0.0289614
1520295657138510663,	0.127603,	2.47396,	-0.140644,	0.00476993,	-0.0197733,	-0.0166941,	0.0154065,	-0.000164342,	-0.0444698,	0.998892,	0.129271,	2.58112,	0.0695416,	0.0164901,	0.0176084,	-0.0173595,	-0.0631997,	0.697222,	0.71339,	-0.0310253
1520295657190963518,	0.127786,	2.47633,	-0.141472,	0.00351098,	0.0456399,	-0.0159047,	0.0114205,	0.00197387,	-0.0429435,	0.99901,	0.130315,	2.58156,	0.0688882,	0.0200651,	0.00831059,	-0.0125669,	-0.0626104,	0.696896,	0.713672,	-0.0329862
1520295657246832248,	0.128098,	2.47617,	-0.142244,	0.00568175,	-0.00294711,	-0.0140452,	0.0129451,	0.00388221,	-0.0438885,	0.998945,	0.131431,	2.5812,	0.0683099,	0.0202952,	-0.00645551,	-0.0105143,	-0.0622116,	0.695431,	0.715073,	-0.0342899
1520295657297494118,	0.128442,	2.47766,	-0.14303,	0.00688274,	0.0296905,	-0.015719,	0.0123936,	0.00543563,	-0.0406718,	0.999081,	0.132271,	2.58154,	0.0679627,	0.016796,	0.00684023,	-0.00694399,	-0.0619007,	0.694908,	0.715551,	-0.0354606
1520295657350959396,	0.129026,	2.47928,	-0.143741,	0.011002,	0.0306565,	-0.0134072,	0.0125829,	0.00677674,	-0.0397711,	0.999107,	0.132479,	2.58214,	0.0676926,	0.00393591,	0.0113323,	-0.00509501,	-0.0619003,	0.695771,	0.714646,	-0.0367812
1520295657406597384,	0.129146,	2.47889,	-0.143939,	0.00218321,	-0.00716464,	-0.00360777,	0.0145477,	0.00736979,	-0.0382753,	0.999134,	0.132581,	2.58268,	0.0673353,	0.00184617,	0.00984576,	-0.00649755,	-0.0620431,	0.696197,	0.714132,	-0.0384063
1520295657458835942,	0.129053,	2.47899,	-0.144427,	-0.00177355,	0.00194221,	-0.00939049,	0.013365,	0.00885546,	-0.0389072,	0.999114,	0.13275,	2.58275,	0.066895,	0.00325993,	0.00121945,	-0.00846644,	-0.0622377,	0.695456,	0.71475,	-0.0399985
1520295657506340280,	0.128783,	2.47939,	-0.144875,	-0.0057483,	0.00857824,	-0.00952647,	0.0156807,	0.00982644,	-0.0375817,	0.999122,	0.133083,	2.58262,	0.0664857,	0.00707203,	-0.00279997,	-0.00870792,	-0.0616723,	0.694223,	0.715955,	-0.0407339
1520295657567261081,	0.128458,	2.48086,	-0.145302,	-0.00542421,	0.0244219,	-0.00710905,	0.014697,	0.0112675,	-0.0357677,	0.999189,	0.134325,	2.58127,	0.0653299,	0.0206993,	-0.0224971,	-0.019264,	-0.0585165,	0.6936,	0.716854,	-0.0401832
1520295657617535033,	0.128826,	2.47928,	-0.146005,	0.0073613,	-0.0314296,	-0.0140635,	0.0170736,	0.011966,	-0.0361187,	0.99913,	0.134766,	2.58101,	0.0650385,	0.00882648,	-0.00509253,	-0.00582867,	-0.0570738,	0.694188,	0.716407,	-0.0400777
1520295657676777454,	0.129007,	2.47874,	-0.146603,	0.00306546,	-0.00928116,	-0.010143,	0.0227697,	0.013381,	-0.0338619,	0.999078,	0.135179,	2.58053,	0.064586,	0.00700484,	-0.00815704,	-0.00766896,	-0.0561993,	0.694114,	0.716528,	-0.0404287
1520295657724225580,	0.128918,	2.4779,	-0.147003,	-0.00187733,	-0.0178651,	-0.00851374,	0.0151815,	0.014324,	-0.0404897,	0.998962,	0.134744,	2.58009,	0.064857,	-0.00926979,	-0.00941554,	0.005767,	-0.0562611,	0.693541,	0.717073,	-0.0405121
1520295657777802127,	0.128694,	2.47879,	-0.147182,	-0.00423658,	0.0169003,	-0.0033645,	0.0152315,	0.0154342,	-0.0400492,	0.998962,	0.13409,	2.58022,	0.0649665,	-0.0123327,	0.00249075,	0.00206563,	-0.0562178,	0.693356,	0.71727,	-0.0402521
1520295657825404898,	0.128626,	2.47718,	-0.147071,	-0.00145274,	-0.034316,	0.00235778,	0.0165478,	0.0155584,	-0.0407779,	0.99891,	0.133221,	2.58006,	0.0655039,	-0.0184761,	-0.00342225,	0.0114337,	-0.0567907,	0.69275,	0.717825,	-0.0399954
1520295657879659194,	0.127953,	2.47712,	-0.147448,	-0.0124606,	-0.00114945,	-0.00697898,	0.0181185,	0.015117,	-0.0395024,	0.998941,	0.132273,	2.58088,	0.0660994,	-0.0175634,	0.0152869,	0.011028,	-0.0573762,	0.692899,	0.717637,	-0.0399572
1520295657929267968,	0.127315,	2.47865,	-0.146699,	-0.0130201,	0.0312462,	0.0152813,	0.0122541,	0.0144973,	-0.0414994,	0.998958,	0.131366,	2.58082,	0.0665844,	-0.0185067,	-0.00121398,	0.00989744,	-0.0579095,	0.69282,	0.717656,	-0.040201
1520295657982656603,	0.126587,	2.47766,	-0.146207,	-0.0137413,	-0.0186334,	0.00929025,	0.0165138,	0.0146856,	-0.041427,	0.998897,	0.130912,	2.58057,	0.0669593,	-0.00857589,	-0.00487253,	0.00707394,	-0.0579153,	0.692282,	0.718166,	-0.0403506
1520295658041061406,	0.12579,	2.47909,	-0.145608,	-0.0137384,	0.0246332,	0.0103279,	0.0157968,	0.0139888,	-0.0397052,	0.998989,	0.130605,	2.58043,	0.0673662,	-0.00529309,	-0.00228146,	0.00701577,	-0.0571104,	0.692288,	0.718268,	-0.0395799
1520295658091307516,	0.12522,	2.47874,	-0.145454,	-0.0113905,	-0.00700463,	0.00306193,	0.0148735,	0.013824,	-0.0406348,	0.998968,	0.130507,	2.58107,	0.0675121,	-0.00196034,	0.0128111,	0.00291816,	-0.0562486,	0.692955,	0.71771,	-0.0392616
1520295658145990066,	0.124914,	2.48001,	-0.144995,	-0.0056781,	0.0236021,	0.00851274,	0.0172107,	0.0132044,	-0.0410429,	0.998922,	0.130346,	2.58138,	0.0671438,	-0.0029735,	0.00561993,	-0.00682167,	-0.0557923,	0.693405,	0.717297,	-0.0395165
1520295658192333048,	0.124542,	2.47788,	-0.144488,	-0.008075,	-0.0463695,	0.0110109,	0.0132458,	0.014028,	-0.0430608,	0.998886,	0.130816,	2.581,	0.0666749,	0.0102091,	-0.00816619,	-0.0101938,	-0.0550031,	0.692571,	0.71813,	-0.0401073
1520295658240189163,	0.123981,	2.47852,	-0.145047,	-0.0119377,	0.0136677,	-0.0118945,	0.0117523,	0.0150396,	-0.0416914,	0.998948,	0.130988,	2.58103,	0.0660968,	0.00366573,	0.000624349,	-0.0122996,	-0.0545873,	0.691879,	0.718779,	-0.0409923
1520295658294613463,	0.124214,	2.47879,	-0.145677,	0.00430733,	0.00494861,	-0.0116661,	0.0173307,	0.0152847,	-0.0408684,	0.998897,	0.131329,	2.58119,	0.0655302,	0.00630567,	0.00300863,	-0.0104921,	-0.0540989,	0.692128,	0.71853,	-0.0418015
1520295658345485782,	0.124049,	2.47869,	-0.146333,	-0.00328333,	-0.00195197,	-0.0131137,	0.0177339,	0.0166976,	-0.0417109,	0.998833,	0.131745,	2.58104,	0.0649828,	0.00833245,	-0.00302239,	-0.0109475,	-0.0539834,	0.691755,	0.718872,	-0.0422431
