time stamp[ns], 	x[VO], 	y, 	z, 	dx[m/s], 	dy, 	dz, 	qx, 	qy, 	qz, 	qw, 	x[VIVE], 	y, 	z, 	dx[m/s], 	dy, 	dz, 	qx, 	qy, 	qz, 	qw
1520438967850869152,	1.31567,	2.61801,	-0.630591,	-1.23797e-05,	0.000220736,	4.09113e-05,	0.0100999,	0.000754962,	0.00984522,	0.9999,	1.30238,	2.68005,	-0.410783,	-0.000111699,	0.00154653,	-0.000184795,	-0.0586521,	0.668935,	0.741002,	-0.000960092
1520438967901506435,	1.31554,	2.61854,	-0.630389,	-0.00252173,	0.0107286,	0.0040486,	0.0103785,	0.000121207,	0.0109813,	0.999886,	1.30246,	2.68047,	-0.410861,	0.00171955,	0.0082947,	-0.00156438,	-0.0587001,	0.668981,	0.740957,	-0.000924041
1520438967950643254,	1.31536,	2.61765,	-0.630826,	-0.00364337,	-0.0181414,	-0.00892068,	0.00682982,	0.000867226,	0.0102103,	0.999924,	1.30251,	2.68022,	-0.410775,	0.000905843,	-0.00508154,	0.00176404,	-0.058653,	0.668794,	0.74113,	-0.000874467
1520438968004435000,	1.31597,	2.61854,	-0.631135,	0.0114367,	0.0168171,	-0.00582212,	0.00758419,	0.00181055,	0.010626,	0.999913,	1.30238,	2.68015,	-0.410786,	-0.00230083,	-0.00116903,	-0.00021304,	-0.0586476,	0.668668,	0.741244,	-0.000817812
1520438968061757872,	1.31596,	2.61782,	-0.629537,	-0.000138475,	-0.0127185,	0.0280219,	0.0120316,	-0.000514581,	0.0129818,	0.999843,	1.30237,	2.67969,	-0.410666,	-0.000196921,	-0.00814976,	0.00210315,	-0.0585191,	0.668511,	0.741396,	-0.000752852
1520438968114183039,	1.31553,	2.618,	-0.630998,	-0.00821881,	0.00349183,	-0.028081,	0.00493298,	0.000515669,	0.0120319,	0.999915,	1.30233,	2.67998,	-0.410749,	-0.000767153,	0.00550987,	-0.00159756,	-0.058715,	0.668802,	0.741118,	-0.000928229
1520438968166130224,	1.31585,	2.61799,	-0.630536,	0.00632374,	-0.000152194,	0.009056,	0.00822034,	0.000892763,	0.0104853,	0.999911,	1.3026,	2.67971,	-0.410701,	0.00525229,	-0.00523236,	0.000950771,	-0.0587753,	0.668886,	0.741037,	-0.00113938
1520438968221783957,	1.31546,	2.61781,	-0.630603,	-0.00711812,	-0.00338738,	-0.00121741,	0.00668013,	0.00111373,	0.0112004,	0.999914,	1.3023,	2.68007,	-0.41074,	-0.0053903,	0.0064827,	-0.000717773,	-0.058637,	0.668731,	0.741189,	-0.000788029
1520438968272028090,	1.31588,	2.61794,	-0.630755,	0.00829488,	0.00259988,	-0.00303844,	0.00746783,	0.000829493,	0.0105729,	0.999916,	1.30234,	2.68016,	-0.410712,	0.000758915,	0.00189766,	0.000563745,	-0.0585363,	0.668548,	0.741361,	-0.000823664
1520438968318647166,	1.31574,	2.6182,	-0.631067,	-0.00308303,	0.00563137,	-0.00678139,	0.00738949,	0.0010096,	0.0105639,	0.999916,	1.30236,	2.68024,	-0.410774,	0.000308715,	0.00179789,	-0.00134685,	-0.0585138,	0.668572,	0.741341,	-0.000815546
1520438968368695984,	1.31587,	2.61783,	-0.62999,	0.00276012,	-0.00732109,	0.0215394,	0.00379378,	0.000673452,	0.0106639,	0.999936,	1.30235,	2.68061,	-0.410778,	-0.000133517,	0.00730894,	-7.14103e-05,	-0.0586736,	0.668825,	0.7411,	-0.00105435
1520438968417570891,	1.31569,	2.61819,	-0.630578,	-0.00381678,	0.00748693,	-0.0122613,	0.013806,	-0.000238263,	0.0103602,	0.999851,	1.30274,	2.68052,	-0.410783,	0.00810022,	-0.00188051,	-0.000106433,	-0.0587492,	0.668992,	0.740943,	-0.00119585
1520438968465993139,	1.31583,	2.61856,	-0.630652,	0.00280802,	0.00780793,	-0.00153852,	0.006711,	0.000993485,	0.0109311,	0.999917,	1.30246,	2.67989,	-0.410774,	-0.00587739,	-0.0131856,	0.000183623,	-0.0585361,	0.668486,	0.741417,	-0.000829601
1520438968515183393,	1.31568,	2.61875,	-0.630875,	-0.00289106,	0.00374365,	-0.00455777,	0.00770861,	0.000875756,	0.0108561,	0.999911,	1.30229,	2.68015,	-0.410911,	-0.00333021,	0.005465,	-0.0028067,	-0.0585469,	0.668495,	0.741408,	-0.000782415
1520438968561421803,	1.31556,	2.61719,	-0.630611,	-0.00266294,	-0.0339298,	0.00573781,	0.0080179,	0.000893897,	0.0104806,	0.999913,	1.30236,	2.68038,	-0.410762,	0.00135296,	0.00495817,	0.00324251,	-0.0585166,	0.668559,	0.741353,	-0.000915136
1520438968617412957,	1.31552,	2.61823,	-0.630077,	-0.000751145,	0.0189635,	0.00971351,	0.00935325,	0.00288479,	0.00488699,	0.99994,	1.30236,	2.68027,	-0.410609,	2.00084e-05,	-0.00211077,	0.00278301,	-0.0587188,	0.668864,	0.741062,	-0.00105385
1520438968664672728,	1.31564,	2.6176,	-0.630604,	0.00254856,	-0.0133483,	-0.011209,	0.00734788,	0.00104438,	0.0108284,	0.999914,	1.30241,	2.68024,	-0.41072,	0.00120349,	-0.000585605,	-0.00235873,	-0.0587778,	0.668868,	0.741053,	-0.00109642
1520438968716482757,	1.31569,	2.61829,	-0.63064,	0.00100823,	0.013425,	-0.000716276,	0.0042858,	0.00186358,	0.0111092,	0.999927,	1.30222,	2.68012,	-0.410634,	-0.00387197,	-0.0023988,	0.00169145,	-0.0585467,	0.668519,	0.741387,	-0.000778827
1520438968782183349,	1.31571,	2.61781,	-0.630941,	0.000269079,	-0.00739744,	-0.00461732,	0.00798217,	0.000958199,	0.0104056,	0.999914,	1.30241,	2.68039,	-0.410699,	0.00299586,	0.00427674,	-0.000999539,	-0.0586634,	0.668716,	0.7412,	-0.000977071
1520438968840498212,	1.31549,	2.61785,	-0.63108,	-0.00373867,	0.000746116,	-0.00240618,	0.00710094,	0.00173933,	0.00963008,	0.999927,	1.30238,	2.68078,	-0.410713,	-0.000529944,	0.00672285,	-0.000246002,	-0.0583045,	0.668991,	0.74098,	-0.00067735
1520438968890309028,	1.31582,	2.61828,	-0.630365,	0.00672513,	0.00877415,	0.0145882,	0.00420929,	0.00203305,	0.0115977,	0.999922,	1.30262,	2.6794,	-0.410835,	0.00486847,	-0.0282297,	-0.00248677,	-0.0574761,	0.667685,	0.742221,	0.000323602
1520438968945903058,	1.31545,	2.6165,	-0.630963,	-0.00676642,	-0.0323827,	-0.0108733,	0.00834247,	0.000311067,	0.0109247,	0.999905,	1.30252,	2.67821,	-0.4108,	-0.00181303,	-0.0216746,	0.000633896,	-0.0585704,	0.666348,	0.743336,	-0.000858122
1520438968993304986,	1.31582,	2.61758,	-0.630572,	0.00780171,	0.0231108,	0.00833059,	0.00921301,	0.000922661,	0.00983977,	0.999909,	1.30232,	2.68064,	-0.410713,	-0.00416016,	0.0516967,	0.00186086,	-0.059064,	0.668737,	0.741147,	-0.00157363
1520438969042113682,	1.31603,	2.61755,	-0.630873,	0.00444892,	-0.000802275,	-0.00628013,	0.00909651,	0.000988372,	0.0107293,	0.999901,	1.3024,	2.68164,	-0.410501,	0.00160876,	0.0209152,	0.0044134,	-0.0542312,	0.670189,	0.740202,	0.00270454
1520438969108278726,	1.31531,	2.61738,	-0.630658,	-0.0108746,	-0.00255308,	0.00325539,	0.0066945,	0.00165335,	0.0104326,	0.999922,	1.30059,	2.67941,	-0.406468,	-0.0273643,	-0.0338566,	0.0611047,	-0.0525852,	0.670288,	0.740231,	0.00265094
1520438969161515904,	1.31481,	2.6161,	-0.630721,	-0.00938072,	-0.024025,	-0.00118521,	0.00496804,	0.00240213,	0.00733801,	0.999958,	1.2941,	2.67412,	-0.39239,	-0.122527,	-0.0997986,	0.265627,	-0.0548427,	0.669454,	0.740826,	0.000868087
1520438969220547445,	1.30984,	2.61068,	-0.622941,	-0.0843555,	-0.0918983,	0.131868,	0.00813105,	0.00254965,	0.00672473,	0.999941,	1.28431,	2.66786,	-0.371719,	-0.165866,	-0.105998,	0.350354,	-0.0578562,	0.669933,	0.740161,	-0.00214243
1520438969271945500,	1.30396,	2.61215,	-0.608708,	-0.115338,	0.0287649,	0.279074,	0.00434414,	0.00216187,	0.00957139,	0.999942,	1.27154,	2.6617,	-0.346132,	-0.250529,	-0.120871,	0.501708,	-0.0586045,	0.671824,	0.738371,	-0.00508015
1520438969326855487,	1.29013,	2.59461,	-0.575917,	-0.256115,	-0.324817,	0.607253,	0.00334853,	0.0035578,	0.0172224,	0.99984,	1.22681,	2.64652,	-0.294315,	-0.828217,	-0.281118,	0.959576,	-0.068562,	0.677031,	0.732725,	-0.0064805
1520438969381353591,	1.2691,	2.58198,	-0.547398,	-0.389346,	-0.233881,	0.52813,	-0.00988708,	0.0030214,	0.0228131,	0.999686,	1.19961,	2.6383,	-0.27072,	-0.503733,	-0.152152,	0.43694,	-0.0694301,	0.681238,	0.728726,	-0.0073175
1520438969437587039,	1.25139,	2.5923,	-0.525492,	-0.316297,	0.184267,	0.391169,	-0.00980561,	-0.0023348,	0.0199523,	0.99975,	1.17067,	2.62907,	-0.249314,	-0.516728,	-0.164817,	0.382244,	-0.0677665,	0.684416,	0.725841,	-0.0117181
1520438969497830127,	1.22034,	2.55682,	-0.488639,	-0.517512,	-0.591313,	0.614224,	-0.0117772,	-0.0022027,	0.0290937,	0.999505,	1.14112,	2.61589,	-0.22931,	-0.492542,	-0.219714,	0.333397,	-0.062582,	0.684315,	0.726288,	-0.0173882
1520438969556482257,	1.18053,	2.54114,	-0.465676,	-0.686257,	-0.270413,	0.395913,	-0.0176622,	0.00199047,	0.0325157,	0.999313,	1.11017,	2.6,	-0.210004,	-0.533631,	-0.273913,	0.332869,	-0.0584972,	0.679135,	0.731311,	-0.023192
1520438969618582872,	1.15376,	2.56138,	-0.444369,	-0.431896,	0.326455,	0.343657,	-0.0181393,	0.00990532,	0.0216758,	0.999551,	1.07894,	2.5826,	-0.190841,	-0.503753,	-0.280769,	0.309082,	-0.0506771,	0.679793,	0.731078,	-0.0289558
1520438969675744692,	1.10814,	2.54279,	-0.424676,	-0.800347,	-0.326145,	0.345499,	-0.00485849,	0.0175584,	0.0228019,	0.999574,	1.01983,	2.54774,	-0.165832,	-1.03701,	-0.61156,	0.438758,	-0.0448708,	0.680229,	0.730864,	-0.0333454
1520438969731329150,	1.07056,	2.49865,	-0.399169,	-0.683295,	-0.802409,	0.463762,	0.00424657,	0.0229353,	0.030085,	0.999275,	0.995265,	2.53137,	-0.152107,	-0.446616,	-0.297529,	0.249535,	-0.0444717,	0.681336,	0.729934,	-0.0316293
1520438969788666789,	1.03129,	2.48552,	-0.383444,	-0.688865,	-0.230411,	0.275864,	0.0248203,	0.0206848,	0.0294757,	0.999043,	0.976278,	2.51649,	-0.13341,	-0.333121,	-0.261162,	0.328024,	-0.0450904,	0.681009,	0.730317,	-0.0288107
1520438969843907527,	1.01033,	2.49689,	-0.368415,	-0.381088,	0.206644,	0.273256,	0.0181658,	0.0197153,	0.0208502,	0.999423,	0.961241,	2.4982,	-0.106313,	-0.273384,	-0.33247,	0.492661,	-0.0454109,	0.683095,	0.72841,	-0.0271742
1520438969902135729,	0.984808,	2.47367,	-0.34807,	-0.440052,	-0.400309,	0.350772,	0.0282526,	0.0153344,	0.0197646,	0.999288,	0.952205,	2.47929,	-0.0624852,	-0.155808,	-0.326074,	0.755659,	-0.0461954,	0.682621,	0.728827,	-0.0265679
1520438969957865226,	0.96849,	2.44325,	-0.310145,	-0.296681,	-0.553071,	0.689557,	0.032482,	0.0151191,	0.0231044,	0.999091,	0.944148,	2.46044,	-0.00328885,	-0.146488,	-0.342648,	1.0763,	-0.047547,	0.67948,	0.731727,	-0.0249392
1520438970014988827,	0.961724,	2.434,	-0.263907,	-0.118695,	-0.162291,	0.811199,	0.027097,	0.0165974,	0.0190486,	0.999313,	0.938256,	2.44211,	0.0808863,	-0.103362,	-0.321551,	1.47676,	-0.05137,	0.673802,	0.736767,	-0.0229415
1520438970059779603,	0.952923,	2.40489,	-0.195096,	-0.200031,	-0.661578,	1.56388,	0.0129926,	0.0183951,	0.02176,	0.99951,	0.934619,	2.42291,	0.184744,	-0.0826542,	-0.436386,	2.36039,	-0.0494184,	0.669008,	0.741337,	-0.0201347
1520438970106939230,	0.946447,	2.38406,	-0.0691607,	-0.137778,	-0.443061,	2.67947,	0.00526277,	0.0227848,	0.0228486,	0.999465,	0.933012,	2.40515,	0.303728,	-0.0341998,	-0.377935,	2.53157,	-0.0437858,	0.666451,	0.744151,	-0.01285
1520438970161896213,	0.945236,	2.37046,	0.000574689,	-0.0224288,	-0.25193,	1.2914,	0.0149462,	0.0225298,	0.00920255,	0.999592,	0.926626,	2.39375,	0.429763,	-0.118254,	-0.21105,	2.33399,	-0.048753,	0.671998,	0.738895,	-0.00870337
1520438970233376381,	0.94282,	2.35934,	0.115652,	-0.0340277,	-0.156649,	1.62081,	0.0175789,	0.0125908,	0.0146944,	0.999658,	0.916439,	2.3724,	0.680311,	-0.143482,	-0.300714,	3.52885,	-0.0402314,	0.682929,	0.729324,	0.0087773
1520438970290284935,	0.940492,	2.33739,	0.24218,	-0.0415844,	-0.391961,	2.25944,	-0.00182176,	0.00967989,	0.00508096,	0.999939,	0.911853,	2.37233,	0.772947,	-0.0818982,	-0.00133571,	1.6542,	-0.0397657,	0.686157,	0.726194,	0.0158135
1520438970346841743,	0.934598,	2.32772,	0.451633,	-0.105237,	-0.172653,	3.74022,	-0.0141245,	0.0054828,	-0.00422225,	0.999876,	0.902818,	2.3806,	0.841398,	-0.16134,	0.14763,	1.22235,	-0.0479986,	0.690903,	0.721188,	0.0154126
1520438970402345357,	0.928526,	2.32503,	0.547077,	-0.110412,	-0.0489037,	1.73535,	-0.0213408,	0.0015578,	-0.00736142,	0.999744,	0.900433,	2.40451,	0.876954,	-0.0433621,	0.434776,	0.64646,	-0.0432236,	0.706294,	0.706413,	0.0161691
1520438970456099602,	0.923637,	2.32854,	0.630892,	-0.0922462,	0.0662277,	1.58141,	-0.0334551,	-0.00199894,	-0.00652915,	0.999417,	0.898592,	2.42881,	0.890293,	-0.0347369,	0.458516,	0.251692,	-0.0391229,	0.722627,	0.689901,	0.0177754
1520438970508021293,	0.919184,	2.34741,	0.661279,	-0.087299,	0.369921,	0.59582,	-0.0499823,	-0.000913808,	-0.00660007,	0.998728,	0.892229,	2.44557,	0.891719,	-0.124766,	0.328678,	0.0279522,	-0.0398587,	0.733161,	0.678605,	0.0195169
1520438970565409997,	0.915527,	2.36506,	0.673991,	-0.0641612,	0.309721,	0.22303,	-0.0722324,	-0.000995791,	-0.0114103,	0.997322,	0.886354,	2.45021,	0.882985,	-0.103065,	0.0813061,	-0.153223,	-0.0404538,	0.734398,	0.677052,	0.024971
1520438970637188361,	0.910617,	2.36744,	0.672297,	-0.0691539,	0.0335367,	-0.0238616,	-0.0850671,	-0.00351616,	-0.0147936,	0.996259,	0.875415,	2.44013,	0.826498,	-0.154063,	-0.141967,	-0.795594,	-0.0529529,	0.720375,	0.691322,	0.0181776
1520438970704583595,	0.906617,	2.37374,	0.655476,	-0.0597033,	0.0939401,	-0.251065,	-0.0818749,	-0.00892974,	-0.0187033,	0.996427,	0.875934,	2.4338,	0.769084,	0.00774204,	-0.0944956,	-0.856918,	-0.0594087,	0.709548,	0.702097,	0.00849744
1520438970757450655,	0.900994,	2.37096,	0.61057,	-0.108136,	-0.0533866,	-0.863573,	-0.0690066,	-0.00951612,	-0.00552275,	0.997556,	0.879918,	2.42564,	0.691199,	0.0766107,	-0.156857,	-1.49779,	-0.0617469,	0.704445,	0.707055,	0.00428259
1520438970811085952,	0.899791,	2.36514,	0.529638,	-0.0226969,	-0.109848,	-1.52701,	-0.0518125,	-0.00620969,	0.0103336,	0.998584,	0.880858,	2.41624,	0.595296,	0.0177451,	-0.177351,	-1.80949,	-0.0702988,	0.70148,	0.709213,	0.000109115
1520438970859985941,	0.903927,	2.35928,	0.447812,	0.0861619,	-0.121987,	-1.70471,	-0.0480448,	-0.00571982,	0.0189923,	0.998648,	0.880803,	2.40173,	0.483448,	-0.00114277,	-0.302375,	-2.33017,	-0.072108,	0.697886,	0.712569,	-0.000382904
1520438970914871598,	0.903382,	2.3438,	0.346628,	-0.0100851,	-0.286652,	-1.87379,	-0.0433824,	-0.00789716,	0.0257459,	0.998696,	0.875841,	2.38265,	0.356128,	-0.0918906,	-0.35328,	-2.35778,	-0.0793289,	0.697212,	0.712433,	0.00644556
1520438970967359315,	0.906395,	2.33233,	0.232585,	0.057931,	-0.220575,	-2.19314,	-0.044424,	-0.0116219,	0.0247152,	0.998639,	0.8735,	2.35857,	0.213738,	-0.0450362,	-0.463103,	-2.73825,	-0.0835682,	0.693325,	0.715606,	0.0150232
1520438971017547223,	0.903791,	2.31069,	0.0566339,	-0.0520776,	-0.432784,	-3.51901,	-0.0278203,	-0.0278342,	0.0265194,	0.998873,	0.870741,	2.32472,	0.0621001,	-0.0551792,	-0.676863,	-3.03277,	-0.087753,	0.682733,	0.725038,	0.0222411
1520438971067551408,	0.907347,	2.27892,	-0.088599,	0.0711266,	-0.635384,	-2.90466,	-0.0220597,	-0.0308184,	0.012719,	0.999201,	0.871389,	2.2852,	-0.0886611,	0.0129634,	-0.790439,	-3.01522,	-0.0834152,	0.653993,	0.751098,	0.0344597
1520438971124332081,	0.905103,	2.26031,	-0.239057,	-0.0400726,	-0.332413,	-2.68676,	0.0149743,	-0.0397523,	0.0087487,	0.999059,	0.876167,	2.22874,	-0.359192,	0.0853307,	-1.00829,	-4.83091,	-0.0673357,	0.590553,	0.803359,	0.0364265
1520438971185386503,	0.90749,	2.23476,	-0.386374,	0.0391292,	-0.41879,	-2.41502,	0.0611726,	-0.0416381,	-0.00838128,	0.997223,	0.889504,	2.21724,	-0.46542,	0.218631,	-0.188549,	-1.74144,	-0.0476925,	0.571879,	0.8186,	0.023951
1520438971242139590,	0.906285,	2.22351,	-0.518428,	-0.021515,	-0.201023,	-2.35811,	0.109531,	-0.0291934,	-0.0192644,	0.993368,	0.902028,	2.21201,	-0.552123,	0.223644,	-0.0932976,	-1.54827,	-0.0399195,	0.557941,	0.828884,	0.00777892
1520438971290491636,	0.908955,	2.22382,	-0.665714,	0.0556107,	0.00645898,	-3.06846,	0.135451,	-0.0101169,	-0.0249486,	0.990418,	0.91183,	2.21331,	-0.628097,	0.20421,	0.0270905,	-1.5828,	-0.0345793,	0.550892,	0.833844,	-0.00508916
1520438971342369426,	0.915238,	2.22067,	-0.751334,	0.123215,	-0.061775,	-1.67884,	0.153643,	0.010135,	-0.0151044,	0.987959,	0.915315,	2.21302,	-0.691431,	0.0683387,	-0.00564483,	-1.24184,	-0.0374359,	0.537373,	0.842413,	-0.0130005
1520438971394039656,	0.919854,	2.22631,	-0.826058,	0.0905098,	0.11066,	-1.46516,	0.166169,	0.0228775,	-0.00493547,	0.98582,	0.915064,	2.21241,	-0.745971,	-0.00492899,	-0.0120495,	-1.06941,	-0.0395257,	0.524929,	0.850108,	-0.0142638
1520438971451721145,	0.922035,	2.22929,	-0.886989,	0.038263,	0.0522883,	-1.06897,	0.179529,	0.0240463,	0.000169288,	0.983459,	0.913074,	2.21518,	-0.792251,	-0.0349128,	0.0485384,	-0.811929,	-0.0427472,	0.518414,	0.853977,	-0.0119257
1520438971505240698,	0.92207,	2.23786,	-0.941068,	0.000659368,	0.161725,	-1.02036,	0.192239,	0.0246603,	0.00435538,	0.981029,	0.90981,	2.21967,	-0.828381,	-0.0615814,	0.0847444,	-0.681711,	-0.0471881,	0.520605,	0.852458,	-0.00774529
1520438971573652299,	0.922429,	2.242,	-0.999505,	0.00527638,	0.060943,	-0.859379,	0.199012,	0.0189724,	0.00507898,	0.9798,	0.906548,	2.22098,	-0.855125,	-0.0479691,	0.0192525,	-0.39329,	-0.0499911,	0.52401,	0.850244,	-0.000787771
1520438971628614435,	0.921482,	2.24371,	-1.03262,	-0.0175371,	0.0314823,	-0.61319,	0.196455,	0.0113159,	0.00380347,	0.98044,	0.908135,	2.22431,	-0.841501,	0.0293821,	0.0616581,	0.252293,	-0.0443236,	0.529122,	0.847383,	-0.00265237
1520438971681193497,	0.921587,	2.24452,	-1.05347,	0.00201136,	0.0157226,	-0.400989,	0.192156,	0.00698414,	0.000835662,	0.981339,	0.907439,	2.23228,	-0.80745,	-0.0133823,	0.153333,	0.654836,	-0.0412545,	0.543399,	0.838426,	-0.00762064
1520438971736788847,	0.920987,	2.24441,	-1.04815,	-0.0109137,	-0.00210337,	0.0967863,	0.188284,	0.00983564,	-0.000813931,	0.982065,	0.904599,	2.23522,	-0.750797,	-0.0516276,	0.0534515,	1.03004,	-0.040507,	0.558144,	0.828641,	-0.013736
1520438971789902789,	0.918857,	2.24222,	-1.01132,	-0.04018,	-0.0412979,	0.694767,	0.172099,	0.0169908,	-0.000450069,	0.984933,	0.897107,	2.2276,	-0.663972,	-0.141357,	-0.143714,	1.63822,	-0.0514687,	0.565041,	0.823228,	-0.0193472
1520438971844605880,	0.914908,	2.24467,	-0.961759,	-0.0731238,	0.0454965,	0.917859,	0.155977,	0.0203031,	0.00214612,	0.98755,	0.896261,	2.21802,	-0.545464,	-0.0156759,	-0.177407,	2.19459,	-0.0533402,	0.573907,	0.816602,	-0.0307581
1520438971893499444,	0.908165,	2.22704,	-0.876259,	-0.140476,	-0.367362,	1.78124,	0.145023,	0.0176874,	0.0126544,	0.989189,	0.89579,	2.21376,	-0.40266,	-0.00981372,	-0.0887383,	2.97507,	-0.0553185,	0.589766,	0.804662,	-0.0404382
1520438971950672335,	0.903536,	2.21614,	-0.763916,	-0.0812106,	-0.191323,	1.97093,	0.131215,	0.0249684,	0.0276277,	0.990654,	0.897319,	2.21521,	-0.246461,	0.0268352,	0.0254256,	2.74034,	-0.0496001,	0.615621,	0.785317,	-0.0427601
1520438972003707341,	0.901917,	2.1975,	-0.624164,	-0.0305565,	-0.351541,	2.63683,	0.111899,	0.0284906,	0.0314159,	0.992814,	0.899714,	2.21449,	-0.0805365,	0.0451851,	-0.013617,	3.13065,	-0.0431509,	0.635508,	0.769817,	-0.0406211
1520438972061433852,	0.900275,	2.18468,	-0.419129,	-0.0287986,	-0.224978,	3.59712,	0.0728648,	0.0369074,	0.0335364,	0.996094,	0.901579,	2.2127,	0.0823379,	0.0327183,	-0.0314649,	2.85745,	-0.033482,	0.644794,	0.762761,	-0.0362661
1520438972114457540,	0.902617,	2.17932,	-0.257151,	0.0441836,	-0.101077,	3.05618,	0.0787159,	0.031584,	0.0259845,	0.996058,	0.900562,	2.21549,	0.235626,	-0.0191907,	0.0526963,	2.89222,	-0.0296775,	0.64854,	0.759917,	-0.0322734
1520438972178358762,	0.901974,	2.16995,	-0.0937961,	-0.0102029,	-0.148758,	2.59293,	0.0302546,	0.0431218,	0.0141082,	0.998512,	0.883004,	2.22026,	0.513609,	-0.278702,	0.0757263,	4.41243,	-0.0374667,	0.64709,	0.761431,	-0.00965192
1520438972229388260,	0.900065,	2.17172,	0.101246,	-0.0374401,	0.0347393,	3.82435,	0.0321333,	0.0400458,	0.00931595,	0.998638,	0.875586,	2.2273,	0.630926,	-0.145453,	0.137947,	2.30035,	-0.0387166,	0.644844,	0.763317,	-0.00503514
1520438972287651849,	0.895834,	2.18569,	0.239661,	-0.0729476,	0.240851,	2.38646,	0.0317288,	0.024885,	0.00420319,	0.999178,	0.863483,	2.24566,	0.720957,	-0.208676,	0.316564,	1.55225,	-0.0499651,	0.646722,	0.761077,	0.00402062
1520438972340076659,	0.889329,	2.19646,	0.400076,	-0.125104,	0.207109,	3.0849,	0.0229559,	0.0181694,	0.00370681,	0.999564,	0.856005,	2.27545,	0.778164,	-0.143799,	0.57292,	1.10013,	-0.0606396,	0.659942,	0.74884,	0.00625563
1520438972396951002,	0.881575,	2.21648,	0.492601,	-0.138465,	0.357394,	1.65223,	0.0166376,	0.00241178,	0.00648848,	0.999838,	0.849116,	2.30742,	0.81739,	-0.123022,	0.570959,	0.700465,	-0.0748053,	0.675516,	0.733513,	0.00641236
1520438972448900307,	0.881943,	2.23919,	0.552518,	0.00722639,	0.44539,	1.17484,	0.00976394,	-0.00640998,	0.0093184,	0.999888,	0.846578,	2.33987,	0.837554,	-0.0497688,	0.636147,	0.395375,	-0.0819905,	0.693373,	0.715881,	0.00508608
1520438972497848388,	0.878152,	2.26269,	0.60156,	-0.0789742,	0.48951,	1.02172,	-0.0219224,	-0.0200418,	0.0216648,	0.999324,	0.844333,	2.3684,	0.843159,	-0.0467693,	0.594474,	0.116772,	-0.0889005,	0.710708,	0.697834,	0.00424022
1520438972551202962,	0.880408,	2.28246,	0.618512,	0.0425674,	0.373074,	0.319848,	-0.0420146,	-0.0229918,	0.0225672,	0.998597,	0.844007,	2.38782,	0.84067,	-0.0061455,	0.36649,	-0.0469576,	-0.0930845,	0.722696,	0.684834,	0.00689323
1520438972601015178,	0.879375,	2.3,	0.624354,	-0.0210833,	0.357932,	0.119222,	-0.0662763,	-0.0305688,	0.0309404,	0.996853,	0.845659,	2.39849,	0.831231,	0.0337073,	0.217727,	-0.192636,	-0.093905,	0.729511,	0.677391,	0.0116943
1520438972650997491,	0.882826,	2.31334,	0.622548,	0.0704198,	0.272176,	-0.0368531,	-0.0786099,	-0.0343341,	0.0287006,	0.995901,	0.8499,	2.39965,	0.8126,	0.086561,	0.0236549,	-0.380226,	-0.0917241,	0.734132,	0.67254,	0.0180608
1520438972705363361,	0.885551,	2.31535,	0.61128,	0.0504558,	0.0371993,	-0.20866,	-0.0894517,	-0.0390953,	0.0262201,	0.994878,	0.855798,	2.39207,	0.784851,	0.109223,	-0.14049,	-0.513871,	-0.0899709,	0.734705,	0.672101,	0.0198209
1520438972761758589,	0.890057,	2.31795,	0.592798,	0.0804706,	0.0464479,	-0.330039,	-0.091773,	-0.0407289,	0.0215238,	0.994714,	0.866075,	2.38065,	0.736914,	0.183517,	-0.203885,	-0.856015,	-0.0839407,	0.733548,	0.67398,	0.0247241
1520438972808754771,	0.897312,	2.30669,	0.56024,	0.157731,	-0.244759,	-0.707789,	-0.0948065,	-0.0397386,	0.0174809,	0.994549,	0.87739,	2.36701,	0.668597,	0.24598,	-0.296481,	-1.48517,	-0.0764068,	0.734112,	0.673909,	0.0330003
1520438972865058385,	0.907477,	2.28858,	0.50615,	0.181501,	-0.323373,	-0.965898,	-0.0977512,	-0.0359117,	0.00569705,	0.994546,	0.887821,	2.35223,	0.580865,	0.186269,	-0.263909,	-1.56664,	-0.0728156,	0.734652,	0.673363,	0.0395701
1520438972918846034,	0.915274,	2.27909,	0.434205,	0.147122,	-0.178964,	-1.35745,	-0.0945365,	-0.0365163,	-0.00289145,	0.994847,	0.894735,	2.33944,	0.477806,	0.130446,	-0.241363,	-1.94451,	-0.0789978,	0.736078,	0.671035,	0.0407561
1520438972966919153,	0.927274,	2.25336,	0.308136,	0.250007,	-0.536008,	-2.62643,	-0.0986827,	-0.0409032,	-0.00678267,	0.994255,	0.901166,	2.33127,	0.361981,	0.133974,	-0.170221,	-2.41301,	-0.0874518,	0.738989,	0.666887,	0.0388602
1520438973019091387,	0.935493,	2.25235,	0.200163,	0.158051,	-0.0195312,	-2.07641,	-0.0944627,	-0.0459445,	0.00150585,	0.994467,	0.908617,	2.32807,	0.24066,	0.143297,	-0.061547,	-2.3331,	-0.089845,	0.742669,	0.662303,	0.0415325
1520438973066331531,	0.945445,	2.2301,	0.0855153,	0.21175,	-0.473419,	-2.43931,	-0.132093,	-0.0411967,	0.00179143,	0.990379,	0.915375,	2.32821,	0.115411,	0.143794,	0.00308637,	-2.66488,	-0.096689,	0.749084,	0.654082,	0.0412425
1520438973125718436,	0.954291,	2.23577,	-0.0390593,	0.149921,	0.0962112,	-2.11143,	-0.108076,	-0.0597765,	-1.47962e-05,	0.992344,	0.935806,	2.32255,	-0.107775,	0.346276,	-0.0959162,	-3.7828,	-0.0902724,	0.735258,	0.670794,	0.0358068
1520438973180413978,	0.962749,	2.21854,	-0.155919,	0.15664,	-0.319173,	-2.16406,	-0.102527,	-0.0501702,	0.017369,	0.993312,	0.946935,	2.31338,	-0.189384,	0.20609,	-0.169838,	-1.51129,	-0.0849381,	0.708095,	0.700286,	0.0314026
1520438973229578776,	0.973043,	2.22693,	-0.269493,	0.210075,	0.171151,	-2.31784,	-0.090223,	-0.0510823,	0.00580642,	0.994594,	0.957824,	2.30741,	-0.254039,	0.222243,	-0.121889,	-1.31949,	-0.0754337,	0.683408,	0.725238,	0.0359542
1520438973282415440,	0.982175,	2.24094,	-0.391957,	0.175626,	0.26942,	-2.35509,	-0.0621299,	-0.0433467,	-0.000139707,	0.997126,	0.966667,	2.30667,	-0.302465,	0.170049,	-0.0142251,	-0.931264,	-0.067966,	0.669007,	0.738991,	0.0412539
1520438973336778593,	0.989097,	2.23778,	-0.458596,	0.128183,	-0.0583641,	-1.23405,	-0.00672071,	-0.0381401,	-0.00940331,	0.999206,	0.976304,	2.31181,	-0.336589,	0.178466,	0.0952313,	-0.631926,	-0.0582979,	0.667508,	0.740969,	0.0447191
1520438973384621241,	0.998622,	2.25333,	-0.51061,	0.202645,	0.330834,	-1.10668,	0.0119145,	-0.0368552,	-0.0217934,	0.999012,	0.985762,	2.31994,	-0.359078,	0.201233,	0.172946,	-0.478506,	-0.0482167,	0.671824,	0.737639,	0.0470861
1520438973434207715,	1.00407,	2.25106,	-0.544808,	0.111158,	-0.0463781,	-0.697934,	0.0227513,	-0.0330046,	-0.0325185,	0.998667,	0.9937,	2.32607,	-0.371189,	0.162005,	0.125153,	-0.247148,	-0.0463851,	0.676222,	0.733807,	0.0458177
1520438973483030503,	1.01201,	2.26306,	-0.56951,	0.1655,	0.249956,	-0.514606,	0.0155102,	-0.0277658,	-0.0413334,	0.998639,	1.00274,	2.32934,	-0.378617,	0.188239,	0.0681375,	-0.154756,	-0.0450447,	0.678243,	0.732139,	0.0439309
1520438973532875042,	1.0174,	2.26003,	-0.58079,	0.109873,	-0.0618987,	-0.230207,	0.0130767,	-0.0261935,	-0.0429123,	0.99865,	1.0155,	2.32794,	-0.383243,	0.26055,	-0.0286919,	-0.0944131,	-0.0437484,	0.671088,	0.739346,	0.0330824
1520438973601740041,	1.02634,	2.2698,	-0.588808,	0.131594,	0.143777,	-0.117918,	0.00520745,	-0.0191917,	-0.0470111,	0.998696,	1.03092,	2.32532,	-0.387261,	0.226743,	-0.0384929,	-0.05908,	-0.036454,	0.656876,	0.752723,	0.0243409
1520438973654395341,	1.0336,	2.2639,	-0.593356,	0.139596,	-0.113436,	-0.0874593,	0.0206607,	-0.0159355,	-0.0371941,	0.998967,	1.04266,	2.33257,	-0.388978,	0.225757,	0.139407,	-0.033023,	-0.0314258,	0.652456,	0.756926,	0.0194043
1520438973704327950,	1.04714,	2.27104,	-0.599682,	0.276174,	0.145681,	-0.129105,	0.0400789,	-0.000801395,	-0.0305727,	0.998728,	1.04752,	2.35058,	-0.386344,	0.0991561,	0.367499,	0.0537594,	-0.0292755,	0.657555,	0.752644,	0.017056
1520438973758296932,	1.05739,	2.28787,	-0.602524,	0.19352,	0.317501,	-0.0536271,	0.0369742,	0.00561783,	-0.030472,	0.998836,	1.04619,	2.37497,	-0.378881,	-0.0250281,	0.460148,	0.140801,	-0.0341489,	0.666398,	0.744746,	0.0100897
1520438973804376572,	1.0606,	2.30421,	-0.599053,	0.0697168,	0.355238,	0.0754655,	0.0273971,	0.00812909,	-0.0299156,	0.999144,	1.04178,	2.39848,	-0.366606,	-0.0959607,	0.511266,	0.266844,	-0.0400849,	0.668401,	0.742707,	0.00428756
1520438973854613832,	1.05601,	2.32774,	-0.59104,	-0.0918557,	0.470649,	0.160258,	0.0161873,	0.00878903,	-0.0181977,	0.999665,	1.03454,	2.42488,	-0.350579,	-0.14486,	0.527837,	0.320553,	-0.0476783,	0.67235,	0.738687,	0.00362516
1520438973902576097,	1.05396,	2.34497,	-0.574995,	-0.0435765,	0.366517,	0.341375,	0.00607999,	0.0105072,	-0.0144156,	0.999822,	1.0259,	2.45319,	-0.332473,	-0.183644,	0.602457,	0.385229,	-0.0567198,	0.675804,	0.734815,	0.0108863
1520438973952885310,	1.04753,	2.37597,	-0.559771,	-0.128633,	0.620071,	0.304483,	-0.0102943,	0.00314714,	-0.00595537,	0.999924,	1.016,	2.48045,	-0.314257,	-0.198081,	0.545212,	0.364318,	-0.0697785,	0.676707,	0.732709,	0.0183334
1520438973999996160,	1.04545,	2.39374,	-0.539389,	-0.0440967,	0.377985,	0.433662,	-0.00161993,	-0.00987731,	-0.0040484,	0.999942,	1.00702,	2.50591,	-0.296686,	-0.191098,	0.541568,	0.373849,	-0.0846418,	0.674811,	0.732672,	0.0256485
1520438974060936001,	1.04448,	2.41362,	-0.521088,	-0.0161621,	0.331299,	0.305011,	0.0121097,	-0.0274974,	-0.0061268,	0.99953,	1.00168,	2.52932,	-0.280871,	-0.0889061,	0.39026,	0.263592,	-0.0975294,	0.671439,	0.733805,	0.0344618
1520438974114003411,	1.04024,	2.44591,	-0.50392,	-0.0800463,	0.609346,	0.323934,	-0.00738733,	-0.0406023,	0.00848087,	0.999112,	1.00059,	2.55198,	-0.266837,	-0.0206146,	0.427508,	0.264775,	-0.105336,	0.667483,	0.73561,	0.0474199
1520438974164727394,	1.0434,	2.47604,	-0.48902,	0.0632504,	0.602615,	0.298002,	0.00195425,	-0.0591022,	0.0057079,	0.998234,	1.00486,	2.57558,	-0.257286,	0.0853583,	0.472068,	0.191037,	-0.108897,	0.667813,	0.734405,	0.0530746
1520438974216727450,	1.05243,	2.50413,	-0.472034,	0.17349,	0.540171,	0.326657,	0.0210604,	-0.0769645,	0.00081598,	0.996811,	1.01491,	2.59727,	-0.254185,	0.193206,	0.417008,	0.0596336,	-0.111113,	0.668831,	0.733042,	0.0544758
1520438974266243240,	1.05921,	2.5181,	-0.465001,	0.13846,	0.285058,	0.143529,	0.00992945,	-0.0828483,	0.0056561,	0.996497,	1.03161,	2.61697,	-0.256071,	0.340857,	0.402025,	-0.0385053,	-0.104709,	0.666357,	0.736214,	0.0547143
1520438974311350658,	1.07667,	2.55033,	-0.468802,	0.387975,	0.716294,	-0.0844636,	0.00899932,	-0.083798,	-0.00217156,	0.99644,	1.05207,	2.63623,	-0.263754,	0.454772,	0.427996,	-0.170734,	-0.102046,	0.666857,	0.736284,	0.0526735
1520438974359353672,	1.0906,	2.55229,	-0.470729,	0.290114,	0.0407202,	-0.0401495,	0.0154923,	-0.0847937,	0.00444954,	0.996268,	1.07377,	2.65534,	-0.273086,	0.452109,	0.398266,	-0.194417,	-0.0980461,	0.669959,	0.734533,	0.0447559
1520438974408859836,	1.11374,	2.58593,	-0.48163,	0.472344,	0.686607,	-0.222483,	0.00405562,	-0.0798068,	-7.44529e-05,	0.996802,	1.09754,	2.66794,	-0.28809,	0.485082,	0.257072,	-0.306202,	-0.101852,	0.668675,	0.735525,	0.0387634
1520438974473441800,	1.13105,	2.58209,	-0.489719,	0.270478,	-0.0599693,	-0.12639,	0.00922528,	-0.0746567,	0.0125307,	0.997088,	1.14874,	2.68126,	-0.311639,	0.799939,	0.208064,	-0.367955,	-0.0867024,	0.655397,	0.749553,	0.0332823
1520438974532835601,	1.15693,	2.61459,	-0.506088,	0.438671,	0.550758,	-0.277429,	0.00402464,	-0.0692252,	0.0099349,	0.997543,	1.17139,	2.68832,	-0.323855,	0.383936,	0.11974,	-0.207049,	-0.0784025,	0.651709,	0.753902,	0.0275591
1520438974579972788,	1.18568,	2.62718,	-0.524074,	0.611702,	0.267888,	-0.382688,	0.0178361,	-0.0587675,	0.006881,	0.998089,	1.19142,	2.69455,	-0.337278,	0.426098,	0.132598,	-0.285592,	-0.0752388,	0.648364,	0.757246,	0.0232752
1520438974631964842,	1.20202,	2.61394,	-0.538418,	0.320418,	-0.259502,	-0.281244,	0.0338599,	-0.0502652,	0.00950061,	0.998117,	1.20907,	2.69949,	-0.349676,	0.346028,	0.0967798,	-0.24309,	-0.0721561,	0.650211,	0.75609,	0.0186034
1520438974680620407,	1.22327,	2.6386,	-0.555572,	0.442631,	0.513721,	-0.357387,	0.0294977,	-0.0441948,	0.00706861,	0.998562,	1.22619,	2.70762,	-0.359814,	0.35681,	0.16937,	-0.211212,	-0.0665003,	0.657226,	0.750618,	0.0142566
1520438974731784353,	1.2352,	2.62821,	-0.564624,	0.233855,	-0.20382,	-0.177485,	0.0349622,	-0.0366427,	0.0112486,	0.998653,	1.24268,	2.71323,	-0.368876,	0.323186,	0.110103,	-0.177679,	-0.0562843,	0.663891,	0.74562,	0.0114928
1520438974781065548,	1.25094,	2.64536,	-0.578194,	0.321215,	0.349985,	-0.276948,	0.0194973,	-0.0270147,	0.00855713,	0.999408,	1.25592,	2.719,	-0.376571,	0.270272,	0.11774,	-0.157049,	-0.0484908,	0.672187,	0.738741,	0.00867869
1520438974826597315,	1.26028,	2.63485,	-0.584845,	0.207626,	-0.23351,	-0.147796,	0.0184044,	-0.0168529,	0.00345454,	0.999683,	1.26588,	2.72097,	-0.382883,	0.221282,	0.0437124,	-0.140274,	-0.0421539,	0.677558,	0.734223,	0.00742747
1520438974885587184,	1.27199,	2.64624,	-0.594945,	0.201997,	0.196333,	-0.17414,	0.00183226,	-0.00717862,	-0.000723915,	0.999972,	1.27308,	2.72269,	-0.387058,	0.124281,	0.0296559,	-0.0719796,	-0.0376003,	0.680816,	0.731429,	0.00935997
1520438974935825634,	1.27794,	2.63708,	-0.597244,	0.118999,	-0.183063,	-0.0459745,	0.00074638,	-0.00277628,	-0.00348123,	0.99999,	1.2781,	2.72312,	-0.390741,	0.100251,	0.00861785,	-0.0736524,	-0.0382305,	0.683909,	0.728487,	0.0106734
1520438974986801035,	1.28495,	2.64289,	-0.605009,	0.14016,	0.116151,	-0.155298,	-0.00864131,	0.00240408,	-0.00803445,	0.999927,	1.28294,	2.72285,	-0.393884,	0.0968956,	-0.00536963,	-0.0628712,	-0.0385402,	0.684098,	0.728296,	0.0104322
1520438975052800857,	1.28919,	2.63637,	-0.607263,	0.0651585,	-0.100301,	-0.0346768,	-0.0109351,	0.00187204,	-0.0102828,	0.999886,	1.28778,	2.72377,	-0.396756,	0.0743776,	0.0141253,	-0.0441867,	-0.0401658,	0.68528,	0.727137,	0.00700407
1520438975111041541,	1.2949,	2.6414,	-0.611392,	0.0985397,	0.0867176,	-0.0711855,	-0.0125814,	0.00225878,	-0.0109545,	0.999858,	1.29167,	2.72619,	-0.399542,	0.0671607,	0.0417605,	-0.0480252,	-0.0430646,	0.688064,	0.724361,	0.00377048
1520438975162796002,	1.30061,	2.64162,	-0.61489,	0.111804,	0.00439525,	-0.0685894,	-0.016259,	0.00408955,	-0.00611932,	0.999841,	1.29566,	2.72866,	-0.402609,	0.0781505,	0.0484361,	-0.0601487,	-0.0425657,	0.690412,	0.722161,	0.00148207
1520438975208377310,	1.305,	2.64171,	-0.617693,	0.0976793,	0.00194501,	-0.0622874,	-0.0216288,	0.00586399,	-0.00102367,	0.999748,	1.29896,	2.73069,	-0.406645,	0.0733612,	0.0451575,	-0.0896732,	-0.0420094,	0.692734,	0.719967,	-0.00137002
1520438975256098704,	1.30724,	2.63993,	-0.620312,	0.0476208,	-0.0378524,	-0.0557214,	-0.024019,	0.00807426,	0.000779632,	0.999679,	1.30069,	2.72899,	-0.407711,	0.0368648,	-0.0363679,	-0.0226801,	-0.0399823,	0.692655,	0.72016,	0.000497303
1520438975310068275,	1.3099,	2.64148,	-0.624197,	0.0502125,	0.0291641,	-0.0733078,	-0.0258155,	0.0107938,	-0.000125121,	0.999608,	1.30019,	2.72533,	-0.407394,	-0.00946497,	-0.0690171,	0.00598198,	-0.0413459,	0.688968,	0.723609,	0.00149788
1520438975357227877,	1.31069,	2.64133,	-0.625999,	0.016763,	-0.00315524,	-0.0383449,	-0.0223638,	0.00949548,	-0.00194126,	0.999703,	1.30087,	2.72351,	-0.409026,	0.0145346,	-0.038751,	-0.0347341,	-0.0432984,	0.68743,	0.724956,	0.00209992
1520438975406243158,	1.3115,	2.64089,	-0.626934,	0.0165126,	-0.00899619,	-0.0190899,	-0.018061,	0.00786614,	-0.00227914,	0.999803,	1.29975,	2.72242,	-0.41183,	-0.02292,	-0.0221725,	-0.0572286,	-0.0467841,	0.685443,	0.726603,	0.00525986
1520438975457222009,	1.31264,	2.63898,	-0.627777,	0.0228749,	-0.038221,	-0.0168568,	-0.0164817,	0.0054885,	-0.00249431,	0.999846,	1.29864,	2.72098,	-0.413245,	-0.0222605,	-0.0287483,	-0.0282993,	-0.046296,	0.683383,	0.728516,	0.0104463
1520438975506559129,	1.31297,	2.63853,	-0.629098,	0.00679673,	-0.00922087,	-0.02695,	-0.00948156,	-0.00108395,	-0.00659214,	0.999933,	1.29974,	2.72298,	-0.413984,	0.0225461,	0.0407557,	-0.0150699,	-0.0454628,	0.683207,	0.728707,	0.0121431
1520438975556789632,	1.31317,	2.63858,	-0.630104,	0.00387296,	0.00102819,	-0.0201189,	-0.00842099,	-0.00103781,	-0.00844606,	0.999928,	1.30005,	2.72499,	-0.41364,	0.00610294,	0.040141,	0.00686818,	-0.047741,	0.684504,	0.727377,	0.00990457
1520438975612056474,	1.31331,	2.63775,	-0.630421,	0.0026531,	-0.0150554,	-0.00576549,	-0.0124812,	-0.000972361,	-0.00454891,	0.999911,	1.30021,	2.7275,	-0.413194,	0.00300737,	0.0457818,	0.00810904,	-0.048303,	0.687224,	0.724783,	0.00899614
1520438975661506494,	1.31394,	2.63932,	-0.630234,	0.0127809,	0.0320388,	0.00381225,	-0.0135715,	-0.000462997,	-0.00584575,	0.999891,	1.30011,	2.72827,	-0.413184,	-0.00215478,	0.0157169,	0.00022015,	-0.0491718,	0.688584,	0.723445,	0.00783321
1520438975709751254,	1.31358,	2.64014,	-0.629798,	-0.00741056,	0.0171017,	0.00907612,	-0.0153716,	-0.000669939,	-0.00494861,	0.999869,	1.29997,	2.72785,	-0.41307,	-0.00281334,	-0.00886449,	0.00236988,	-0.0484015,	0.688509,	0.723559,	0.00864812
1520438975761531879,	1.31402,	2.64113,	-0.629913,	0.00844444,	0.0194767,	-0.00224322,	-0.0197163,	0.000308068,	-0.00489069,	0.999794,	1.29985,	2.72647,	-0.413086,	-0.00245222,	-0.0270259,	-0.000320054,	-0.0486762,	0.687515,	0.724485,	0.00869494
1520438975811342991,	1.31376,	2.64116,	-0.629952,	-0.00527275,	0.000505284,	-0.000808642,	-0.0179881,	0.000236369,	-0.0054347,	0.999823,	1.29995,	2.72411,	-0.413089,	0.00213861,	-0.0480914,	-5.82152e-05,	-0.0480768,	0.685429,	0.726487,	0.00962169
1520438975863191465,	1.31353,	2.63967,	-0.629839,	-0.00439586,	-0.02924,	0.00222711,	-0.016309,	0.000251169,	-0.00529319,	0.999853,	1.29991,	2.72183,	-0.412935,	-0.000770408,	-0.0448677,	0.00301818,	-0.0482521,	0.683516,	0.728274,	0.00969634
1520438975919042560,	1.31349,	2.63886,	-0.630226,	-0.000706817,	-0.0147025,	-0.00703113,	-0.0123475,	-8.02581e-05,	-0.00636272,	0.999904,	1.29967,	2.72109,	-0.412893,	-0.00430773,	-0.0132958,	0.00076714,	-0.0469207,	0.682868,	0.728944,	0.0114746
1520438975966181790,	1.31371,	2.63862,	-0.630464,	0.0046103,	-0.00503722,	-0.00507744,	-0.00940322,	-0.000347252,	-0.00776526,	0.999926,	1.29993,	2.72215,	-0.412845,	0.00547681,	0.0224176,	0.0010143,	-0.0481983,	0.683615,	0.728183,	0.00990309
1520438976014868621,	1.31336,	2.63827,	-0.62995,	-0.00725008,	-0.00741111,	0.0107157,	-0.00709518,	-0.000493639,	-0.0083653,	0.99994,	1.29973,	2.72319,	-0.41293,	-0.00425008,	0.0217814,	-0.00177306,	-0.0488818,	0.685119,	0.72673,	0.00926124
1520438976063432445,	1.31368,	2.63927,	-0.630484,	0.00658204,	0.0210025,	-0.0111273,	-0.0114293,	-0.000151316,	-0.00641315,	0.999914,	1.2998,	2.72331,	-0.4131,	0.00153314,	0.00238599,	-0.00353159,	-0.0491229,	0.685256,	0.726589,	0.00891115
1520438976110786330,	1.31356,	2.63921,	-0.629853,	-0.002582,	-0.00135233,	0.0134336,	-0.0168863,	0.00154515,	-0.00375277,	0.999849,	1.29978,	2.72232,	-0.412996,	-0.000499266,	-0.0210627,	0.00220495,	-0.0489818,	0.684792,	0.727032,	0.00921935
1520438976162976185,	1.3137,	2.63878,	-0.630608,	0.00276232,	-0.008317,	-0.0145289,	-0.0149194,	-0.000217173,	-0.00418623,	0.99988,	1.30004,	2.72184,	-0.412995,	0.00504424,	-0.00924089,	1.43642e-05,	-0.0480954,	0.684089,	0.727742,	0.0100298
1520438976210436389,	1.3138,	2.63861,	-0.629577,	0.00212876,	-0.00355427,	0.021936,	-0.0127696,	-0.000851777,	-0.0077275,	0.999888,	1.29986,	2.72121,	-0.412965,	-0.00382128,	-0.0134028,	0.000642708,	-0.0484943,	0.683506,	0.728267,	0.00974744
1520438976257238725,	1.3139,	2.63885,	-0.630341,	0.00221293,	0.00509351,	-0.0166048,	-0.0102659,	-4.01596e-05,	-0.0065407,	0.999926,	1.29989,	2.72153,	-0.412888,	0.000725069,	0.00705446,	0.00168997,	-0.0487229,	0.684447,	0.727371,	0.0094383
1520438976301396666,	1.31342,	2.63882,	-0.631631,	-0.0110083,	-0.000606038,	-0.0293122,	-0.0117031,	0.000660047,	-0.00539968,	0.999917,	1.3,	2.72181,	-0.412942,	0.00243862,	0.00634711,	-0.00122844,	-0.048983,	0.684624,	0.72719,	0.00922824
1520438976348421404,	1.31354,	2.63894,	-0.630359,	0.00249731,	0.0026711,	0.0270543,	-0.011522,	7.41501e-05,	-0.00594013,	0.999916,	1.29984,	2.72208,	-0.41282,	-0.00334641,	0.00574553,	0.00258638,	-0.0491465,	0.684686,	0.727122,	0.00911328
1520438976399199508,	1.3133,	2.63754,	-0.63119,	-0.00468914,	-0.0281329,	-0.0166201,	-0.0217052,	0.000942474,	-0.00167909,	0.999763,	1.29964,	2.72188,	-0.412799,	-0.00402372,	-0.00399894,	0.000426431,	-0.0487273,	0.684477,	0.72734,	0.00963907
1520438976447191125,	1.31374,	2.64006,	-0.629851,	0.0093219,	0.0537376,	0.0284852,	-0.00653911,	8.45494e-05,	-0.0088208,	0.99994,	1.29989,	2.72117,	-0.412973,	0.00529786,	-0.0150617,	-0.00370886,	-0.0485891,	0.68395,	0.727845,	0.00970039
1520438976492393314,	1.31355,	2.63829,	-0.630614,	-0.00417922,	-0.0393129,	-0.0169482,	-0.0121709,	-0.00017233,	-0.00567971,	0.99991,	1.29985,	2.72135,	-0.413002,	-0.000836404,	0.00391886,	-0.000642665,	-0.0488136,	0.684248,	0.727551,	0.00957181
1520438976540372539,	1.31384,	2.63937,	-0.630334,	0.0060481,	0.0228164,	0.00596474,	-0.010676,	-0.000519245,	-0.00642846,	0.999922,	1.30004,	2.72204,	-0.41303,	0.00384314,	0.0146545,	-0.000607023,	-0.0490761,	0.684788,	0.72703,	0.00917599
1520438976587725492,	1.31384,	2.63886,	-0.630633,	1.8685e-05,	-0.0106907,	-0.00636369,	-0.0101584,	0.00090748,	-0.00604102,	0.99993,	1.29992,	2.72206,	-0.413175,	-0.00254549,	0.000417448,	-0.00306764,	-0.0491629,	0.684747,	0.727063,	0.00913073
1520438976636941372,	1.31359,	2.63873,	-0.630582,	-0.0049986,	-0.00272772,	0.00104186,	-0.0197875,	0.00146017,	-0.00612989,	0.999784,	1.29985,	2.72181,	-0.413156,	-0.00135044,	-0.00498957,	0.000374188,	-0.0489421,	0.684396,	0.727406,	0.00940466
1520438976692545268,	1.31367,	2.63821,	-0.630192,	0.00140794,	-0.00941221,	0.00707708,	-0.0118564,	-0.000139304,	-0.00719986,	0.999904,	1.29988,	2.72094,	-0.412834,	0.000644385,	-0.0159818,	0.00585632,	-0.0488325,	0.684163,	0.727628,	0.00964245
1520438976743322501,	1.31364,	2.63899,	-0.631436,	-0.000659142,	0.0156028,	-0.0248804,	-0.0105533,	-0.000907669,	-0.00557459,	0.999928,	1.30003,	2.72092,	-0.412907,	0.00291988,	-0.00039821,	-0.00146348,	-0.0490372,	0.684316,	0.727474,	0.00935816
1520438976795897195,	1.31378,	2.63854,	-0.630228,	0.00267959,	-0.00869658,	0.0232435,	-0.00898304,	-0.00129954,	-0.0062586,	0.999939,	1.29996,	2.7212,	-0.413045,	-0.00145522,	0.00538699,	-0.00264069,	-0.0492695,	0.684666,	0.727133,	0.00908887
1520438976850777351,	1.31388,	2.63905,	-0.630438,	0.00189225,	0.00939696,	-0.00390075,	-0.0113852,	6.35079e-05,	-0.00651321,	0.999914,	1.29991,	2.72098,	-0.412944,	-0.000771954,	-0.00403494,	0.00186383,	-0.0493402,	0.684675,	0.72712,	0.00904773
1520438976905302405,	1.31397,	2.63985,	-0.631304,	0.00174877,	0.0147963,	-0.016024,	-0.0139825,	0.00117185,	-0.00695583,	0.999877,	1.29995,	2.72032,	-0.412783,	0.000706617,	-0.0121542,	0.0029789,	-0.0490808,	0.68435,	0.72744,	0.00936613
1520438976956209115,	1.31394,	2.63851,	-0.630434,	-0.000659189,	-0.0268401,	0.0173878,	-0.0119306,	0.000101463,	-0.00628538,	0.999909,	1.30001,	2.72071,	-0.412709,	0.00109627,	0.00774841,	0.00149165,	-0.0489864,	0.68426,	0.72753,	0.00945391
1520438977007893030,	1.31365,	2.63858,	-0.630564,	-0.00570895,	0.0015453,	-0.00253578,	-0.010483,	4.9697e-05,	-0.00655931,	0.999924,	1.3,	2.72119,	-0.412935,	-0.000146008,	0.00940935,	-0.00443175,	-0.0490961,	0.684484,	0.727314,	0.00932491
1520438977066011090,	1.31368,	2.63872,	-0.630598,	0.0006156,	0.00242439,	-0.000587733,	-0.0116831,	0.000196075,	-0.00637864,	0.999911,	1.30007,	2.72155,	-0.413123,	0.0013116,	0.00629004,	-0.00324743,	-0.0493879,	0.684782,	0.727017,	0.00895285
1520438977127999744,	1.31352,	2.63768,	-0.631477,	-0.00269735,	-0.0171561,	-0.01442,	-0.0260929,	0.00249656,	-0.00247118,	0.999653,	1.30006,	2.72069,	-0.412847,	-0.000269876,	-0.0140971,	0.00451924,	-0.0491715,	0.684442,	0.727348,	0.00927475
1520438977193853109,	1.31359,	2.63917,	-0.630357,	0.00112188,	0.0229764,	0.0172315,	-0.0117707,	0.000143597,	-0.0060058,	0.999913,	1.29996,	2.72009,	-0.412821,	-0.00153554,	-0.00929335,	0.00040001,	-0.0489585,	0.684164,	0.72762,	0.00955967
1520438977245877784,	1.31338,	2.63885,	-0.630728,	-0.00408369,	-0.00619783,	-0.00713,	-0.0113027,	0.000378833,	-0.00665128,	0.999914,	1.30028,	2.72046,	-0.413001,	0.00615438,	0.00713618,	-0.00346126,	-0.0491492,	0.684437,	0.727355,	0.00923692
