time stamp[ns], 	x[VO], 	y, 	z, 	dx[m/s], 	dy, 	dz, 	qx, 	qy, 	qz, 	qw, 	x[VIVE], 	y, 	z, 	dx[m/s], 	dy, 	dz, 	qx, 	qy, 	qz, 	qw
1520438956805269950,	1.3358,	2.62052,	-0.632451,	-0.000244945,	-0.00030402,	-0.00077255,	-0.0178842,	0.00200149,	0.00905987,	0.999797,	1.32337,	2.69318,	-0.411433,	-1.03007e-05,	-0.000315555,	-3.79599e-05,	-0.0513805,	0.679486,	0.731855,	0.00694112
1520438956857958888,	1.33611,	2.62149,	-0.630275,	0.00595783,	0.0187083,	0.0418381,	-0.0077761,	-0.000134516,	0.00311337,	0.999965,	1.32338,	2.69325,	-0.411244,	0.000147695,	0.00139151,	0.00363376,	-0.0513937,	0.679475,	0.731864,	0.00689599
1520438956906857328,	1.33635,	2.62124,	-0.630816,	0.00512812,	-0.00529079,	-0.0112754,	-0.00979768,	0.000682979,	0.00403126,	0.999944,	1.32368,	2.69283,	-0.411188,	0.00627632,	-0.00880335,	0.0011583,	-0.0513803,	0.679314,	0.732015,	0.00684951
1520438956962908753,	1.33618,	2.62068,	-0.630634,	-0.00311528,	-0.0100788,	0.00325891,	-0.00959601,	0.000896123,	0.00436065,	0.999944,	1.32369,	2.6926,	-0.411166,	0.000154661,	-0.00401626,	0.000393674,	-0.0513768,	0.679212,	0.73211,	0.00686052
1520438957014641422,	1.33647,	2.62142,	-0.630237,	0.00570714,	0.0146285,	0.0077758,	-0.0118871,	0.000772105,	0.00469159,	0.999918,	1.32335,	2.6925,	-0.411167,	-0.00654835,	-0.00200007,	-2.11046e-05,	-0.0513737,	0.679189,	0.732131,	0.00688563
1520438957067498171,	1.33633,	2.62137,	-0.631053,	-0.00276218,	-0.000927291,	-0.0156814,	-0.0164338,	0.00200667,	0.00354769,	0.999857,	1.32332,	2.69306,	-0.411276,	-0.000604128,	0.0107157,	-0.00208995,	-0.0513486,	0.679422,	0.731917,	0.00683383
1520438957116063203,	1.3364,	2.62123,	-0.63098,	0.001614,	-0.00304169,	0.00150933,	-0.00989576,	0.000837799,	0.00453938,	0.99994,	1.32347,	2.69276,	-0.411144,	0.00306069,	-0.00612241,	0.00274298,	-0.0513068,	0.679393,	0.731946,	0.00687231
1520438957166728403,	1.33632,	2.62042,	-0.630329,	-0.0015686,	-0.0161316,	0.013024,	-0.00836307,	-0.000601998,	0.00400383,	0.999957,	1.32363,	2.69294,	-0.411197,	0.0032678,	0.00362509,	-0.00105146,	-0.051361,	0.679399,	0.731937,	0.00685569
1520438957216274456,	1.33647,	2.62198,	-0.631065,	0.00300971,	0.0318154,	-0.0150117,	-0.00986905,	0.000894419,	0.00401422,	0.999943,	1.32333,	2.693,	-0.411211,	-0.00610604,	0.00110799,	-0.000277549,	-0.0514152,	0.679376,	0.731956,	0.00681828
1520438957258795328,	1.33652,	2.62071,	-0.631376,	0.00117291,	-0.0301869,	-0.00741641,	-0.0130933,	0.00170751,	0.00400802,	0.999905,	1.32355,	2.69291,	-0.41122,	0.00532472,	-0.00212452,	-0.00023234,	-0.0513356,	0.679403,	0.731936,	0.00672104
1520438957317721471,	1.33647,	2.62107,	-0.628016,	-0.000936989,	0.00611538,	0.0579435,	-0.0138057,	-0.00221183,	0.00383602,	0.999895,	1.32336,	2.69284,	-0.411079,	-0.00338807,	-0.00122575,	0.00243188,	-0.0513627,	0.679404,	0.731933,	0.00679517
1520438957368867602,	1.3362,	2.6217,	-0.631156,	-0.00524947,	0.0124352,	-0.0615821,	-0.0107229,	0.000935855,	0.00435319,	0.999933,	1.32344,	2.69278,	-0.411241,	0.00151584,	-0.00105316,	-0.0031815,	-0.0513899,	0.679327,	0.732003,	0.00671246
1520438957421919298,	1.33626,	2.62183,	-0.629883,	0.00108914,	0.00246485,	0.024016,	-0.00891276,	0.00166796,	0.00156702,	0.999958,	1.32346,	2.69309,	-0.41136,	0.000543693,	0.00571848,	-0.00224532,	-0.0514411,	0.679218,	0.732101,	0.00672908
1520438957470057641,	1.33616,	2.62051,	-0.631283,	-0.00193846,	-0.0275947,	-0.0291622,	-0.0175233,	0.00197822,	0.00595667,	0.999827,	1.32356,	2.69329,	-0.411282,	0.00188961,	0.00411902,	0.00163643,	-0.0513881,	0.679349,	0.731983,	0.00668384
1520438957520184092,	1.33637,	2.62094,	-0.630886,	0.00405368,	0.00874513,	0.00793351,	-0.00928806,	0.000893167,	0.0042155,	0.999948,	1.3235,	2.69285,	-0.411154,	-0.00109841,	-0.00862471,	0.00256665,	-0.0513481,	0.679339,	0.731995,	0.00675833
1520438957569643358,	1.33631,	2.62001,	-0.631242,	-0.00109867,	-0.0190816,	-0.00725762,	-0.0212991,	0.00257303,	0.00762941,	0.999741,	1.32339,	2.69254,	-0.411051,	-0.00223068,	-0.00642738,	0.00210342,	-0.0513881,	0.679381,	0.731953,	0.00674354
1520438957624715003,	1.33623,	2.62149,	-0.63107,	-0.00144968,	0.0268596,	0.00312934,	-0.0105485,	0.000883927,	0.00445225,	0.999934,	1.32351,	2.69278,	-0.411337,	0.00219586,	0.00439046,	-0.00519993,	-0.0514399,	0.679323,	0.732004,	0.00668368
1520438957676558620,	1.3363,	2.62099,	-0.631592,	0.00139372,	-0.00967934,	-0.0102364,	-0.0113354,	0.00276215,	0.00471655,	0.999921,	1.32333,	2.69303,	-0.411169,	-0.00351176,	0.00493197,	0.00328513,	-0.0514646,	0.6794,	0.731931,	0.00671472
1520438957730141114,	1.33629,	2.62155,	-0.630759,	-0.000346698,	0.0105374,	0.0157172,	-0.00947144,	0.000716718,	0.00397771,	0.999947,	1.32335,	2.69311,	-0.411267,	0.000341762,	0.00146897,	-0.001845,	-0.0514359,	0.679442,	0.731894,	0.00666294
1520438957789813357,	1.33639,	2.62088,	-0.630925,	0.0017984,	-0.011339,	-0.00281036,	-0.00888666,	0.000709845,	0.00416804,	0.999952,	1.32369,	2.69279,	-0.411183,	0.00578718,	-0.00540137,	0.00141879,	-0.0514092,	0.679357,	0.731974,	0.00665058
1520438957837167669,	1.33614,	2.62097,	-0.630739,	-0.00537959,	0.00196195,	0.00396399,	-0.00970062,	0.000883137,	0.00452153,	0.999942,	1.32352,	2.69293,	-0.411281,	-0.00370378,	0.00285259,	-0.00208703,	-0.0515002,	0.679342,	0.731983,	0.00663966
1520438957890278830,	1.33638,	2.6206,	-0.630403,	0.00451746,	-0.00709348,	0.00633233,	-0.00920517,	0.000193503,	0.00400572,	0.99995,	1.32341,	2.69294,	-0.411364,	-0.0019806,	0.000292304,	-0.00156393,	-0.0514986,	0.67934,	0.731984,	0.00665541
1520438957937003366,	1.33653,	2.62177,	-0.630331,	0.00320467,	0.025493,	0.00156065,	-0.00713447,	0.00129379,	0.00295972,	0.999969,	1.32349,	2.69282,	-0.411182,	0.0015841,	-0.00260958,	0.00396305,	-0.0514726,	0.679413,	0.731918,	0.00665222
1520438957984223005,	1.33632,	2.62142,	-0.631356,	-0.00430222,	-0.00755981,	-0.0217949,	-0.011941,	0.0014241,	0.00665671,	0.999906,	1.32343,	2.69278,	-0.411173,	-0.00111959,	-0.000816713,	0.000182806,	-0.0512239,	0.679505,	0.731847,	0.00697089
1520438958034570284,	1.33632,	2.62073,	-0.631233,	-8.33414e-05,	-0.013748,	0.00244085,	-0.0164486,	0.00228501,	0.00403639,	0.999854,	1.32354,	2.69305,	-0.411176,	0.00210203,	0.00525584,	-5.93584e-05,	-0.0508698,	0.679965,	0.731441,	0.00730207
1520438958081673745,	1.33641,	2.62083,	-0.629638,	0.00196207,	0.00223686,	0.0339559,	-0.0030578,	-0.000833416,	-0.000517392,	0.999995,	1.32344,	2.69436,	-0.411281,	-0.00215687,	0.0279497,	-0.00222293,	-0.0511007,	0.680822,	0.730629,	0.00715232
1520438958133266546,	1.33615,	2.62089,	-0.631518,	-0.00519443,	0.00101675,	-0.036881,	-0.00697786,	-0.00120924,	0.00458506,	0.999964,	1.32356,	2.69373,	-0.41115,	0.00231856,	-0.0123409,	0.00256252,	-0.050916,	0.679878,	0.731519,	0.0072916
1520438958185412221,	1.33613,	2.62071,	-0.629319,	-0.000378833,	-0.0034524,	0.0423057,	-0.0239256,	0.0019086,	0.00624933,	0.999692,	1.32353,	2.69274,	-0.411159,	-0.000418012,	-0.0190944,	-0.00016938,	-0.0510872,	0.679096,	0.732235,	0.00711774
1520438958238297316,	1.33657,	2.62229,	-0.631358,	0.0085327,	0.0304212,	-0.0392293,	-0.0105382,	0.0010554,	0.00333926,	0.999938,	1.32356,	2.6923,	-0.411117,	0.000492158,	-0.00832467,	0.000800856,	-0.0517192,	0.678934,	0.732348,	0.00640527
1520438958290973102,	1.33642,	2.62093,	-0.630617,	-0.00292464,	-0.026191,	0.0142688,	-0.00844048,	0.00102862,	0.00259327,	0.99996,	1.32389,	2.69161,	-0.411111,	0.00629164,	-0.013274,	0.000117165,	-0.0514712,	0.677998,	0.733231,	0.006435
1520438958345422576,	1.3368,	2.62137,	-0.630813,	0.00713131,	0.00815044,	-0.00364123,	-0.00818287,	-6.36895e-06,	0.0045228,	0.999956,	1.32342,	2.68999,	-0.411121,	-0.0086723,	-0.0300393,	-0.000189704,	-0.052811,	0.677472,	0.733631,	0.00531253
1520438958391247263,	1.33646,	2.61929,	-0.630257,	-0.00754042,	-0.0461304,	0.012359,	-0.0108338,	0.00250766,	0.00494612,	0.999926,	1.3216,	2.68997,	-0.409364,	-0.0404923,	-0.000580982,	0.0390488,	-0.0530988,	0.677471,	0.733616,	0.00449441
1520438958442980164,	1.33577,	2.61854,	-0.629757,	-0.0136906,	-0.0146129,	0.0097978,	-0.00166877,	4.99718e-05,	0.00662874,	0.999977,	1.31779,	2.68966,	-0.401382,	-0.0745774,	-0.00589135,	0.156515,	-0.0519231,	0.676793,	0.734332,	0.0034557
1520438958497627374,	1.33438,	2.62091,	-0.629952,	-0.0256676,	0.0438196,	-0.00360073,	-0.00729969,	0.00114301,	0.00589039,	0.999955,	1.31053,	2.68825,	-0.387505,	-0.134565,	-0.0262268,	0.256969,	-0.0512159,	0.675339,	0.735721,	0.00298974
1520438958554516468,	1.32898,	2.61721,	-0.622106,	-0.0963719,	-0.0661767,	0.140108,	-0.00677307,	0.00313139,	0.00718638,	0.999946,	1.30057,	2.688,	-0.369927,	-0.177809,	-0.00445854,	0.313898,	-0.0508165,	0.675251,	0.735835,	0.000608749
1520438958609237687,	1.32245,	2.62431,	-0.604773,	-0.121004,	0.131602,	0.320976,	-0.00449263,	0.00413651,	0.00499733,	0.999969,	1.28696,	2.68905,	-0.349838,	-0.251995,	0.0195551,	0.372018,	-0.0516048,	0.67684,	0.734318,	-0.00113726
1520438958666305735,	1.30746,	2.62463,	-0.586615,	-0.263023,	0.00558359,	0.318554,	-0.00768222,	0.00592412,	0.00660377,	0.999931,	1.27137,	2.68953,	-0.328137,	-0.273486,	0.00829668,	0.380727,	-0.0527246,	0.677879,	0.73327,	-0.00394127
1520438958728256733,	1.2904,	2.61171,	-0.56294,	-0.279581,	-0.211758,	0.388129,	-0.0081469,	0.00684583,	0.013097,	0.999858,	1.23835,	2.69232,	-0.283553,	-0.541336,	0.0458037,	0.730886,	-0.051193,	0.679999,	0.731337,	-0.0112715
1520438958784480312,	1.27671,	2.62969,	-0.536795,	-0.244526,	0.321026,	0.466862,	-0.0145601,	0.00924205,	0.011805,	0.999782,	1.22179,	2.69377,	-0.26191,	-0.295648,	0.0258704,	0.386485,	-0.0497624,	0.680003,	0.731386,	-0.0139279
1520438958853358289,	1.25272,	2.62854,	-0.513944,	-0.352783,	-0.0168479,	0.336052,	-0.0147373,	0.012696,	0.0158083,	0.999686,	1.20692,	2.69451,	-0.240234,	-0.218775,	0.0109367,	0.318756,	-0.0471528,	0.677105,	0.734218,	-0.01514
1520438958912277779,	1.23147,	2.62184,	-0.483071,	-0.366342,	-0.115591,	0.532294,	-0.0237058,	0.0209683,	0.0554353,	0.997961,	1.19285,	2.69412,	-0.219616,	-0.242567,	-0.00673131,	0.355477,	-0.0449716,	0.672917,	0.738209,	-0.014445
1520438958959583389,	1.21096,	2.6209,	-0.454189,	-0.436483,	-0.0199197,	0.614514,	-0.0153604,	0.0228979,	0.044911,	0.99861,	1.17956,	2.69384,	-0.200211,	-0.282677,	-0.00608216,	0.412876,	-0.0440094,	0.667172,	0.743503,	-0.0121516
1520438959011225936,	1.19331,	2.62425,	-0.434013,	-0.345942,	0.0655624,	0.395605,	0.000580853,	0.0204345,	0.0154952,	0.999671,	1.16689,	2.69149,	-0.182442,	-0.248423,	-0.0459937,	0.348423,	-0.0451412,	0.667859,	0.742865,	-0.00883284
1520438959061237111,	1.18223,	2.63912,	-0.417387,	-0.2217,	0.297409,	0.332508,	0.00699774,	0.0186779,	0.00912995,	0.999759,	1.15437,	2.69016,	-0.165528,	-0.250383,	-0.0266821,	0.338273,	-0.0487566,	0.669239,	0.7414,	-0.00824069
1520438959116834256,	1.16965,	2.62974,	-0.399228,	-0.228677,	-0.170462,	0.330173,	0.0178236,	0.014444,	0.010196,	0.999685,	1.14377,	2.68986,	-0.159706,	-0.192769,	-0.00534006,	0.105853,	-0.0521012,	0.66676,	0.743375,	-0.0104405
1520438959172667168,	1.16068,	2.64178,	-0.386744,	-0.163146,	0.218816,	0.226986,	0.0178437,	0.0123399,	0.0116937,	0.999696,	1.1289,	2.69037,	-0.14532,	-0.270427,	0.00924254,	0.261565,	-0.0573014,	0.673022,	0.737061,	-0.02235
1520438959222620130,	1.14982,	2.63359,	-0.372495,	-0.221606,	-0.167134,	0.290796,	0.0163982,	0.0127364,	0.0282125,	0.999386,	1.12136,	2.68545,	-0.137705,	-0.153947,	-0.100434,	0.155404,	-0.0571955,	0.688193,	0.722596,	-0.031199
1520438959274565101,	1.13918,	2.6295,	-0.365641,	-0.208539,	-0.0801058,	0.134389,	0.00980224,	0.0154108,	0.0298196,	0.999388,	1.11261,	2.67587,	-0.136964,	-0.171428,	-0.187801,	0.0145365,	-0.0633302,	0.692751,	0.717521,	-0.0353348
1520438959327842627,	1.13374,	2.63084,	-0.361578,	-0.102751,	0.0252213,	0.0766466,	-0.00258448,	0.0161113,	0.0361165,	0.999214,	1.10237,	2.65853,	-0.134787,	-0.193207,	-0.327199,	0.0410747,	-0.0707306,	0.692668,	0.716904,	-0.0354671
1520438959382316117,	1.12441,	2.61437,	-0.356098,	-0.172829,	-0.305078,	0.101498,	-0.00617991,	0.0145005,	0.0443894,	0.99889,	1.09285,	2.63044,	-0.128677,	-0.176337,	-0.520221,	0.11314,	-0.0763857,	0.690268,	0.718641,	-0.0353597
1520438959432882505,	1.11889,	2.60334,	-0.352051,	-0.110316,	-0.220415,	0.0809258,	-0.0139908,	0.011004,	0.048515,	0.998664,	1.08276,	2.5898,	-0.118719,	-0.201783,	-0.812782,	0.199166,	-0.0784645,	0.690708,	0.718016,	-0.0349029
1520438959486828596,	1.10767,	2.57413,	-0.345525,	-0.211755,	-0.551228,	0.123138,	-0.0106725,	0.00702018,	0.0561096,	0.998343,	1.07351,	2.5391,	-0.112959,	-0.174497,	-0.956627,	0.108684,	-0.0752008,	0.690912,	0.718353,	-0.0308968
1520438959533200726,	1.10334,	2.54493,	-0.340054,	-0.094172,	-0.634741,	0.118936,	-0.0101893,	0.00440068,	0.0519727,	0.998587,	1.06217,	2.47946,	-0.106036,	-0.246639,	-1.29659,	0.150492,	-0.0699592,	0.69482,	0.71544,	-0.0218288
1520438959580004116,	1.08943,	2.48893,	-0.3315,	-0.302392,	-1.21733,	0.185952,	0.00160625,	0.000626526,	0.0229803,	0.999734,	1.05133,	2.41592,	-0.0921844,	-0.235635,	-1.38133,	0.301125,	-0.0669095,	0.703941,	0.707034,	-0.00957709
1520438959630405448,	1.08485,	2.44049,	-0.321605,	-0.0915827,	-0.968864,	0.197903,	-0.0205241,	0.0028355,	0.0371551,	0.999095,	1.04037,	2.34595,	-0.0712799,	-0.219181,	-1.39935,	0.418091,	-0.0623846,	0.715876,	0.695435,	-9.43341e-05
1520438959679565667,	1.06746,	2.37076,	-0.306765,	-0.354816,	-1.42304,	0.302852,	-0.0228969,	-0.00266346,	0.0388303,	0.99898,	1.02989,	2.27261,	-0.0483277,	-0.213933,	-1.49672,	0.468411,	-0.059216,	0.725257,	0.685874,	0.00847714
1520438959732285394,	1.06568,	2.29666,	-0.285652,	-0.0342128,	-1.42504,	0.40603,	-0.0473206,	-0.0065227,	0.0122781,	0.998783,	1.02123,	2.19962,	-0.0269169,	-0.166556,	-1.40355,	0.411746,	-0.0540284,	0.728539,	0.68268,	0.0161211
1520438959787987733,	1.04681,	2.21738,	-0.261979,	-0.343128,	-1.44145,	0.430416,	-0.0577628,	-0.00848265,	0.0192542,	0.998109,	1.01432,	2.12896,	-0.0081853,	-0.12549,	-1.28477,	0.340575,	-0.0484439,	0.726619,	0.684992,	0.021532
1520438959839686675,	1.04638,	2.14263,	-0.239195,	-0.00832569,	-1.46576,	0.446751,	-0.0688588,	-0.0102608,	-0.00523065,	0.99756,	1.00805,	2.06492,	0.00633854,	-0.122986,	-1.25569,	0.284781,	-0.0431754,	0.723963,	0.688074,	0.0238236
1520438959891191616,	1.03559,	2.0501,	-0.217558,	-0.21159,	-1.81421,	0.424246,	-0.0668241,	-0.00950494,	-0.0154128,	0.9976,	1.00338,	2.00664,	0.019082,	-0.0915578,	-1.14274,	0.249872,	-0.0378064,	0.712465,	0.700223,	0.0255459
1520438959947122141,	1.02062,	1.98974,	-0.202829,	-0.272277,	-1.0975,	0.267792,	-0.0640393,	-0.00648166,	-0.00800591,	0.997894,	0.998735,	1.95833,	0.0285481,	-0.0844818,	-0.878411,	0.172111,	-0.0334214,	0.698206,	0.714656,	0.0256482
1520438959996781475,	1.02085,	1.93961,	-0.191813,	0.00481341,	-1.02294,	0.224828,	-0.0432587,	-0.00336076,	-0.0240242,	0.998769,	0.994233,	1.92088,	0.0351218,	-0.0918791,	-0.764213,	0.134157,	-0.0305113,	0.683154,	0.729164,	0.0262498
1520438960045000800,	1.00977,	1.8997,	-0.182396,	-0.230925,	-0.831477,	0.196194,	-0.0292564,	0.00114141,	-0.018819,	0.999394,	0.988009,	1.89733,	0.0393472,	-0.129673,	-0.490591,	0.0880302,	-0.0306044,	0.674586,	0.736954,	0.029929
1520438960091240672,	1.00862,	1.87386,	-0.177465,	-0.0249304,	-0.561907,	0.107175,	-0.00733071,	0.002248,	-0.0284531,	0.999566,	0.98375,	1.88429,	0.0428103,	-0.0925849,	-0.283503,	0.0752837,	-0.0296524,	0.669965,	0.741055,	0.0332574
1520438960144777318,	1.00108,	1.85344,	-0.173618,	-0.142262,	-0.385247,	0.0725881,	0.00460558,	0.000163281,	-0.0284565,	0.999584,	0.981177,	1.88213,	0.0442804,	-0.0485464,	-0.0408937,	0.0277379,	-0.0278754,	0.671247,	0.739848,	0.0357129
1520438960195700958,	0.999221,	1.84532,	-0.171576,	-0.0372374,	-0.162282,	0.0408498,	0.00885223,	-0.000836371,	-0.0338546,	0.999387,	0.979922,	1.8864,	0.0437106,	-0.0250895,	0.0854575,	-0.0113953,	-0.0271191,	0.672707,	0.738493,	0.0368582
1520438960247860623,	0.996232,	1.84105,	-0.169772,	-0.0574795,	-0.082167,	0.0346846,	0.00721109,	-0.001203,	-0.0357104,	0.999335,	0.980292,	1.89711,	0.0413378,	0.00711127,	0.205931,	-0.0456318,	-0.0257709,	0.672434,	0.738719,	0.0382333
1520438960298044999,	0.994673,	1.84596,	-0.170443,	-0.031182,	0.0981998,	-0.0134216,	0.00471746,	-0.00158546,	-0.0370145,	0.999302,	0.983177,	1.91496,	0.0384803,	0.0576893,	0.356969,	-0.0571486,	-0.0247813,	0.668194,	0.742457,	0.0407405
1520438960348347824,	0.997061,	1.85704,	-0.173286,	0.0477601,	0.221624,	-0.0568556,	0.00618198,	-0.00184805,	-0.041693,	0.99911,	0.989132,	1.9445,	0.0351889,	0.119112,	0.590932,	-0.0658285,	-0.0216433,	0.662851,	0.74722,	0.0426918
1520438960400659551,	0.997355,	1.87706,	-0.176546,	0.00565458,	0.384871,	-0.0626986,	0.0110376,	-0.00221233,	-0.0401292,	0.999131,	0.999553,	1.99096,	0.0326241,	0.200389,	0.89348,	-0.0493239,	-0.0156638,	0.660093,	0.749848,	0.0419544
1520438960446947317,	1.00798,	1.91177,	-0.180206,	0.231047,	0.754715,	-0.0795623,	0.0163003,	-2.8709e-05,	-0.052042,	0.998512,	1.01042,	2.05562,	0.0301231,	0.236324,	1.40555,	-0.0543703,	-0.0153799,	0.661884,	0.748374,	0.0401167
1520438960496189887,	1.00992,	1.95746,	-0.183071,	0.03945,	0.932459,	-0.0584616,	0.0223928,	0.00410021,	-0.0452785,	0.998715,	1.02076,	2.13614,	0.0287033,	0.210859,	1.64319,	-0.028975,	-0.0206582,	0.668621,	0.742399,	0.0369107
1520438960548337441,	1.02893,	2.02347,	-0.18623,	0.365724,	1.26942,	-0.0607443,	0.0187984,	0.00388191,	-0.0565293,	0.998216,	1.03096,	2.22577,	0.0272865,	0.19629,	1.72377,	-0.0272461,	-0.0280955,	0.673529,	0.737842,	0.0340474
1520438960599900748,	1.03057,	2.09751,	-0.189071,	0.0321649,	1.45179,	-0.0557208,	0.00284706,	0.00303766,	-0.034684,	0.99939,	1.04142,	2.31877,	0.0256692,	0.205067,	1.82341,	-0.0317121,	-0.0397065,	0.676393,	0.734921,	0.028419
1520438960648150555,	1.05327,	2.18515,	-0.189448,	0.47276,	1.82581,	-0.0078541,	0.00701024,	-0.00288213,	-0.0456086,	0.998931,	1.05177,	2.41067,	0.0240759,	0.215507,	1.91459,	-0.0331922,	-0.0499357,	0.678169,	0.732904,	0.0210705
1520438960696062004,	1.0555,	2.27376,	-0.191265,	0.0476018,	1.88535,	-0.0386485,	-0.00304237,	-0.00552765,	-0.0118205,	0.99991,	1.06145,	2.49835,	0.0213847,	0.20595,	1.86553,	-0.0572594,	-0.0616202,	0.678897,	0.731557,	0.0112402
1520438960741266321,	1.07732,	2.36402,	-0.192609,	0.484877,	2.00565,	-0.0298727,	0.00167194,	-0.00373539,	-0.0227144,	0.999734,	1.06935,	2.57604,	0.0191685,	0.175677,	1.72647,	-0.0492509,	-0.0774864,	0.678454,	0.730544,	-0.00148463
1520438960787303002,	1.07922,	2.44757,	-0.196802,	0.0413036,	1.81637,	-0.0911527,	-0.0122695,	-0.00873013,	0.019136,	0.999703,	1.07499,	2.64201,	0.017422,	0.122693,	1.43424,	-0.0379657,	-0.093227,	0.67911,	0.727876,	-0.0177344
1520438960829661032,	1.09709,	2.52328,	-0.199966,	0.425307,	1.80262,	-0.075329,	-0.0126587,	-0.0117075,	0.0226314,	0.999595,	1.0795,	2.69253,	0.0174733,	0.107164,	1.20276,	0.00122015,	-0.105462,	0.68029,	0.724432,	-0.035813
1520438960871214155,	1.10074,	2.56279,	-0.200481,	0.0890963,	0.963575,	-0.0125633,	0.000218092,	-0.0107488,	0.0713137,	0.997396,	1.0795,	2.69253,	0.0174733,	0,	0,	0,	-0.105462,	0.68029,	0.724432,	-0.035813
1520438960915410581,	1.10164,	2.62256,	-0.202287,	0.0205723,	1.3585,	-0.0410489,	-0.01209,	-0.0114852,	0.079095,	0.996728,	1.08128,	2.72963,	0.0133854,	0.0405163,	0.843153,	-0.092907,	-0.117157,	0.67413,	0.727656,	-0.048369
1520438960953869020,	1.10822,	2.66157,	-0.203563,	0.173016,	1.0265,	-0.0335658,	-0.0128849,	-0.0103207,	0.0884748,	0.995942,	1.08335,	2.75458,	0.0169889,	0.0545551,	0.65663,	0.0948295,	-0.121549,	0.673993,	0.72631,	-0.0585896
1520438960990780718,	1.10885,	2.68451,	-0.201851,	0.0176061,	0.637231,	0.0475548,	-0.0136179,	-0.00882225,	0.0975924,	0.995094,	1.08632,	2.77276,	0.0136166,	0.0825797,	0.50502,	-0.0936759,	-0.121035,	0.667447,	0.732027,	-0.0632559
1520438961034611109,	1.10909,	2.70122,	-0.201134,	0.00556799,	0.388551,	0.0166619,	-0.0165244,	-0.00633287,	0.105388,	0.994274,	1.08866,	2.784,	0.0131047,	0.054332,	0.2614,	-0.0119034,	-0.119095,	0.663306,	0.735835,	-0.0662425
1520438961071507959,	1.10828,	2.71661,	-0.20208,	-0.0224949,	0.427472,	-0.0262582,	-0.00802084,	-0.0055739,	0.107987,	0.994104,	1.08866,	2.784,	0.0131047,	0,	0,	0,	-0.119095,	0.663306,	0.735835,	-0.0662425
1520438961113551522,	1.10877,	2.73219,	-0.203019,	0.0114901,	0.370993,	-0.0223621,	-0.00241745,	-0.000514271,	0.10842,	0.994102,	1.08972,	2.79116,	0.0134991,	0.0252623,	0.170413,	0.00939054,	-0.117663,	0.660823,	0.738058,	-0.0688436
1520438961156366601,	1.10899,	2.7393,	-0.203415,	0.00526362,	0.16938,	-0.00942737,	-0.00234327,	0.00294265,	0.110171,	0.993905,	1.08895,	2.79278,	0.0151635,	-0.0182785,	0.0387385,	0.0396276,	-0.115736,	0.663833,	0.735364,	-0.0719077
1520438961190778845,	1.1078,	2.74162,	-0.202952,	-0.0349769,	0.0682712,	0.0136142,	-0.00608569,	0.00634006,	0.110328,	0.993856,	1.08751,	2.78986,	0.0144687,	-0.0425177,	-0.0861426,	-0.0204341,	-0.11399,	0.665344,	0.734232,	-0.0723038
1520438961227440723,	1.10548,	2.74727,	-0.202946,	-0.0644091,	0.156998,	0.000163111,	-0.00594476,	0.00207082,	0.11296,	0.99358,	1.08531,	2.78047,	0.0143871,	-0.0609154,	-0.260694,	-0.00226694,	-0.113556,	0.669002,	0.730975,	-0.07223
1520438961261604745,	1.10423,	2.74487,	-0.203498,	-0.0367091,	-0.0706563,	-0.0162335,	-0.00258713,	0.00407885,	0.110579,	0.993856,	1.08531,	2.78047,	0.0143871,	0,	0,	0,	-0.113556,	0.669002,	0.730975,	-0.07223
1520438961298452166,	1.10265,	2.74243,	-0.202973,	-0.0439118,	-0.0678899,	0.0145867,	-0.00542705,	0.00646135,	0.106836,	0.994241,	1.08279,	2.77006,	0.010003,	-0.0700385,	-0.289063,	-0.121781,	-0.11374,	0.665042,	0.734873,	-0.0688784
1520438961341211441,	1.10126,	2.73662,	-0.20365,	-0.0329729,	-0.138382,	-0.0161251,	-0.00124571,	0.00471281,	0.10702,	0.994245,	1.07887,	2.75467,	0.0098199,	-0.0934071,	-0.366544,	-0.00435892,	-0.114071,	0.663387,	0.736819,	-0.0632691
1520438961379674114,	1.10007,	2.72777,	-0.205675,	-0.0314018,	-0.232929,	-0.0533014,	0.00482761,	0.00523125,	0.104732,	0.994475,	1.07494,	2.73033,	0.0107019,	-0.103349,	-0.640386,	0.0232102,	-0.11193,	0.662597,	0.738477,	-0.055576
1520438961417005797,	1.09652,	2.71448,	-0.205298,	-0.0960025,	-0.359011,	0.0101974,	0.00401165,	0.00215872,	0.103181,	0.994652,	1.07494,	2.73033,	0.0107019,	0,	0,	0,	-0.11193,	0.662597,	0.738477,	-0.055576
1520438961454406452,	1.09334,	2.69729,	-0.205646,	-0.085829,	-0.464608,	-0.00939299,	0.00429576,	-0.00185379,	0.0988179,	0.995095,	1.06886,	2.69339,	0.0126211,	-0.164526,	-0.998487,	0.0518703,	-0.108266,	0.663721,	0.738741,	-0.0448861
1520438961497771046,	1.0905,	2.67658,	-0.204821,	-0.0660813,	-0.481716,	0.0191684,	0.00756668,	-0.00386214,	0.0917646,	0.995744,	1.06062,	2.64541,	0.0154549,	-0.191525,	-1.11579,	0.0659015,	-0.104816,	0.663866,	0.739729,	-0.0331018
1520438961543650716,	1.08684,	2.64948,	-0.203228,	-0.0813929,	-0.60217,	0.0354036,	0.00488803,	-0.00862075,	0.0678865,	0.997644,	1.05217,	2.5847,	0.0202951,	-0.187838,	-1.34923,	0.10756,	-0.0944116,	0.673556,	0.732673,	-0.0244553
1520438961587314686,	1.08492,	2.60221,	-0.201657,	-0.0447113,	-1.09921,	0.0365367,	0.013791,	-0.00958874,	0.0654107,	0.997717,	1.04401,	2.51211,	0.0247167,	-0.18966,	-1.68815,	0.102828,	-0.0828971,	0.682895,	0.725619,	-0.016089
1520438961636467839,	1.06975,	2.5382,	-0.197052,	-0.309465,	-1.3063,	0.0939947,	0.00972855,	-0.008278,	0.064456,	0.997839,	1.03546,	2.42811,	0.0280676,	-0.174444,	-1.71426,	0.068387,	-0.0720809,	0.692313,	0.717942,	-0.0080667
1520438961687075036,	1.06366,	2.47961,	-0.193106,	-0.121878,	-1.17197,	0.0789118,	0.0136063,	-0.0101082,	0.00192152,	0.999854,	1.02658,	2.33454,	0.0378057,	-0.177603,	-1.87125,	0.194762,	-0.0632196,	0.698174,	0.713123,	0.00334023
1520438961739549451,	1.06175,	2.40324,	-0.1873,	-0.036716,	-1.46867,	0.11165,	-0.00344739,	-0.00906946,	0.022393,	0.999702,	1.0198,	2.23712,	0.0491907,	-0.130373,	-1.87358,	0.218943,	-0.0505252,	0.707275,	0.70503,	0.0119157
1520438961800059849,	1.04361,	2.29236,	-0.17607,	-0.302265,	-1.84796,	0.187174,	-0.00965928,	-0.00982247,	-0.0481446,	0.998745,	1.01203,	2.13549,	0.0632593,	-0.129521,	-1.69388,	0.234475,	-0.0408796,	0.710746,	0.702053,	0.0170345
1520438961855675583,	1.02885,	2.17202,	-0.163214,	-0.26847,	-2.18805,	0.233734,	-0.0319325,	-0.00232942,	0.010815,	0.999429,	1.00174,	2.03823,	0.0762905,	-0.18708,	-1.76829,	0.236932,	-0.0349116,	0.702164,	0.710863,	0.0205169
1520438961906039512,	1.0308,	2.06782,	-0.146292,	0.038984,	-2.08386,	0.338452,	-0.0372567,	-6.41025e-05,	-0.0190929,	0.999123,	0.992817,	1.95035,	0.0874698,	-0.178536,	-1.7576,	0.223585,	-0.0298384,	0.678584,	0.733655,	0.0196013
1520438961969971619,	1.01503,	1.95218,	-0.132712,	-0.250321,	-1.83554,	0.215546,	-0.00901559,	0.00519363,	-0.0242997,	0.999651,	0.982734,	1.88663,	0.0929134,	-0.160058,	-1.01149,	0.0864075,	-0.025379,	0.659161,	0.751331,	0.019122
1520438962025951602,	0.994439,	1.88427,	-0.124391,	-0.374334,	-1.23472,	0.151297,	0.0132094,	0.00935471,	-0.0134598,	0.999778,	0.960393,	1.82737,	0.103323,	-0.406198,	-1.07738,	0.189264,	-0.0259847,	0.656804,	0.753197,	0.0250519
1520438962087667587,	0.990592,	1.84231,	-0.120045,	-0.0630591,	-0.687861,	0.0712446,	0.0333035,	0.0133246,	-0.0267827,	0.998998,	0.951501,	1.82399,	0.108607,	-0.145758,	-0.0553796,	0.0866245,	-0.0258553,	0.670319,	0.741008,	0.030197
1520438962137748708,	0.976375,	1.80465,	-0.114108,	-0.284346,	-0.753336,	0.118735,	0.0302288,	0.00896097,	-0.0297681,	0.999059,	0.945196,	1.82799,	0.111343,	-0.126114,	0.0799835,	0.0547254,	-0.0234645,	0.685992,	0.726418,	0.0343753
1520438962186998241,	0.965531,	1.78609,	-0.105758,	-0.221314,	-0.378829,	0.170415,	0.00788143,	0.00479032,	-0.0288467,	0.999541,	0.939326,	1.83152,	0.1107,	-0.119781,	0.0720247,	-0.0131388,	-0.0253075,	0.695679,	0.716885,	0.0382883
1520438962237592293,	0.95808,	1.77765,	-0.101569,	-0.149011,	-0.168727,	0.0837874,	-0.0109876,	0.00308327,	-0.0355849,	0.999301,	0.935519,	1.8317,	0.108698,	-0.0761486,	0.00356424,	-0.0400266,	-0.0285192,	0.696129,	0.716195,	0.0406908
1520438962289102726,	0.954992,	1.77785,	-0.101127,	-0.0605532,	0.00389718,	0.00866162,	-0.0251951,	-0.00134256,	-0.0351154,	0.999065,	0.933447,	1.83224,	0.104548,	-0.0406326,	0.0105874,	-0.0813795,	-0.0322831,	0.69182,	0.720186,	0.0409186
1520438962335344296,	0.95306,	1.77776,	-0.102857,	-0.0419898,	-0.00184899,	-0.0376045,	-0.0252611,	-0.00554182,	-0.0382417,	0.998934,	0.934855,	1.83697,	0.0998464,	0.0306099,	0.102865,	-0.102204,	-0.0337813,	0.684826,	0.726809,	0.0402484
1520438962385662791,	0.951889,	1.78167,	-0.106863,	-0.0234168,	0.078161,	-0.080131,	-0.0200019,	-0.00775226,	-0.0357782,	0.999129,	0.940359,	1.84959,	0.0953563,	0.110076,	0.252485,	-0.0898018,	-0.0330585,	0.679119,	0.732271,	0.0385152
1520438962437537479,	0.952713,	1.78621,	-0.112189,	0.0161503,	0.0890955,	-0.10443,	-0.0137693,	-0.00800424,	-0.0340882,	0.999292,	0.949335,	1.87423,	0.0919123,	0.176017,	0.483009,	-0.0675306,	-0.028564,	0.676164,	0.735266,	0.0370089
1520438962486922997,	0.958188,	1.80479,	-0.11749,	0.111723,	0.379088,	-0.108188,	-0.00478673,	-0.00590897,	-0.0291574,	0.999546,	0.960029,	1.9117,	0.0920902,	0.218225,	0.764831,	0.00363053,	-0.0221195,	0.674659,	0.736878,	0.0368304
1520438962542653723,	0.962022,	1.82173,	-0.121195,	0.0697142,	0.308068,	-0.0673628,	-0.000219775,	-0.00192792,	-0.0338354,	0.999426,	0.969945,	1.96477,	0.094403,	0.180303,	0.964869,	0.0420513,	-0.0175541,	0.67034,	0.740792,	0.0395417
1520438962597063203,	0.973478,	1.86766,	-0.122832,	0.21215,	0.850407,	-0.0303171,	-0.000608521,	0.0036319,	-0.0223864,	0.999743,	0.978367,	2.03734,	0.0958082,	0.155958,	1.34386,	0.0260225,	-0.0153178,	0.670824,	0.740176,	0.0435913
1520438962653848700,	0.988738,	1.92975,	-0.12131,	0.27251,	1.10883,	0.0271902,	0.00491701,	0.00455177,	-0.0561803,	0.998398,	0.984724,	2.12829,	0.0951083,	0.11352,	1.62401,	-0.0124978,	-0.023691,	0.674714,	0.736478,	0.042432
1520438962701349293,	0.987969,	2.001,	-0.119352,	-0.0163657,	1.51586,	0.0416601,	0.00409048,	0.00207226,	-0.0429737,	0.999066,	0.98937,	2.23393,	0.0900709,	0.0988574,	2.2477,	-0.107179,	-0.0360913,	0.68504,	0.726593,	0.0384773
1520438962756525402,	1.00649,	2.09859,	-0.121709,	0.336678,	1.77443,	-0.0428672,	-0.00825944,	-0.00192639,	0.0125088,	0.999886,	0.993097,	2.34427,	0.0809059,	0.0677596,	2.00631,	-0.166637,	-0.0495374,	0.692344,	0.719137,	0.032382
1520438962810634671,	1.00371,	2.19016,	-0.126734,	-0.0513903,	1.69578,	-0.093053,	-0.0190308,	-0.0105341,	-0.0205476,	0.999552,	0.995968,	2.44758,	0.0672367,	0.0531654,	1.91303,	-0.253132,	-0.061657,	0.695131,	0.715546,	0.0313733
1520438962862585297,	1.01303,	2.32889,	-0.138672,	0.18269,	2.72023,	-0.234071,	-0.0316684,	-0.0172416,	-0.00501757,	0.999337,	0.999833,	2.53402,	0.0519081,	0.0757929,	1.69503,	-0.300562,	-0.0750839,	0.694437,	0.715017,	0.0295075
1520438962906322088,	1.03037,	2.42104,	-0.150936,	0.403353,	2.14289,	-0.285207,	-0.0232225,	-0.0238771,	-0.0126707,	0.999365,	1.00802,	2.59678,	0.0408912,	0.190452,	1.4595,	-0.256205,	-0.0842519,	0.68402,	0.724213,	0.0231066
1520438962968033824,	1.03035,	2.50148,	-0.165301,	-0.000409776,	1.31871,	-0.235498,	-0.0096414,	-0.0325815,	0.0127551,	0.999341,	1.01952,	2.6379,	0.0325956,	0.188549,	0.674041,	-0.135994,	-0.0903034,	0.671155,	0.735718,	0.0107323
1520438963011052489,	1.04681,	2.56644,	-0.178091,	0.382943,	1.51078,	-0.297438,	-0.00947329,	-0.031317,	0.013162,	0.999378,	1.03214,	2.66371,	0.0249639,	0.293394,	0.600144,	-0.177482,	-0.0917047,	0.658644,	0.746845,	0.000925622
1520438963052913796,	1.05237,	2.6032,	-0.18957,	0.135512,	0.896498,	-0.279973,	0.0145543,	-0.0263165,	0.036349,	0.998887,	1.04474,	2.68449,	0.0169493,	0.307418,	0.507003,	-0.195479,	-0.0828452,	0.652345,	0.753346,	-0.00721504
1520438963094660682,	1.0656,	2.63872,	-0.195783,	0.322779,	0.866283,	-0.15153,	0.0163717,	-0.0213916,	0.0345907,	0.999038,	1.054,	2.69988,	0.0100401,	0.225774,	0.37531,	-0.168515,	-0.0718713,	0.654506,	0.752563,	-0.0102688
1520438963136816557,	1.07109,	2.65225,	-0.202557,	0.130664,	0.322347,	-0.16129,	0.0230201,	-0.0144395,	0.0344489,	0.999037,	1.05899,	2.71026,	0.00139394,	0.118694,	0.247143,	-0.205861,	-0.0662781,	0.661126,	0.747312,	-0.00672663
1520438963194831235,	1.07551,	2.65826,	-0.206913,	0.076194,	0.103555,	-0.0750987,	0.0228627,	-0.00950094,	0.0315781,	0.999195,	1.06126,	2.71493,	-0.00872005,	0.0391305,	0.0804959,	-0.174379,	-0.058375,	0.673294,	0.737067,	-0.000395901
1520438963248199801,	1.07823,	2.66191,	-0.214776,	0.0513292,	0.0687863,	-0.148364,	0.0122568,	-0.00669286,	0.0262642,	0.999557,	1.06421,	2.71582,	-0.0215812,	0.0557046,	0.0168178,	-0.242664,	-0.0562443,	0.682226,	0.728968,	0.003052
1520438963291810151,	1.08027,	2.66555,	-0.226948,	0.0474362,	0.0847063,	-0.283078,	0.00732963,	-0.00611362,	0.012873,	0.999872,	1.06954,	2.71446,	-0.0390275,	0.124008,	-0.0316497,	-0.405726,	-0.0551809,	0.692162,	0.719622,	0.00330923
1520438963344143217,	1.08311,	2.66479,	-0.24352,	0.0544875,	-0.0145883,	-0.318682,	-0.000392718,	-0.00717371,	0.00965564,	0.999928,	1.07597,	2.70956,	-0.0580234,	0.123662,	-0.0941999,	-0.365306,	-0.0574671,	0.69718,	0.714589,	-0.000744427
1520438963393382401,	1.08787,	2.65306,	-0.254276,	0.097188,	-0.239387,	-0.219521,	-0.0148488,	-0.00520603,	0.0127582,	0.999795,	1.08522,	2.70556,	-0.0822003,	0.188769,	-0.0817168,	-0.493406,	-0.0612863,	0.702878,	0.708634,	-0.00665353
1520438963441852531,	1.0939,	2.65352,	-0.280629,	0.125636,	0.0095421,	-0.549008,	-0.0263935,	-0.00297737,	0.015881,	0.999521,	1.09529,	2.7033,	-0.109605,	0.209783,	-0.0470907,	-0.570931,	-0.0677885,	0.707207,	0.703639,	-0.0124546
1520438963489380954,	1.10262,	2.6356,	-0.295317,	0.18565,	-0.381205,	-0.312528,	-0.0363029,	-0.00183406,	0.0265846,	0.998985,	1.10592,	2.70454,	-0.138625,	0.226078,	0.0263922,	-0.617441,	-0.0763145,	0.712544,	0.697212,	-0.0188069
1520438963539845272,	1.11401,	2.63864,	-0.322431,	0.227667,	0.0608638,	-0.542268,	-0.0444026,	-0.00169719,	0.032,	0.9985,	1.11782,	2.70355,	-0.16843,	0.238179,	-0.0196654,	-0.596105,	-0.0853337,	0.712611,	0.695817,	-0.0272615
1520438963590627783,	1.12528,	2.62576,	-0.350373,	0.225469,	-0.257708,	-0.558838,	-0.056076,	-0.0035537,	0.0480679,	0.997262,	1.13122,	2.69887,	-0.198249,	0.267848,	-0.0937049,	-0.596373,	-0.0928443,	0.709925,	0.697176,	-0.0365107
1520438963644947112,	1.13922,	2.63398,	-0.38187,	0.258059,	0.152155,	-0.583278,	-0.0575721,	-0.00456465,	0.0532193,	0.996911,	1.14507,	2.6897,	-0.225112,	0.256469,	-0.169837,	-0.497475,	-0.0993763,	0.707616,	0.698065,	-0.0459262
1520438963698584749,	1.1518,	2.61912,	-0.411443,	0.237474,	-0.280276,	-0.557978,	-0.0498496,	-0.00314389,	0.072353,	0.996128,	1.16204,	2.68119,	-0.261392,	0.320232,	-0.16055,	-0.684527,	-0.105757,	0.695386,	0.708978,	-0.0510344
1520438963759442618,	1.16864,	2.63332,	-0.455511,	0.280656,	0.236583,	-0.73448,	-0.0398101,	-0.00595015,	0.0743454,	0.99642,	1.18125,	2.67449,	-0.290839,	0.320112,	-0.111673,	-0.490779,	-0.107903,	0.684779,	0.718556,	-0.0557841
1520438963815511082,	1.18271,	2.61119,	-0.483808,	0.25129,	-0.395023,	-0.505305,	-0.0216626,	-0.0032087,	0.0902282,	0.99568,	1.20208,	2.66867,	-0.317917,	0.372119,	-0.103889,	-0.48353,	-0.100553,	0.676726,	0.727205,	-0.0557239
1520438963875001684,	1.20624,	2.60901,	-0.513419,	0.398768,	-0.0370611,	-0.501876,	-0.00417719,	0.00143968,	0.0891777,	0.996006,	1.23147,	2.65925,	-0.361554,	0.498144,	-0.159621,	-0.739622,	-0.0823237,	0.664668,	0.741443,	-0.0412513
1520438963937089728,	1.22536,	2.62511,	-0.552884,	0.308379,	0.259638,	-0.636521,	-0.00322427,	0.00893453,	0.0781196,	0.996899,	1.23853,	2.65684,	-0.376021,	0.113815,	-0.0389245,	-0.233336,	-0.0780082,	0.660981,	0.745557,	-0.0340969
1520438963997304655,	1.24151,	2.6163,	-0.573747,	0.26914,	-0.146735,	-0.347727,	0.0116893,	0.00931331,	0.0628623,	0.99791,	1.24506,	2.65673,	-0.386705,	0.108771,	-0.00188805,	-0.178064,	-0.0723992,	0.660334,	0.746939,	-0.0282901
1520438964050848993,	1.24811,	2.60617,	-0.594171,	0.124573,	-0.191129,	-0.385352,	0.0217997,	0.00911682,	0.0530983,	0.99831,	1.24949,	2.66105,	-0.394717,	0.0836311,	0.0815512,	-0.151167,	-0.0683566,	0.663203,	0.744974,	-0.0224249
1520438964097991312,	1.256,	2.60736,	-0.607961,	0.167834,	0.0252085,	-0.293408,	0.0223697,	0.00938191,	0.0429154,	0.998784,	1.25341,	2.66631,	-0.401438,	0.0834621,	0.111995,	-0.143004,	-0.0631546,	0.666946,	0.742238,	-0.0166378
1520438964151854150,	1.2616,	2.61491,	-0.61688,	0.105642,	0.142472,	-0.168277,	0.0182404,	0.00727098,	0.0321758,	0.999289,	1.25631,	2.67366,	-0.406179,	0.054625,	0.138651,	-0.0894424,	-0.0611596,	0.672444,	0.737518,	-0.012092
1520438964204484715,	1.26421,	2.6135,	-0.621968,	0.0502759,	-0.0271445,	-0.0978549,	0.0124458,	0.00791415,	0.0279116,	0.999502,	1.25825,	2.68269,	-0.409219,	0.0373612,	0.173627,	-0.0584766,	-0.0620838,	0.68332,	0.727416,	-0.00919851
1520438964255700944,	1.26866,	2.6202,	-0.626832,	0.0871496,	0.131438,	-0.0953751,	0.00416023,	0.0057206,	0.0202181,	0.999771,	1.25857,	2.69135,	-0.409406,	0.00634948,	0.169799,	-0.00365521,	-0.0617583,	0.692509,	0.718747,	-0.00449577
1520438964303758190,	1.27298,	2.62349,	-0.629547,	0.0900261,	0.068558,	-0.0565481,	-0.013759,	0.00191153,	0.0195419,	0.999713,	1.26247,	2.69354,	-0.411273,	0.0811092,	0.04566,	-0.0389115,	-0.0594332,	0.696878,	0.714718,	-0.00248549
1520438964354367552,	1.27522,	2.622,	-0.629184,	0.0448394,	-0.0297271,	0.00724919,	-0.0266166,	-0.00079747,	0.0184115,	0.999476,	1.26898,	2.69355,	-0.412124,	0.130148,	0.000180763,	-0.0170066,	-0.0610567,	0.697176,	0.714288,	-0.00326314
1520438964409003859,	1.27784,	2.62241,	-0.629319,	0.0484902,	0.00752139,	-0.00249937,	-0.0302506,	-7.58457e-05,	0.0174642,	0.99939,	1.27665,	2.69089,	-0.411639,	0.142138,	-0.0492834,	0.00897132,	-0.059989,	0.693831,	0.71763,	-0.00271179
1520438964457508596,	1.28579,	2.62075,	-0.62866,	0.165692,	-0.0345806,	0.013735,	-0.0291187,	-0.00110294,	0.01747,	0.999423,	1.28317,	2.68381,	-0.410733,	0.135762,	-0.147504,	0.0188881,	-0.0612255,	0.686596,	0.72443,	-0.00611229
1520438964505084942,	1.29325,	2.62523,	-0.630404,	0.158663,	0.0952529,	-0.0371056,	-0.0218526,	0.000282954,	0.0155456,	0.99964,	1.286,	2.67688,	-0.410488,	0.0602311,	-0.147404,	0.00520167,	-0.0612555,	0.67795,	0.732528,	-0.00583793
1520438964557895525,	1.29667,	2.61751,	-0.629522,	0.0657932,	-0.148384,	0.0169653,	-0.00830902,	0.00247375,	0.0184231,	0.999793,	1.28611,	2.6728,	-0.410422,	0.00206293,	-0.0784855,	0.00126393,	-0.0616405,	0.673795,	0.736326,	-0.00494442
1520438964606461514,	1.29874,	2.61709,	-0.630079,	0.0430678,	-0.00873363,	-0.0116069,	-0.0025426,	0.00200831,	0.0172877,	0.999845,	1.28804,	2.67077,	-0.410444,	0.0403674,	-0.0423145,	-0.000453914,	-0.0592987,	0.671063,	0.739024,	-0.00133966
1520438964653254734,	1.29939,	2.61391,	-0.629915,	0.0141959,	-0.0692583,	0.00355174,	0.00486435,	0.00138335,	0.0150754,	0.999874,	1.29332,	2.67156,	-0.410281,	0.114653,	0.0171659,	0.00354242,	-0.0562719,	0.669576,	0.740605,	0.00245132
1520438964709848298,	1.30368,	2.61761,	-0.631282,	0.0766046,	0.0661783,	-0.0243996,	0.00792641,	0.000930508,	0.0104327,	0.999914,	1.29857,	2.67432,	-0.410311,	0.0938855,	0.0493445,	-0.00052352,	-0.0553208,	0.670609,	0.739736,	0.00354369
1520438964755628883,	1.30725,	2.61895,	-0.631043,	0.0792448,	0.0297433,	0.00531152,	0.0183213,	-0.000955478,	0.00462466,	0.999821,	1.30183,	2.67864,	-0.410482,	0.0723349,	0.0960149,	-0.00380803,	-0.0569413,	0.67373,	0.736779,	0.0010407
1520438964805768126,	1.31288,	2.61978,	-0.63135,	0.112633,	0.01661,	-0.00615694,	0.0074944,	-8.92978e-05,	0.00635676,	0.999952,	1.30231,	2.6799,	-0.410635,	0.00960158,	0.0251666,	-0.00306965,	-0.0606943,	0.675257,	0.735075,	-0.0028831
1520438964861892968,	1.31468,	2.61847,	-0.63062,	0.0322326,	-0.0233203,	0.0130386,	0.00104876,	0.00124012,	0.0109789,	0.999938,	1.30296,	2.67639,	-0.410704,	0.0116292,	-0.0626897,	-0.00122108,	-0.0600115,	0.67146,	0.738605,	-0.00178919
1520438964924590491,	1.31578,	2.61902,	-0.630502,	0.0176603,	0.00878035,	0.0019087,	0.00299449,	0.00102408,	0.0116552,	0.999927,	1.30311,	2.67187,	-0.410224,	0.00244717,	-0.0729543,	0.0077383,	-0.0582837,	0.66606,	0.743618,	0.000135038
1520438964978516653,	1.31558,	2.61705,	-0.630551,	-0.00363929,	-0.0371696,	-0.000916872,	0.00919969,	0.00083148,	0.0104528,	0.999903,	1.30293,	2.67157,	-0.410147,	-0.00349342,	-0.00549745,	0.00145678,	-0.0587715,	0.665577,	0.744011,	-0.000311724
1520438965032303331,	1.31561,	2.61621,	-0.630319,	0.000399816,	-0.015923,	0.00437287,	0.0119054,	0.000351853,	0.00966068,	0.999882,	1.30285,	2.67279,	-0.410236,	-0.00144889,	0.0229482,	-0.00168532,	-0.0581126,	0.666547,	0.743194,	0.00011714
1520438965080990068,	1.31592,	2.61601,	-0.631041,	0.00658872,	-0.00407701,	-0.015046,	0.0141494,	0.000975782,	0.00957054,	0.999854,	1.30259,	2.67535,	-0.410308,	-0.00540695,	0.0532365,	-0.00149093,	-0.0578759,	0.668464,	0.741489,	0.00027761
1520438965128468644,	1.31578,	2.6166,	-0.631533,	-0.00311332,	0.012655,	-0.0104735,	0.0160401,	3.03606e-05,	0.00955062,	0.999826,	1.30283,	2.67821,	-0.410482,	0.00497962,	0.0608771,	-0.00369822,	-0.0595088,	0.671053,	0.739015,	-0.001799
1520438965182353505,	1.31586,	2.61732,	-0.630678,	0.00166187,	0.0135613,	0.0161283,	0.00995926,	0.000946537,	0.0100672,	0.999899,	1.30312,	2.67868,	-0.41043,	0.00554199,	0.0088606,	0.000974466,	-0.0587807,	0.671736,	0.738454,	-0.00121718
1520438965247538403,	1.31547,	2.61842,	-0.630583,	-0.00609635,	0.0168253,	0.00147321,	0.00396111,	0.00143566,	0.0126726,	0.999911,	1.30299,	2.67843,	-0.410458,	-0.00192351,	-0.00375553,	-0.000424842,	-0.059183,	0.671534,	0.738605,	-0.00161666
1520438965298692076,	1.31613,	2.61883,	-0.630641,	0.0129692,	0.0081358,	-0.00114397,	0.00488179,	0.00104643,	0.0108969,	0.999928,	1.30253,	2.67724,	-0.410564,	-0.00901566,	-0.0234,	-0.00208366,	-0.0594542,	0.670073,	0.739909,	-0.00139285
1520438965353004683,	1.31586,	2.61802,	-0.629725,	-0.00505499,	-0.0150989,	0.0169619,	0.000206276,	0.00208688,	0.0116944,	0.999929,	1.30265,	2.67559,	-0.410523,	0.00215592,	-0.0305298,	0.000753756,	-0.0582182,	0.667941,	0.741933,	-3.53129e-05
1520438965402366242,	1.31562,	2.61791,	-0.630729,	-0.00481413,	-0.0022072,	-0.0204801,	0.00807378,	0.000866654,	0.0106995,	0.99991,	1.30301,	2.67493,	-0.410414,	0.00734939,	-0.0133859,	0.00221931,	-0.0580698,	0.667126,	0.742678,	1.0644e-06
1520438965454617381,	1.3156,	2.61703,	-0.630381,	-0.000482578,	-0.0168549,	0.00669405,	0.0108697,	-0.000417937,	0.0101511,	0.999889,	1.30279,	2.67523,	-0.410366,	-0.00433774,	0.00561462,	0.000936613,	-0.0583356,	0.667318,	0.742484,	-0.000326703
1520438965501217942,	1.31608,	2.61706,	-0.630723,	0.0104535,	0.000715402,	-0.007444,	0.0106724,	0.000893705,	0.00923783,	0.9999,	1.30271,	2.67661,	-0.410438,	-0.0015904,	0.0300127,	-0.00157494,	-0.0584389,	0.668766,	0.741172,	-0.000503925
1520438965548125495,	1.31541,	2.61623,	-0.631928,	-0.0144525,	-0.0181959,	-0.0261898,	-0.000167203,	0.00166134,	0.014038,	0.9999,	1.30263,	2.67785,	-0.410377,	-0.00180533,	0.0269202,	0.00133438,	-0.0589044,	0.670194,	0.739844,	-0.00122428
1520438965598267905,	1.31596,	2.61853,	-0.630584,	0.0109888,	0.0461264,	0.026869,	0.0145196,	-0.000340852,	0.0119912,	0.999823,	1.30265,	2.67752,	-0.410486,	0.000496196,	-0.00644351,	-0.00218252,	-0.0589764,	0.670192,	0.73984,	-0.0012109
1520438965646809860,	1.31576,	2.61788,	-0.629792,	-0.00410937,	-0.0136458,	0.016497,	0.0059915,	0.000720616,	0.0101329,	0.99993,	1.30294,	2.67635,	-0.410294,	0.0060048,	-0.0244765,	0.00399867,	-0.0585726,	0.66892,	0.741022,	-0.000778526
1520438965692632005,	1.3164,	2.62025,	-0.632951,	0.0141038,	0.0527187,	-0.0701985,	0.0116193,	0.00398362,	0.00943047,	0.99988,	1.30267,	2.67619,	-0.410454,	-0.00611215,	-0.00354405,	-0.00355532,	-0.0583385,	0.668193,	0.741697,	-0.000350896
1520438965747516477,	1.31578,	2.61866,	-0.630536,	-0.0114366,	-0.0295079,	0.0447348,	0.0111872,	0.00091917,	0.00876136,	0.999899,	1.30267,	2.67661,	-0.410405,	7.90481e-05,	0.00775252,	0.000902873,	-0.0583454,	0.668446,	0.741468,	-0.000437558
1520438965798239188,	1.3157,	2.61783,	-0.629884,	-0.00167621,	-0.0165918,	0.0130257,	0.00693989,	0.000173227,	0.0101932,	0.999924,	1.30264,	2.67752,	-0.410432,	-0.000654587,	0.0182824,	-0.000543591,	-0.05857,	0.669232,	0.740741,	-0.000726201
1520438965854668316,	1.31538,	2.61647,	-0.630456,	-0.00571734,	-0.0243202,	-0.0102065,	0.00877899,	0.00103858,	0.0107606,	0.999903,	1.30269,	2.67788,	-0.410436,	0.000969576,	0.0063887,	-6.93575e-05,	-0.0588077,	0.669603,	0.740387,	-0.00100588
1520438965920967982,	1.31557,	2.61809,	-0.630837,	0.00300437,	0.0246205,	-0.00577112,	0.00718789,	0.000850884,	0.0103185,	0.999921,	1.30287,	2.67752,	-0.410587,	0.00265361,	-0.00539469,	-0.00228944,	-0.0587609,	0.669329,	0.740639,	-0.000927799
1520438965972050599,	1.3156,	2.61804,	-0.630917,	0.000571436,	-0.00109011,	-0.00157914,	0.00686255,	0.00131884,	0.0108149,	0.999917,	1.30265,	2.67711,	-0.410483,	-0.00430348,	-0.00808612,	0.00203606,	-0.0583737,	0.668653,	0.74128,	-0.000508029
1520438966016229747,	1.31567,	2.61757,	-0.630313,	0.001505,	-0.0104835,	0.0137288,	0.0065676,	0.00136402,	0.0104287,	0.999923,	1.30252,	2.67758,	-0.410575,	-0.00284495,	0.0107355,	-0.00207211,	-0.0583687,	0.668737,	0.741204,	-0.000422055
1520438966068368393,	1.3157,	2.61653,	-0.62931,	0.000602856,	-0.0200532,	0.0192947,	-0.00317273,	0.0021293,	0.0117942,	0.999923,	1.3025,	2.67803,	-0.410484,	-0.000480228,	0.00850277,	0.00174371,	-0.0585092,	0.668986,	0.740969,	-0.00065763
1520438966119838100,	1.31562,	2.61753,	-0.629147,	-0.00160716,	0.0196118,	0.00319147,	0.0111992,	0.00140396,	0.00448649,	0.999926,	1.30257,	2.67782,	-0.410524,	0.00133918,	-0.00398834,	-0.000786463,	-0.0586132,	0.669192,	0.740774,	-0.00075565
1520438966173950122,	1.3155,	2.61813,	-0.630662,	-0.00230678,	0.0110587,	-0.0280469,	0.00707443,	0.000892602,	0.0106249,	0.999918,	1.30254,	2.67796,	-0.410513,	-0.000428319,	0.00259282,	0.000199435,	-0.0585319,	0.668989,	0.740964,	-0.000588572
1520438966223695279,	1.31569,	2.61765,	-0.630658,	0.00389377,	-0.00984363,	7.86259e-05,	0.00703423,	0.000963728,	0.010887,	0.999916,	1.30256,	2.67753,	-0.410482,	0.000275621,	-0.00873353,	0.000630821,	-0.0584562,	0.668837,	0.741107,	-0.000583364
