time stamp[ns], 	x[VO], 	y, 	z, 	dx[m/s], 	dy, 	dz, 	qx, 	qy, 	qz, 	qw, 	x[VIVE], 	y, 	z, 	dx[m/s], 	dy, 	dz, 	qx, 	qy, 	qz, 	qw
1520438943031436932,	1.32639,	2.63479,	-0.630638,	8.72375e-10,	1.73291e-09,	-4.14773e-10,	-0.018352,	0.00172562,	0.0786979,	0.996728,	1.30954,	2.70204,	-0.410697,	8.61288e-10,	1.77714e-09,	-2.70117e-10,	-0.095747,	0.673904,	0.731529,	-0.0393845
1520438943085115553,	1.32648,	2.6353,	-0.630551,	0.00168972,	0.00957561,	0.00162909,	-0.0146633,	0.000450011,	0.0781408,	0.996834,	1.30961,	2.70174,	-0.410679,	0.00148381,	-0.00557141,	0.000339998,	-0.0957493,	0.673726,	0.731694,	-0.039357
1520438943140635934,	1.32678,	2.63519,	-0.631382,	0.00549729,	-0.0019552,	-0.015096,	-0.0142822,	0.00203786,	0.0774986,	0.996888,	1.30976,	2.70191,	-0.410746,	0.00263636,	0.00310305,	-0.00122959,	-0.0957587,	0.673874,	0.731554,	-0.0394112
1520438943195812342,	1.32662,	2.63528,	-0.630434,	-0.00292028,	0.00157843,	0.0172201,	-0.0165227,	0.00288554,	0.0780498,	0.996808,	1.30982,	2.70199,	-0.410698,	0.00106727,	0.00135391,	0.000872563,	-0.0957591,	0.673983,	0.731454,	-0.039382
1520438943247191501,	1.32678,	2.63624,	-0.630707,	0.00303124,	0.018896,	-0.00534513,	-0.012309,	0.0014056,	0.0779071,	0.996884,	1.30976,	2.7023,	-0.410691,	-0.00119178,	0.00601525,	0.00013953,	-0.0957718,	0.673828,	0.73159,	-0.039502
1520438943303025610,	1.3269,	2.63544,	-0.63112,	0.00226884,	-0.0145957,	-0.00750154,	-0.0205148,	0.00298794,	0.0778941,	0.996746,	1.30992,	2.70262,	-0.41092,	0.00304532,	0.005837,	-0.00415523,	-0.0957057,	0.673972,	0.731465,	-0.0394968
1520438943350862876,	1.32662,	2.63467,	-0.630486,	-0.00593929,	-0.0164038,	0.0134788,	-0.0140393,	0.0014222,	0.0781897,	0.996839,	1.30988,	2.70252,	-0.410782,	-0.00086118,	-0.00197103,	0.00293053,	-0.0957359,	0.673881,	0.731545,	-0.0395108
1520438943402739328,	1.32659,	2.63433,	-0.631514,	-0.000703736,	-0.00653336,	-0.0201515,	-0.0182374,	0.00278095,	0.0793282,	0.996678,	1.31005,	2.70247,	-0.410777,	0.00318066,	-0.0010615,	9.40561e-05,	-0.0957487,	0.673862,	0.731562,	-0.0394866
1520438943455573101,	1.3265,	2.63427,	-0.630396,	-0.00180057,	-0.0012403,	0.0214938,	-0.0139141,	0.00146474,	0.0785756,	0.99681,	1.31003,	2.70246,	-0.410873,	-0.00027926,	-0.00021155,	-0.00183468,	-0.0958012,	0.673882,	0.731532,	-0.0395646
1520438943510579213,	1.32653,	2.63545,	-0.63101,	0.000569247,	0.0214856,	-0.0111678,	-0.0120083,	0.000690649,	0.0777653,	0.996899,	1.30979,	2.70233,	-0.410779,	-0.00432961,	-0.0023088,	0.00169556,	-0.0957838,	0.673796,	0.731615,	-0.0395425
1520438943564562993,	1.32694,	2.63518,	-0.630944,	0.0078181,	-0.0050377,	0.00125521,	-0.0145076,	0.00145066,	0.0782976,	0.996823,	1.30994,	2.70224,	-0.410692,	0.00277028,	-0.0017068,	0.00164416,	-0.095735,	0.673904,	0.73152,	-0.0395789
1520438943612544889,	1.32651,	2.63503,	-0.630646,	-0.00916649,	-0.00316908,	0.00634412,	-0.0141882,	-0.000239966,	0.0791457,	0.996762,	1.3098,	2.70229,	-0.410666,	-0.00307349,	0.00103475,	0.000567813,	-0.0957992,	0.673906,	0.731512,	-0.0395327
1520438943660493189,	1.3268,	2.63526,	-0.631163,	0.00619242,	0.00488736,	-0.0110134,	-0.0180624,	0.00305692,	0.0779697,	0.996787,	1.30982,	2.70226,	-0.410863,	0.000493933,	-0.000583087,	-0.00419107,	-0.0958313,	0.673804,	0.731596,	-0.0396481
1520438943712512833,	1.32684,	2.63528,	-0.630519,	0.000740607,	0.00029102,	0.0123917,	-0.0149568,	0.00147847,	0.0782211,	0.996823,	1.31002,	2.70213,	-0.410813,	0.00376574,	-0.00248494,	0.000961743,	-0.0958056,	0.673924,	0.73149,	-0.0396243
1520438943762769754,	1.32678,	2.63554,	-0.630791,	-0.00119412,	0.00524707,	-0.00544745,	-0.0147091,	0.00135271,	0.0778893,	0.996853,	1.31005,	2.70214,	-0.410767,	0.000675224,	4.94662e-05,	0.000913724,	-0.0957837,	0.673914,	0.7315,	-0.0396572
1520438943809493182,	1.3266,	2.63483,	-0.630066,	-0.00395517,	-0.0153884,	0.0157738,	-0.0103965,	-0.00132627,	0.078078,	0.996892,	1.31004,	2.70226,	-0.410834,	-0.000302853,	0.00276943,	-0.00145588,	-0.0958029,	0.673949,	0.731468,	-0.0396035
1520438943869025094,	1.32639,	2.63548,	-0.632173,	-0.00351047,	0.0109579,	-0.0357201,	-0.0109849,	5.21034e-05,	0.0785883,	0.996847,	1.30986,	2.70219,	-0.410716,	-0.00300258,	-0.00132366,	0.001998,	-0.0958854,	0.673896,	0.731504,	-0.039645
1520438943936133790,	1.3267,	2.635,	-0.630706,	0.00466489,	-0.00718852,	0.0219024,	-0.0131349,	0.00107501,	0.0784941,	0.996827,	1.30994,	2.70205,	-0.410832,	0.00124575,	-0.002049,	-0.00172656,	-0.0958487,	0.673867,	0.731533,	-0.0396921
1520438943995827764,	1.327,	2.6352,	-0.630194,	0.00499028,	0.00334115,	0.00866882,	-0.0141261,	0.00207751,	0.0779001,	0.996859,	1.30979,	2.70251,	-0.41072,	-0.00259579,	0.00788292,	0.00189607,	-0.0958749,	0.673981,	0.731428,	-0.0396358
1520438944044964749,	1.32712,	2.63649,	-0.631284,	0.00244869,	0.0265122,	-0.0222443,	-0.0193015,	0.00455396,	0.0778504,	0.996768,	1.30992,	2.70247,	-0.410779,	0.0026389,	-0.000955425,	-0.00120634,	-0.0958622,	0.673959,	0.731447,	-0.0396738
1520438944096936087,	1.32668,	2.63528,	-0.632038,	-0.00861948,	-0.0239025,	-0.0147824,	-0.0204217,	0.00436603,	0.077907,	0.996742,	1.30996,	2.70236,	-0.410902,	0.000889544,	-0.00211926,	-0.00241868,	-0.0958771,	0.673909,	0.731494,	-0.0396438
1520438944148317818,	1.32664,	2.63491,	-0.630531,	-0.000647987,	-0.00713082,	0.0295514,	-0.0144512,	0.00137387,	0.0781059,	0.996839,	1.30978,	2.70205,	-0.410799,	-0.00359842,	-0.00596145,	0.00202988,	-0.0959356,	0.673792,	0.731591,	-0.039679
1520438944202958003,	1.32674,	2.63518,	-0.631309,	0.00170975,	0.00495778,	-0.0144058,	-0.00972284,	-0.000147899,	0.0773459,	0.996957,	1.3099,	2.70216,	-0.410786,	0.00214186,	0.00203538,	0.000236332,	-0.0959038,	0.673967,	0.731435,	-0.0396565
1520438944250142071,	1.32672,	2.63569,	-0.630814,	-0.000462905,	0.0107709,	0.0105409,	-0.0142383,	0.00143102,	0.0783809,	0.996821,	1.30991,	2.70216,	-0.410764,	0.000230042,	-3.65544e-05,	0.000472908,	-0.0958993,	0.67397,	0.731432,	-0.0396994
1520438944301456200,	1.32699,	2.63568,	-0.6308,	0.0053264,	-0.000206725,	0.000263164,	-0.0148376,	0.00259751,	0.0770086,	0.996917,	1.30976,	2.70211,	-0.410863,	-0.00288915,	-0.00108785,	-0.00193795,	-0.0959423,	0.673943,	0.731451,	-0.0396784
1520438944352311939,	1.32697,	2.63479,	-0.629547,	-0.000312106,	-0.0176137,	0.0250674,	-0.0162945,	0.00144575,	0.0798173,	0.996675,	1.31008,	2.70233,	-0.410754,	0.00636754,	0.00444154,	0.00216258,	-0.0957205,	0.673896,	0.731533,	-0.0395055
1520438944405791195,	1.32649,	2.63512,	-0.630788,	-0.00901563,	0.00616294,	-0.0234282,	-0.0144948,	0.00147605,	0.0781212,	0.996837,	1.30975,	2.70256,	-0.410821,	-0.00607842,	0.00429642,	-0.00126265,	-0.0955397,	0.674374,	0.731134,	-0.0391818
1520438944457904739,	1.32685,	2.63547,	-0.630572,	0.0068929,	0.00666399,	0.00417078,	-0.01436,	0.00123921,	0.077288,	0.996905,	1.3101,	2.70208,	-0.410684,	0.00659758,	-0.00927314,	0.00263631,	-0.0960617,	0.67431,	0.731087,	-0.0398766
1520438944506546394,	1.32712,	2.63662,	-0.630989,	0.00563897,	0.0240645,	-0.00870029,	-0.014898,	0.00143544,	0.0778174,	0.996855,	1.31047,	2.70064,	-0.410655,	0.00773472,	-0.0299222,	0.00060874,	-0.0960029,	0.67232,	0.732909,	-0.0401596
1520438944555245870,	1.32695,	2.63386,	-0.630232,	-0.00365329,	-0.0575116,	0.0157758,	-0.0153372,	0.00163516,	0.0787395,	0.996776,	1.31021,	2.70131,	-0.410637,	-0.00537134,	0.0140769,	0.000376056,	-0.0956752,	0.67288,	0.732461,	-0.0397363
1520438944606094784,	1.32705,	2.63499,	-0.630651,	0.00201782,	0.0224651,	-0.00837985,	-0.012784,	0.0014886,	0.0778336,	0.996883,	1.30986,	2.7026,	-0.410883,	-0.00695039,	0.0257613,	-0.0049232,	-0.0948666,	0.674608,	0.731041,	-0.0385127
1520438944658150481,	1.32688,	2.63555,	-0.630094,	-0.0032529,	0.0109338,	0.0107184,	-0.0140197,	0.00431235,	0.0754038,	0.997045,	1.3094,	2.70398,	-0.410921,	-0.00896465,	0.0265302,	-0.000728999,	-0.0953365,	0.675947,	0.729731,	-0.0387222
1520438944704408011,	1.32664,	2.63557,	-0.630058,	-0.00526312,	0.000264807,	0.000771247,	-0.0121978,	0.000515573,	0.0753064,	0.997086,	1.30944,	2.70329,	-0.410802,	0.000834128,	-0.0151294,	0.0025792,	-0.0954039,	0.674957,	0.730631,	-0.0388485
1520438944753485031,	1.32688,	2.63615,	-0.630645,	0.00489192,	0.0118911,	-0.0119799,	-0.0148897,	0.00174443,	0.0769976,	0.996919,	1.30841,	2.703,	-0.410628,	-0.0209162,	-0.00590011,	0.00356078,	-0.0960889,	0.67489,	0.73057,	-0.039465
1520438944805560454,	1.32629,	2.63592,	-0.630865,	-0.0112528,	-0.00443344,	-0.00423657,	-0.015095,	0.000875279,	0.0776501,	0.996866,	1.30564,	2.70288,	-0.408311,	-0.0532746,	-0.00219698,	0.0445591,	-0.0974078,	0.674832,	0.73043,	-0.039815
1520438944860287185,	1.32483,	2.63678,	-0.63022,	-0.0269841,	0.0159839,	0.011955,	-0.0161904,	0.00102557,	0.0789896,	0.996743,	1.3014,	2.70184,	-0.401253,	-0.0785846,	-0.0192203,	0.130703,	-0.0986587,	0.675958,	0.729269,	-0.0389171
1520438944907830884,	1.32167,	2.63296,	-0.626074,	-0.0673626,	-0.0812319,	0.0882143,	-0.0159795,	4.69876e-06,	0.07934,	0.99672,	1.29733,	2.69881,	-0.390146,	-0.0866374,	-0.064665,	0.236327,	-0.0993499,	0.676013,	0.729101,	-0.0393328
1520438944956501559,	1.31869,	2.63417,	-0.618844,	-0.0621229,	0.0252259,	0.150613,	-0.0192319,	-0.00106738,	0.0795545,	0.996644,	1.29166,	2.69375,	-0.374973,	-0.117977,	-0.105296,	0.316094,	-0.10125,	0.675345,	0.72935,	-0.0413154
1520438945012213507,	1.31305,	2.6271,	-0.605934,	-0.102568,	-0.128617,	0.234739,	-0.0180798,	-0.00106464,	0.0823488,	0.996439,	1.28406,	2.68971,	-0.358735,	-0.138279,	-0.073397,	0.295231,	-0.102492,	0.676476,	0.728056,	-0.0425539
1520438945065635888,	1.30795,	2.62683,	-0.591593,	-0.0961949,	-0.00504498,	0.270579,	-0.020277,	-0.00111164,	0.0837077,	0.996283,	1.27418,	2.68445,	-0.341207,	-0.186322,	-0.0992947,	0.330715,	-0.102995,	0.679456,	0.725222,	-0.0422441
1520438945113439167,	1.298,	2.61438,	-0.573303,	-0.211667,	-0.264893,	0.389143,	-0.02112,	-0.000879574,	0.0865964,	0.996019,	1.26292,	2.67825,	-0.322139,	-0.239533,	-0.131934,	0.405709,	-0.102535,	0.683475,	0.721587,	-0.0407491
1520438945166275639,	1.29018,	2.61734,	-0.551076,	-0.150297,	0.0567942,	0.427456,	-0.0301629,	-0.00272048,	0.0827812,	0.996107,	1.25141,	2.66987,	-0.301447,	-0.221479,	-0.161213,	0.397928,	-0.101713,	0.686414,	0.719014,	-0.0388433
1520438945220342786,	1.27661,	2.59709,	-0.528568,	-0.251441,	-0.3749,	0.416812,	-0.0326541,	-0.00249243,	0.0851914,	0.995826,	1.24014,	2.65875,	-0.279285,	-0.208596,	-0.20587,	0.410397,	-0.101397,	0.68708,	0.718539,	-0.0366276
1520438945269000620,	1.26875,	2.59943,	-0.508948,	-0.16368,	0.0486339,	0.408753,	-0.0380316,	-0.0044102,	0.0796614,	0.996086,	1.23028,	2.64662,	-0.255346,	-0.205404,	-0.252783,	0.49874,	-0.0992391,	0.685864,	0.720134,	-0.0339008
1520438945315455949,	1.2545,	2.58194,	-0.484762,	-0.309733,	-0.380238,	0.525771,	-0.0347524,	-0.00512225,	0.0750915,	0.996558,	1.22068,	2.63393,	-0.232189,	-0.208758,	-0.275831,	0.503402,	-0.0971127,	0.685146,	0.721291,	-0.0297173
1520438945364167609,	1.24858,	2.5758,	-0.462418,	-0.123272,	-0.127856,	0.465508,	-0.035291,	-0.00608922,	0.0724298,	0.99673,	1.21159,	2.62316,	-0.210611,	-0.189299,	-0.224458,	0.449544,	-0.0958328,	0.684481,	0.722245,	-0.0257743
1520438945419784497,	1.23733,	2.55495,	-0.438125,	-0.204575,	-0.379061,	0.441681,	-0.0329371,	-0.00820261,	0.0725305,	0.996788,	1.20414,	2.61286,	-0.190223,	-0.135574,	-0.187234,	0.370702,	-0.0933529,	0.684904,	0.722256,	-0.0231865
1520438945473989391,	1.23173,	2.55279,	-0.418721,	-0.103825,	-0.0399809,	0.359337,	-0.0345939,	-0.00957385,	0.0647434,	0.997256,	1.19441,	2.59759,	-0.154282,	-0.180108,	-0.282795,	0.665571,	-0.0894158,	0.686085,	0.7217,	-0.0210245
1520438945527077479,	1.22263,	2.53972,	-0.398617,	-0.171602,	-0.24668,	0.379319,	-0.0341596,	-0.00899616,	0.0612432,	0.997498,	1.19168,	2.59422,	-0.140102,	-0.051527,	-0.0635385,	0.267541,	-0.0885085,	0.689218,	0.718877,	-0.0189915
1520438945575157601,	1.21702,	2.52922,	-0.380481,	-0.116898,	-0.218715,	0.377828,	-0.0368323,	-0.00839251,	0.0615835,	0.997387,	1.19091,	2.59253,	-0.129175,	-0.0161514,	-0.0350811,	0.227646,	-0.086377,	0.694083,	0.714474,	-0.0177283
1520438945622770590,	1.21483,	2.5252,	-0.3652,	-0.0465854,	-0.0855137,	0.325134,	-0.0427624,	-0.00943491,	0.0577218,	0.997372,	1.19039,	2.59096,	-0.120712,	-0.0109934,	-0.033424,	0.180073,	-0.0848819,	0.696719,	0.712111,	-0.0165853
1520438945673316996,	1.21307,	2.52014,	-0.352322,	-0.035303,	-0.101117,	0.257566,	-0.0482616,	-0.00896128,	0.0571899,	0.997156,	1.19039,	2.59096,	-0.120712,	0,	0,	0,	-0.0848819,	0.696719,	0.712111,	-0.0165853
1520438945724287513,	1.21272,	2.51507,	-0.342485,	-0.00691226,	-0.101557,	0.196734,	-0.0544455,	-0.00903102,	0.0545383,	0.996985,	1.1819,	2.57864,	-0.107255,	-0.169844,	-0.246558,	0.269125,	-0.0869294,	0.691017,	0.71743,	-0.0152614
1520438945793393037,	1.21104,	2.51135,	-0.334793,	-0.0243671,	-0.0538575,	0.111477,	-0.054476,	-0.00970116,	0.0549635,	0.996954,	1.16894,	2.57077,	-0.100824,	-0.187837,	-0.114012,	0.0932096,	-0.0908527,	0.686801,	0.72098,	-0.0154276
1520438945861527121,	1.20749,	2.51091,	-0.329141,	-0.0521147,	-0.00641683,	0.0831255,	-0.0495201,	-0.0112311,	0.0554963,	0.997167,	1.14841,	2.56027,	-0.0945876,	-0.301881,	-0.154366,	0.091711,	-0.0948712,	0.682689,	0.724341,	-0.016307
1520438945930051147,	1.19352,	2.50728,	-0.320902,	-0.205539,	-0.0534377,	0.12115,	-0.0440494,	-0.0135365,	0.0584071,	0.997229,	1.07897,	2.53602,	-0.0812779,	-1.02111,	-0.356581,	0.195731,	-0.095283,	0.681357,	0.725593,	-0.0137105
1520438945980714431,	1.16576,	2.50075,	-0.313166,	-0.555082,	-0.130513,	0.154727,	-0.0370979,	-0.0174136,	0.0587155,	0.997433,	1.02882,	2.52355,	-0.0735241,	-1.00301,	-0.249593,	0.155075,	-0.0926744,	0.682291,	0.725131,	-0.00868601
1520438946047792473,	1.11985,	2.49088,	-0.301777,	-0.685291,	-0.147329,	0.169984,	-0.034299,	-0.0198991,	0.0542811,	0.997738,	0.97078,	2.50976,	-0.0604999,	-0.866293,	-0.205825,	0.194392,	-0.0866074,	0.684187,	0.724128,	-0.00497104
1520438946115003507,	1.0668,	2.43292,	-0.288093,	-0.79181,	-0.865182,	0.204241,	-0.0310239,	-0.0201128,	0.0652118,	0.997186,	0.90805,	2.49676,	-0.0522479,	-0.936276,	-0.194026,	0.123163,	-0.0798643,	0.683383,	0.725677,	0.00103273
1520438946177220953,	0.991295,	2.41085,	-0.2737,	-1.21779,	-0.355913,	0.232145,	-0.0257195,	-0.0213881,	0.0553264,	0.997908,	0.775827,	2.47855,	-0.0324507,	-2.13263,	-0.293663,	0.31931,	-0.0699335,	0.668983,	0.739788,	0.0168853
1520438946242738925,	0.907431,	2.39804,	-0.257393,	-1.29021,	-0.197065,	0.25087,	-0.0107382,	-0.0211044,	0.0382468,	0.998988,	0.712831,	2.47601,	-0.0228373,	-0.969163,	-0.0391073,	0.147899,	-0.0652747,	0.662521,	0.745763,	0.0253603
1520438946287621705,	0.821676,	2.39244,	-0.246335,	-1.94898,	-0.127269,	0.251324,	0.0218036,	-0.0233916,	0.0151544,	0.999374,	0.657119,	2.48183,	-0.0153562,	-1.26617,	0.132308,	0.170025,	-0.0604385,	0.662775,	0.745701,	0.0317232
1520438946334358654,	0.740013,	2.39697,	-0.232961,	-1.77528,	0.0984055,	0.290745,	0.0412848,	-0.0267022,	-0.0064232,	0.99877,	0.607614,	2.49434,	-0.00753501,	-1.0762,	0.272076,	0.170025,	-0.0517723,	0.671387,	0.738377,	0.0368695
1520438946376983478,	0.701764,	2.40757,	-0.224374,	-0.910692,	0.252569,	0.204461,	0.0454532,	-0.0214359,	0.0298372,	0.998291,	0.56886,	2.5071,	-0.000156097,	-0.922726,	0.303762,	0.175688,	-0.0407506,	0.677818,	0.732867,	0.0425313
1520438946431578456,	0.650165,	2.4585,	-0.21956,	-0.95553,	0.943024,	0.089134,	0.014323,	-0.0279302,	-0.0136618,	0.999414,	0.537205,	2.51706,	0.00671244,	-0.586201,	0.18447,	0.127195,	-0.0264657,	0.682923,	0.728588,	0.0455609
1520438946496804020,	0.61208,	2.42486,	-0.211263,	-0.585927,	-0.51744,	0.127649,	0.0108398,	-0.0274126,	-0.0389685,	0.998806,	0.513599,	2.52349,	0.0108657,	-0.363169,	0.0988353,	0.0638962,	-0.0138048,	0.683234,	0.728411,	0.0491677
1520438946551338290,	0.575186,	2.46382,	-0.204399,	-0.683214,	0.72135,	0.127106,	0.00358899,	-0.0237698,	-0.0401305,	0.998905,	0.496184,	2.52768,	0.0151307,	-0.322491,	0.0775757,	0.0789824,	-0.00607011,	0.683278,	0.728324,	0.0513789
1520438946596818805,	0.540466,	2.46695,	-0.196432,	-0.771562,	0.0696847,	0.177053,	0.00145946,	-0.0185673,	-0.05414,	0.99836,	0.485523,	2.53035,	0.0176721,	-0.236915,	0.05942,	0.0564739,	-0.00252323,	0.681711,	0.729681,	0.0531967
1520438946647091770,	0.525008,	2.45417,	-0.191441,	-0.309165,	-0.255631,	0.0998276,	0.00104795,	-0.0153404,	-0.0677809,	0.997582,	0.480868,	2.5302,	0.0196451,	-0.0931093,	-0.00295375,	0.0394606,	-0.000352964,	0.679055,	0.73223,	0.0521808
1520438946695095543,	0.511721,	2.4695,	-0.190037,	-0.282693,	0.326207,	0.0298666,	0.00484369,	-0.0118688,	-0.0664863,	0.997705,	0.482397,	2.52816,	0.0186637,	0.0325363,	-0.0434274,	-0.0208818,	3.97962e-05,	0.676469,	0.734712,	0.0508702
1520438946757785274,	0.50773,	2.46564,	-0.188846,	-0.0643796,	-0.0622648,	0.0192135,	0.00895879,	-0.00973228,	-0.067756,	0.997614,	0.491276,	2.52255,	0.0178628,	0.143208,	-0.0905129,	-0.0129166,	0.00057999,	0.673275,	0.737651,	0.0507091
1520438946822401710,	0.509803,	2.4624,	-0.188318,	0.0323986,	-0.0507139,	0.00824695,	0.0137032,	-0.00675235,	-0.0671202,	0.997628,	0.537958,	2.50524,	0.0158251,	0.729414,	-0.270516,	-0.0318394,	-0.000240856,	0.671974,	0.738992,	0.0483926
1520438946887804800,	0.524278,	2.45189,	-0.190103,	0.22269,	-0.161619,	-0.0274633,	0.0188346,	-0.00648155,	-0.0686007,	0.997445,	0.579052,	2.49488,	0.015302,	0.632215,	-0.159306,	-0.00804772,	-0.00178582,	0.67322,	0.738274,	0.0415193
1520438946952155698,	0.555621,	2.43572,	-0.191644,	0.489737,	-0.252662,	-0.0240735,	0.0190187,	-0.00466144,	-0.0695005,	0.99739,	0.634186,	2.48108,	0.0153062,	0.861471,	-0.215715,	6.48049e-05,	-0.0014359,	0.673952,	0.738109,	0.0313407
1520438947006736595,	0.607518,	2.41378,	-0.193631,	0.961061,	-0.406296,	-0.0368025,	0.0215198,	-0.000762401,	-0.0632499,	0.997765,	0.701357,	2.46586,	0.0138891,	1.24391,	-0.281855,	-0.026241,	-0.00629182,	0.673323,	0.738951,	0.0234073
1520438947055025416,	0.656102,	2.4529,	-0.199906,	1.01215,	0.814909,	-0.130729,	0.006521,	0.00660091,	-0.0377544,	0.999244,	0.77729,	2.45042,	0.0166184,	1.58192,	-0.321543,	0.056859,	-0.0165601,	0.670965,	0.741162,	0.0145154
1520438947105085050,	0.746529,	2.44364,	-0.198803,	1.80855,	-0.185123,	0.0220564,	0.0126804,	0.00640482,	-0.0170269,	0.999754,	0.860936,	2.43932,	0.0228332,	1.67292,	-0.222063,	0.124297,	-0.0265307,	0.666278,	0.745142,	0.0115488
1520438947159934839,	0.826698,	2.35554,	-0.191492,	1.48462,	-1.6315,	0.135391,	0.0201816,	0.00831194,	-0.0201071,	0.99956,	0.949298,	2.43265,	0.029471,	1.63634,	-0.123463,	0.122922,	-0.0377396,	0.661423,	0.749006,	0.00924176
1520438947214501469,	0.915689,	2.43573,	-0.194143,	1.64797,	1.48494,	-0.0490831,	0.0243958,	0.00710868,	-0.00698302,	0.999653,	1.04057,	2.43186,	0.0354463,	1.69022,	-0.0147056,	0.110654,	-0.0458139,	0.656913,	0.752507,	0.00997775
1520438947264685883,	1.00102,	2.34564,	-0.183538,	1.7067,	-1.80177,	0.212083,	0.0178681,	0.00539652,	0.0131701,	0.999739,	1.12543,	2.43188,	0.0413634,	1.69714,	0.000448716,	0.118341,	-0.0546295,	0.649815,	0.758013,	0.0131037
1520438947317778085,	1.10124,	2.43656,	-0.185675,	1.89091,	1.71548,	-0.040313,	0.023351,	-0.00383412,	0.000524999,	0.99972,	1.20587,	2.43173,	0.0458309,	1.51788,	-0.00283738,	0.084293,	-0.0616576,	0.640879,	0.764942,	0.0183365
1520438947384596001,	1.1744,	2.35743,	-0.176999,	1.10847,	-1.19887,	0.13145,	0.0388022,	-0.0114426,	0.0259418,	0.998845,	1.34922,	2.43089,	0.0540964,	2.17193,	-0.0126731,	0.125235,	-0.0705219,	0.625373,	0.776865,	0.0203723
1520438947443917006,	1.2784,	2.36694,	-0.17413,	1.76279,	0.161184,	0.0486379,	0.0505436,	-0.0158811,	0.0274998,	0.998217,	1.40541,	2.44036,	0.0561823,	0.95229,	0.160415,	0.0353543,	-0.074611,	0.625831,	0.776171,	0.0180598
1520438947491583426,	1.37016,	2.37897,	-0.171281,	1.95219,	0.256001,	0.0606049,	0.0593535,	-0.0215625,	0.0291937,	0.997577,	1.44551,	2.45307,	0.0582816,	0.853268,	0.270483,	0.0446645,	-0.0816065,	0.629987,	0.772105,	0.0176267
1520438947540449218,	1.43856,	2.4394,	-0.174027,	1.42503,	1.25887,	-0.0572073,	0.0536119,	-0.0229884,	0.0199782,	0.998097,	1.474,	2.46968,	0.0617489,	0.593609,	0.346027,	0.0722362,	-0.0855312,	0.639678,	0.763668,	0.0175423
1520438947586891892,	1.46821,	2.40867,	-0.170057,	0.644518,	-0.668106,	0.0863083,	0.0396518,	-0.024356,	0.0379117,	0.998197,	1.49418,	2.48745,	0.0636309,	0.43864,	0.386422,	0.0409122,	-0.0892328,	0.654412,	0.750708,	0.0148433
1520438947634508675,	1.50543,	2.44499,	-0.169221,	0.792057,	0.772821,	0.0177959,	0.0328751,	-0.02846,	0.0298925,	0.998607,	1.50988,	2.50543,	0.0633901,	0.333913,	0.382361,	-0.0051229,	-0.0939431,	0.6704,	0.735979,	0.00856198
1520438947689498031,	1.5194,	2.43426,	-0.16535,	0.258668,	-0.198641,	0.0716782,	0.00784293,	-0.0310512,	0.0418669,	0.99861,	1.52216,	2.52028,	0.0616334,	0.22756,	0.27511,	-0.032532,	-0.0939692,	0.683628,	0.723756,	-0.000254973
1520438947742090370,	1.53084,	2.44186,	-0.165649,	0.21991,	0.146155,	-0.00575679,	-0.00873393,	-0.0291706,	0.0460638,	0.998474,	1.52846,	2.5302,	0.0598211,	0.121002,	0.190721,	-0.0348507,	-0.0913613,	0.691521,	0.716523,	-0.00677096
1520438947793047116,	1.54587,	2.45428,	-0.166699,	0.300594,	0.248276,	-0.0209875,	-0.0300244,	-0.0230696,	0.052754,	0.997889,	1.5285,	2.5336,	0.0567573,	0.000940067,	0.0680791,	-0.0612773,	-0.088678,	0.694375,	0.714033,	-0.0116941
1520438947845410529,	1.55027,	2.4608,	-0.167866,	0.0847532,	0.125426,	-0.0224434,	-0.0380601,	-0.0166465,	0.053091,	0.997725,	1.52295,	2.53102,	0.0530255,	-0.106824,	-0.0495856,	-0.0717642,	-0.0890496,	0.692922,	0.715357,	-0.013927
1520438947901359416,	1.54854,	2.46443,	-0.170289,	-0.0314625,	0.065994,	-0.0440643,	-0.0444137,	-0.0101275,	0.0545579,	0.997471,	1.51426,	2.52299,	0.0500645,	-0.157981,	-0.146076,	-0.0538368,	-0.0904631,	0.686298,	0.721552,	-0.0131731
1520438947955832174,	1.54067,	2.45754,	-0.17501,	-0.145755,	-0.127521,	-0.0874143,	-0.0413859,	-0.00958224,	0.0569624,	0.997472,	1.50177,	2.51369,	0.050114,	-0.231355,	-0.172141,	0.000916944,	-0.0895654,	0.677174,	0.730285,	-0.00984702
1520438948014989771,	1.53507,	2.46157,	-0.178306,	-0.0950364,	0.0683069,	-0.0558688,	-0.0295179,	-0.0120429,	0.0544647,	0.998007,	1.48178,	2.50162,	0.0534478,	-0.33882,	-0.204713,	0.0565052,	-0.0862877,	0.666326,	0.740627,	-0.00592595
1520438948072085232,	1.51743,	2.459,	-0.177889,	-0.309484,	-0.0451406,	0.0073172,	-0.00873198,	-0.0131814,	0.0478007,	0.998732,	1.44869,	2.48753,	0.0583067,	-0.580469,	-0.247068,	0.0852431,	-0.0869337,	0.658042,	0.747945,	-0.000933145
1520438948121146695,	1.48583,	2.42945,	-0.171894,	-0.644823,	-0.603,	0.122342,	0.00331845,	-0.0144947,	0.0521941,	0.998526,	1.39816,	2.47099,	0.0642963,	-1.03123,	-0.337662,	0.122238,	-0.0998155,	0.651809,	0.751784,	0.00187412
1520438948170626975,	1.43148,	2.40542,	-0.164357,	-1.1091,	-0.490412,	0.153811,	0.0155472,	-0.0236881,	0.0552724,	0.998069,	1.33402,	2.45631,	0.0698457,	-1.30896,	-0.299539,	0.113251,	-0.117303,	0.649381,	0.751361,	-0.000352971
1520438948226372057,	1.39064,	2.44154,	-0.159194,	-0.742566,	0.65671,	0.0938741,	0.0109505,	-0.0355924,	0.0566076,	0.997702,	1.17408,	2.42906,	0.0731873,	-2.90803,	-0.495453,	0.0607567,	-0.141793,	0.65271,	0.744048,	-0.0160326
1520438948279217734,	1.3475,	2.43712,	-0.15378,	-0.829681,	-0.0849853,	0.104127,	0.013055,	-0.042762,	0.0651271,	0.996875,	1.08756,	2.41339,	0.071137,	-1.66385,	-0.301334,	-0.0394279,	-0.139973,	0.651846,	0.744763,	-0.028863
1520438948334947650,	1.24341,	2.42372,	-0.149919,	-1.89259,	-0.243663,	0.0701938,	0.00859049,	-0.0471645,	0.0800121,	0.99564,	0.999625,	2.39879,	0.0674558,	-1.59877,	-0.265496,	-0.0669307,	-0.125642,	0.648698,	0.749689,	-0.0370382
1520438948383755857,	1.13989,	2.32382,	-0.145091,	-2.15665,	-2.08123,	0.100589,	0.0100935,	-0.0385908,	0.110909,	0.99303,	0.911818,	2.39022,	0.0622811,	-1.82932,	-0.178508,	-0.107806,	-0.103215,	0.645672,	0.75562,	-0.0386492
1520438948428584793,	1.05969,	2.39745,	-0.152375,	-1.82264,	1.67341,	-0.165559,	0.014644,	-0.0231414,	0.0827965,	0.99619,	0.821359,	2.38798,	0.0551216,	-2.05587,	-0.0510047,	-0.162718,	-0.0847359,	0.64514,	0.758541,	-0.0350667
1520438948476364223,	0.944756,	2.34518,	-0.153431,	-2.44541,	-1.11228,	-0.0224635,	0.0117817,	0.0016497,	0.221362,	0.975119,	0.73644,	2.39172,	0.04991,	-1.8068,	0.0796358,	-0.110885,	-0.06742,	0.643894,	0.761719,	-0.025302
1520438948522793372,	0.86679,	2.38457,	-0.160111,	-1.69493,	0.856479,	-0.145214,	0.0284208,	0.00290568,	0.0586241,	0.997871,	0.659907,	2.40025,	0.0465914,	-1.66377,	0.185428,	-0.0721431,	-0.0545525,	0.643602,	0.763293,	-0.0135717
1520438948573944453,	0.777529,	2.30154,	-0.159563,	-1.75021,	-1.62813,	0.0107421,	0.0537667,	0.00951036,	0.0463998,	0.99743,	0.595275,	2.4059,	0.0426828,	-1.26728,	0.110871,	-0.0766387,	-0.0330263,	0.639751,	0.767859,	0.00451925
1520438948620092820,	0.698621,	2.38424,	-0.166696,	-1.71539,	1.79786,	-0.155061,	0.0420241,	0.0082787,	0.0294552,	0.998648,	0.595275,	2.4059,	0.0426828,	0,	0,	0,	-0.0330263,	0.639751,	0.767859,	0.00451925
1520438948664754928,	0.631523,	2.33199,	-0.166985,	-1.52494,	-1.18741,	-0.00656873,	0.0593559,	0.0131433,	-0.0136501,	0.998057,	0.540624,	2.41172,	0.0428378,	-1.24208,	0.132144,	0.0035211,	-0.0131724,	0.637256,	0.77013,	0.0251205
1520438948713689621,	0.591831,	2.34092,	-0.166151,	-0.826936,	0.185993,	0.0173768,	0.0657267,	0.0140011,	-0.0380113,	0.997015,	0.497112,	2.41919,	0.0470136,	-0.906492,	0.15571,	0.0869968,	0.00603194,	0.638339,	0.768509,	0.0433647
1520438948762461392,	0.536183,	2.39612,	-0.166316,	-1.15932,	1.15004,	-0.00344771,	0.0584592,	0.0151742,	-0.0480189,	0.997019,	0.466014,	2.42872,	0.0519658,	-0.647874,	0.198518,	0.103171,	0.019069,	0.642941,	0.763418,	0.0587835
1520438948810168418,	0.502533,	2.36761,	-0.159203,	-0.715958,	-0.606766,	0.151345,	0.0574481,	0.0135695,	-0.0875693,	0.994408,	0.446975,	2.43779,	0.0556422,	-0.405094,	0.193007,	0.0782221,	0.0297984,	0.65073,	0.755489,	0.0699953
1520438948857607341,	0.473099,	2.39744,	-0.157461,	-0.626255,	0.634849,	0.0370645,	0.0469474,	0.0128115,	-0.0941197,	0.994371,	0.436562,	2.44409,	0.0579646,	-0.221553,	0.133901,	0.0494125,	0.0322368,	0.656139,	0.750376,	0.0733372
1520438948914914662,	0.460368,	2.38706,	-0.153345,	-0.223361,	-0.18223,	0.07222,	0.0374944,	0.0124544,	-0.110805,	0.993057,	0.429798,	2.44949,	0.0587031,	-0.118673,	0.0947287,	0.0129559,	0.0318772,	0.660321,	0.746623,	0.0742559
1520438948965679398,	0.44966,	2.39815,	-0.151134,	-0.21416,	0.221925,	0.0442137,	0.0307828,	0.0114132,	-0.109355,	0.99346,	0.425482,	2.45408,	0.0580633,	-0.0863034,	0.0918724,	-0.0127956,	0.028086,	0.665127,	0.742517,	0.074066
1520438949020983137,	0.445986,	2.3967,	-0.149806,	-0.0667931,	-0.0263984,	0.0241507,	0.028192,	0.00960437,	-0.109746,	0.993513,	0.424369,	2.45657,	0.0566894,	-0.0202425,	0.0452798,	-0.0249808,	0.0230684,	0.667747,	0.740649,	0.070852
1520438949072775753,	0.44313,	2.39958,	-0.150736,	-0.0559938,	0.0563655,	-0.0182343,	0.0246118,	0.00739626,	-0.106038,	0.99403,	0.430243,	2.45356,	0.0519542,	0.115165,	-0.0589246,	-0.0928474,	0.0150989,	0.666801,	0.742133,	0.0662329
1520438949120412366,	0.445284,	2.39979,	-0.15255,	0.0458303,	0.00450284,	-0.0385985,	0.0238691,	0.00511735,	-0.0997382,	0.994714,	0.430243,	2.45356,	0.0519542,	0,	0,	0,	0.0150989,	0.666801,	0.742133,	0.0662329
1520438949169739839,	0.449311,	2.40227,	-0.154835,	0.0821683,	0.0505793,	-0.0466296,	0.0254075,	0.00366306,	-0.092557,	0.995376,	0.438572,	2.44936,	0.0494339,	0.169987,	-0.0857257,	-0.0514331,	0.0128108,	0.664948,	0.743921,	0.0652807
1520438949221356040,	0.453774,	2.40185,	-0.15845,	0.0875134,	-0.00806346,	-0.070887,	0.0224091,	0.00277496,	-0.0906366,	0.995628,	0.452551,	2.44363,	0.0479593,	0.274103,	-0.112446,	-0.028914,	0.00973427,	0.664594,	0.744407,	0.0638647
1520438949267951502,	0.466344,	2.3874,	-0.160529,	0.273273,	-0.314306,	-0.0452028,	0.0236611,	0.00193217,	-0.0923395,	0.995445,	0.476412,	2.43562,	0.0462137,	0.518717,	-0.174136,	-0.0379485,	0.00483307,	0.666045,	0.743444,	0.0604237
1520438949319230731,	0.49353,	2.37329,	-0.162002,	0.533056,	-0.276635,	-0.0288741,	0.0239107,	0.000133121,	-0.0883235,	0.995805,	0.517246,	2.42375,	0.0446859,	0.800671,	-0.232798,	-0.0299575,	0.00206183,	0.668582,	0.741509,	0.0562055
1520438949364429181,	0.516203,	2.36074,	-0.163349,	0.503828,	-0.278754,	-0.0299478,	0.021187,	-0.000182429,	-0.0855054,	0.996112,	0.577571,	2.4098,	0.0436535,	1.34054,	-0.309983,	-0.0229408,	0.00257276,	0.673221,	0.737854,	0.0483506
1520438949417997066,	0.557425,	2.39242,	-0.167565,	0.777778,	0.597712,	-0.0795382,	0.0159075,	0.00512016,	-0.065627,	0.997704,	0.656959,	2.39402,	0.0406036,	1.49789,	-0.297591,	-0.0575453,	-0.00272846,	0.678597,	0.733306,	0.0419655
1520438949466788607,	0.629847,	2.31341,	-0.16636,	1.50879,	-1.64611,	0.025091,	0.0121164,	0.00181502,	-0.076448,	0.996998,	0.753182,	2.37823,	0.0405675,	2.00464,	-0.329152,	-0.000752209,	-0.00924833,	0.681365,	0.730933,	0.037334
1520438949515942390,	0.709657,	2.37846,	-0.173745,	1.62878,	1.32763,	-0.15071,	-0.00860783,	0.0058751,	-0.0436094,	0.998994,	0.861932,	2.36522,	0.0436797,	2.2194,	-0.265339,	0.0635142,	-0.0194039,	0.684244,	0.728353,	0.0306003
1520438949562422960,	0.813412,	2.26863,	-0.167116,	2.25553,	-2.38757,	0.144111,	-0.00323935,	0.00830072,	-0.0510671,	0.998655,	0.97407,	2.35781,	0.0507239,	2.43777,	-0.161147,	0.153134,	-0.0314075,	0.68702,	0.725353,	0.0296786
1520438949612976136,	0.92797,	2.36295,	-0.171261,	2.29117,	1.88632,	-0.0828991,	-0.0107471,	0.00380984,	-0.0289943,	0.999515,	1.08515,	2.35659,	0.0626241,	2.22154,	-0.0243495,	0.238004,	-0.0397524,	0.690229,	0.721738,	0.033135
1520438949665051858,	1.03429,	2.24917,	-0.160056,	2.04466,	-2.18802,	0.215483,	-0.0166239,	-0.00526974,	-0.0199579,	0.999649,	1.1796,	2.35704,	0.0742665,	1.81635,	0.00851188,	0.223893,	-0.0528083,	0.691295,	0.719166,	0.0460764
1520438949720687607,	1.15634,	2.34838,	-0.152563,	2.21906,	1.80371,	0.136232,	-0.0178347,	-0.020749,	-0.0277728,	0.99924,	1.25733,	2.35794,	0.0860839,	1.41329,	0.0164779,	0.214862,	-0.0669289,	0.687373,	0.720611,	0.0613105
1520438949772491734,	1.23624,	2.26045,	-0.138073,	1.56658,	-1.72414,	0.284131,	-0.0330716,	-0.0383747,	-0.00373272,	0.998709,	1.35674,	2.35608,	0.107046,	1.94929,	-0.0365685,	0.411013,	-0.10057,	0.664513,	0.735652,	0.0844002
1520438949825083737,	1.33679,	2.27399,	-0.1278,	1.93371,	0.260425,	0.197549,	-0.0290192,	-0.0610737,	-0.000262447,	0.997711,	1.3841,	2.36002,	0.114489,	0.526141,	0.0758034,	0.14314,	-0.115353,	0.658223,	0.738251,	0.0917736
1520438949878188444,	1.40223,	2.32849,	-0.12008,	1.23471,	1.02838,	0.145668,	-0.00306578,	-0.0814271,	-0.0137896,	0.996579,	1.40479,	2.36871,	0.118081,	0.390444,	0.163985,	0.0677693,	-0.122848,	0.660966,	0.734415,	0.0930916
1520438949929385692,	1.42961,	2.30055,	-0.110098,	0.536858,	-0.547884,	0.19571,	-0.00127977,	-0.0963132,	0.00458491,	0.99534,	1.4208,	2.37695,	0.119988,	0.313819,	0.16148,	0.0373898,	-0.123216,	0.665992,	0.729977,	0.0916841
1520438949981295271,	1.46188,	2.32898,	-0.10556,	0.63278,	0.557372,	0.0889859,	0.00217571,	-0.105999,	-0.000370221,	0.994364,	1.43159,	2.38486,	0.119693,	0.211542,	0.155207,	-0.00577288,	-0.119023,	0.670394,	0.72719,	0.0871774
1520438950031274995,	1.47404,	2.31938,	-0.101951,	0.248215,	-0.19591,	0.0736483,	-0.00694643,	-0.106795,	0.00714037,	0.994231,	1.43582,	2.39178,	0.117361,	0.086335,	0.141128,	-0.0476038,	-0.117071,	0.674228,	0.724496,	0.0825635
1520438950083415764,	1.48726,	2.33245,	-0.102455,	0.254219,	0.251398,	-0.00968397,	-0.0150435,	-0.100711,	0.003714,	0.994795,	1.43368,	2.39429,	0.114809,	-0.0411113,	0.0483464,	-0.0490605,	-0.119649,	0.672636,	0.726108,	0.0775386
1520438950133610119,	1.48996,	2.33418,	-0.104896,	0.0538925,	0.0346245,	-0.0488221,	-0.0162915,	-0.0969611,	0.00586998,	0.995138,	1.42904,	2.39395,	0.113257,	-0.0928268,	-0.00678695,	-0.0310536,	-0.121123,	0.665886,	0.73228,	0.0754374
1520438950192722144,	1.48842,	2.33547,	-0.10766,	-0.025966,	0.0218756,	-0.0468458,	-0.0170735,	-0.0948488,	0.00837994,	0.99531,	1.42344,	2.39277,	0.112879,	-0.0948921,	-0.0199808,	-0.0064101,	-0.116922,	0.658364,	0.739548,	0.077172
1520438950253765498,	1.48487,	2.34407,	-0.109788,	-0.0582672,	0.141009,	-0.0348858,	-0.00689917,	-0.0939332,	0.0116067,	0.995487,	1.41566,	2.39282,	0.113005,	-0.127608,	0.000779725,	0.00206928,	-0.110693,	0.653819,	0.744027,	0.081807
1520438950303836177,	1.47679,	2.34896,	-0.110798,	-0.161687,	0.0978187,	-0.0202048,	0.00715879,	-0.0923295,	0.00561307,	0.995687,	1.40588,	2.39262,	0.113791,	-0.195496,	-0.00390449,	0.0157319,	-0.104583,	0.650455,	0.747597,	0.0840786
1520438950354119081,	1.46499,	2.35257,	-0.110163,	-0.235973,	0.0721012,	0.0127024,	0.0173599,	-0.0909716,	-0.0039161,	0.995694,	1.39288,	2.39481,	0.113684,	-0.260072,	0.0437303,	-0.00215588,	-0.10175,	0.648948,	0.748972,	0.0869106
1520438950404624307,	1.45732,	2.35453,	-0.110561,	-0.153268,	0.0391678,	-0.00796714,	0.0176609,	-0.0876053,	-0.00828304,	0.995964,	1.37892,	2.39886,	0.111116,	-0.27914,	0.0810282,	-0.0513603,	-0.099053,	0.648634,	0.749757,	0.0855979
1520438950458275152,	1.43957,	2.36015,	-0.111066,	-0.334955,	0.106027,	-0.00952755,	0.0216563,	-0.0872427,	-0.0130612,	0.995866,	1.36415,	2.40612,	0.105761,	-0.278753,	0.136981,	-0.101025,	-0.0987892,	0.649711,	0.749224,	0.08234
1520438950518093825,	1.42043,	2.34881,	-0.113556,	-0.324485,	-0.19221,	-0.0421971,	0.0209868,	-0.0837972,	-0.00787834,	0.996231,	1.348,	2.41452,	0.0968953,	-0.273719,	0.142362,	-0.150269,	-0.0985779,	0.649398,	0.749865,	0.079165
1520438950571845367,	1.40824,	2.37422,	-0.120265,	-0.229898,	0.479447,	-0.126579,	0.0212818,	-0.0821511,	-0.0106528,	0.996336,	1.33201,	2.42448,	0.0838361,	-0.301725,	0.187835,	-0.246401,	-0.100406,	0.647796,	0.751473,	0.0746163
1520438950624430583,	1.38567,	2.38713,	-0.133949,	-0.434108,	0.24841,	-0.263164,	0.0236341,	-0.0789574,	-0.00643692,	0.996577,	1.30412,	2.44652,	0.04484,	-0.536323,	0.423852,	-0.749924,	-0.103856,	0.642864,	0.756107,	0.065136
1520438950674566941,	1.36654,	2.38018,	-0.148445,	-0.382547,	-0.139162,	-0.289906,	0.0281137,	-0.0773222,	0.00061801,	0.99661,	1.29366,	2.45899,	0.0195476,	-0.2091,	0.249491,	-0.505848,	-0.102118,	0.64201,	0.757402,	0.0611269
1520438950724362722,	1.35513,	2.40965,	-0.169009,	-0.232944,	0.601447,	-0.419674,	0.0313589,	-0.0748852,	0.00191705,	0.996697,	1.28482,	2.47382,	-0.0104726,	-0.180397,	0.302712,	-0.612657,	-0.0982693,	0.644146,	0.756488,	0.0560813
1520438950772940123,	1.34005,	2.40484,	-0.191347,	-0.314008,	-0.100239,	-0.465378,	0.0327752,	-0.0716643,	0.00673985,	0.996867,	1.27819,	2.48725,	-0.0452635,	-0.138105,	0.279634,	-0.724812,	-0.0910853,	0.645002,	0.757058,	0.0503804
1520438950826591381,	1.33092,	2.43377,	-0.220453,	-0.172295,	0.546017,	-0.549176,	0.0341734,	-0.0664775,	0.00455684,	0.997192,	1.27364,	2.49986,	-0.0832406,	-0.0858798,	0.237888,	-0.716548,	-0.0830547,	0.644066,	0.759245,	0.0427491
1520438950875285407,	1.31793,	2.43049,	-0.251666,	-0.270707,	-0.0683632,	-0.650267,	0.0286431,	-0.0599406,	0.00589542,	0.997773,	1.27213,	2.51161,	-0.121514,	-0.0314845,	0.244966,	-0.797371,	-0.0733675,	0.640751,	0.763484,	0.0338603
1520438950933631983,	1.31038,	2.45853,	-0.290492,	-0.130115,	0.483476,	-0.669409,	0.0379134,	-0.0484783,	0.00230023,	0.998102,	1.27354,	2.52325,	-0.158867,	0.0242545,	0.200623,	-0.644014,	-0.0612352,	0.635537,	0.769204,	0.0258547
1520438950980921225,	1.30082,	2.45781,	-0.32766,	-0.203385,	-0.0153919,	-0.790811,	0.0367217,	-0.0361618,	0.00345684,	0.998665,	1.27528,	2.53342,	-0.194757,	0.0371282,	0.216456,	-0.763619,	-0.0579408,	0.627091,	0.776671,	0.0134733
1520438951034611052,	1.29607,	2.48092,	-0.378264,	-0.0896835,	0.435923,	-0.954794,	0.0512159,	-0.0197894,	-0.00296682,	0.998487,	1.27938,	2.54296,	-0.227709,	0.077387,	0.179902,	-0.621721,	-0.0557038,	0.615734,	0.785981,	0.0017376
1520438951085500177,	1.29328,	2.49077,	-0.412365,	-0.0557461,	0.197104,	-0.682025,	0.0661704,	-0.00619063,	-0.00606354,	0.997771,	1.28576,	2.55464,	-0.256392,	0.127575,	0.233608,	-0.573667,	-0.0522493,	0.609305,	0.791179,	-0.00728698
1520438951134239641,	1.29148,	2.50824,	-0.44689,	-0.0375681,	0.364022,	-0.719258,	0.0763507,	0.00215186,	0.0094577,	0.997034,	1.29371,	2.56605,	-0.281174,	0.165586,	0.237684,	-0.516288,	-0.0473746,	0.60506,	0.794661,	-0.0130732
1520438951182937504,	1.29443,	2.52669,	-0.476354,	0.0614358,	0.384396,	-0.613854,	0.0861641,	0.011877,	0.0169429,	0.996066,	1.30099,	2.57801,	-0.302573,	0.15165,	0.249187,	-0.445813,	-0.0455502,	0.602447,	0.796678,	-0.0169431
1520438951235490181,	1.29718,	2.53426,	-0.49876,	0.0529295,	0.145508,	-0.430875,	0.0779713,	0.0222253,	0.0159971,	0.996579,	1.30724,	2.5903,	-0.320804,	0.120114,	0.236461,	-0.350605,	-0.0469037,	0.603438,	0.795754,	-0.0209142
1520438951284014177,	1.30459,	2.55047,	-0.520926,	0.154344,	0.337674,	-0.461793,	0.0792158,	0.0260592,	0.0155424,	0.996396,	1.31227,	2.60382,	-0.336652,	0.104929,	0.281539,	-0.330169,	-0.0485617,	0.609673,	0.790824,	-0.0232032
1520438951338156247,	1.3081,	2.55833,	-0.539935,	0.0650612,	0.145566,	-0.352021,	0.0921245,	0.0241954,	0.0220561,	0.995209,	1.31647,	2.61854,	-0.350553,	0.0776942,	0.272545,	-0.257427,	-0.0485945,	0.621925,	0.781216,	-0.0234436
1520438951386400536,	1.31531,	2.57075,	-0.556781,	0.150083,	0.258793,	-0.35096,	0.0810284,	0.0244885,	0.0253753,	0.996088,	1.32032,	2.63246,	-0.362707,	0.0803275,	0.290098,	-0.253192,	-0.0479927,	0.635248,	0.770451,	-0.0236838
1520438951439880856,	1.32095,	2.58128,	-0.571889,	0.106542,	0.198598,	-0.285053,	0.0675405,	0.0246093,	0.02412,	0.997121,	1.32505,	2.64376,	-0.373294,	0.0892509,	0.213142,	-0.199764,	-0.0479246,	0.645241,	0.761966,	-0.0278403
1520438951490615466,	1.32363,	2.58433,	-0.583416,	0.0535565,	0.0611226,	-0.230541,	0.0483073,	0.0247337,	0.0255717,	0.998199,	1.32884,	2.65149,	-0.381385,	0.0757689,	0.154711,	-0.161826,	-0.0469928,	0.651014,	0.757009,	-0.0301434
1520438951543207591,	1.32804,	2.59044,	-0.59347,	0.0848394,	0.117346,	-0.193347,	0.0326381,	0.028291,	0.0288127,	0.998651,	1.33,	2.65943,	-0.38803,	0.022199,	0.152612,	-0.127775,	-0.0506393,	0.655631,	0.752696,	-0.0321321
1520438951592613625,	1.33045,	2.59433,	-0.601808,	0.0490941,	0.0794962,	-0.170159,	0.0253081,	0.0295347,	0.0306766,	0.998772,	1.32996,	2.66597,	-0.393883,	-0.000725517,	0.133564,	-0.119452,	-0.0536481,	0.658184,	0.750224,	-0.0328468
1520438951642382047,	1.33282,	2.59988,	-0.608524,	0.0484096,	0.113265,	-0.137053,	0.0203109,	0.0285589,	0.0333479,	0.998829,	1.33052,	2.67098,	-0.399341,	0.0114153,	0.102119,	-0.111391,	-0.0532195,	0.659665,	0.749024,	-0.0311978
1520438951691098823,	1.3332,	2.60449,	-0.613998,	0.0078832,	0.0960029,	-0.114055,	0.0151247,	0.0269968,	0.03599,	0.998873,	1.32979,	2.67256,	-0.402326,	-0.0151391,	0.03305,	-0.0621928,	-0.0555037,	0.66175,	0.74718,	-0.0269877
1520438951743211946,	1.33398,	2.6075,	-0.619208,	0.0150744,	0.057903,	-0.100181,	0.0145964,	0.0260115,	0.0343549,	0.998965,	1.32768,	2.67188,	-0.403725,	-0.0406358,	-0.0131364,	-0.026889,	-0.0548373,	0.66203,	0.747197,	-0.0201201
1520438951794001528,	1.33415,	2.60973,	-0.622388,	0.00338274,	0.044651,	-0.0636056,	0.0116104,	0.0214389,	0.0323509,	0.999179,	1.3267,	2.67312,	-0.405615,	-0.0196682,	0.0247817,	-0.0378095,	-0.053962,	0.662644,	0.746873,	-0.013087
1520438951839777801,	1.33529,	2.61249,	-0.624374,	0.0253835,	0.061229,	-0.0441291,	0.0142319,	0.0171547,	0.0277472,	0.999366,	1.32706,	2.67371,	-0.407144,	0.00798252,	0.0131601,	-0.0339763,	-0.0528542,	0.661194,	0.74832,	-0.00678845
1520438951886240444,	1.33628,	2.61158,	-0.626317,	0.0213484,	-0.0197219,	-0.0422357,	0.0140083,	0.0136498,	0.0197214,	0.999614,	1.32457,	2.67566,	-0.409585,	-0.0541212,	0.0423643,	-0.0530718,	-0.0539566,	0.661852,	0.74769,	-6.04924e-05
1520438951935379743,	1.33702,	2.61262,	-0.627664,	0.0151282,	0.0212355,	-0.0274977,	0.0120081,	0.0104508,	0.0180171,	0.999711,	1.32334,	2.67748,	-0.409669,	-0.0250926,	0.0370799,	-0.00170218,	-0.0530853,	0.663908,	0.745905,	0.00581882
1520438951982248591,	1.33705,	2.61492,	-0.630167,	0.000640671,	0.0500638,	-0.054407,	0.0139145,	0.00380649,	0.0107886,	0.999838,	1.32267,	2.68354,	-0.409792,	-0.0145096,	0.131843,	-0.00267765,	-0.0523847,	0.672713,	0.738021,	0.00621657
1520438952033291105,	1.33609,	2.6144,	-0.629199,	-0.0188135,	-0.0102913,	0.0189791,	0.000884512,	0.00211528,	0.00871715,	0.999959,	1.32319,	2.69106,	-0.410945,	0.010122,	0.147324,	-0.0226126,	-0.0533567,	0.680486,	0.730799,	0.00492345
1520438952083957296,	1.3362,	2.61615,	-0.630731,	0.00227719,	0.0349416,	-0.0306359,	0.00452976,	0.000998673,	0.00574114,	0.999973,	1.32243,	2.69737,	-0.411789,	-0.0150733,	0.126222,	-0.0168695,	-0.0526151,	0.684957,	0.726657,	0.00590696
1520438952140276007,	1.33674,	2.61973,	-0.631543,	0.00954491,	0.063925,	-0.0145113,	-0.021024,	0.0049762,	0.00925642,	0.999724,	1.32302,	2.69858,	-0.41236,	0.0104759,	0.0216115,	-0.0102054,	-0.0518177,	0.685363,	0.726327,	0.00652903
1520438952194909804,	1.33651,	2.62289,	-0.630759,	-0.0041716,	0.058663,	0.0145235,	-0.0145007,	0.000626624,	0.00601646,	0.999877,	1.32348,	2.69597,	-0.412105,	0.00847684,	-0.0483137,	0.00472819,	-0.049608,	0.682128,	0.729496,	0.00867983
1520438952244720541,	1.33579,	2.62188,	-0.630919,	-0.0147683,	-0.0206274,	-0.00327018,	-0.0176622,	0.000471583,	0.00691582,	0.99982,	1.32319,	2.69487,	-0.411884,	-0.00588273,	-0.0223512,	0.00451116,	-0.050126,	0.680692,	0.730807,	0.00821009
1520438952295937194,	1.33604,	2.62088,	-0.631328,	0.00504892,	-0.0196295,	-0.00801227,	-0.00995918,	0.000769409,	0.00458019,	0.99994,	1.32346,	2.69604,	-0.411815,	0.00540859,	0.0228338,	0.00134059,	-0.0502379,	0.681497,	0.73005,	0.00805554
1520438952346643445,	1.33645,	2.62069,	-0.630869,	0.0080605,	-0.00390446,	0.00918243,	-0.00844397,	0.000768606,	0.0039662,	0.999956,	1.32326,	2.69697,	-0.412023,	-0.00404036,	0.0186908,	-0.00415555,	-0.050609,	0.682211,	0.72936,	0.0077774
1520438952393526004,	1.3367,	2.621,	-0.631102,	0.00541013,	0.00681401,	-0.00507608,	-0.0168536,	0.00396581,	0.00447132,	0.99984,	1.32319,	2.69663,	-0.411805,	-0.00166369,	-0.00744996,	0.00473915,	-0.0506183,	0.681955,	0.729599,	0.0077647
1520438952441321943,	1.33657,	2.62112,	-0.63055,	-0.00276568,	0.00245783,	0.0117446,	-0.0111365,	0.000592468,	0.00446913,	0.999928,	1.32324,	2.69558,	-0.41182,	0.00115084,	-0.0222164,	-0.000317873,	-0.0502278,	0.680819,	0.730683,	0.00803176
1520438952489831938,	1.33618,	2.62054,	-0.630504,	-0.00808107,	-0.0119669,	0.000960234,	-0.011329,	0.00081589,	0.00481365,	0.999924,	1.32309,	2.69507,	-0.411533,	-0.00307304,	-0.0106959,	0.00598548,	-0.0494189,	0.680537,	0.730991,	0.00889134
1520438952538648897,	1.33619,	2.6214,	-0.630887,	0.000276019,	0.0179474,	-0.00798258,	-0.0111366,	0.000834599,	0.0040158,	0.99993,	1.32357,	2.69596,	-0.411511,	0.010013,	0.018545,	0.000445227,	-0.0500055,	0.68126,	0.730284,	0.00831495
1520438952583296189,	1.33626,	2.62204,	-0.630862,	0.00164597,	0.0145344,	0.000580608,	-0.0108345,	0.000922128,	0.0039757,	0.999933,	1.32354,	2.69576,	-0.41149,	-0.000682036,	-0.00451023,	0.000477443,	-0.0503853,	0.680893,	0.730605,	0.00787969
1520438952633171965,	1.33631,	2.62144,	-0.631223,	0.000912035,	-0.0123298,	-0.00736802,	-0.0159297,	0.000231286,	0.00765158,	0.999844,	1.32339,	2.69515,	-0.411507,	-0.00313836,	-0.0124049,	-0.000346467,	-0.0509221,	0.680054,	0.731355,	0.00727866
1520438952684440766,	1.33635,	2.62137,	-0.6303,	0.000772629,	-0.00131439,	0.0180976,	-0.0107105,	0.000873715,	0.00313108,	0.999937,	1.32308,	2.69469,	-0.411661,	-0.00616569,	-0.00903043,	-0.00301881,	-0.0505757,	0.679444,	0.731943,	0.00764644
1520438952731021664,	1.33655,	2.62221,	-0.631122,	0.00440295,	0.0183313,	-0.0178836,	-0.0100789,	0.000722208,	0.00434497,	0.99994,	1.32308,	2.69439,	-0.411586,	5.7329e-05,	-0.00667333,	0.00163123,	-0.0508972,	0.678779,	0.732541,	0.0072415
1520438952779581517,	1.3363,	2.62098,	-0.630878,	-0.00514332,	-0.0257731,	0.00508209,	-0.00849448,	0.000798406,	0.0042607,	0.999955,	1.32359,	2.69428,	-0.411538,	0.0106441,	-0.00213616,	0.00100927,	-0.0509718,	0.678888,	0.732437,	0.00704337
1520438952827134474,	1.33622,	2.6211,	-0.63104,	-0.00171022,	0.00269986,	-0.00344249,	-0.00832986,	0.00107715,	0.0042399,	0.999956,	1.32363,	2.69492,	-0.411502,	0.000925752,	0.0134251,	0.000759408,	-0.0504816,	0.679482,	0.731915,	0.00744841
1520438952873947121,	1.33653,	2.62059,	-0.630416,	0.00661813,	-0.0111566,	0.0135697,	-0.00987562,	0.00112197,	0.00493764,	0.999938,	1.32321,	2.69528,	-0.41142,	-0.0091723,	0.00793321,	0.00179092,	-0.0503742,	0.680213,	0.731241,	0.00772168
1520438952923457966,	1.33666,	2.62083,	-0.630881,	0.00263407,	0.00485667,	-0.00949908,	-0.00885792,	0.000753058,	0.00420283,	0.999952,	1.32321,	2.69528,	-0.41142,	0,	0,	0,	-0.0503742,	0.680213,	0.731241,	0.00772168
1520438952972589648,	1.33602,	2.62121,	-0.631124,	-0.0130611,	0.00787328,	-0.00495525,	-0.00915954,	0.000508235,	0.00516079,	0.999945,	1.32325,	2.69536,	-0.411687,	0.000853332,	0.0016833,	-0.00544622,	-0.0506137,	0.680288,	0.731155,	0.0076441
1520438953021812362,	1.33621,	2.62203,	-0.630872,	0.00404186,	0.0165987,	0.00514307,	-0.0112655,	0.000927021,	0.00422156,	0.999927,	1.32325,	2.69536,	-0.411687,	0,	0,	0,	-0.0506137,	0.680288,	0.731155,	0.0076441
1520438953072614883,	1.33636,	2.62159,	-0.631023,	0.00289869,	-0.00884567,	-0.00301006,	-0.011505,	0.000844489,	0.00424581,	0.999924,	1.32352,	2.69437,	-0.411588,	0.00529968,	-0.0199506,	0.00197408,	-0.050861,	0.678958,	0.732377,	0.00724009
1520438953120517333,	1.33651,	2.62052,	-0.631159,	0.00316386,	-0.0226607,	-0.00290553,	-0.0150909,	0.00154477,	0.00540845,	0.99987,	1.32352,	2.69437,	-0.411588,	0,	0,	0,	-0.050861,	0.678958,	0.732377,	0.00724009
1520438953176236580,	1.33631,	2.62,	-0.631295,	-0.00368712,	-0.00943521,	-0.0024682,	-0.0186715,	0.00242194,	0.00640126,	0.999802,	1.32315,	2.6944,	-0.411435,	-0.00660527,	0.000543776,	0.00277939,	-0.0507509,	0.679187,	0.732171,	0.00743439
1520438953225190149,	1.33652,	2.62174,	-0.631002,	0.00453743,	0.0362429,	0.00609734,	-0.00937883,	0.00104821,	0.00552848,	0.99994,	1.32328,	2.69492,	-0.411455,	0.0026103,	0.0109222,	-0.000410788,	-0.0507595,	0.679528,	0.731854,	0.0074295
1520438953275180240,	1.33587,	2.62096,	-0.630735,	-0.0134141,	-0.0159437,	0.0054526,	-0.00490828,	0.00102479,	0.00139005,	0.999986,	1.32342,	2.69501,	-0.411501,	0.00289897,	0.0018621,	-0.000943778,	-0.0506945,	0.679842,	0.731565,	0.00755393
1520438953329686463,	1.33646,	2.62225,	-0.631235,	0.0110391,	0.0238239,	-0.00925702,	-0.00985502,	0.000807051,	0.00437074,	0.999942,	1.32328,	2.69497,	-0.411409,	-0.00254428,	-0.000708269,	0.00170655,	-0.0506619,	0.680032,	0.731391,	0.00754334
1520438953380775569,	1.33637,	2.62073,	-0.631014,	-0.00172461,	-0.0297107,	0.00433948,	-0.0164279,	0.00250931,	0.00393059,	0.999854,	1.32317,	2.69463,	-0.411553,	-0.002205,	-0.00667647,	-0.00282194,	-0.0507097,	0.67983,	0.731576,	0.00749555
1520438953423994826,	1.33658,	2.62178,	-0.630847,	0.00486902,	0.0242839,	0.00387705,	-0.0104392,	0.000804337,	0.00395327,	0.999937,	1.32329,	2.69419,	-0.411534,	0.00287014,	-0.0103277,	0.000448339,	-0.0508364,	0.679469,	0.731904,	0.00739607
1520438953471547955,	1.33627,	2.62147,	-0.629585,	-0.00666275,	-0.00642873,	0.0268508,	-0.00331619,	5.58009e-05,	0.00465278,	0.999984,	1.32329,	2.69419,	-0.411534,	0,	0,	0,	-0.0508364,	0.679469,	0.731904,	0.00739607
1520438953519765812,	1.33622,	2.62143,	-0.630688,	-0.00102458,	-0.000996917,	-0.0229833,	-0.0100726,	0.000892691,	0.00469526,	0.999938,	1.32361,	2.69374,	-0.411387,	0.00665941,	-0.00925462,	0.00305978,	-0.0508747,	0.679031,	0.732309,	0.00727737
1520438953572750183,	1.33625,	2.62079,	-0.630664,	0.00050753,	-0.0121666,	0.000461412,	-0.00943014,	0.000904885,	0.00515015,	0.999942,	1.32344,	2.69431,	-0.411316,	-0.00336163,	0.0108863,	0.0013592,	-0.0508092,	0.679394,	0.731975,	0.00735881
1520438953625394513,	1.33646,	2.62093,	-0.630907,	0.00403637,	0.00268191,	-0.00467142,	-0.0095072,	0.00103756,	0.00511074,	0.999941,	1.32316,	2.69467,	-0.411375,	-0.00542767,	0.00684784,	-0.00113495,	-0.0507937,	0.679632,	0.731755,	0.00737065
1520438953688273897,	1.33659,	2.62123,	-0.630263,	0.00209643,	0.00476613,	0.0103881,	-0.0103791,	-0.000474208,	0.00410915,	0.999938,	1.32343,	2.69437,	-0.411462,	0.00443169,	-0.00471079,	-0.00139771,	-0.0508003,	0.679684,	0.731707,	0.00738547
1520438953753670154,	1.33628,	2.62131,	-0.630964,	-0.00468705,	0.00123983,	-0.010781,	-0.0101467,	0.000849819,	0.00400098,	0.99994,	1.32347,	2.69454,	-0.411537,	0.000631461,	0.00251083,	-0.00115267,	-0.0508399,	0.679716,	0.731675,	0.00733654
1520438953817171242,	1.33623,	2.62138,	-0.629912,	-0.00081242,	0.0011809,	0.0166917,	0.00522449,	-0.00103273,	0.000172067,	0.999986,	1.32313,	2.69459,	-0.411589,	-0.00537974,	0.000811634,	-0.000828202,	-0.0508661,	0.679536,	0.731839,	0.00738976
1520438953866324641,	1.33644,	2.6213,	-0.630637,	0.00429827,	-0.00166595,	-0.014798,	-0.00955608,	0.000593276,	0.00293383,	0.99995,	1.32318,	2.69479,	-0.411512,	0.000830447,	0.00406206,	0.00155606,	-0.0508687,	0.679536,	0.73184,	0.00728183
1520438953916056903,	1.33638,	2.62169,	-0.629541,	-0.00123839,	0.00798414,	0.0223773,	-0.00626725,	0.000100263,	-1.7737e-05,	0.99998,	1.32333,	2.69393,	-0.411408,	0.00309694,	-0.0174525,	0.00212618,	-0.0508448,	0.679191,	0.732162,	0.00726249
1520438953978216766,	1.3364,	2.62026,	-0.630723,	0.000355212,	-0.023059,	-0.0190703,	-0.00980282,	0.000729179,	0.00417688,	0.999943,	1.32318,	2.69411,	-0.411345,	-0.00239607,	0.00293984,	0.00102581,	-0.050962,	0.679237,	0.732111,	0.00727329
1520438954040318987,	1.3365,	2.62057,	-0.630737,	0.00149353,	0.0048962,	-0.000225898,	-0.00854533,	0.000625769,	0.00394002,	0.999956,	1.32317,	2.69445,	-0.411513,	-0.00010759,	0.00545877,	-0.00272046,	-0.0508975,	0.679434,	0.731933,	0.0072411
1520438954096577230,	1.33646,	2.62134,	-0.630359,	-0.0006492,	0.01389,	0.00675941,	-0.0123033,	0.00187669,	0.00403632,	0.999914,	1.3234,	2.69403,	-0.41133,	0.00400291,	-0.00752954,	0.00327375,	-0.050823,	0.679548,	0.731832,	0.00729022
